<?xml version="1.0" encoding="UTF-8"?>
<testsuites name="Performance Report" time="175" tests="1" failures="0" errors="0">
   <testsuite name="Performance Report" tests="1" failures="0" errors="0" time="175" timestamp="2018-10-09 15:09:14" hostname="Owner - L13-IT-KISHORE.myeg.local" id="Test Suites/CSO_ADMIN_PrintIMM/Performance Report">
      <properties>
         <property name="deviceName" value=""/>
         <property name="devicePlatform" value=""/>
         <property name="logFolder" value="C:\\Users\\Owner\\Katalon Studio\\Logistics\\Reports\\CSO_ADMIN_PrintIMM\\Performance Report\\20181009_150912"/>
         <property name="logFiles" value="C:\\Users\\Owner\\Katalon Studio\\Logistics\\Reports\\CSO_ADMIN_PrintIMM\\Performance Report\\20181009_150912\\execution0.log"/>
         <property name="attachments" value="C:\\Users\\Owner\\Katalon Studio\\Logistics\\Reports\\CSO_ADMIN_PrintIMM\\Performance Report\\20181009_150912\\1539068965553.png, C:\\Users\\Owner\\Katalon Studio\\Logistics\\Reports\\CSO_ADMIN_PrintIMM\\Performance Report\\20181009_150912\\1539068966427.png, C:\\Users\\Owner\\Katalon Studio\\Logistics\\Reports\\CSO_ADMIN_PrintIMM\\Performance Report\\20181009_150912\\1539068967090.png, C:\\Users\\Owner\\Katalon Studio\\Logistics\\Reports\\CSO_ADMIN_PrintIMM\\Performance Report\\20181009_150912\\1539068968593.png, C:\\Users\\Owner\\Katalon Studio\\Logistics\\Reports\\CSO_ADMIN_PrintIMM\\Performance Report\\20181009_150912\\1539068969119.png, C:\\Users\\Owner\\Katalon Studio\\Logistics\\Reports\\CSO_ADMIN_PrintIMM\\Performance Report\\20181009_150912\\1539068970110.png, C:\\Users\\Owner\\Katalon Studio\\Logistics\\Reports\\CSO_ADMIN_PrintIMM\\Performance Report\\20181009_150912\\1539068970493.png, C:\\Users\\Owner\\Katalon Studio\\Logistics\\Reports\\CSO_ADMIN_PrintIMM\\Performance Report\\20181009_150912\\1539068976893.png, C:\\Users\\Owner\\Katalon Studio\\Logistics\\Reports\\CSO_ADMIN_PrintIMM\\Performance Report\\20181009_150912\\1539068981888.png, C:\\Users\\Owner\\Katalon Studio\\Logistics\\Reports\\CSO_ADMIN_PrintIMM\\Performance Report\\20181009_150912\\1539068987525.png, C:\\Users\\Owner\\Katalon Studio\\Logistics\\Reports\\CSO_ADMIN_PrintIMM\\Performance Report\\20181009_150912\\1539068992364.png, C:\\Users\\Owner\\Katalon Studio\\Logistics\\Reports\\CSO_ADMIN_PrintIMM\\Performance Report\\20181009_150912\\1539068997505.png, C:\\Users\\Owner\\Katalon Studio\\Logistics\\Reports\\CSO_ADMIN_PrintIMM\\Performance Report\\20181009_150912\\1539069002623.png, C:\\Users\\Owner\\Katalon Studio\\Logistics\\Reports\\CSO_ADMIN_PrintIMM\\Performance Report\\20181009_150912\\1539069007492.png, C:\\Users\\Owner\\Katalon Studio\\Logistics\\Reports\\CSO_ADMIN_PrintIMM\\Performance Report\\20181009_150912\\1539069012358.png, C:\\Users\\Owner\\Katalon Studio\\Logistics\\Reports\\CSO_ADMIN_PrintIMM\\Performance Report\\20181009_150912\\1539069018205.png, C:\\Users\\Owner\\Katalon Studio\\Logistics\\Reports\\CSO_ADMIN_PrintIMM\\Performance Report\\20181009_150912\\1539069023197.png, C:\\Users\\Owner\\Katalon Studio\\Logistics\\Reports\\CSO_ADMIN_PrintIMM\\Performance Report\\20181009_150912\\1539069028730.png, C:\\Users\\Owner\\Katalon Studio\\Logistics\\Reports\\CSO_ADMIN_PrintIMM\\Performance Report\\20181009_150912\\1539069034064.png, C:\\Users\\Owner\\Katalon Studio\\Logistics\\Reports\\CSO_ADMIN_PrintIMM\\Performance Report\\20181009_150912\\1539069039322.png, C:\\Users\\Owner\\Katalon Studio\\Logistics\\Reports\\CSO_ADMIN_PrintIMM\\Performance Report\\20181009_150912\\1539069044295.png, C:\\Users\\Owner\\Katalon Studio\\Logistics\\Reports\\CSO_ADMIN_PrintIMM\\Performance Report\\20181009_150912\\1539069075205.png, C:\\Users\\Owner\\Katalon Studio\\Logistics\\Reports\\CSO_ADMIN_PrintIMM\\Performance Report\\20181009_150912\\1539069075587.png, C:\\Users\\Owner\\Katalon Studio\\Logistics\\Reports\\CSO_ADMIN_PrintIMM\\Performance Report\\20181009_150912\\1539069106894.png, C:\\Users\\Owner\\Katalon Studio\\Logistics\\Reports\\CSO_ADMIN_PrintIMM\\Performance Report\\20181009_150912\\1539069108418.png, C:\\Users\\Owner\\Katalon Studio\\Logistics\\Reports\\CSO_ADMIN_PrintIMM\\Performance Report\\20181009_150912\\1539069110150.png, C:\\Users\\Owner\\Katalon Studio\\Logistics\\Reports\\CSO_ADMIN_PrintIMM\\Performance Report\\20181009_150912\\1539069111719.png, C:\\Users\\Owner\\Katalon Studio\\Logistics\\Reports\\CSO_ADMIN_PrintIMM\\Performance Report\\20181009_150912\\1539069113310.png, C:\\Users\\Owner\\Katalon Studio\\Logistics\\Reports\\CSO_ADMIN_PrintIMM\\Performance Report\\20181009_150912\\1539069115169.png, C:\\Users\\Owner\\Katalon Studio\\Logistics\\Reports\\CSO_ADMIN_PrintIMM\\Performance Report\\20181009_150912\\1539069116770.png, C:\\Users\\Owner\\Katalon Studio\\Logistics\\Reports\\CSO_ADMIN_PrintIMM\\Performance Report\\20181009_150912\\1539069118409.png, C:\\Users\\Owner\\Katalon Studio\\Logistics\\Reports\\CSO_ADMIN_PrintIMM\\Performance Report\\20181009_150912\\1539069120203.png, C:\\Users\\Owner\\Katalon Studio\\Logistics\\Reports\\CSO_ADMIN_PrintIMM\\Performance Report\\20181009_150912\\1539069121990.png, C:\\Users\\Owner\\Katalon Studio\\Logistics\\Reports\\CSO_ADMIN_PrintIMM\\Performance Report\\20181009_150912\\1539069123649.png, C:\\Users\\Owner\\Katalon Studio\\Logistics\\Reports\\CSO_ADMIN_PrintIMM\\Performance Report\\20181009_150912\\1539069125314.png, C:\\Users\\Owner\\Katalon Studio\\Logistics\\Reports\\CSO_ADMIN_PrintIMM\\Performance Report\\20181009_150912\\1539069126948.png, C:\\Users\\Owner\\Katalon Studio\\Logistics\\Reports\\CSO_ADMIN_PrintIMM\\Performance Report\\20181009_150912\\1539069128594.png"/>
         <property name="hostName" value="Owner - L13-IT-KISHORE.myeg.local"/>
         <property name="os" value="Windows 10 64bit"/>
         <property name="katalonVersion" value="5.6.1.1"/>
         <property name="browser" value="Firefox 60.0"/>
         <property name="hostAddress" value="192.168.8.168"/>
         <property name="sessionId" value="2c55b9b4-7a00-432b-b812-6f294f37d597"/>
         <property name="seleniumVersion" value="3.7.1"/>
         <property name="proxyInformation" value="ProxyInformation{proxyOption=NO_PROXY, proxyServerType=HTTP, password=, proxyServerAddress=, proxyServerPort=0}"/>
         <property name="platform" value="Windows 10"/>
      </properties>
      <testcase name="Test Cases/Logistics/Roles/CSOADMIN_PrintIMM/Performance Report" classname="Test Cases/Logistics/Roles/CSOADMIN_PrintIMM/Performance Report" status="PASSED">
         <system-out><![CDATA[2018-10-09 15:09:14 - [TEST_CASE][PASSED] - Test Cases/Logistics/Roles/CSOADMIN_PrintIMM/Performance Report: Test Cases/Logistics/Roles/CSOADMIN_PrintIMM/Performance Report

2018-10-09 15:09:15 - [TEST_STEP][PASSED] - openBrowser: Browser is opened with url: ''

2018-10-09 15:09:19 - [MESSAGE][PASSED] - Browser is opened with url: ''

2018-10-09 15:09:19 - [TEST_STEP][PASSED] - maximizeWindow: Current window maximized

2018-10-09 15:09:22 - [MESSAGE][PASSED] - Current window maximized

2018-10-09 15:09:22 - [TEST_STEP][PASSED] - navigateToUrl: Navigate to 'http://uat4.myeg.com.my/logistic/login/' successfully

2018-10-09 15:09:24 - [MESSAGE][PASSED] - Navigate to 'http://uat4.myeg.com.my/logistic/login/' successfully

2018-10-09 15:09:24 - [TEST_STEP][PASSED] - setText: Text 'AGENT' is set on object 'Object Repository/Page_MyEG Services  Logistic Report/input_j_username'

2018-10-09 15:09:25 - [MESSAGE][PASSED] - Text 'AGENT' is set on object 'Object Repository/Page_MyEG Services  Logistic Report/input_j_username'

2018-10-09 15:09:25 - [TEST_STEP][PASSED] - click: Object: 'Object Repository/Page_MyEG Services  Logistic Report/input_submit' is clicked on

2018-10-09 15:09:25 - [MESSAGE][PASSED] - Object: 'Object Repository/Page_MyEG Services  Logistic Report/input_submit' is clicked on

2018-10-09 15:09:25 - [TEST_STEP][PASSED] - takeScreenshot: Taking screenshot successfully

2018-10-09 15:09:25 - [MESSAGE][PASSED] - Taking screenshot successfully
[[ATTACHMENT|C:\\Users\\Owner\\Katalon Studio\\Logistics\\Reports\\CSO_ADMIN_PrintIMM\\Performance Report\\20181009_150912\\1539068965553.png]]

2018-10-09 15:09:25 - [TEST_STEP][PASSED] - setEncryptedText: Text ****** has been set on object 'Object Repository/Page_MyEG Services  Logistic Report/input_j_password'

2018-10-09 15:09:25 - [MESSAGE][PASSED] - Text ****** has been set on object 'Object Repository/Page_MyEG Services  Logistic Report/input_j_password'

2018-10-09 15:09:25 - [TEST_STEP][PASSED] - click: Object: 'Object Repository/Page_MyEG Services  Logistic Report/input_submit' is clicked on

2018-10-09 15:09:26 - [MESSAGE][PASSED] - Object: 'Object Repository/Page_MyEG Services  Logistic Report/input_submit' is clicked on

2018-10-09 15:09:26 - [TEST_STEP][PASSED] - takeScreenshot: Taking screenshot successfully

2018-10-09 15:09:26 - [MESSAGE][PASSED] - Taking screenshot successfully
[[ATTACHMENT|C:\\Users\\Owner\\Katalon Studio\\Logistics\\Reports\\CSO_ADMIN_PrintIMM\\Performance Report\\20181009_150912\\1539068966427.png]]

2018-10-09 15:09:26 - [TEST_STEP][PASSED] - setText: Text 'AGENT1234' is set on object 'Object Repository/Page_MyEG Services  Logistic Report/input_j_username'

2018-10-09 15:09:26 - [MESSAGE][PASSED] - Text 'AGENT1234' is set on object 'Object Repository/Page_MyEG Services  Logistic Report/input_j_username'

2018-10-09 15:09:26 - [TEST_STEP][PASSED] - setEncryptedText: Text ****** has been set on object 'Object Repository/Page_MyEG Services  Logistic Report/input_j_password'

2018-10-09 15:09:26 - [MESSAGE][PASSED] - Text ****** has been set on object 'Object Repository/Page_MyEG Services  Logistic Report/input_j_password'

2018-10-09 15:09:26 - [TEST_STEP][PASSED] - click: Object: 'Object Repository/Page_MyEG Services  Logistic Report/input_submit' is clicked on

2018-10-09 15:09:27 - [MESSAGE][PASSED] - Object: 'Object Repository/Page_MyEG Services  Logistic Report/input_submit' is clicked on

2018-10-09 15:09:27 - [TEST_STEP][PASSED] - takeScreenshot: Taking screenshot successfully

2018-10-09 15:09:27 - [MESSAGE][PASSED] - Taking screenshot successfully
[[ATTACHMENT|C:\\Users\\Owner\\Katalon Studio\\Logistics\\Reports\\CSO_ADMIN_PrintIMM\\Performance Report\\20181009_150912\\1539068967090.png]]

2018-10-09 15:09:27 - [TEST_STEP][PASSED] - setText: Text 'AGENT' is set on object 'Object Repository/Page_MyEG Services  Logistic Report/input_j_username'

2018-10-09 15:09:27 - [MESSAGE][PASSED] - Text 'AGENT' is set on object 'Object Repository/Page_MyEG Services  Logistic Report/input_j_username'

2018-10-09 15:09:27 - [TEST_STEP][PASSED] - setEncryptedText: Text ****** has been set on object 'Object Repository/Page_MyEG Services  Logistic Report/input_j_password'

2018-10-09 15:09:27 - [MESSAGE][PASSED] - Text ****** has been set on object 'Object Repository/Page_MyEG Services  Logistic Report/input_j_password'

2018-10-09 15:09:27 - [TEST_STEP][PASSED] - click: Object: 'Object Repository/Page_MyEG Services  Logistic Report/input_submit' is clicked on

2018-10-09 15:09:28 - [MESSAGE][PASSED] - Object: 'Object Repository/Page_MyEG Services  Logistic Report/input_submit' is clicked on

2018-10-09 15:09:28 - [TEST_STEP][PASSED] - takeScreenshot: Taking screenshot successfully

2018-10-09 15:09:28 - [MESSAGE][PASSED] - Taking screenshot successfully
[[ATTACHMENT|C:\\Users\\Owner\\Katalon Studio\\Logistics\\Reports\\CSO_ADMIN_PrintIMM\\Performance Report\\20181009_150912\\1539068968593.png]]

2018-10-09 15:09:28 - [TEST_STEP][PASSED] - click: Object: 'Object Repository/Page_MyEG Services  List of Tickets/a_Performance Report' is clicked on

2018-10-09 15:09:29 - [MESSAGE][PASSED] - Object: 'Object Repository/Page_MyEG Services  List of Tickets/a_Performance Report' is clicked on

2018-10-09 15:09:29 - [TEST_STEP][PASSED] - takeScreenshot: Taking screenshot successfully

2018-10-09 15:09:29 - [MESSAGE][PASSED] - Taking screenshot successfully
[[ATTACHMENT|C:\\Users\\Owner\\Katalon Studio\\Logistics\\Reports\\CSO_ADMIN_PrintIMM\\Performance Report\\20181009_150912\\1539068969119.png]]

2018-10-09 15:09:29 - [TEST_STEP][PASSED] - click: Object: 'Object Repository/Page_MyEG Services  PERFORMANCE REP/a_LO Performance By Date' is clicked on

2018-10-09 15:09:29 - [MESSAGE][PASSED] - Object: 'Object Repository/Page_MyEG Services  PERFORMANCE REP/a_LO Performance By Date' is clicked on

2018-10-09 15:09:29 - [TEST_STEP][PASSED] - setText: Text '01-Jan-2018' is set on object 'Object Repository/Page_MyEG Services  PERFORMANCE REP/input_dojo.from'

2018-10-09 15:09:29 - [MESSAGE][PASSED] - Text '01-Jan-2018' is set on object 'Object Repository/Page_MyEG Services  PERFORMANCE REP/input_dojo.from'

2018-10-09 15:09:29 - [TEST_STEP][PASSED] - setText: Text '30-Sep-2018' is set on object 'Object Repository/Page_MyEG Services  PERFORMANCE REP/input_dojo.to'

2018-10-09 15:09:29 - [MESSAGE][PASSED] - Text '30-Sep-2018' is set on object 'Object Repository/Page_MyEG Services  PERFORMANCE REP/input_dojo.to'

2018-10-09 15:09:29 - [TEST_STEP][PASSED] - click: Object: 'Object Repository/Page_MyEG Services  PERFORMANCE REP/a_reset' is clicked on

2018-10-09 15:09:30 - [MESSAGE][PASSED] - Object: 'Object Repository/Page_MyEG Services  PERFORMANCE REP/a_reset' is clicked on

2018-10-09 15:09:30 - [TEST_STEP][PASSED] - takeScreenshot: Taking screenshot successfully

2018-10-09 15:09:30 - [MESSAGE][PASSED] - Taking screenshot successfully
[[ATTACHMENT|C:\\Users\\Owner\\Katalon Studio\\Logistics\\Reports\\CSO_ADMIN_PrintIMM\\Performance Report\\20181009_150912\\1539068970110.png]]

2018-10-09 15:09:30 - [TEST_STEP][PASSED] - click: Object: 'Object Repository/Page_MyEG Services  PERFORMANCE REP/input' is clicked on

2018-10-09 15:09:30 - [MESSAGE][PASSED] - Object: 'Object Repository/Page_MyEG Services  PERFORMANCE REP/input' is clicked on

2018-10-09 15:09:30 - [TEST_STEP][PASSED] - takeScreenshot: Taking screenshot successfully

2018-10-09 15:09:30 - [MESSAGE][PASSED] - Taking screenshot successfully
[[ATTACHMENT|C:\\Users\\Owner\\Katalon Studio\\Logistics\\Reports\\CSO_ADMIN_PrintIMM\\Performance Report\\20181009_150912\\1539068970493.png]]

2018-10-09 15:09:30 - [TEST_STEP][PASSED] - setText: Text '01-Jan-2018' is set on object 'Object Repository/Page_MyEG Services  PERFORMANCE REP/input_dojo.from'

2018-10-09 15:09:30 - [MESSAGE][PASSED] - Text '01-Jan-2018' is set on object 'Object Repository/Page_MyEG Services  PERFORMANCE REP/input_dojo.from'

2018-10-09 15:09:30 - [TEST_STEP][PASSED] - setText: Text '30-Sep-2018' is set on object 'Object Repository/Page_MyEG Services  PERFORMANCE REP/input_dojo.to'

2018-10-09 15:09:30 - [MESSAGE][PASSED] - Text '30-Sep-2018' is set on object 'Object Repository/Page_MyEG Services  PERFORMANCE REP/input_dojo.to'

2018-10-09 15:09:30 - [TEST_STEP][PASSED] - selectOptionByValue: All options with value 'LK' are selected in object 'Object Repository/Page_MyEG Services  PERFORMANCE REP/select_-- Please Select --'  using regular expression

2018-10-09 15:09:31 - [MESSAGE][PASSED] - All options with value 'LK' are selected in object 'Object Repository/Page_MyEG Services  PERFORMANCE REP/select_-- Please Select --'  using regular expression

2018-10-09 15:09:31 - [TEST_STEP][PASSED] - click: Object: 'Object Repository/Page_MyEG Services  PERFORMANCE REP/input' is clicked on

2018-10-09 15:09:36 - [MESSAGE][PASSED] - Object: 'Object Repository/Page_MyEG Services  PERFORMANCE REP/input' is clicked on

2018-10-09 15:09:36 - [TEST_STEP][PASSED] - takeScreenshot: Taking screenshot successfully

2018-10-09 15:09:37 - [MESSAGE][PASSED] - Taking screenshot successfully
[[ATTACHMENT|C:\\Users\\Owner\\Katalon Studio\\Logistics\\Reports\\CSO_ADMIN_PrintIMM\\Performance Report\\20181009_150912\\1539068976893.png]]

2018-10-09 15:09:37 - [TEST_STEP][PASSED] - selectOptionByValue: All options with value 'JM' are selected in object 'Object Repository/Page_MyEG Services  PERFORMANCE REP/select_-- Please Select --'  using regular expression

2018-10-09 15:09:37 - [MESSAGE][PASSED] - All options with value 'JM' are selected in object 'Object Repository/Page_MyEG Services  PERFORMANCE REP/select_-- Please Select --'  using regular expression

2018-10-09 15:09:37 - [TEST_STEP][PASSED] - click: Object: 'Object Repository/Page_MyEG Services  PERFORMANCE REP/input' is clicked on

2018-10-09 15:09:41 - [MESSAGE][PASSED] - Object: 'Object Repository/Page_MyEG Services  PERFORMANCE REP/input' is clicked on

2018-10-09 15:09:41 - [TEST_STEP][PASSED] - takeScreenshot: Taking screenshot successfully

2018-10-09 15:09:42 - [MESSAGE][PASSED] - Taking screenshot successfully
[[ATTACHMENT|C:\\Users\\Owner\\Katalon Studio\\Logistics\\Reports\\CSO_ADMIN_PrintIMM\\Performance Report\\20181009_150912\\1539068981888.png]]

2018-10-09 15:09:42 - [TEST_STEP][PASSED] - selectOptionByValue: All options with value 'IM' are selected in object 'Object Repository/Page_MyEG Services  PERFORMANCE REP/select_-- Please Select --'  using regular expression

2018-10-09 15:09:42 - [MESSAGE][PASSED] - All options with value 'IM' are selected in object 'Object Repository/Page_MyEG Services  PERFORMANCE REP/select_-- Please Select --'  using regular expression

2018-10-09 15:09:42 - [TEST_STEP][PASSED] - click: Object: 'Object Repository/Page_MyEG Services  PERFORMANCE REP/input' is clicked on

2018-10-09 15:09:47 - [MESSAGE][PASSED] - Object: 'Object Repository/Page_MyEG Services  PERFORMANCE REP/input' is clicked on

2018-10-09 15:09:47 - [TEST_STEP][PASSED] - takeScreenshot: Taking screenshot successfully

2018-10-09 15:09:47 - [MESSAGE][PASSED] - Taking screenshot successfully
[[ATTACHMENT|C:\\Users\\Owner\\Katalon Studio\\Logistics\\Reports\\CSO_ADMIN_PrintIMM\\Performance Report\\20181009_150912\\1539068987525.png]]

2018-10-09 15:09:47 - [TEST_STEP][PASSED] - selectOptionByValue: All options with value 'MD' are selected in object 'Object Repository/Page_MyEG Services  PERFORMANCE REP/select_-- Please Select --'  using regular expression

2018-10-09 15:09:48 - [MESSAGE][PASSED] - All options with value 'MD' are selected in object 'Object Repository/Page_MyEG Services  PERFORMANCE REP/select_-- Please Select --'  using regular expression

2018-10-09 15:09:48 - [TEST_STEP][PASSED] - click: Object: 'Object Repository/Page_MyEG Services  PERFORMANCE REP/input' is clicked on

2018-10-09 15:09:52 - [MESSAGE][PASSED] - Object: 'Object Repository/Page_MyEG Services  PERFORMANCE REP/input' is clicked on

2018-10-09 15:09:52 - [TEST_STEP][PASSED] - takeScreenshot: Taking screenshot successfully

2018-10-09 15:09:52 - [MESSAGE][PASSED] - Taking screenshot successfully
[[ATTACHMENT|C:\\Users\\Owner\\Katalon Studio\\Logistics\\Reports\\CSO_ADMIN_PrintIMM\\Performance Report\\20181009_150912\\1539068992364.png]]

2018-10-09 15:09:52 - [TEST_STEP][PASSED] - selectOptionByValue: All options with value 'FW' are selected in object 'Object Repository/Page_MyEG Services  PERFORMANCE REP/select_-- Please Select --'  using regular expression

2018-10-09 15:09:53 - [MESSAGE][PASSED] - All options with value 'FW' are selected in object 'Object Repository/Page_MyEG Services  PERFORMANCE REP/select_-- Please Select --'  using regular expression

2018-10-09 15:09:53 - [TEST_STEP][PASSED] - click: Object: 'Object Repository/Page_MyEG Services  PERFORMANCE REP/input' is clicked on

2018-10-09 15:09:57 - [MESSAGE][PASSED] - Object: 'Object Repository/Page_MyEG Services  PERFORMANCE REP/input' is clicked on

2018-10-09 15:09:57 - [TEST_STEP][PASSED] - takeScreenshot: Taking screenshot successfully

2018-10-09 15:09:57 - [MESSAGE][PASSED] - Taking screenshot successfully
[[ATTACHMENT|C:\\Users\\Owner\\Katalon Studio\\Logistics\\Reports\\CSO_ADMIN_PrintIMM\\Performance Report\\20181009_150912\\1539068997505.png]]

2018-10-09 15:09:57 - [TEST_STEP][PASSED] - selectOptionByValue: All options with value 'CL' are selected in object 'Object Repository/Page_MyEG Services  PERFORMANCE REP/select_-- Please Select --'  using regular expression

2018-10-09 15:09:58 - [MESSAGE][PASSED] - All options with value 'CL' are selected in object 'Object Repository/Page_MyEG Services  PERFORMANCE REP/select_-- Please Select --'  using regular expression

2018-10-09 15:09:58 - [TEST_STEP][PASSED] - click: Object: 'Object Repository/Page_MyEG Services  PERFORMANCE REP/input' is clicked on

2018-10-09 15:10:02 - [MESSAGE][PASSED] - Object: 'Object Repository/Page_MyEG Services  PERFORMANCE REP/input' is clicked on

2018-10-09 15:10:02 - [TEST_STEP][PASSED] - takeScreenshot: Taking screenshot successfully

2018-10-09 15:10:02 - [MESSAGE][PASSED] - Taking screenshot successfully
[[ATTACHMENT|C:\\Users\\Owner\\Katalon Studio\\Logistics\\Reports\\CSO_ADMIN_PrintIMM\\Performance Report\\20181009_150912\\1539069002623.png]]

2018-10-09 15:10:02 - [TEST_STEP][PASSED] - selectOptionByValue: All options with value '1M' are selected in object 'Object Repository/Page_MyEG Services  PERFORMANCE REP/select_-- Please Select --'  using regular expression

2018-10-09 15:10:03 - [MESSAGE][PASSED] - All options with value '1M' are selected in object 'Object Repository/Page_MyEG Services  PERFORMANCE REP/select_-- Please Select --'  using regular expression

2018-10-09 15:10:03 - [TEST_STEP][PASSED] - click: Object: 'Object Repository/Page_MyEG Services  PERFORMANCE REP/input' is clicked on

2018-10-09 15:10:07 - [MESSAGE][PASSED] - Object: 'Object Repository/Page_MyEG Services  PERFORMANCE REP/input' is clicked on

2018-10-09 15:10:07 - [TEST_STEP][PASSED] - takeScreenshot: Taking screenshot successfully

2018-10-09 15:10:07 - [MESSAGE][PASSED] - Taking screenshot successfully
[[ATTACHMENT|C:\\Users\\Owner\\Katalon Studio\\Logistics\\Reports\\CSO_ADMIN_PrintIMM\\Performance Report\\20181009_150912\\1539069007492.png]]

2018-10-09 15:10:07 - [TEST_STEP][PASSED] - selectOptionByValue: All options with value 'SP' are selected in object 'Object Repository/Page_MyEG Services  PERFORMANCE REP/select_-- Please Select --'  using regular expression

2018-10-09 15:10:08 - [MESSAGE][PASSED] - All options with value 'SP' are selected in object 'Object Repository/Page_MyEG Services  PERFORMANCE REP/select_-- Please Select --'  using regular expression

2018-10-09 15:10:08 - [TEST_STEP][PASSED] - click: Object: 'Object Repository/Page_MyEG Services  PERFORMANCE REP/input' is clicked on

2018-10-09 15:10:12 - [MESSAGE][PASSED] - Object: 'Object Repository/Page_MyEG Services  PERFORMANCE REP/input' is clicked on

2018-10-09 15:10:12 - [TEST_STEP][PASSED] - takeScreenshot: Taking screenshot successfully

2018-10-09 15:10:12 - [MESSAGE][PASSED] - Taking screenshot successfully
[[ATTACHMENT|C:\\Users\\Owner\\Katalon Studio\\Logistics\\Reports\\CSO_ADMIN_PrintIMM\\Performance Report\\20181009_150912\\1539069012358.png]]

2018-10-09 15:10:12 - [TEST_STEP][PASSED] - selectOptionByValue: All options with value 'PT' are selected in object 'Object Repository/Page_MyEG Services  PERFORMANCE REP/select_-- Please Select --'  using regular expression

2018-10-09 15:10:13 - [MESSAGE][PASSED] - All options with value 'PT' are selected in object 'Object Repository/Page_MyEG Services  PERFORMANCE REP/select_-- Please Select --'  using regular expression

2018-10-09 15:10:13 - [TEST_STEP][PASSED] - click: Object: 'Object Repository/Page_MyEG Services  PERFORMANCE REP/input' is clicked on

2018-10-09 15:10:18 - [MESSAGE][PASSED] - Object: 'Object Repository/Page_MyEG Services  PERFORMANCE REP/input' is clicked on

2018-10-09 15:10:18 - [TEST_STEP][PASSED] - takeScreenshot: Taking screenshot successfully

2018-10-09 15:10:18 - [MESSAGE][PASSED] - Taking screenshot successfully
[[ATTACHMENT|C:\\Users\\Owner\\Katalon Studio\\Logistics\\Reports\\CSO_ADMIN_PrintIMM\\Performance Report\\20181009_150912\\1539069018205.png]]

2018-10-09 15:10:18 - [TEST_STEP][PASSED] - selectOptionByValue: All options with value 'PTD' are selected in object 'Object Repository/Page_MyEG Services  PERFORMANCE REP/select_-- Please Select --'  using regular expression

2018-10-09 15:10:18 - [MESSAGE][PASSED] - All options with value 'PTD' are selected in object 'Object Repository/Page_MyEG Services  PERFORMANCE REP/select_-- Please Select --'  using regular expression

2018-10-09 15:10:18 - [TEST_STEP][PASSED] - click: Object: 'Object Repository/Page_MyEG Services  PERFORMANCE REP/input' is clicked on

2018-10-09 15:10:23 - [MESSAGE][PASSED] - Object: 'Object Repository/Page_MyEG Services  PERFORMANCE REP/input' is clicked on

2018-10-09 15:10:23 - [TEST_STEP][PASSED] - takeScreenshot: Taking screenshot successfully

2018-10-09 15:10:23 - [MESSAGE][PASSED] - Taking screenshot successfully
[[ATTACHMENT|C:\\Users\\Owner\\Katalon Studio\\Logistics\\Reports\\CSO_ADMIN_PrintIMM\\Performance Report\\20181009_150912\\1539069023197.png]]

2018-10-09 15:10:23 - [TEST_STEP][PASSED] - selectOptionByValue: All options with value 'LKS' are selected in object 'Object Repository/Page_MyEG Services  PERFORMANCE REP/select_-- Please Select --'  using regular expression

2018-10-09 15:10:23 - [MESSAGE][PASSED] - All options with value 'LKS' are selected in object 'Object Repository/Page_MyEG Services  PERFORMANCE REP/select_-- Please Select --'  using regular expression

2018-10-09 15:10:23 - [TEST_STEP][PASSED] - click: Object: 'Object Repository/Page_MyEG Services  PERFORMANCE REP/input' is clicked on

2018-10-09 15:10:28 - [MESSAGE][PASSED] - Object: 'Object Repository/Page_MyEG Services  PERFORMANCE REP/input' is clicked on

2018-10-09 15:10:28 - [TEST_STEP][PASSED] - takeScreenshot: Taking screenshot successfully

2018-10-09 15:10:28 - [MESSAGE][PASSED] - Taking screenshot successfully
[[ATTACHMENT|C:\\Users\\Owner\\Katalon Studio\\Logistics\\Reports\\CSO_ADMIN_PrintIMM\\Performance Report\\20181009_150912\\1539069028730.png]]

2018-10-09 15:10:28 - [TEST_STEP][PASSED] - selectOptionByValue: All options with value 'JPJ1M' are selected in object 'Object Repository/Page_MyEG Services  PERFORMANCE REP/select_-- Please Select --'  using regular expression

2018-10-09 15:10:29 - [MESSAGE][PASSED] - All options with value 'JPJ1M' are selected in object 'Object Repository/Page_MyEG Services  PERFORMANCE REP/select_-- Please Select --'  using regular expression

2018-10-09 15:10:29 - [TEST_STEP][PASSED] - click: Object: 'Object Repository/Page_MyEG Services  PERFORMANCE REP/input' is clicked on

2018-10-09 15:10:34 - [MESSAGE][PASSED] - Object: 'Object Repository/Page_MyEG Services  PERFORMANCE REP/input' is clicked on

2018-10-09 15:10:34 - [TEST_STEP][PASSED] - takeScreenshot: Taking screenshot successfully

2018-10-09 15:10:34 - [MESSAGE][PASSED] - Taking screenshot successfully
[[ATTACHMENT|C:\\Users\\Owner\\Katalon Studio\\Logistics\\Reports\\CSO_ADMIN_PrintIMM\\Performance Report\\20181009_150912\\1539069034064.png]]

2018-10-09 15:10:34 - [TEST_STEP][PASSED] - selectOptionByValue: All options with value 'IMI1M' are selected in object 'Object Repository/Page_MyEG Services  PERFORMANCE REP/select_-- Please Select --'  using regular expression

2018-10-09 15:10:34 - [MESSAGE][PASSED] - All options with value 'IMI1M' are selected in object 'Object Repository/Page_MyEG Services  PERFORMANCE REP/select_-- Please Select --'  using regular expression

2018-10-09 15:10:34 - [TEST_STEP][PASSED] - click: Object: 'Object Repository/Page_MyEG Services  PERFORMANCE REP/input' is clicked on

2018-10-09 15:10:39 - [MESSAGE][PASSED] - Object: 'Object Repository/Page_MyEG Services  PERFORMANCE REP/input' is clicked on

2018-10-09 15:10:39 - [TEST_STEP][PASSED] - takeScreenshot: Taking screenshot successfully

2018-10-09 15:10:39 - [MESSAGE][PASSED] - Taking screenshot successfully
[[ATTACHMENT|C:\\Users\\Owner\\Katalon Studio\\Logistics\\Reports\\CSO_ADMIN_PrintIMM\\Performance Report\\20181009_150912\\1539069039322.png]]

2018-10-09 15:10:39 - [TEST_STEP][PASSED] - selectOptionByValue: All options with value 'ET' are selected in object 'Object Repository/Page_MyEG Services  PERFORMANCE REP/select_-- Please Select --'  using regular expression

2018-10-09 15:10:40 - [MESSAGE][PASSED] - All options with value 'ET' are selected in object 'Object Repository/Page_MyEG Services  PERFORMANCE REP/select_-- Please Select --'  using regular expression

2018-10-09 15:10:40 - [TEST_STEP][PASSED] - click: Object: 'Object Repository/Page_MyEG Services  PERFORMANCE REP/input' is clicked on

2018-10-09 15:10:44 - [MESSAGE][PASSED] - Object: 'Object Repository/Page_MyEG Services  PERFORMANCE REP/input' is clicked on

2018-10-09 15:10:44 - [TEST_STEP][PASSED] - takeScreenshot: Taking screenshot successfully

2018-10-09 15:10:44 - [MESSAGE][PASSED] - Taking screenshot successfully
[[ATTACHMENT|C:\\Users\\Owner\\Katalon Studio\\Logistics\\Reports\\CSO_ADMIN_PrintIMM\\Performance Report\\20181009_150912\\1539069044295.png]]

2018-10-09 15:10:44 - [TEST_STEP][PASSED] - click: Object: 'Object Repository/Page_MyEG Services  PERFORMANCE REP/a_Performance Report' is clicked on

2018-10-09 15:10:44 - [MESSAGE][PASSED] - Object: 'Object Repository/Page_MyEG Services  PERFORMANCE REP/a_Performance Report' is clicked on

2018-10-09 15:10:44 - [TEST_STEP][PASSED] - click: Object: 'Object Repository/Page_MyEG Services  PERFORMANCE REP/a_LO Performance By Name' is clicked on

2018-10-09 15:10:45 - [MESSAGE][PASSED] - Object: 'Object Repository/Page_MyEG Services  PERFORMANCE REP/a_LO Performance By Name' is clicked on

2018-10-09 15:10:45 - [TEST_STEP][PASSED] - selectOptionByValue: All options with value '1942' are selected in object 'Object Repository/Page_MyEG Services  PERFORMANCE REP/select_- Select LO Name -    A'  using regular expression

2018-10-09 15:11:14 - [MESSAGE][PASSED] - All options with value '1942' are selected in object 'Object Repository/Page_MyEG Services  PERFORMANCE REP/select_- Select LO Name -    A'  using regular expression

2018-10-09 15:11:14 - [TEST_STEP][PASSED] - setText: Text '01-Jan-2018' is set on object 'Object Repository/Page_MyEG Services  PERFORMANCE REP/input_dojo.from'

2018-10-09 15:11:14 - [MESSAGE][PASSED] - Text '01-Jan-2018' is set on object 'Object Repository/Page_MyEG Services  PERFORMANCE REP/input_dojo.from'

2018-10-09 15:11:14 - [TEST_STEP][PASSED] - setText: Text '30-Sep-2018' is set on object 'Object Repository/Page_MyEG Services  PERFORMANCE REP/input_dojo.to'

2018-10-09 15:11:14 - [MESSAGE][PASSED] - Text '30-Sep-2018' is set on object 'Object Repository/Page_MyEG Services  PERFORMANCE REP/input_dojo.to'

2018-10-09 15:11:14 - [TEST_STEP][PASSED] - selectOptionByValue: All options with value 'LK' are selected in object 'Object Repository/Page_MyEG Services  PERFORMANCE REP/select_-- Please Select --'  using regular expression

2018-10-09 15:11:14 - [MESSAGE][PASSED] - All options with value 'LK' are selected in object 'Object Repository/Page_MyEG Services  PERFORMANCE REP/select_-- Please Select --'  using regular expression

2018-10-09 15:11:14 - [TEST_STEP][PASSED] - selectOptionByValue: All options with value '1' are selected in object 'Object Repository/Page_MyEG Services  PERFORMANCE REP/select_-- Please Select --    _1'  using regular expression

2018-10-09 15:11:14 - [MESSAGE][PASSED] - All options with value '1' are selected in object 'Object Repository/Page_MyEG Services  PERFORMANCE REP/select_-- Please Select --    _1'  using regular expression

2018-10-09 15:11:14 - [TEST_STEP][PASSED] - click: Object: 'Object Repository/Page_MyEG Services  PERFORMANCE REP/a_reset' is clicked on

2018-10-09 15:11:15 - [MESSAGE][PASSED] - Object: 'Object Repository/Page_MyEG Services  PERFORMANCE REP/a_reset' is clicked on

2018-10-09 15:11:15 - [TEST_STEP][PASSED] - takeScreenshot: Taking screenshot successfully

2018-10-09 15:11:15 - [MESSAGE][PASSED] - Taking screenshot successfully
[[ATTACHMENT|C:\\Users\\Owner\\Katalon Studio\\Logistics\\Reports\\CSO_ADMIN_PrintIMM\\Performance Report\\20181009_150912\\1539069075205.png]]

2018-10-09 15:11:15 - [TEST_STEP][PASSED] - click: Object: 'Object Repository/Page_MyEG Services  PERFORMANCE REP/input' is clicked on

2018-10-09 15:11:15 - [MESSAGE][PASSED] - Object: 'Object Repository/Page_MyEG Services  PERFORMANCE REP/input' is clicked on

2018-10-09 15:11:15 - [TEST_STEP][PASSED] - takeScreenshot: Taking screenshot successfully

2018-10-09 15:11:15 - [MESSAGE][PASSED] - Taking screenshot successfully
[[ATTACHMENT|C:\\Users\\Owner\\Katalon Studio\\Logistics\\Reports\\CSO_ADMIN_PrintIMM\\Performance Report\\20181009_150912\\1539069075587.png]]

2018-10-09 15:11:15 - [TEST_STEP][PASSED] - selectOptionByValue: All options with value '1942' are selected in object 'Object Repository/Page_MyEG Services  PERFORMANCE REP/select_- Select LO Name -    A'  using regular expression

2018-10-09 15:11:44 - [MESSAGE][PASSED] - All options with value '1942' are selected in object 'Object Repository/Page_MyEG Services  PERFORMANCE REP/select_- Select LO Name -    A'  using regular expression

2018-10-09 15:11:44 - [TEST_STEP][PASSED] - setText: Text '01-Jan-2018' is set on object 'Object Repository/Page_MyEG Services  PERFORMANCE REP/input_dojo.from'

2018-10-09 15:11:44 - [MESSAGE][PASSED] - Text '01-Jan-2018' is set on object 'Object Repository/Page_MyEG Services  PERFORMANCE REP/input_dojo.from'

2018-10-09 15:11:44 - [TEST_STEP][PASSED] - setText: Text '30-Sep-2018' is set on object 'Object Repository/Page_MyEG Services  PERFORMANCE REP/input_dojo.to'

2018-10-09 15:11:45 - [MESSAGE][PASSED] - Text '30-Sep-2018' is set on object 'Object Repository/Page_MyEG Services  PERFORMANCE REP/input_dojo.to'

2018-10-09 15:11:45 - [TEST_STEP][PASSED] - selectOptionByValue: All options with value '1' are selected in object 'Object Repository/Page_MyEG Services  PERFORMANCE REP/select_-- Please Select --    _1'  using regular expression

2018-10-09 15:11:45 - [MESSAGE][PASSED] - All options with value '1' are selected in object 'Object Repository/Page_MyEG Services  PERFORMANCE REP/select_-- Please Select --    _1'  using regular expression

2018-10-09 15:11:45 - [TEST_STEP][PASSED] - selectOptionByValue: All options with value 'LK' are selected in object 'Object Repository/Page_MyEG Services  PERFORMANCE REP/select_-- Please Select --'  using regular expression

2018-10-09 15:11:45 - [MESSAGE][PASSED] - All options with value 'LK' are selected in object 'Object Repository/Page_MyEG Services  PERFORMANCE REP/select_-- Please Select --'  using regular expression

2018-10-09 15:11:45 - [TEST_STEP][PASSED] - click: Object: 'Object Repository/Page_MyEG Services  PERFORMANCE REP/input' is clicked on

2018-10-09 15:11:46 - [MESSAGE][PASSED] - Object: 'Object Repository/Page_MyEG Services  PERFORMANCE REP/input' is clicked on

2018-10-09 15:11:46 - [TEST_STEP][PASSED] - takeScreenshot: Taking screenshot successfully

2018-10-09 15:11:47 - [MESSAGE][PASSED] - Taking screenshot successfully
[[ATTACHMENT|C:\\Users\\Owner\\Katalon Studio\\Logistics\\Reports\\CSO_ADMIN_PrintIMM\\Performance Report\\20181009_150912\\1539069106894.png]]

2018-10-09 15:11:47 - [TEST_STEP][PASSED] - selectOptionByValue: All options with value 'JM' are selected in object 'Object Repository/Page_MyEG Services  PERFORMANCE REP/select_-- Please Select --'  using regular expression

2018-10-09 15:11:47 - [MESSAGE][PASSED] - All options with value 'JM' are selected in object 'Object Repository/Page_MyEG Services  PERFORMANCE REP/select_-- Please Select --'  using regular expression

2018-10-09 15:11:47 - [TEST_STEP][PASSED] - click: Object: 'Object Repository/Page_MyEG Services  PERFORMANCE REP/input' is clicked on

2018-10-09 15:11:48 - [MESSAGE][PASSED] - Object: 'Object Repository/Page_MyEG Services  PERFORMANCE REP/input' is clicked on

2018-10-09 15:11:48 - [TEST_STEP][PASSED] - takeScreenshot: Taking screenshot successfully

2018-10-09 15:11:48 - [MESSAGE][PASSED] - Taking screenshot successfully
[[ATTACHMENT|C:\\Users\\Owner\\Katalon Studio\\Logistics\\Reports\\CSO_ADMIN_PrintIMM\\Performance Report\\20181009_150912\\1539069108418.png]]

2018-10-09 15:11:48 - [TEST_STEP][PASSED] - selectOptionByValue: All options with value 'IM' are selected in object 'Object Repository/Page_MyEG Services  PERFORMANCE REP/select_-- Please Select --'  using regular expression

2018-10-09 15:11:49 - [MESSAGE][PASSED] - All options with value 'IM' are selected in object 'Object Repository/Page_MyEG Services  PERFORMANCE REP/select_-- Please Select --'  using regular expression

2018-10-09 15:11:49 - [TEST_STEP][PASSED] - click: Object: 'Object Repository/Page_MyEG Services  PERFORMANCE REP/input' is clicked on

2018-10-09 15:11:50 - [MESSAGE][PASSED] - Object: 'Object Repository/Page_MyEG Services  PERFORMANCE REP/input' is clicked on

2018-10-09 15:11:50 - [TEST_STEP][PASSED] - takeScreenshot: Taking screenshot successfully

2018-10-09 15:11:50 - [MESSAGE][PASSED] - Taking screenshot successfully
[[ATTACHMENT|C:\\Users\\Owner\\Katalon Studio\\Logistics\\Reports\\CSO_ADMIN_PrintIMM\\Performance Report\\20181009_150912\\1539069110150.png]]

2018-10-09 15:11:50 - [TEST_STEP][PASSED] - selectOptionByValue: All options with value 'MD' are selected in object 'Object Repository/Page_MyEG Services  PERFORMANCE REP/select_-- Please Select --'  using regular expression

2018-10-09 15:11:50 - [MESSAGE][PASSED] - All options with value 'MD' are selected in object 'Object Repository/Page_MyEG Services  PERFORMANCE REP/select_-- Please Select --'  using regular expression

2018-10-09 15:11:50 - [TEST_STEP][PASSED] - click: Object: 'Object Repository/Page_MyEG Services  PERFORMANCE REP/input' is clicked on

2018-10-09 15:11:51 - [MESSAGE][PASSED] - Object: 'Object Repository/Page_MyEG Services  PERFORMANCE REP/input' is clicked on

2018-10-09 15:11:51 - [TEST_STEP][PASSED] - takeScreenshot: Taking screenshot successfully

2018-10-09 15:11:51 - [MESSAGE][PASSED] - Taking screenshot successfully
[[ATTACHMENT|C:\\Users\\Owner\\Katalon Studio\\Logistics\\Reports\\CSO_ADMIN_PrintIMM\\Performance Report\\20181009_150912\\1539069111719.png]]

2018-10-09 15:11:51 - [TEST_STEP][PASSED] - selectOptionByValue: All options with value 'FW' are selected in object 'Object Repository/Page_MyEG Services  PERFORMANCE REP/select_-- Please Select --'  using regular expression

2018-10-09 15:11:52 - [MESSAGE][PASSED] - All options with value 'FW' are selected in object 'Object Repository/Page_MyEG Services  PERFORMANCE REP/select_-- Please Select --'  using regular expression

2018-10-09 15:11:52 - [TEST_STEP][PASSED] - click: Object: 'Object Repository/Page_MyEG Services  PERFORMANCE REP/input' is clicked on

2018-10-09 15:11:53 - [MESSAGE][PASSED] - Object: 'Object Repository/Page_MyEG Services  PERFORMANCE REP/input' is clicked on

2018-10-09 15:11:53 - [TEST_STEP][PASSED] - takeScreenshot: Taking screenshot successfully

2018-10-09 15:11:53 - [MESSAGE][PASSED] - Taking screenshot successfully
[[ATTACHMENT|C:\\Users\\Owner\\Katalon Studio\\Logistics\\Reports\\CSO_ADMIN_PrintIMM\\Performance Report\\20181009_150912\\1539069113310.png]]

2018-10-09 15:11:53 - [TEST_STEP][PASSED] - selectOptionByValue: All options with value 'CL' are selected in object 'Object Repository/Page_MyEG Services  PERFORMANCE REP/select_-- Please Select --'  using regular expression

2018-10-09 15:11:54 - [MESSAGE][PASSED] - All options with value 'CL' are selected in object 'Object Repository/Page_MyEG Services  PERFORMANCE REP/select_-- Please Select --'  using regular expression

2018-10-09 15:11:54 - [TEST_STEP][PASSED] - click: Object: 'Object Repository/Page_MyEG Services  PERFORMANCE REP/input' is clicked on

2018-10-09 15:11:55 - [MESSAGE][PASSED] - Object: 'Object Repository/Page_MyEG Services  PERFORMANCE REP/input' is clicked on

2018-10-09 15:11:55 - [TEST_STEP][PASSED] - takeScreenshot: Taking screenshot successfully

2018-10-09 15:11:55 - [MESSAGE][PASSED] - Taking screenshot successfully
[[ATTACHMENT|C:\\Users\\Owner\\Katalon Studio\\Logistics\\Reports\\CSO_ADMIN_PrintIMM\\Performance Report\\20181009_150912\\1539069115169.png]]

2018-10-09 15:11:55 - [TEST_STEP][PASSED] - selectOptionByValue: All options with value '1M' are selected in object 'Object Repository/Page_MyEG Services  PERFORMANCE REP/select_-- Please Select --'  using regular expression

2018-10-09 15:11:55 - [MESSAGE][PASSED] - All options with value '1M' are selected in object 'Object Repository/Page_MyEG Services  PERFORMANCE REP/select_-- Please Select --'  using regular expression

2018-10-09 15:11:55 - [TEST_STEP][PASSED] - click: Object: 'Object Repository/Page_MyEG Services  PERFORMANCE REP/input' is clicked on

2018-10-09 15:11:56 - [MESSAGE][PASSED] - Object: 'Object Repository/Page_MyEG Services  PERFORMANCE REP/input' is clicked on

2018-10-09 15:11:56 - [TEST_STEP][PASSED] - takeScreenshot: Taking screenshot successfully

2018-10-09 15:11:56 - [MESSAGE][PASSED] - Taking screenshot successfully
[[ATTACHMENT|C:\\Users\\Owner\\Katalon Studio\\Logistics\\Reports\\CSO_ADMIN_PrintIMM\\Performance Report\\20181009_150912\\1539069116770.png]]

2018-10-09 15:11:56 - [TEST_STEP][PASSED] - selectOptionByValue: All options with value 'SP' are selected in object 'Object Repository/Page_MyEG Services  PERFORMANCE REP/select_-- Please Select --'  using regular expression

2018-10-09 15:11:57 - [MESSAGE][PASSED] - All options with value 'SP' are selected in object 'Object Repository/Page_MyEG Services  PERFORMANCE REP/select_-- Please Select --'  using regular expression

2018-10-09 15:11:57 - [TEST_STEP][PASSED] - click: Object: 'Object Repository/Page_MyEG Services  PERFORMANCE REP/input' is clicked on

2018-10-09 15:11:58 - [MESSAGE][PASSED] - Object: 'Object Repository/Page_MyEG Services  PERFORMANCE REP/input' is clicked on

2018-10-09 15:11:58 - [TEST_STEP][PASSED] - takeScreenshot: Taking screenshot successfully

2018-10-09 15:11:58 - [MESSAGE][PASSED] - Taking screenshot successfully
[[ATTACHMENT|C:\\Users\\Owner\\Katalon Studio\\Logistics\\Reports\\CSO_ADMIN_PrintIMM\\Performance Report\\20181009_150912\\1539069118409.png]]

2018-10-09 15:11:58 - [TEST_STEP][PASSED] - selectOptionByValue: All options with value 'PT' are selected in object 'Object Repository/Page_MyEG Services  PERFORMANCE REP/select_-- Please Select --'  using regular expression

2018-10-09 15:11:59 - [MESSAGE][PASSED] - All options with value 'PT' are selected in object 'Object Repository/Page_MyEG Services  PERFORMANCE REP/select_-- Please Select --'  using regular expression

2018-10-09 15:11:59 - [TEST_STEP][PASSED] - click: Object: 'Object Repository/Page_MyEG Services  PERFORMANCE REP/input' is clicked on

2018-10-09 15:12:00 - [MESSAGE][PASSED] - Object: 'Object Repository/Page_MyEG Services  PERFORMANCE REP/input' is clicked on

2018-10-09 15:12:00 - [TEST_STEP][PASSED] - takeScreenshot: Taking screenshot successfully

2018-10-09 15:12:00 - [MESSAGE][PASSED] - Taking screenshot successfully
[[ATTACHMENT|C:\\Users\\Owner\\Katalon Studio\\Logistics\\Reports\\CSO_ADMIN_PrintIMM\\Performance Report\\20181009_150912\\1539069120203.png]]

2018-10-09 15:12:00 - [TEST_STEP][PASSED] - selectOptionByValue: All options with value 'PTD' are selected in object 'Object Repository/Page_MyEG Services  PERFORMANCE REP/select_-- Please Select --'  using regular expression

2018-10-09 15:12:01 - [MESSAGE][PASSED] - All options with value 'PTD' are selected in object 'Object Repository/Page_MyEG Services  PERFORMANCE REP/select_-- Please Select --'  using regular expression

2018-10-09 15:12:01 - [TEST_STEP][PASSED] - click: Object: 'Object Repository/Page_MyEG Services  PERFORMANCE REP/input' is clicked on

2018-10-09 15:12:01 - [MESSAGE][PASSED] - Object: 'Object Repository/Page_MyEG Services  PERFORMANCE REP/input' is clicked on

2018-10-09 15:12:01 - [TEST_STEP][PASSED] - takeScreenshot: Taking screenshot successfully

2018-10-09 15:12:02 - [MESSAGE][PASSED] - Taking screenshot successfully
[[ATTACHMENT|C:\\Users\\Owner\\Katalon Studio\\Logistics\\Reports\\CSO_ADMIN_PrintIMM\\Performance Report\\20181009_150912\\1539069121990.png]]

2018-10-09 15:12:02 - [TEST_STEP][PASSED] - selectOptionByValue: All options with value 'LKS' are selected in object 'Object Repository/Page_MyEG Services  PERFORMANCE REP/select_-- Please Select --'  using regular expression

2018-10-09 15:12:02 - [MESSAGE][PASSED] - All options with value 'LKS' are selected in object 'Object Repository/Page_MyEG Services  PERFORMANCE REP/select_-- Please Select --'  using regular expression

2018-10-09 15:12:02 - [TEST_STEP][PASSED] - click: Object: 'Object Repository/Page_MyEG Services  PERFORMANCE REP/input' is clicked on

2018-10-09 15:12:03 - [MESSAGE][PASSED] - Object: 'Object Repository/Page_MyEG Services  PERFORMANCE REP/input' is clicked on

2018-10-09 15:12:03 - [TEST_STEP][PASSED] - takeScreenshot: Taking screenshot successfully

2018-10-09 15:12:03 - [MESSAGE][PASSED] - Taking screenshot successfully
[[ATTACHMENT|C:\\Users\\Owner\\Katalon Studio\\Logistics\\Reports\\CSO_ADMIN_PrintIMM\\Performance Report\\20181009_150912\\1539069123649.png]]

2018-10-09 15:12:03 - [TEST_STEP][PASSED] - selectOptionByValue: All options with value 'JPJ1M' are selected in object 'Object Repository/Page_MyEG Services  PERFORMANCE REP/select_-- Please Select --'  using regular expression

2018-10-09 15:12:04 - [MESSAGE][PASSED] - All options with value 'JPJ1M' are selected in object 'Object Repository/Page_MyEG Services  PERFORMANCE REP/select_-- Please Select --'  using regular expression

2018-10-09 15:12:04 - [TEST_STEP][PASSED] - click: Object: 'Object Repository/Page_MyEG Services  PERFORMANCE REP/input' is clicked on

2018-10-09 15:12:05 - [MESSAGE][PASSED] - Object: 'Object Repository/Page_MyEG Services  PERFORMANCE REP/input' is clicked on

2018-10-09 15:12:05 - [TEST_STEP][PASSED] - takeScreenshot: Taking screenshot successfully

2018-10-09 15:12:05 - [MESSAGE][PASSED] - Taking screenshot successfully
[[ATTACHMENT|C:\\Users\\Owner\\Katalon Studio\\Logistics\\Reports\\CSO_ADMIN_PrintIMM\\Performance Report\\20181009_150912\\1539069125314.png]]

2018-10-09 15:12:05 - [TEST_STEP][PASSED] - selectOptionByValue: All options with value 'IMI1M' are selected in object 'Object Repository/Page_MyEG Services  PERFORMANCE REP/select_-- Please Select --'  using regular expression

2018-10-09 15:12:06 - [MESSAGE][PASSED] - All options with value 'IMI1M' are selected in object 'Object Repository/Page_MyEG Services  PERFORMANCE REP/select_-- Please Select --'  using regular expression

2018-10-09 15:12:06 - [TEST_STEP][PASSED] - click: Object: 'Object Repository/Page_MyEG Services  PERFORMANCE REP/input' is clicked on

2018-10-09 15:12:06 - [MESSAGE][PASSED] - Object: 'Object Repository/Page_MyEG Services  PERFORMANCE REP/input' is clicked on

2018-10-09 15:12:06 - [TEST_STEP][PASSED] - takeScreenshot: Taking screenshot successfully

2018-10-09 15:12:07 - [MESSAGE][PASSED] - Taking screenshot successfully
[[ATTACHMENT|C:\\Users\\Owner\\Katalon Studio\\Logistics\\Reports\\CSO_ADMIN_PrintIMM\\Performance Report\\20181009_150912\\1539069126948.png]]

2018-10-09 15:12:07 - [TEST_STEP][PASSED] - selectOptionByValue: All options with value 'ET' are selected in object 'Object Repository/Page_MyEG Services  PERFORMANCE REP/select_-- Please Select --'  using regular expression

2018-10-09 15:12:07 - [MESSAGE][PASSED] - All options with value 'ET' are selected in object 'Object Repository/Page_MyEG Services  PERFORMANCE REP/select_-- Please Select --'  using regular expression

2018-10-09 15:12:07 - [TEST_STEP][PASSED] - click: Object: 'Object Repository/Page_MyEG Services  PERFORMANCE REP/input' is clicked on

2018-10-09 15:12:08 - [MESSAGE][PASSED] - Object: 'Object Repository/Page_MyEG Services  PERFORMANCE REP/input' is clicked on

2018-10-09 15:12:08 - [TEST_STEP][PASSED] - takeScreenshot: Taking screenshot successfully

2018-10-09 15:12:08 - [MESSAGE][PASSED] - Taking screenshot successfully
[[ATTACHMENT|C:\\Users\\Owner\\Katalon Studio\\Logistics\\Reports\\CSO_ADMIN_PrintIMM\\Performance Report\\20181009_150912\\1539069128594.png]]

2018-10-09 15:12:08 - [TEST_STEP][PASSED] - click: Object: 'Object Repository/Page_MyEG Services  PERFORMANCE REP/a_Logout' is clicked on

2018-10-09 15:12:08 - [MESSAGE][PASSED] - Object: 'Object Repository/Page_MyEG Services  PERFORMANCE REP/a_Logout' is clicked on

2018-10-09 15:12:08 - [TEST_STEP][PASSED] - closeBrowser: Browser is closed

2018-10-09 15:12:09 - [MESSAGE][PASSED] - Browser is closed]]></system-out>
         <system-err><![CDATA[]]></system-err>
      </testcase>
      <system-out><![CDATA[2018-10-09 15:09:14 - [TEST_SUITE][PASSED] - Performance Report: Test Cases/Logistics/Roles/CSOADMIN_PrintIMM/Performance Report]]></system-out>
      <system-err><![CDATA[]]></system-err>
   </testsuite>
</testsuites>
