<?xml version="1.0" encoding="UTF-8"?>
<testsuites name="Delivery Report" time="93" tests="1" failures="0" errors="0">
   <testsuite name="Delivery Report" tests="1" failures="0" errors="0" time="93" timestamp="2018-10-09 14:59:35" hostname="Owner - L13-IT-KISHORE.myeg.local" id="Test Suites/CSO_ADMIN/Delivery Report">
      <properties>
         <property name="deviceName" value=""/>
         <property name="devicePlatform" value=""/>
         <property name="logFolder" value="C:\\Users\\Owner\\Katalon Studio\\Logistics\\Reports\\CSO_ADMIN\\Delivery Report\\20181009_145933"/>
         <property name="logFiles" value="C:\\Users\\Owner\\Katalon Studio\\Logistics\\Reports\\CSO_ADMIN\\Delivery Report\\20181009_145933\\execution0.log"/>
         <property name="attachments" value="C:\\Users\\Owner\\Katalon Studio\\Logistics\\Reports\\CSO_ADMIN\\Delivery Report\\20181009_145933\\1539068387313.png, C:\\Users\\Owner\\Katalon Studio\\Logistics\\Reports\\CSO_ADMIN\\Delivery Report\\20181009_145933\\1539068388171.png, C:\\Users\\Owner\\Katalon Studio\\Logistics\\Reports\\CSO_ADMIN\\Delivery Report\\20181009_145933\\1539068388931.png, C:\\Users\\Owner\\Katalon Studio\\Logistics\\Reports\\CSO_ADMIN\\Delivery Report\\20181009_145933\\1539068390132.png, C:\\Users\\Owner\\Katalon Studio\\Logistics\\Reports\\CSO_ADMIN\\Delivery Report\\20181009_145933\\1539068390714.png, C:\\Users\\Owner\\Katalon Studio\\Logistics\\Reports\\CSO_ADMIN\\Delivery Report\\20181009_145933\\1539068392028.png, C:\\Users\\Owner\\Katalon Studio\\Logistics\\Reports\\CSO_ADMIN\\Delivery Report\\20181009_145933\\1539068392457.png, C:\\Users\\Owner\\Katalon Studio\\Logistics\\Reports\\CSO_ADMIN\\Delivery Report\\20181009_145933\\1539068392840.png, C:\\Users\\Owner\\Katalon Studio\\Logistics\\Reports\\CSO_ADMIN\\Delivery Report\\20181009_145933\\1539068394374.png, C:\\Users\\Owner\\Katalon Studio\\Logistics\\Reports\\CSO_ADMIN\\Delivery Report\\20181009_145933\\1539068395438.png, C:\\Users\\Owner\\Katalon Studio\\Logistics\\Reports\\CSO_ADMIN\\Delivery Report\\20181009_145933\\1539068396476.png, C:\\Users\\Owner\\Katalon Studio\\Logistics\\Reports\\CSO_ADMIN\\Delivery Report\\20181009_145933\\1539068397624.png, C:\\Users\\Owner\\Katalon Studio\\Logistics\\Reports\\CSO_ADMIN\\Delivery Report\\20181009_145933\\1539068398762.png, C:\\Users\\Owner\\Katalon Studio\\Logistics\\Reports\\CSO_ADMIN\\Delivery Report\\20181009_145933\\1539068399905.png, C:\\Users\\Owner\\Katalon Studio\\Logistics\\Reports\\CSO_ADMIN\\Delivery Report\\20181009_145933\\1539068401076.png, C:\\Users\\Owner\\Katalon Studio\\Logistics\\Reports\\CSO_ADMIN\\Delivery Report\\20181009_145933\\1539068402359.png, C:\\Users\\Owner\\Katalon Studio\\Logistics\\Reports\\CSO_ADMIN\\Delivery Report\\20181009_145933\\1539068403723.png, C:\\Users\\Owner\\Katalon Studio\\Logistics\\Reports\\CSO_ADMIN\\Delivery Report\\20181009_145933\\1539068405054.png, C:\\Users\\Owner\\Katalon Studio\\Logistics\\Reports\\CSO_ADMIN\\Delivery Report\\20181009_145933\\1539068406327.png, C:\\Users\\Owner\\Katalon Studio\\Logistics\\Reports\\CSO_ADMIN\\Delivery Report\\20181009_145933\\1539068407735.png, C:\\Users\\Owner\\Katalon Studio\\Logistics\\Reports\\CSO_ADMIN\\Delivery Report\\20181009_145933\\1539068409079.png, C:\\Users\\Owner\\Katalon Studio\\Logistics\\Reports\\CSO_ADMIN\\Delivery Report\\20181009_145933\\1539068410415.png, C:\\Users\\Owner\\Katalon Studio\\Logistics\\Reports\\CSO_ADMIN\\Delivery Report\\20181009_145933\\1539068411608.png, C:\\Users\\Owner\\Katalon Studio\\Logistics\\Reports\\CSO_ADMIN\\Delivery Report\\20181009_145933\\1539068412033.png, C:\\Users\\Owner\\Katalon Studio\\Logistics\\Reports\\CSO_ADMIN\\Delivery Report\\20181009_145933\\1539068412411.png, C:\\Users\\Owner\\Katalon Studio\\Logistics\\Reports\\CSO_ADMIN\\Delivery Report\\20181009_145933\\1539068447191.png, C:\\Users\\Owner\\Katalon Studio\\Logistics\\Reports\\CSO_ADMIN\\Delivery Report\\20181009_145933\\1539068449822.png, C:\\Users\\Owner\\Katalon Studio\\Logistics\\Reports\\CSO_ADMIN\\Delivery Report\\20181009_145933\\1539068451796.png, C:\\Users\\Owner\\Katalon Studio\\Logistics\\Reports\\CSO_ADMIN\\Delivery Report\\20181009_145933\\1539068453781.png, C:\\Users\\Owner\\Katalon Studio\\Logistics\\Reports\\CSO_ADMIN\\Delivery Report\\20181009_145933\\1539068455548.png, C:\\Users\\Owner\\Katalon Studio\\Logistics\\Reports\\CSO_ADMIN\\Delivery Report\\20181009_145933\\1539068456872.png, C:\\Users\\Owner\\Katalon Studio\\Logistics\\Reports\\CSO_ADMIN\\Delivery Report\\20181009_145933\\1539068458189.png, C:\\Users\\Owner\\Katalon Studio\\Logistics\\Reports\\CSO_ADMIN\\Delivery Report\\20181009_145933\\1539068459553.png, C:\\Users\\Owner\\Katalon Studio\\Logistics\\Reports\\CSO_ADMIN\\Delivery Report\\20181009_145933\\1539068461099.png, C:\\Users\\Owner\\Katalon Studio\\Logistics\\Reports\\CSO_ADMIN\\Delivery Report\\20181009_145933\\1539068462430.png, C:\\Users\\Owner\\Katalon Studio\\Logistics\\Reports\\CSO_ADMIN\\Delivery Report\\20181009_145933\\1539068463997.png, C:\\Users\\Owner\\Katalon Studio\\Logistics\\Reports\\CSO_ADMIN\\Delivery Report\\20181009_145933\\1539068465443.png, C:\\Users\\Owner\\Katalon Studio\\Logistics\\Reports\\CSO_ADMIN\\Delivery Report\\20181009_145933\\1539068466835.png, C:\\Users\\Owner\\Katalon Studio\\Logistics\\Reports\\CSO_ADMIN\\Delivery Report\\20181009_145933\\1539068468297.png"/>
         <property name="hostName" value="Owner - L13-IT-KISHORE.myeg.local"/>
         <property name="os" value="Windows 10 64bit"/>
         <property name="katalonVersion" value="5.6.1.1"/>
         <property name="browser" value="Firefox 60.0"/>
         <property name="hostAddress" value="192.168.8.168"/>
         <property name="sessionId" value="41380751-8de9-4a31-b3e5-6c20d94b9d12"/>
         <property name="seleniumVersion" value="3.7.1"/>
         <property name="proxyInformation" value="ProxyInformation{proxyOption=NO_PROXY, proxyServerType=HTTP, password=, proxyServerAddress=, proxyServerPort=0}"/>
         <property name="platform" value="Windows 10"/>
      </properties>
      <testcase name="Test Cases/Logistics/Roles/CSO_ADMIN/Delivery Report" classname="Test Cases/Logistics/Roles/CSO_ADMIN/Delivery Report" status="PASSED">
         <system-out><![CDATA[2018-10-09 14:59:35 - [TEST_CASE][PASSED] - Test Cases/Logistics/Roles/CSO_ADMIN/Delivery Report: Test Cases/Logistics/Roles/CSO_ADMIN/Delivery Report

2018-10-09 14:59:36 - [TEST_STEP][PASSED] - openBrowser: Browser is opened with url: ''

2018-10-09 14:59:41 - [MESSAGE][PASSED] - Browser is opened with url: ''

2018-10-09 14:59:41 - [TEST_STEP][PASSED] - maximizeWindow: Current window maximized

2018-10-09 14:59:44 - [MESSAGE][PASSED] - Current window maximized

2018-10-09 14:59:44 - [TEST_STEP][PASSED] - navigateToUrl: Navigate to 'http://uat4.myeg.com.my/logistic/login/' successfully

2018-10-09 14:59:46 - [MESSAGE][PASSED] - Navigate to 'http://uat4.myeg.com.my/logistic/login/' successfully

2018-10-09 14:59:46 - [TEST_STEP][PASSED] - setText: Text 'AKMA1766' is set on object 'Object Repository/Page_MyEG Services  Logistic Report/input_j_username'

2018-10-09 14:59:46 - [MESSAGE][PASSED] - Text 'AKMA1766' is set on object 'Object Repository/Page_MyEG Services  Logistic Report/input_j_username'

2018-10-09 14:59:46 - [TEST_STEP][PASSED] - click: Object: 'Object Repository/Page_MyEG Services  Logistic Report/input_submit' is clicked on

2018-10-09 14:59:47 - [MESSAGE][PASSED] - Object: 'Object Repository/Page_MyEG Services  Logistic Report/input_submit' is clicked on

2018-10-09 14:59:47 - [TEST_STEP][PASSED] - takeScreenshot: Taking screenshot successfully

2018-10-09 14:59:47 - [MESSAGE][PASSED] - Taking screenshot successfully
[[ATTACHMENT|C:\\Users\\Owner\\Katalon Studio\\Logistics\\Reports\\CSO_ADMIN\\Delivery Report\\20181009_145933\\1539068387313.png]]

2018-10-09 14:59:47 - [TEST_STEP][PASSED] - setEncryptedText: Text ****** has been set on object 'Object Repository/Page_MyEG Services  Logistic Report/input_j_password'

2018-10-09 14:59:47 - [MESSAGE][PASSED] - Text ****** has been set on object 'Object Repository/Page_MyEG Services  Logistic Report/input_j_password'

2018-10-09 14:59:47 - [TEST_STEP][PASSED] - click: Object: 'Object Repository/Page_MyEG Services  Logistic Report/input_submit' is clicked on

2018-10-09 14:59:48 - [MESSAGE][PASSED] - Object: 'Object Repository/Page_MyEG Services  Logistic Report/input_submit' is clicked on

2018-10-09 14:59:48 - [TEST_STEP][PASSED] - takeScreenshot: Taking screenshot successfully

2018-10-09 14:59:48 - [MESSAGE][PASSED] - Taking screenshot successfully
[[ATTACHMENT|C:\\Users\\Owner\\Katalon Studio\\Logistics\\Reports\\CSO_ADMIN\\Delivery Report\\20181009_145933\\1539068388171.png]]

2018-10-09 14:59:48 - [TEST_STEP][PASSED] - setText: Text 'AKMA1767' is set on object 'Object Repository/Page_MyEG Services  Logistic Report/input_j_username'

2018-10-09 14:59:48 - [MESSAGE][PASSED] - Text 'AKMA1767' is set on object 'Object Repository/Page_MyEG Services  Logistic Report/input_j_username'

2018-10-09 14:59:48 - [TEST_STEP][PASSED] - setEncryptedText: Text ****** has been set on object 'Object Repository/Page_MyEG Services  Logistic Report/input_j_password'

2018-10-09 14:59:48 - [MESSAGE][PASSED] - Text ****** has been set on object 'Object Repository/Page_MyEG Services  Logistic Report/input_j_password'

2018-10-09 14:59:48 - [TEST_STEP][PASSED] - click: Object: 'Object Repository/Page_MyEG Services  Logistic Report/input_submit' is clicked on

2018-10-09 14:59:48 - [MESSAGE][PASSED] - Object: 'Object Repository/Page_MyEG Services  Logistic Report/input_submit' is clicked on

2018-10-09 14:59:48 - [TEST_STEP][PASSED] - takeScreenshot: Taking screenshot successfully

2018-10-09 14:59:49 - [MESSAGE][PASSED] - Taking screenshot successfully
[[ATTACHMENT|C:\\Users\\Owner\\Katalon Studio\\Logistics\\Reports\\CSO_ADMIN\\Delivery Report\\20181009_145933\\1539068388931.png]]

2018-10-09 14:59:49 - [TEST_STEP][PASSED] - setText: Text 'AKMA1766' is set on object 'Object Repository/Page_MyEG Services  Logistic Report/input_j_username'

2018-10-09 14:59:49 - [MESSAGE][PASSED] - Text 'AKMA1766' is set on object 'Object Repository/Page_MyEG Services  Logistic Report/input_j_username'

2018-10-09 14:59:49 - [TEST_STEP][PASSED] - setEncryptedText: Text ****** has been set on object 'Object Repository/Page_MyEG Services  Logistic Report/input_j_password'

2018-10-09 14:59:49 - [MESSAGE][PASSED] - Text ****** has been set on object 'Object Repository/Page_MyEG Services  Logistic Report/input_j_password'

2018-10-09 14:59:49 - [TEST_STEP][PASSED] - click: Object: 'Object Repository/Page_MyEG Services  Logistic Report/input_submit' is clicked on

2018-10-09 14:59:50 - [MESSAGE][PASSED] - Object: 'Object Repository/Page_MyEG Services  Logistic Report/input_submit' is clicked on

2018-10-09 14:59:50 - [TEST_STEP][PASSED] - takeScreenshot: Taking screenshot successfully

2018-10-09 14:59:50 - [MESSAGE][PASSED] - Taking screenshot successfully
[[ATTACHMENT|C:\\Users\\Owner\\Katalon Studio\\Logistics\\Reports\\CSO_ADMIN\\Delivery Report\\20181009_145933\\1539068390132.png]]

2018-10-09 14:59:50 - [TEST_STEP][PASSED] - click: Object: 'Object Repository/Page_MyEG Services  List of Tickets/a_Delivery Report' is clicked on

2018-10-09 14:59:50 - [MESSAGE][PASSED] - Object: 'Object Repository/Page_MyEG Services  List of Tickets/a_Delivery Report' is clicked on

2018-10-09 14:59:50 - [TEST_STEP][PASSED] - takeScreenshot: Taking screenshot successfully

2018-10-09 14:59:50 - [MESSAGE][PASSED] - Taking screenshot successfully
[[ATTACHMENT|C:\\Users\\Owner\\Katalon Studio\\Logistics\\Reports\\CSO_ADMIN\\Delivery Report\\20181009_145933\\1539068390714.png]]

2018-10-09 14:59:50 - [TEST_STEP][PASSED] - click: Object: 'Object Repository/Page_MyEG Services  PERFORMANCE REP/a_LO Delivery Report By Date' is clicked on

2018-10-09 14:59:51 - [MESSAGE][PASSED] - Object: 'Object Repository/Page_MyEG Services  PERFORMANCE REP/a_LO Delivery Report By Date' is clicked on

2018-10-09 14:59:51 - [TEST_STEP][PASSED] - setText: Text '01-Jan-2018' is set on object 'Object Repository/Page_MyEG Services  DELIVERY REPORT/input_dojo.from'

2018-10-09 14:59:51 - [MESSAGE][PASSED] - Text '01-Jan-2018' is set on object 'Object Repository/Page_MyEG Services  DELIVERY REPORT/input_dojo.from'

2018-10-09 14:59:51 - [TEST_STEP][PASSED] - setText: Text '30-Sep-2018' is set on object 'Object Repository/Page_MyEG Services  DELIVERY REPORT/input_dojo.to'

2018-10-09 14:59:51 - [MESSAGE][PASSED] - Text '30-Sep-2018' is set on object 'Object Repository/Page_MyEG Services  DELIVERY REPORT/input_dojo.to'

2018-10-09 14:59:51 - [TEST_STEP][PASSED] - selectOptionByValue: All options with value 'LK' are selected in object 'Object Repository/Page_MyEG Services  DELIVERY REPORT/select_-- Please Select --'  using regular expression

2018-10-09 14:59:52 - [MESSAGE][PASSED] - All options with value 'LK' are selected in object 'Object Repository/Page_MyEG Services  DELIVERY REPORT/select_-- Please Select --'  using regular expression

2018-10-09 14:59:52 - [TEST_STEP][PASSED] - takeScreenshot: Taking screenshot successfully

2018-10-09 14:59:52 - [MESSAGE][PASSED] - Taking screenshot successfully
[[ATTACHMENT|C:\\Users\\Owner\\Katalon Studio\\Logistics\\Reports\\CSO_ADMIN\\Delivery Report\\20181009_145933\\1539068392028.png]]

2018-10-09 14:59:52 - [TEST_STEP][PASSED] - click: Object: 'Object Repository/Page_MyEG Services  DELIVERY REPORT/a_reset' is clicked on

2018-10-09 14:59:52 - [MESSAGE][PASSED] - Object: 'Object Repository/Page_MyEG Services  DELIVERY REPORT/a_reset' is clicked on

2018-10-09 14:59:52 - [TEST_STEP][PASSED] - takeScreenshot: Taking screenshot successfully

2018-10-09 14:59:52 - [MESSAGE][PASSED] - Taking screenshot successfully
[[ATTACHMENT|C:\\Users\\Owner\\Katalon Studio\\Logistics\\Reports\\CSO_ADMIN\\Delivery Report\\20181009_145933\\1539068392457.png]]

2018-10-09 14:59:52 - [TEST_STEP][PASSED] - click: Object: 'Object Repository/Page_MyEG Services  DELIVERY REPORT/input' is clicked on

2018-10-09 14:59:52 - [MESSAGE][PASSED] - Object: 'Object Repository/Page_MyEG Services  DELIVERY REPORT/input' is clicked on

2018-10-09 14:59:52 - [TEST_STEP][PASSED] - takeScreenshot: Taking screenshot successfully

2018-10-09 14:59:53 - [MESSAGE][PASSED] - Taking screenshot successfully
[[ATTACHMENT|C:\\Users\\Owner\\Katalon Studio\\Logistics\\Reports\\CSO_ADMIN\\Delivery Report\\20181009_145933\\1539068392840.png]]

2018-10-09 14:59:53 - [TEST_STEP][PASSED] - setText: Text '01-Jan-2018' is set on object 'Object Repository/Page_MyEG Services  DELIVERY REPORT/input_dojo.from'

2018-10-09 14:59:53 - [MESSAGE][PASSED] - Text '01-Jan-2018' is set on object 'Object Repository/Page_MyEG Services  DELIVERY REPORT/input_dojo.from'

2018-10-09 14:59:53 - [TEST_STEP][PASSED] - setText: Text '30-Sep-2018' is set on object 'Object Repository/Page_MyEG Services  DELIVERY REPORT/input_dojo.to'

2018-10-09 14:59:53 - [MESSAGE][PASSED] - Text '30-Sep-2018' is set on object 'Object Repository/Page_MyEG Services  DELIVERY REPORT/input_dojo.to'

2018-10-09 14:59:53 - [TEST_STEP][PASSED] - selectOptionByValue: All options with value 'LK' are selected in object 'Object Repository/Page_MyEG Services  DELIVERY REPORT/select_-- Please Select --'  using regular expression

2018-10-09 14:59:53 - [MESSAGE][PASSED] - All options with value 'LK' are selected in object 'Object Repository/Page_MyEG Services  DELIVERY REPORT/select_-- Please Select --'  using regular expression

2018-10-09 14:59:53 - [TEST_STEP][PASSED] - click: Object: 'Object Repository/Page_MyEG Services  DELIVERY REPORT/input' is clicked on

2018-10-09 14:59:54 - [MESSAGE][PASSED] - Object: 'Object Repository/Page_MyEG Services  DELIVERY REPORT/input' is clicked on

2018-10-09 14:59:54 - [TEST_STEP][PASSED] - takeScreenshot: Taking screenshot successfully

2018-10-09 14:59:54 - [MESSAGE][PASSED] - Taking screenshot successfully
[[ATTACHMENT|C:\\Users\\Owner\\Katalon Studio\\Logistics\\Reports\\CSO_ADMIN\\Delivery Report\\20181009_145933\\1539068394374.png]]

2018-10-09 14:59:54 - [TEST_STEP][PASSED] - selectOptionByValue: All options with value 'JM' are selected in object 'Object Repository/Page_MyEG Services  DELIVERY REPORT/select_-- Please Select --'  using regular expression

2018-10-09 14:59:55 - [MESSAGE][PASSED] - All options with value 'JM' are selected in object 'Object Repository/Page_MyEG Services  DELIVERY REPORT/select_-- Please Select --'  using regular expression

2018-10-09 14:59:55 - [TEST_STEP][PASSED] - click: Object: 'Object Repository/Page_MyEG Services  DELIVERY REPORT/input' is clicked on

2018-10-09 14:59:55 - [MESSAGE][PASSED] - Object: 'Object Repository/Page_MyEG Services  DELIVERY REPORT/input' is clicked on

2018-10-09 14:59:55 - [TEST_STEP][PASSED] - takeScreenshot: Taking screenshot successfully

2018-10-09 14:59:55 - [MESSAGE][PASSED] - Taking screenshot successfully
[[ATTACHMENT|C:\\Users\\Owner\\Katalon Studio\\Logistics\\Reports\\CSO_ADMIN\\Delivery Report\\20181009_145933\\1539068395438.png]]

2018-10-09 14:59:55 - [TEST_STEP][PASSED] - selectOptionByValue: All options with value 'IM' are selected in object 'Object Repository/Page_MyEG Services  DELIVERY REPORT/select_-- Please Select --'  using regular expression

2018-10-09 14:59:56 - [MESSAGE][PASSED] - All options with value 'IM' are selected in object 'Object Repository/Page_MyEG Services  DELIVERY REPORT/select_-- Please Select --'  using regular expression

2018-10-09 14:59:56 - [TEST_STEP][PASSED] - click: Object: 'Object Repository/Page_MyEG Services  DELIVERY REPORT/input' is clicked on

2018-10-09 14:59:56 - [MESSAGE][PASSED] - Object: 'Object Repository/Page_MyEG Services  DELIVERY REPORT/input' is clicked on

2018-10-09 14:59:56 - [TEST_STEP][PASSED] - takeScreenshot: Taking screenshot successfully

2018-10-09 14:59:56 - [MESSAGE][PASSED] - Taking screenshot successfully
[[ATTACHMENT|C:\\Users\\Owner\\Katalon Studio\\Logistics\\Reports\\CSO_ADMIN\\Delivery Report\\20181009_145933\\1539068396476.png]]

2018-10-09 14:59:56 - [TEST_STEP][PASSED] - selectOptionByValue: All options with value 'MD' are selected in object 'Object Repository/Page_MyEG Services  DELIVERY REPORT/select_-- Please Select --'  using regular expression

2018-10-09 14:59:57 - [MESSAGE][PASSED] - All options with value 'MD' are selected in object 'Object Repository/Page_MyEG Services  DELIVERY REPORT/select_-- Please Select --'  using regular expression

2018-10-09 14:59:57 - [TEST_STEP][PASSED] - click: Object: 'Object Repository/Page_MyEG Services  DELIVERY REPORT/input' is clicked on

2018-10-09 14:59:57 - [MESSAGE][PASSED] - Object: 'Object Repository/Page_MyEG Services  DELIVERY REPORT/input' is clicked on

2018-10-09 14:59:57 - [TEST_STEP][PASSED] - takeScreenshot: Taking screenshot successfully

2018-10-09 14:59:57 - [MESSAGE][PASSED] - Taking screenshot successfully
[[ATTACHMENT|C:\\Users\\Owner\\Katalon Studio\\Logistics\\Reports\\CSO_ADMIN\\Delivery Report\\20181009_145933\\1539068397624.png]]

2018-10-09 14:59:57 - [TEST_STEP][PASSED] - selectOptionByValue: All options with value 'FW' are selected in object 'Object Repository/Page_MyEG Services  DELIVERY REPORT/select_-- Please Select --'  using regular expression

2018-10-09 14:59:58 - [MESSAGE][PASSED] - All options with value 'FW' are selected in object 'Object Repository/Page_MyEG Services  DELIVERY REPORT/select_-- Please Select --'  using regular expression

2018-10-09 14:59:58 - [TEST_STEP][PASSED] - click: Object: 'Object Repository/Page_MyEG Services  DELIVERY REPORT/input' is clicked on

2018-10-09 14:59:58 - [MESSAGE][PASSED] - Object: 'Object Repository/Page_MyEG Services  DELIVERY REPORT/input' is clicked on

2018-10-09 14:59:58 - [TEST_STEP][PASSED] - takeScreenshot: Taking screenshot successfully

2018-10-09 14:59:58 - [MESSAGE][PASSED] - Taking screenshot successfully
[[ATTACHMENT|C:\\Users\\Owner\\Katalon Studio\\Logistics\\Reports\\CSO_ADMIN\\Delivery Report\\20181009_145933\\1539068398762.png]]

2018-10-09 14:59:58 - [TEST_STEP][PASSED] - selectOptionByValue: All options with value 'CL' are selected in object 'Object Repository/Page_MyEG Services  DELIVERY REPORT/select_-- Please Select --'  using regular expression

2018-10-09 14:59:59 - [MESSAGE][PASSED] - All options with value 'CL' are selected in object 'Object Repository/Page_MyEG Services  DELIVERY REPORT/select_-- Please Select --'  using regular expression

2018-10-09 14:59:59 - [TEST_STEP][PASSED] - click: Object: 'Object Repository/Page_MyEG Services  DELIVERY REPORT/input' is clicked on

2018-10-09 14:59:59 - [MESSAGE][PASSED] - Object: 'Object Repository/Page_MyEG Services  DELIVERY REPORT/input' is clicked on

2018-10-09 14:59:59 - [TEST_STEP][PASSED] - takeScreenshot: Taking screenshot successfully

2018-10-09 15:00:00 - [MESSAGE][PASSED] - Taking screenshot successfully
[[ATTACHMENT|C:\\Users\\Owner\\Katalon Studio\\Logistics\\Reports\\CSO_ADMIN\\Delivery Report\\20181009_145933\\1539068399905.png]]

2018-10-09 15:00:00 - [TEST_STEP][PASSED] - selectOptionByValue: All options with value '1M' are selected in object 'Object Repository/Page_MyEG Services  DELIVERY REPORT/select_-- Please Select --'  using regular expression

2018-10-09 15:00:00 - [MESSAGE][PASSED] - All options with value '1M' are selected in object 'Object Repository/Page_MyEG Services  DELIVERY REPORT/select_-- Please Select --'  using regular expression

2018-10-09 15:00:00 - [TEST_STEP][PASSED] - click: Object: 'Object Repository/Page_MyEG Services  DELIVERY REPORT/input' is clicked on

2018-10-09 15:00:01 - [MESSAGE][PASSED] - Object: 'Object Repository/Page_MyEG Services  DELIVERY REPORT/input' is clicked on

2018-10-09 15:00:01 - [TEST_STEP][PASSED] - takeScreenshot: Taking screenshot successfully

2018-10-09 15:00:01 - [MESSAGE][PASSED] - Taking screenshot successfully
[[ATTACHMENT|C:\\Users\\Owner\\Katalon Studio\\Logistics\\Reports\\CSO_ADMIN\\Delivery Report\\20181009_145933\\1539068401076.png]]

2018-10-09 15:00:01 - [TEST_STEP][PASSED] - selectOptionByValue: All options with value 'SP' are selected in object 'Object Repository/Page_MyEG Services  DELIVERY REPORT/select_-- Please Select --'  using regular expression

2018-10-09 15:00:01 - [MESSAGE][PASSED] - All options with value 'SP' are selected in object 'Object Repository/Page_MyEG Services  DELIVERY REPORT/select_-- Please Select --'  using regular expression

2018-10-09 15:00:01 - [TEST_STEP][PASSED] - click: Object: 'Object Repository/Page_MyEG Services  DELIVERY REPORT/input' is clicked on

2018-10-09 15:00:02 - [MESSAGE][PASSED] - Object: 'Object Repository/Page_MyEG Services  DELIVERY REPORT/input' is clicked on

2018-10-09 15:00:02 - [TEST_STEP][PASSED] - takeScreenshot: Taking screenshot successfully

2018-10-09 15:00:02 - [MESSAGE][PASSED] - Taking screenshot successfully
[[ATTACHMENT|C:\\Users\\Owner\\Katalon Studio\\Logistics\\Reports\\CSO_ADMIN\\Delivery Report\\20181009_145933\\1539068402359.png]]

2018-10-09 15:00:02 - [TEST_STEP][PASSED] - selectOptionByValue: All options with value 'PT' are selected in object 'Object Repository/Page_MyEG Services  DELIVERY REPORT/select_-- Please Select --'  using regular expression

2018-10-09 15:00:03 - [MESSAGE][PASSED] - All options with value 'PT' are selected in object 'Object Repository/Page_MyEG Services  DELIVERY REPORT/select_-- Please Select --'  using regular expression

2018-10-09 15:00:03 - [TEST_STEP][PASSED] - click: Object: 'Object Repository/Page_MyEG Services  DELIVERY REPORT/input' is clicked on

2018-10-09 15:00:03 - [MESSAGE][PASSED] - Object: 'Object Repository/Page_MyEG Services  DELIVERY REPORT/input' is clicked on

2018-10-09 15:00:03 - [TEST_STEP][PASSED] - takeScreenshot: Taking screenshot successfully

2018-10-09 15:00:03 - [MESSAGE][PASSED] - Taking screenshot successfully
[[ATTACHMENT|C:\\Users\\Owner\\Katalon Studio\\Logistics\\Reports\\CSO_ADMIN\\Delivery Report\\20181009_145933\\1539068403723.png]]

2018-10-09 15:00:03 - [TEST_STEP][PASSED] - selectOptionByValue: All options with value 'PTD' are selected in object 'Object Repository/Page_MyEG Services  DELIVERY REPORT/select_-- Please Select --'  using regular expression

2018-10-09 15:00:04 - [MESSAGE][PASSED] - All options with value 'PTD' are selected in object 'Object Repository/Page_MyEG Services  DELIVERY REPORT/select_-- Please Select --'  using regular expression

2018-10-09 15:00:04 - [TEST_STEP][PASSED] - click: Object: 'Object Repository/Page_MyEG Services  DELIVERY REPORT/input' is clicked on

2018-10-09 15:00:05 - [MESSAGE][PASSED] - Object: 'Object Repository/Page_MyEG Services  DELIVERY REPORT/input' is clicked on

2018-10-09 15:00:05 - [TEST_STEP][PASSED] - takeScreenshot: Taking screenshot successfully

2018-10-09 15:00:05 - [MESSAGE][PASSED] - Taking screenshot successfully
[[ATTACHMENT|C:\\Users\\Owner\\Katalon Studio\\Logistics\\Reports\\CSO_ADMIN\\Delivery Report\\20181009_145933\\1539068405054.png]]

2018-10-09 15:00:05 - [TEST_STEP][PASSED] - selectOptionByValue: All options with value 'LKS' are selected in object 'Object Repository/Page_MyEG Services  DELIVERY REPORT/select_-- Please Select --'  using regular expression

2018-10-09 15:00:05 - [MESSAGE][PASSED] - All options with value 'LKS' are selected in object 'Object Repository/Page_MyEG Services  DELIVERY REPORT/select_-- Please Select --'  using regular expression

2018-10-09 15:00:05 - [TEST_STEP][PASSED] - click: Object: 'Object Repository/Page_MyEG Services  DELIVERY REPORT/input' is clicked on

2018-10-09 15:00:06 - [MESSAGE][PASSED] - Object: 'Object Repository/Page_MyEG Services  DELIVERY REPORT/input' is clicked on

2018-10-09 15:00:06 - [TEST_STEP][PASSED] - takeScreenshot: Taking screenshot successfully

2018-10-09 15:00:06 - [MESSAGE][PASSED] - Taking screenshot successfully
[[ATTACHMENT|C:\\Users\\Owner\\Katalon Studio\\Logistics\\Reports\\CSO_ADMIN\\Delivery Report\\20181009_145933\\1539068406327.png]]

2018-10-09 15:00:06 - [TEST_STEP][PASSED] - selectOptionByValue: All options with value 'JPJ1M' are selected in object 'Object Repository/Page_MyEG Services  DELIVERY REPORT/select_-- Please Select --'  using regular expression

2018-10-09 15:00:07 - [MESSAGE][PASSED] - All options with value 'JPJ1M' are selected in object 'Object Repository/Page_MyEG Services  DELIVERY REPORT/select_-- Please Select --'  using regular expression

2018-10-09 15:00:07 - [TEST_STEP][PASSED] - click: Object: 'Object Repository/Page_MyEG Services  DELIVERY REPORT/input' is clicked on

2018-10-09 15:00:07 - [MESSAGE][PASSED] - Object: 'Object Repository/Page_MyEG Services  DELIVERY REPORT/input' is clicked on

2018-10-09 15:00:07 - [TEST_STEP][PASSED] - takeScreenshot: Taking screenshot successfully

2018-10-09 15:00:07 - [MESSAGE][PASSED] - Taking screenshot successfully
[[ATTACHMENT|C:\\Users\\Owner\\Katalon Studio\\Logistics\\Reports\\CSO_ADMIN\\Delivery Report\\20181009_145933\\1539068407735.png]]

2018-10-09 15:00:07 - [TEST_STEP][PASSED] - selectOptionByValue: All options with value 'IMI1M' are selected in object 'Object Repository/Page_MyEG Services  DELIVERY REPORT/select_-- Please Select --'  using regular expression

2018-10-09 15:00:08 - [MESSAGE][PASSED] - All options with value 'IMI1M' are selected in object 'Object Repository/Page_MyEG Services  DELIVERY REPORT/select_-- Please Select --'  using regular expression

2018-10-09 15:00:08 - [TEST_STEP][PASSED] - click: Object: 'Object Repository/Page_MyEG Services  DELIVERY REPORT/input' is clicked on

2018-10-09 15:00:09 - [MESSAGE][PASSED] - Object: 'Object Repository/Page_MyEG Services  DELIVERY REPORT/input' is clicked on

2018-10-09 15:00:09 - [TEST_STEP][PASSED] - takeScreenshot: Taking screenshot successfully

2018-10-09 15:00:09 - [MESSAGE][PASSED] - Taking screenshot successfully
[[ATTACHMENT|C:\\Users\\Owner\\Katalon Studio\\Logistics\\Reports\\CSO_ADMIN\\Delivery Report\\20181009_145933\\1539068409079.png]]

2018-10-09 15:00:09 - [TEST_STEP][PASSED] - selectOptionByValue: All options with value 'ET' are selected in object 'Object Repository/Page_MyEG Services  DELIVERY REPORT/select_-- Please Select --'  using regular expression

2018-10-09 15:00:09 - [MESSAGE][PASSED] - All options with value 'ET' are selected in object 'Object Repository/Page_MyEG Services  DELIVERY REPORT/select_-- Please Select --'  using regular expression

2018-10-09 15:00:09 - [TEST_STEP][PASSED] - click: Object: 'Object Repository/Page_MyEG Services  DELIVERY REPORT/input' is clicked on

2018-10-09 15:00:10 - [MESSAGE][PASSED] - Object: 'Object Repository/Page_MyEG Services  DELIVERY REPORT/input' is clicked on

2018-10-09 15:00:10 - [TEST_STEP][PASSED] - takeScreenshot: Taking screenshot successfully

2018-10-09 15:00:10 - [MESSAGE][PASSED] - Taking screenshot successfully
[[ATTACHMENT|C:\\Users\\Owner\\Katalon Studio\\Logistics\\Reports\\CSO_ADMIN\\Delivery Report\\20181009_145933\\1539068410415.png]]

2018-10-09 15:00:10 - [TEST_STEP][PASSED] - click: Object: 'Object Repository/Page_MyEG Services  DELIVERY REPORT/a_Delivery Report' is clicked on

2018-10-09 15:00:11 - [MESSAGE][PASSED] - Object: 'Object Repository/Page_MyEG Services  DELIVERY REPORT/a_Delivery Report' is clicked on

2018-10-09 15:00:11 - [TEST_STEP][PASSED] - click: Object: 'Object Repository/Page_MyEG Services  PERFORMANCE REP/a_LO Delivery Report By Name' is clicked on

2018-10-09 15:00:11 - [MESSAGE][PASSED] - Object: 'Object Repository/Page_MyEG Services  PERFORMANCE REP/a_LO Delivery Report By Name' is clicked on

2018-10-09 15:00:11 - [TEST_STEP][PASSED] - takeScreenshot: Taking screenshot successfully

2018-10-09 15:00:11 - [MESSAGE][PASSED] - Taking screenshot successfully
[[ATTACHMENT|C:\\Users\\Owner\\Katalon Studio\\Logistics\\Reports\\CSO_ADMIN\\Delivery Report\\20181009_145933\\1539068411608.png]]

2018-10-09 15:00:11 - [TEST_STEP][PASSED] - click: Object: 'Object Repository/Page_MyEG Services  DELIVERY REPORT/a_reset' is clicked on

2018-10-09 15:00:12 - [MESSAGE][PASSED] - Object: 'Object Repository/Page_MyEG Services  DELIVERY REPORT/a_reset' is clicked on

2018-10-09 15:00:12 - [TEST_STEP][PASSED] - takeScreenshot: Taking screenshot successfully

2018-10-09 15:00:12 - [MESSAGE][PASSED] - Taking screenshot successfully
[[ATTACHMENT|C:\\Users\\Owner\\Katalon Studio\\Logistics\\Reports\\CSO_ADMIN\\Delivery Report\\20181009_145933\\1539068412033.png]]

2018-10-09 15:00:12 - [TEST_STEP][PASSED] - click: Object: 'Object Repository/Page_MyEG Services  DELIVERY REPORT/input' is clicked on

2018-10-09 15:00:12 - [MESSAGE][PASSED] - Object: 'Object Repository/Page_MyEG Services  DELIVERY REPORT/input' is clicked on

2018-10-09 15:00:12 - [TEST_STEP][PASSED] - takeScreenshot: Taking screenshot successfully

2018-10-09 15:00:12 - [MESSAGE][PASSED] - Taking screenshot successfully
[[ATTACHMENT|C:\\Users\\Owner\\Katalon Studio\\Logistics\\Reports\\CSO_ADMIN\\Delivery Report\\20181009_145933\\1539068412411.png]]

2018-10-09 15:00:12 - [TEST_STEP][PASSED] - selectOptionByValue: All options with value '1942' are selected in object 'Object Repository/Page_MyEG Services  DELIVERY REPORT/select_- Select LO Name -    A'  using regular expression

2018-10-09 15:00:44 - [MESSAGE][PASSED] - All options with value '1942' are selected in object 'Object Repository/Page_MyEG Services  DELIVERY REPORT/select_- Select LO Name -    A'  using regular expression

2018-10-09 15:00:44 - [TEST_STEP][PASSED] - setText: Text '01-Jan-2018' is set on object 'Object Repository/Page_MyEG Services  DELIVERY REPORT/input_dojo.from'

2018-10-09 15:00:44 - [MESSAGE][PASSED] - Text '01-Jan-2018' is set on object 'Object Repository/Page_MyEG Services  DELIVERY REPORT/input_dojo.from'

2018-10-09 15:00:44 - [TEST_STEP][PASSED] - setText: Text '30-Sep-2018' is set on object 'Object Repository/Page_MyEG Services  DELIVERY REPORT/input_dojo.to'

2018-10-09 15:00:44 - [MESSAGE][PASSED] - Text '30-Sep-2018' is set on object 'Object Repository/Page_MyEG Services  DELIVERY REPORT/input_dojo.to'

2018-10-09 15:00:44 - [TEST_STEP][PASSED] - selectOptionByValue: All options with value 'LK' are selected in object 'Object Repository/Page_MyEG Services  DELIVERY REPORT/select_-- Please Select --'  using regular expression

2018-10-09 15:00:45 - [MESSAGE][PASSED] - All options with value 'LK' are selected in object 'Object Repository/Page_MyEG Services  DELIVERY REPORT/select_-- Please Select --'  using regular expression

2018-10-09 15:00:45 - [TEST_STEP][PASSED] - click: Object: 'Object Repository/Page_MyEG Services  DELIVERY REPORT/input' is clicked on

2018-10-09 15:00:47 - [MESSAGE][PASSED] - Object: 'Object Repository/Page_MyEG Services  DELIVERY REPORT/input' is clicked on

2018-10-09 15:00:47 - [TEST_STEP][PASSED] - takeScreenshot: Taking screenshot successfully

2018-10-09 15:00:47 - [MESSAGE][PASSED] - Taking screenshot successfully
[[ATTACHMENT|C:\\Users\\Owner\\Katalon Studio\\Logistics\\Reports\\CSO_ADMIN\\Delivery Report\\20181009_145933\\1539068447191.png]]

2018-10-09 15:00:47 - [TEST_STEP][PASSED] - selectOptionByValue: All options with value 'JM' are selected in object 'Object Repository/Page_MyEG Services  DELIVERY REPORT/select_-- Please Select --'  using regular expression

2018-10-09 15:00:47 - [MESSAGE][PASSED] - All options with value 'JM' are selected in object 'Object Repository/Page_MyEG Services  DELIVERY REPORT/select_-- Please Select --'  using regular expression

2018-10-09 15:00:47 - [TEST_STEP][PASSED] - click: Object: 'Object Repository/Page_MyEG Services  DELIVERY REPORT/input' is clicked on

2018-10-09 15:00:49 - [MESSAGE][PASSED] - Object: 'Object Repository/Page_MyEG Services  DELIVERY REPORT/input' is clicked on

2018-10-09 15:00:49 - [TEST_STEP][PASSED] - takeScreenshot: Taking screenshot successfully

2018-10-09 15:00:49 - [MESSAGE][PASSED] - Taking screenshot successfully
[[ATTACHMENT|C:\\Users\\Owner\\Katalon Studio\\Logistics\\Reports\\CSO_ADMIN\\Delivery Report\\20181009_145933\\1539068449822.png]]

2018-10-09 15:00:49 - [TEST_STEP][PASSED] - selectOptionByValue: All options with value 'IM' are selected in object 'Object Repository/Page_MyEG Services  DELIVERY REPORT/select_-- Please Select --'  using regular expression

2018-10-09 15:00:50 - [MESSAGE][PASSED] - All options with value 'IM' are selected in object 'Object Repository/Page_MyEG Services  DELIVERY REPORT/select_-- Please Select --'  using regular expression

2018-10-09 15:00:50 - [TEST_STEP][PASSED] - click: Object: 'Object Repository/Page_MyEG Services  DELIVERY REPORT/input' is clicked on

2018-10-09 15:00:51 - [MESSAGE][PASSED] - Object: 'Object Repository/Page_MyEG Services  DELIVERY REPORT/input' is clicked on

2018-10-09 15:00:51 - [TEST_STEP][PASSED] - takeScreenshot: Taking screenshot successfully

2018-10-09 15:00:51 - [MESSAGE][PASSED] - Taking screenshot successfully
[[ATTACHMENT|C:\\Users\\Owner\\Katalon Studio\\Logistics\\Reports\\CSO_ADMIN\\Delivery Report\\20181009_145933\\1539068451796.png]]

2018-10-09 15:00:51 - [TEST_STEP][PASSED] - selectOptionByValue: All options with value 'MD' are selected in object 'Object Repository/Page_MyEG Services  DELIVERY REPORT/select_-- Please Select --'  using regular expression

2018-10-09 15:00:52 - [MESSAGE][PASSED] - All options with value 'MD' are selected in object 'Object Repository/Page_MyEG Services  DELIVERY REPORT/select_-- Please Select --'  using regular expression

2018-10-09 15:00:52 - [TEST_STEP][PASSED] - click: Object: 'Object Repository/Page_MyEG Services  DELIVERY REPORT/input' is clicked on

2018-10-09 15:00:53 - [MESSAGE][PASSED] - Object: 'Object Repository/Page_MyEG Services  DELIVERY REPORT/input' is clicked on

2018-10-09 15:00:53 - [TEST_STEP][PASSED] - takeScreenshot: Taking screenshot successfully

2018-10-09 15:00:53 - [MESSAGE][PASSED] - Taking screenshot successfully
[[ATTACHMENT|C:\\Users\\Owner\\Katalon Studio\\Logistics\\Reports\\CSO_ADMIN\\Delivery Report\\20181009_145933\\1539068453781.png]]

2018-10-09 15:00:53 - [TEST_STEP][PASSED] - selectOptionByValue: All options with value 'FW' are selected in object 'Object Repository/Page_MyEG Services  DELIVERY REPORT/select_-- Please Select --'  using regular expression

2018-10-09 15:00:54 - [MESSAGE][PASSED] - All options with value 'FW' are selected in object 'Object Repository/Page_MyEG Services  DELIVERY REPORT/select_-- Please Select --'  using regular expression

2018-10-09 15:00:54 - [TEST_STEP][PASSED] - click: Object: 'Object Repository/Page_MyEG Services  DELIVERY REPORT/input' is clicked on

2018-10-09 15:00:55 - [MESSAGE][PASSED] - Object: 'Object Repository/Page_MyEG Services  DELIVERY REPORT/input' is clicked on

2018-10-09 15:00:55 - [TEST_STEP][PASSED] - takeScreenshot: Taking screenshot successfully

2018-10-09 15:00:55 - [MESSAGE][PASSED] - Taking screenshot successfully
[[ATTACHMENT|C:\\Users\\Owner\\Katalon Studio\\Logistics\\Reports\\CSO_ADMIN\\Delivery Report\\20181009_145933\\1539068455548.png]]

2018-10-09 15:00:55 - [TEST_STEP][PASSED] - selectOptionByValue: All options with value 'CL' are selected in object 'Object Repository/Page_MyEG Services  DELIVERY REPORT/select_-- Please Select --'  using regular expression

2018-10-09 15:00:56 - [MESSAGE][PASSED] - All options with value 'CL' are selected in object 'Object Repository/Page_MyEG Services  DELIVERY REPORT/select_-- Please Select --'  using regular expression

2018-10-09 15:00:56 - [TEST_STEP][PASSED] - click: Object: 'Object Repository/Page_MyEG Services  DELIVERY REPORT/input' is clicked on

2018-10-09 15:00:56 - [MESSAGE][PASSED] - Object: 'Object Repository/Page_MyEG Services  DELIVERY REPORT/input' is clicked on

2018-10-09 15:00:56 - [TEST_STEP][PASSED] - takeScreenshot: Taking screenshot successfully

2018-10-09 15:00:57 - [MESSAGE][PASSED] - Taking screenshot successfully
[[ATTACHMENT|C:\\Users\\Owner\\Katalon Studio\\Logistics\\Reports\\CSO_ADMIN\\Delivery Report\\20181009_145933\\1539068456872.png]]

2018-10-09 15:00:57 - [TEST_STEP][PASSED] - selectOptionByValue: All options with value '1M' are selected in object 'Object Repository/Page_MyEG Services  DELIVERY REPORT/select_-- Please Select --'  using regular expression

2018-10-09 15:00:57 - [MESSAGE][PASSED] - All options with value '1M' are selected in object 'Object Repository/Page_MyEG Services  DELIVERY REPORT/select_-- Please Select --'  using regular expression

2018-10-09 15:00:57 - [TEST_STEP][PASSED] - click: Object: 'Object Repository/Page_MyEG Services  DELIVERY REPORT/input' is clicked on

2018-10-09 15:00:58 - [MESSAGE][PASSED] - Object: 'Object Repository/Page_MyEG Services  DELIVERY REPORT/input' is clicked on

2018-10-09 15:00:58 - [TEST_STEP][PASSED] - takeScreenshot: Taking screenshot successfully

2018-10-09 15:00:58 - [MESSAGE][PASSED] - Taking screenshot successfully
[[ATTACHMENT|C:\\Users\\Owner\\Katalon Studio\\Logistics\\Reports\\CSO_ADMIN\\Delivery Report\\20181009_145933\\1539068458189.png]]

2018-10-09 15:00:58 - [TEST_STEP][PASSED] - selectOptionByValue: All options with value 'SP' are selected in object 'Object Repository/Page_MyEG Services  DELIVERY REPORT/select_-- Please Select --'  using regular expression

2018-10-09 15:00:58 - [MESSAGE][PASSED] - All options with value 'SP' are selected in object 'Object Repository/Page_MyEG Services  DELIVERY REPORT/select_-- Please Select --'  using regular expression

2018-10-09 15:00:58 - [TEST_STEP][PASSED] - click: Object: 'Object Repository/Page_MyEG Services  DELIVERY REPORT/input' is clicked on

2018-10-09 15:00:59 - [MESSAGE][PASSED] - Object: 'Object Repository/Page_MyEG Services  DELIVERY REPORT/input' is clicked on

2018-10-09 15:00:59 - [TEST_STEP][PASSED] - takeScreenshot: Taking screenshot successfully

2018-10-09 15:00:59 - [MESSAGE][PASSED] - Taking screenshot successfully
[[ATTACHMENT|C:\\Users\\Owner\\Katalon Studio\\Logistics\\Reports\\CSO_ADMIN\\Delivery Report\\20181009_145933\\1539068459553.png]]

2018-10-09 15:00:59 - [TEST_STEP][PASSED] - selectOptionByValue: All options with value 'PT' are selected in object 'Object Repository/Page_MyEG Services  DELIVERY REPORT/select_-- Please Select --'  using regular expression

2018-10-09 15:01:00 - [MESSAGE][PASSED] - All options with value 'PT' are selected in object 'Object Repository/Page_MyEG Services  DELIVERY REPORT/select_-- Please Select --'  using regular expression

2018-10-09 15:01:00 - [TEST_STEP][PASSED] - click: Object: 'Object Repository/Page_MyEG Services  DELIVERY REPORT/input' is clicked on

2018-10-09 15:01:01 - [MESSAGE][PASSED] - Object: 'Object Repository/Page_MyEG Services  DELIVERY REPORT/input' is clicked on

2018-10-09 15:01:01 - [TEST_STEP][PASSED] - takeScreenshot: Taking screenshot successfully

2018-10-09 15:01:01 - [MESSAGE][PASSED] - Taking screenshot successfully
[[ATTACHMENT|C:\\Users\\Owner\\Katalon Studio\\Logistics\\Reports\\CSO_ADMIN\\Delivery Report\\20181009_145933\\1539068461099.png]]

2018-10-09 15:01:01 - [TEST_STEP][PASSED] - selectOptionByValue: All options with value 'PTD' are selected in object 'Object Repository/Page_MyEG Services  DELIVERY REPORT/select_-- Please Select --'  using regular expression

2018-10-09 15:01:01 - [MESSAGE][PASSED] - All options with value 'PTD' are selected in object 'Object Repository/Page_MyEG Services  DELIVERY REPORT/select_-- Please Select --'  using regular expression

2018-10-09 15:01:01 - [TEST_STEP][PASSED] - click: Object: 'Object Repository/Page_MyEG Services  DELIVERY REPORT/input' is clicked on

2018-10-09 15:01:02 - [MESSAGE][PASSED] - Object: 'Object Repository/Page_MyEG Services  DELIVERY REPORT/input' is clicked on

2018-10-09 15:01:02 - [TEST_STEP][PASSED] - takeScreenshot: Taking screenshot successfully

2018-10-09 15:01:02 - [MESSAGE][PASSED] - Taking screenshot successfully
[[ATTACHMENT|C:\\Users\\Owner\\Katalon Studio\\Logistics\\Reports\\CSO_ADMIN\\Delivery Report\\20181009_145933\\1539068462430.png]]

2018-10-09 15:01:02 - [TEST_STEP][PASSED] - selectOptionByValue: All options with value 'LKS' are selected in object 'Object Repository/Page_MyEG Services  DELIVERY REPORT/select_-- Please Select --'  using regular expression

2018-10-09 15:01:03 - [MESSAGE][PASSED] - All options with value 'LKS' are selected in object 'Object Repository/Page_MyEG Services  DELIVERY REPORT/select_-- Please Select --'  using regular expression

2018-10-09 15:01:03 - [TEST_STEP][PASSED] - click: Object: 'Object Repository/Page_MyEG Services  DELIVERY REPORT/input' is clicked on

2018-10-09 15:01:03 - [MESSAGE][PASSED] - Object: 'Object Repository/Page_MyEG Services  DELIVERY REPORT/input' is clicked on

2018-10-09 15:01:03 - [TEST_STEP][PASSED] - takeScreenshot: Taking screenshot successfully

2018-10-09 15:01:04 - [MESSAGE][PASSED] - Taking screenshot successfully
[[ATTACHMENT|C:\\Users\\Owner\\Katalon Studio\\Logistics\\Reports\\CSO_ADMIN\\Delivery Report\\20181009_145933\\1539068463997.png]]

2018-10-09 15:01:04 - [TEST_STEP][PASSED] - selectOptionByValue: All options with value 'JPJ1M' are selected in object 'Object Repository/Page_MyEG Services  DELIVERY REPORT/select_-- Please Select --'  using regular expression

2018-10-09 15:01:04 - [MESSAGE][PASSED] - All options with value 'JPJ1M' are selected in object 'Object Repository/Page_MyEG Services  DELIVERY REPORT/select_-- Please Select --'  using regular expression

2018-10-09 15:01:04 - [TEST_STEP][PASSED] - click: Object: 'Object Repository/Page_MyEG Services  DELIVERY REPORT/input' is clicked on

2018-10-09 15:01:05 - [MESSAGE][PASSED] - Object: 'Object Repository/Page_MyEG Services  DELIVERY REPORT/input' is clicked on

2018-10-09 15:01:05 - [TEST_STEP][PASSED] - takeScreenshot: Taking screenshot successfully

2018-10-09 15:01:05 - [MESSAGE][PASSED] - Taking screenshot successfully
[[ATTACHMENT|C:\\Users\\Owner\\Katalon Studio\\Logistics\\Reports\\CSO_ADMIN\\Delivery Report\\20181009_145933\\1539068465443.png]]

2018-10-09 15:01:05 - [TEST_STEP][PASSED] - selectOptionByValue: All options with value 'IMI1M' are selected in object 'Object Repository/Page_MyEG Services  DELIVERY REPORT/select_-- Please Select --'  using regular expression

2018-10-09 15:01:06 - [MESSAGE][PASSED] - All options with value 'IMI1M' are selected in object 'Object Repository/Page_MyEG Services  DELIVERY REPORT/select_-- Please Select --'  using regular expression

2018-10-09 15:01:06 - [TEST_STEP][PASSED] - click: Object: 'Object Repository/Page_MyEG Services  DELIVERY REPORT/input' is clicked on

2018-10-09 15:01:06 - [MESSAGE][PASSED] - Object: 'Object Repository/Page_MyEG Services  DELIVERY REPORT/input' is clicked on

2018-10-09 15:01:06 - [TEST_STEP][PASSED] - takeScreenshot: Taking screenshot successfully

2018-10-09 15:01:07 - [MESSAGE][PASSED] - Taking screenshot successfully
[[ATTACHMENT|C:\\Users\\Owner\\Katalon Studio\\Logistics\\Reports\\CSO_ADMIN\\Delivery Report\\20181009_145933\\1539068466835.png]]

2018-10-09 15:01:07 - [TEST_STEP][PASSED] - selectOptionByValue: All options with value 'ET' are selected in object 'Object Repository/Page_MyEG Services  DELIVERY REPORT/select_-- Please Select --'  using regular expression

2018-10-09 15:01:07 - [MESSAGE][PASSED] - All options with value 'ET' are selected in object 'Object Repository/Page_MyEG Services  DELIVERY REPORT/select_-- Please Select --'  using regular expression

2018-10-09 15:01:07 - [TEST_STEP][PASSED] - click: Object: 'Object Repository/Page_MyEG Services  DELIVERY REPORT/input' is clicked on

2018-10-09 15:01:08 - [MESSAGE][PASSED] - Object: 'Object Repository/Page_MyEG Services  DELIVERY REPORT/input' is clicked on

2018-10-09 15:01:08 - [TEST_STEP][PASSED] - takeScreenshot: Taking screenshot successfully

2018-10-09 15:01:08 - [MESSAGE][PASSED] - Taking screenshot successfully
[[ATTACHMENT|C:\\Users\\Owner\\Katalon Studio\\Logistics\\Reports\\CSO_ADMIN\\Delivery Report\\20181009_145933\\1539068468297.png]]

2018-10-09 15:01:08 - [TEST_STEP][PASSED] - click: Object: 'Object Repository/Page_MyEG Services  DELIVERY REPORT/a_Logout' is clicked on

2018-10-09 15:01:08 - [MESSAGE][PASSED] - Object: 'Object Repository/Page_MyEG Services  DELIVERY REPORT/a_Logout' is clicked on

2018-10-09 15:01:08 - [TEST_STEP][PASSED] - closeBrowser: Browser is closed

2018-10-09 15:01:09 - [MESSAGE][PASSED] - Browser is closed]]></system-out>
         <system-err><![CDATA[]]></system-err>
      </testcase>
      <system-out><![CDATA[2018-10-09 14:59:35 - [TEST_SUITE][PASSED] - Delivery Report: Test Cases/Logistics/Roles/CSO_ADMIN/Delivery Report]]></system-out>
      <system-err><![CDATA[]]></system-err>
   </testsuite>
</testsuites>
