<?xml version="1.0" encoding="UTF-8"?>
<testsuites name="Ticket" time="17" tests="1" failures="0" errors="0">
   <testsuite name="Ticket" tests="1" failures="0" errors="0" time="17" timestamp="2018-10-03 15:34:57" hostname="Owner - L13-IT-KISHORE.myeg.local" id="Test Suites/CSO/Ticket">
      <properties>
         <property name="deviceName" value=""/>
         <property name="devicePlatform" value=""/>
         <property name="logFolder" value="C:\\Users\\Owner\\Katalon Studio\\Logistics\\Reports\\CSO\\Ticket\\20181003_153455"/>
         <property name="logFiles" value="C:\\Users\\Owner\\Katalon Studio\\Logistics\\Reports\\CSO\\Ticket\\20181003_153455\\execution0.log"/>
         <property name="attachments" value=""/>
         <property name="hostName" value="Owner - L13-IT-KISHORE.myeg.local"/>
         <property name="os" value="Windows 10 64bit"/>
         <property name="katalonVersion" value="5.6.1.1"/>
         <property name="browser" value="Chrome 69.0.3497.100"/>
         <property name="hostAddress" value="192.168.8.168"/>
         <property name="sessionId" value="e57cbb416aab77f9ff199886ad572af4"/>
         <property name="seleniumVersion" value="3.7.1"/>
         <property name="proxyInformation" value="ProxyInformation{proxyOption=NO_PROXY, proxyServerType=HTTP, password=, proxyServerAddress=, proxyServerPort=0}"/>
         <property name="platform" value="Windows 10"/>
      </properties>
      <testcase name="Test Cases/Logistics/Roles/CSO/TICKET" classname="Test Cases/Logistics/Roles/CSO/TICKET" status="PASSED">
         <system-out><![CDATA[2018-10-03 15:34:58 - [TEST_CASE][PASSED] - Test Cases/Logistics/Roles/CSO/TICKET: Test Cases/Logistics/Roles/CSO/TICKET

2018-10-03 15:34:58 - [TEST_STEP][PASSED] - openBrowser: Browser is opened with url: ''

2018-10-03 15:35:03 - [MESSAGE][PASSED] - Browser is opened with url: ''

2018-10-03 15:35:03 - [TEST_STEP][PASSED] - navigateToUrl: Navigate to 'http://uat4.myeg.com.my/logistic/login/' successfully

2018-10-03 15:35:04 - [MESSAGE][PASSED] - Navigate to 'http://uat4.myeg.com.my/logistic/login/' successfully

2018-10-03 15:35:04 - [TEST_STEP][PASSED] - setText: Text 'KISH2008' is set on object 'Object Repository/Page_MyEG Services  Logistic Report/input_j_username'

2018-10-03 15:35:04 - [MESSAGE][PASSED] - Text 'KISH2008' is set on object 'Object Repository/Page_MyEG Services  Logistic Report/input_j_username'

2018-10-03 15:35:04 - [TEST_STEP][PASSED] - setEncryptedText: Text ****** has been set on object 'Object Repository/Page_MyEG Services  Logistic Report/input_j_password'

2018-10-03 15:35:04 - [MESSAGE][PASSED] - Text ****** has been set on object 'Object Repository/Page_MyEG Services  Logistic Report/input_j_password'

2018-10-03 15:35:04 - [TEST_STEP][PASSED] - click: Object: 'Object Repository/Page_MyEG Services  Logistic Report/input_submit' is clicked on

2018-10-03 15:35:06 - [MESSAGE][PASSED] - Object: 'Object Repository/Page_MyEG Services  Logistic Report/input_submit' is clicked on

2018-10-03 15:35:06 - [TEST_STEP][PASSED] - click: Object: 'Object Repository/Page_MyEG Services  List of Tickets/a_Ticket' is clicked on

2018-10-03 15:35:07 - [MESSAGE][PASSED] - Object: 'Object Repository/Page_MyEG Services  List of Tickets/a_Ticket' is clicked on

2018-10-03 15:35:07 - [TEST_STEP][PASSED] - selectOptionByValue: All options with value '2' are selected in object 'Object Repository/Page_MyEG Services  List of Tickets/select_- Select status -     P'  using regular expression

2018-10-03 15:35:07 - [MESSAGE][PASSED] - All options with value '2' are selected in object 'Object Repository/Page_MyEG Services  List of Tickets/select_- Select status -     P'  using regular expression

2018-10-03 15:35:07 - [TEST_STEP][PASSED] - selectOptionByValue: All options with value 'LK' are selected in object 'Object Repository/Page_MyEG Services  List of Tickets/select_-- Please Select --'  using regular expression

2018-10-03 15:35:08 - [MESSAGE][PASSED] - All options with value 'LK' are selected in object 'Object Repository/Page_MyEG Services  List of Tickets/select_-- Please Select --'  using regular expression

2018-10-03 15:35:08 - [TEST_STEP][PASSED] - click: Object: 'Object Repository/Page_MyEG Services  List of Tickets/img_dojoComboBox' is clicked on

2018-10-03 15:35:08 - [MESSAGE][PASSED] - Object: 'Object Repository/Page_MyEG Services  List of Tickets/img_dojoComboBox' is clicked on

2018-10-03 15:35:08 - [TEST_STEP][PASSED] - click: Object: 'Object Repository/Page_MyEG Services  List of Tickets/div_ABDUL ASAD ABDUS SAKUR' is clicked on

2018-10-03 15:35:08 - [MESSAGE][PASSED] - Object: 'Object Repository/Page_MyEG Services  List of Tickets/div_ABDUL ASAD ABDUS SAKUR' is clicked on

2018-10-03 15:35:08 - [TEST_STEP][PASSED] - selectOptionByValue: All options with value '18' are selected in object 'Object Repository/Page_MyEG Services  List of Tickets/select_-- Please Select --    _1'  using regular expression

2018-10-03 15:35:09 - [MESSAGE][PASSED] - All options with value '18' are selected in object 'Object Repository/Page_MyEG Services  List of Tickets/select_-- Please Select --    _1'  using regular expression

2018-10-03 15:35:09 - [TEST_STEP][PASSED] - selectOptionByValue: All options with value 'Bandar Triang' are selected in object 'Object Repository/Page_MyEG Services  List of Tickets/select_- Select area -    Air'  using regular expression

2018-10-03 15:35:11 - [MESSAGE][PASSED] - All options with value 'Bandar Triang' are selected in object 'Object Repository/Page_MyEG Services  List of Tickets/select_- Select area -    Air'  using regular expression

2018-10-03 15:35:11 - [TEST_STEP][PASSED] - selectOptionByValue: All options with value 'MYEGAIZAACC' are selected in object 'Object Repository/Page_MyEG Services  List of Tickets/select_- Select TM Name -    A'  using regular expression

2018-10-03 15:35:12 - [MESSAGE][PASSED] - All options with value 'MYEGAIZAACC' are selected in object 'Object Repository/Page_MyEG Services  List of Tickets/select_- Select TM Name -    A'  using regular expression

2018-10-03 15:35:12 - [TEST_STEP][PASSED] - click: Object: 'Object Repository/Page_MyEG Services  List of Tickets/input' is clicked on

2018-10-03 15:35:13 - [MESSAGE][PASSED] - Object: 'Object Repository/Page_MyEG Services  List of Tickets/input' is clicked on

2018-10-03 15:35:13 - [TEST_STEP][PASSED] - click: Object: 'Object Repository/Page_MyEG Services  List of Tickets/a_reset' is clicked on

2018-10-03 15:35:13 - [MESSAGE][PASSED] - Object: 'Object Repository/Page_MyEG Services  List of Tickets/a_reset' is clicked on

2018-10-03 15:35:13 - [TEST_STEP][PASSED] - click: Object: 'Object Repository/Page_MyEG Services  List of Tickets/a_current date pending print T' is clicked on

2018-10-03 15:35:14 - [MESSAGE][PASSED] - Object: 'Object Repository/Page_MyEG Services  List of Tickets/a_current date pending print T' is clicked on

2018-10-03 15:35:14 - [TEST_STEP][PASSED] - click: Object: 'Object Repository/Page_MyEG Services  List of Tickets/a_reset' is clicked on

2018-10-03 15:35:14 - [MESSAGE][PASSED] - Object: 'Object Repository/Page_MyEG Services  List of Tickets/a_reset' is clicked on

2018-10-03 15:35:14 - [TEST_STEP][PASSED] - closeBrowser: Browser is closed

2018-10-03 15:35:15 - [MESSAGE][PASSED] - Browser is closed]]></system-out>
         <system-err><![CDATA[]]></system-err>
      </testcase>
      <system-out><![CDATA[2018-10-03 15:34:57 - [TEST_SUITE][PASSED] - Ticket: Test Cases/Logistics/Roles/CSO/TICKET]]></system-out>
      <system-err><![CDATA[]]></system-err>
   </testsuite>
</testsuites>
