<?xml version="1.0" encoding="UTF-8"?>
<testsuites name="Performance Report" time="167" tests="1" failures="0" errors="0">
   <testsuite name="Performance Report" tests="1" failures="0" errors="0" time="167" timestamp="2018-10-08 16:39:39" hostname="Owner - L13-IT-KISHORE.myeg.local" id="Test Suites/PRINT_IMM/Performance Report">
      <properties>
         <property name="deviceName" value=""/>
         <property name="devicePlatform" value=""/>
         <property name="logFolder" value="C:\\Users\\Owner\\Katalon Studio\\Logistics\\Reports\\PRINT_IMM\\Performance Report\\20181008_163937"/>
         <property name="logFiles" value="C:\\Users\\Owner\\Katalon Studio\\Logistics\\Reports\\PRINT_IMM\\Performance Report\\20181008_163937\\execution0.log"/>
         <property name="attachments" value="C:\\Users\\Owner\\Katalon Studio\\Logistics\\Reports\\PRINT_IMM\\Performance Report\\20181008_163937\\1538987987911.png, C:\\Users\\Owner\\Katalon Studio\\Logistics\\Reports\\PRINT_IMM\\Performance Report\\20181008_163937\\1538987988940.png, C:\\Users\\Owner\\Katalon Studio\\Logistics\\Reports\\PRINT_IMM\\Performance Report\\20181008_163937\\1538987989898.png, C:\\Users\\Owner\\Katalon Studio\\Logistics\\Reports\\PRINT_IMM\\Performance Report\\20181008_163937\\1538987992075.png, C:\\Users\\Owner\\Katalon Studio\\Logistics\\Reports\\PRINT_IMM\\Performance Report\\20181008_163937\\1538987993112.png, C:\\Users\\Owner\\Katalon Studio\\Logistics\\Reports\\PRINT_IMM\\Performance Report\\20181008_163937\\1538987994244.png, C:\\Users\\Owner\\Katalon Studio\\Logistics\\Reports\\PRINT_IMM\\Performance Report\\20181008_163937\\1538987994743.png, C:\\Users\\Owner\\Katalon Studio\\Logistics\\Reports\\PRINT_IMM\\Performance Report\\20181008_163937\\1538988001139.png, C:\\Users\\Owner\\Katalon Studio\\Logistics\\Reports\\PRINT_IMM\\Performance Report\\20181008_163937\\1538988005993.png, C:\\Users\\Owner\\Katalon Studio\\Logistics\\Reports\\PRINT_IMM\\Performance Report\\20181008_163937\\1538988011608.png, C:\\Users\\Owner\\Katalon Studio\\Logistics\\Reports\\PRINT_IMM\\Performance Report\\20181008_163937\\1538988016470.png, C:\\Users\\Owner\\Katalon Studio\\Logistics\\Reports\\PRINT_IMM\\Performance Report\\20181008_163937\\1538988021609.png, C:\\Users\\Owner\\Katalon Studio\\Logistics\\Reports\\PRINT_IMM\\Performance Report\\20181008_163937\\1538988026528.png, C:\\Users\\Owner\\Katalon Studio\\Logistics\\Reports\\PRINT_IMM\\Performance Report\\20181008_163937\\1538988031426.png, C:\\Users\\Owner\\Katalon Studio\\Logistics\\Reports\\PRINT_IMM\\Performance Report\\20181008_163937\\1538988036345.png, C:\\Users\\Owner\\Katalon Studio\\Logistics\\Reports\\PRINT_IMM\\Performance Report\\20181008_163937\\1538988042333.png, C:\\Users\\Owner\\Katalon Studio\\Logistics\\Reports\\PRINT_IMM\\Performance Report\\20181008_163937\\1538988047313.png, C:\\Users\\Owner\\Katalon Studio\\Logistics\\Reports\\PRINT_IMM\\Performance Report\\20181008_163937\\1538988052392.png, C:\\Users\\Owner\\Katalon Studio\\Logistics\\Reports\\PRINT_IMM\\Performance Report\\20181008_163937\\1538988057312.png, C:\\Users\\Owner\\Katalon Studio\\Logistics\\Reports\\PRINT_IMM\\Performance Report\\20181008_163937\\1538988062376.png, C:\\Users\\Owner\\Katalon Studio\\Logistics\\Reports\\PRINT_IMM\\Performance Report\\20181008_163937\\1538988067412.png, C:\\Users\\Owner\\Katalon Studio\\Logistics\\Reports\\PRINT_IMM\\Performance Report\\20181008_163937\\1538988096728.png, C:\\Users\\Owner\\Katalon Studio\\Logistics\\Reports\\PRINT_IMM\\Performance Report\\20181008_163937\\1538988097264.png, C:\\Users\\Owner\\Katalon Studio\\Logistics\\Reports\\PRINT_IMM\\Performance Report\\20181008_163937\\1538988125591.png, C:\\Users\\Owner\\Katalon Studio\\Logistics\\Reports\\PRINT_IMM\\Performance Report\\20181008_163937\\1538988127096.png, C:\\Users\\Owner\\Katalon Studio\\Logistics\\Reports\\PRINT_IMM\\Performance Report\\20181008_163937\\1538988128557.png, C:\\Users\\Owner\\Katalon Studio\\Logistics\\Reports\\PRINT_IMM\\Performance Report\\20181008_163937\\1538988130071.png, C:\\Users\\Owner\\Katalon Studio\\Logistics\\Reports\\PRINT_IMM\\Performance Report\\20181008_163937\\1538988131577.png, C:\\Users\\Owner\\Katalon Studio\\Logistics\\Reports\\PRINT_IMM\\Performance Report\\20181008_163937\\1538988133206.png, C:\\Users\\Owner\\Katalon Studio\\Logistics\\Reports\\PRINT_IMM\\Performance Report\\20181008_163937\\1538988134618.png, C:\\Users\\Owner\\Katalon Studio\\Logistics\\Reports\\PRINT_IMM\\Performance Report\\20181008_163937\\1538988136113.png, C:\\Users\\Owner\\Katalon Studio\\Logistics\\Reports\\PRINT_IMM\\Performance Report\\20181008_163937\\1538988137605.png, C:\\Users\\Owner\\Katalon Studio\\Logistics\\Reports\\PRINT_IMM\\Performance Report\\20181008_163937\\1538988139132.png, C:\\Users\\Owner\\Katalon Studio\\Logistics\\Reports\\PRINT_IMM\\Performance Report\\20181008_163937\\1538988140595.png, C:\\Users\\Owner\\Katalon Studio\\Logistics\\Reports\\PRINT_IMM\\Performance Report\\20181008_163937\\1538988142274.png, C:\\Users\\Owner\\Katalon Studio\\Logistics\\Reports\\PRINT_IMM\\Performance Report\\20181008_163937\\1538988144002.png, C:\\Users\\Owner\\Katalon Studio\\Logistics\\Reports\\PRINT_IMM\\Performance Report\\20181008_163937\\1538988145466.png"/>
         <property name="hostName" value="Owner - L13-IT-KISHORE.myeg.local"/>
         <property name="os" value="Windows 10 64bit"/>
         <property name="katalonVersion" value="5.6.1.1"/>
         <property name="browser" value="Chrome 69.0.3497.100"/>
         <property name="hostAddress" value="192.168.8.168"/>
         <property name="sessionId" value="87f98d5715df953e052080d3163b5917"/>
         <property name="seleniumVersion" value="3.7.1"/>
         <property name="proxyInformation" value="ProxyInformation{proxyOption=NO_PROXY, proxyServerType=HTTP, password=, proxyServerAddress=, proxyServerPort=0}"/>
         <property name="platform" value="Windows 10"/>
      </properties>
      <testcase name="Test Cases/Logistics/Roles/PRINT_IMM/Performance Report" classname="Test Cases/Logistics/Roles/PRINT_IMM/Performance Report" status="PASSED">
         <system-out><![CDATA[2018-10-08 16:39:40 - [TEST_CASE][PASSED] - Test Cases/Logistics/Roles/PRINT_IMM/Performance Report: Test Cases/Logistics/Roles/PRINT_IMM/Performance Report

2018-10-08 16:39:40 - [TEST_STEP][PASSED] - openBrowser: Browser is opened with url: ''

2018-10-08 16:39:44 - [MESSAGE][PASSED] - Browser is opened with url: ''

2018-10-08 16:39:44 - [TEST_STEP][PASSED] - maximizeWindow: Current window maximized

2018-10-08 16:39:46 - [MESSAGE][PASSED] - Current window maximized

2018-10-08 16:39:46 - [TEST_STEP][PASSED] - navigateToUrl: Navigate to 'http://uat4.myeg.com.my/logistic/login/' successfully

2018-10-08 16:39:47 - [MESSAGE][PASSED] - Navigate to 'http://uat4.myeg.com.my/logistic/login/' successfully

2018-10-08 16:39:47 - [TEST_STEP][PASSED] - setText: Text 'AJAY1965' is set on object 'Object Repository/Page_MyEG Services  Logistic Report/input_j_username'

2018-10-08 16:39:47 - [MESSAGE][PASSED] - Text 'AJAY1965' is set on object 'Object Repository/Page_MyEG Services  Logistic Report/input_j_username'

2018-10-08 16:39:47 - [TEST_STEP][PASSED] - click: Object: 'Object Repository/Page_MyEG Services  Logistic Report/input_submit' is clicked on

2018-10-08 16:39:47 - [MESSAGE][PASSED] - Object: 'Object Repository/Page_MyEG Services  Logistic Report/input_submit' is clicked on

2018-10-08 16:39:47 - [TEST_STEP][PASSED] - takeScreenshot: Taking screenshot successfully

2018-10-08 16:39:48 - [MESSAGE][PASSED] - Taking screenshot successfully
[[ATTACHMENT|C:\\Users\\Owner\\Katalon Studio\\Logistics\\Reports\\PRINT_IMM\\Performance Report\\20181008_163937\\1538987987911.png]]

2018-10-08 16:39:48 - [TEST_STEP][PASSED] - setEncryptedText: Text ****** has been set on object 'Object Repository/Page_MyEG Services  Logistic Report/input_j_password'

2018-10-08 16:39:48 - [MESSAGE][PASSED] - Text ****** has been set on object 'Object Repository/Page_MyEG Services  Logistic Report/input_j_password'

2018-10-08 16:39:48 - [TEST_STEP][PASSED] - click: Object: 'Object Repository/Page_MyEG Services  Logistic Report/input_submit' is clicked on

2018-10-08 16:39:48 - [MESSAGE][PASSED] - Object: 'Object Repository/Page_MyEG Services  Logistic Report/input_submit' is clicked on

2018-10-08 16:39:48 - [TEST_STEP][PASSED] - takeScreenshot: Taking screenshot successfully

2018-10-08 16:39:49 - [MESSAGE][PASSED] - Taking screenshot successfully
[[ATTACHMENT|C:\\Users\\Owner\\Katalon Studio\\Logistics\\Reports\\PRINT_IMM\\Performance Report\\20181008_163937\\1538987988940.png]]

2018-10-08 16:39:49 - [TEST_STEP][PASSED] - setText: Text 'AJAY1964' is set on object 'Object Repository/Page_MyEG Services  Logistic Report/input_j_username'

2018-10-08 16:39:49 - [MESSAGE][PASSED] - Text 'AJAY1964' is set on object 'Object Repository/Page_MyEG Services  Logistic Report/input_j_username'

2018-10-08 16:39:49 - [TEST_STEP][PASSED] - setEncryptedText: Text ****** has been set on object 'Object Repository/Page_MyEG Services  Logistic Report/input_j_password'

2018-10-08 16:39:49 - [MESSAGE][PASSED] - Text ****** has been set on object 'Object Repository/Page_MyEG Services  Logistic Report/input_j_password'

2018-10-08 16:39:49 - [TEST_STEP][PASSED] - click: Object: 'Object Repository/Page_MyEG Services  Logistic Report/input_submit' is clicked on

2018-10-08 16:39:49 - [MESSAGE][PASSED] - Object: 'Object Repository/Page_MyEG Services  Logistic Report/input_submit' is clicked on

2018-10-08 16:39:49 - [TEST_STEP][PASSED] - takeScreenshot: Taking screenshot successfully

2018-10-08 16:39:50 - [MESSAGE][PASSED] - Taking screenshot successfully
[[ATTACHMENT|C:\\Users\\Owner\\Katalon Studio\\Logistics\\Reports\\PRINT_IMM\\Performance Report\\20181008_163937\\1538987989898.png]]

2018-10-08 16:39:50 - [TEST_STEP][PASSED] - setText: Text 'AJAY1965' is set on object 'Object Repository/Page_MyEG Services  Logistic Report/input_j_username'

2018-10-08 16:39:50 - [MESSAGE][PASSED] - Text 'AJAY1965' is set on object 'Object Repository/Page_MyEG Services  Logistic Report/input_j_username'

2018-10-08 16:39:50 - [TEST_STEP][PASSED] - setEncryptedText: Text ****** has been set on object 'Object Repository/Page_MyEG Services  Logistic Report/input_j_password'

2018-10-08 16:39:50 - [MESSAGE][PASSED] - Text ****** has been set on object 'Object Repository/Page_MyEG Services  Logistic Report/input_j_password'

2018-10-08 16:39:50 - [TEST_STEP][PASSED] - click: Object: 'Object Repository/Page_MyEG Services  Logistic Report/input_submit' is clicked on

2018-10-08 16:39:52 - [MESSAGE][PASSED] - Object: 'Object Repository/Page_MyEG Services  Logistic Report/input_submit' is clicked on

2018-10-08 16:39:52 - [TEST_STEP][PASSED] - takeScreenshot: Taking screenshot successfully

2018-10-08 16:39:52 - [MESSAGE][PASSED] - Taking screenshot successfully
[[ATTACHMENT|C:\\Users\\Owner\\Katalon Studio\\Logistics\\Reports\\PRINT_IMM\\Performance Report\\20181008_163937\\1538987992075.png]]

2018-10-08 16:39:52 - [TEST_STEP][PASSED] - click: Object: 'Object Repository/Page_MyEG Services  List of Tickets/a_Performance Report' is clicked on

2018-10-08 16:39:53 - [MESSAGE][PASSED] - Object: 'Object Repository/Page_MyEG Services  List of Tickets/a_Performance Report' is clicked on

2018-10-08 16:39:53 - [TEST_STEP][PASSED] - takeScreenshot: Taking screenshot successfully

2018-10-08 16:39:53 - [MESSAGE][PASSED] - Taking screenshot successfully
[[ATTACHMENT|C:\\Users\\Owner\\Katalon Studio\\Logistics\\Reports\\PRINT_IMM\\Performance Report\\20181008_163937\\1538987993112.png]]

2018-10-08 16:39:53 - [TEST_STEP][PASSED] - click: Object: 'Object Repository/Page_MyEG Services  PERFORMANCE REP/a_LO Performance By Date' is clicked on

2018-10-08 16:39:53 - [MESSAGE][PASSED] - Object: 'Object Repository/Page_MyEG Services  PERFORMANCE REP/a_LO Performance By Date' is clicked on

2018-10-08 16:39:53 - [TEST_STEP][PASSED] - setText: Text '01-Jan-2018' is set on object 'Object Repository/Page_MyEG Services  PERFORMANCE REP/input_dojo.from'

2018-10-08 16:39:53 - [MESSAGE][PASSED] - Text '01-Jan-2018' is set on object 'Object Repository/Page_MyEG Services  PERFORMANCE REP/input_dojo.from'

2018-10-08 16:39:53 - [TEST_STEP][PASSED] - setText: Text '30-Sep-2018' is set on object 'Object Repository/Page_MyEG Services  PERFORMANCE REP/input_dojo.to'

2018-10-08 16:39:54 - [MESSAGE][PASSED] - Text '30-Sep-2018' is set on object 'Object Repository/Page_MyEG Services  PERFORMANCE REP/input_dojo.to'

2018-10-08 16:39:54 - [TEST_STEP][PASSED] - click: Object: 'Object Repository/Page_MyEG Services  PERFORMANCE REP/a_reset' is clicked on

2018-10-08 16:39:54 - [MESSAGE][PASSED] - Object: 'Object Repository/Page_MyEG Services  PERFORMANCE REP/a_reset' is clicked on

2018-10-08 16:39:54 - [TEST_STEP][PASSED] - takeScreenshot: Taking screenshot successfully

2018-10-08 16:39:54 - [MESSAGE][PASSED] - Taking screenshot successfully
[[ATTACHMENT|C:\\Users\\Owner\\Katalon Studio\\Logistics\\Reports\\PRINT_IMM\\Performance Report\\20181008_163937\\1538987994244.png]]

2018-10-08 16:39:54 - [TEST_STEP][PASSED] - click: Object: 'Object Repository/Page_MyEG Services  PERFORMANCE REP/input' is clicked on

2018-10-08 16:39:54 - [MESSAGE][PASSED] - Object: 'Object Repository/Page_MyEG Services  PERFORMANCE REP/input' is clicked on

2018-10-08 16:39:54 - [TEST_STEP][PASSED] - takeScreenshot: Taking screenshot successfully

2018-10-08 16:39:55 - [MESSAGE][PASSED] - Taking screenshot successfully
[[ATTACHMENT|C:\\Users\\Owner\\Katalon Studio\\Logistics\\Reports\\PRINT_IMM\\Performance Report\\20181008_163937\\1538987994743.png]]

2018-10-08 16:39:55 - [TEST_STEP][PASSED] - setText: Text '01-Jan-2018' is set on object 'Object Repository/Page_MyEG Services  PERFORMANCE REP/input_dojo.from'

2018-10-08 16:39:55 - [MESSAGE][PASSED] - Text '01-Jan-2018' is set on object 'Object Repository/Page_MyEG Services  PERFORMANCE REP/input_dojo.from'

2018-10-08 16:39:55 - [TEST_STEP][PASSED] - setText: Text '30-Sep-2018' is set on object 'Object Repository/Page_MyEG Services  PERFORMANCE REP/input_dojo.to'

2018-10-08 16:39:55 - [MESSAGE][PASSED] - Text '30-Sep-2018' is set on object 'Object Repository/Page_MyEG Services  PERFORMANCE REP/input_dojo.to'

2018-10-08 16:39:55 - [TEST_STEP][PASSED] - selectOptionByValue: All options with value 'LK' are selected in object 'Object Repository/Page_MyEG Services  PERFORMANCE REP/select_-- Please Select --'  using regular expression

2018-10-08 16:39:55 - [MESSAGE][PASSED] - All options with value 'LK' are selected in object 'Object Repository/Page_MyEG Services  PERFORMANCE REP/select_-- Please Select --'  using regular expression

2018-10-08 16:39:55 - [TEST_STEP][PASSED] - click: Object: 'Object Repository/Page_MyEG Services  PERFORMANCE REP/input' is clicked on

2018-10-08 16:40:01 - [MESSAGE][PASSED] - Object: 'Object Repository/Page_MyEG Services  PERFORMANCE REP/input' is clicked on

2018-10-08 16:40:01 - [TEST_STEP][PASSED] - takeScreenshot: Taking screenshot successfully

2018-10-08 16:40:01 - [MESSAGE][PASSED] - Taking screenshot successfully
[[ATTACHMENT|C:\\Users\\Owner\\Katalon Studio\\Logistics\\Reports\\PRINT_IMM\\Performance Report\\20181008_163937\\1538988001139.png]]

2018-10-08 16:40:01 - [TEST_STEP][PASSED] - selectOptionByValue: All options with value 'JM' are selected in object 'Object Repository/Page_MyEG Services  PERFORMANCE REP/select_-- Please Select --'  using regular expression

2018-10-08 16:40:01 - [MESSAGE][PASSED] - All options with value 'JM' are selected in object 'Object Repository/Page_MyEG Services  PERFORMANCE REP/select_-- Please Select --'  using regular expression

2018-10-08 16:40:01 - [TEST_STEP][PASSED] - click: Object: 'Object Repository/Page_MyEG Services  PERFORMANCE REP/input' is clicked on

2018-10-08 16:40:05 - [MESSAGE][PASSED] - Object: 'Object Repository/Page_MyEG Services  PERFORMANCE REP/input' is clicked on

2018-10-08 16:40:05 - [TEST_STEP][PASSED] - takeScreenshot: Taking screenshot successfully

2018-10-08 16:40:06 - [MESSAGE][PASSED] - Taking screenshot successfully
[[ATTACHMENT|C:\\Users\\Owner\\Katalon Studio\\Logistics\\Reports\\PRINT_IMM\\Performance Report\\20181008_163937\\1538988005993.png]]

2018-10-08 16:40:06 - [TEST_STEP][PASSED] - selectOptionByValue: All options with value 'IM' are selected in object 'Object Repository/Page_MyEG Services  PERFORMANCE REP/select_-- Please Select --'  using regular expression

2018-10-08 16:40:06 - [MESSAGE][PASSED] - All options with value 'IM' are selected in object 'Object Repository/Page_MyEG Services  PERFORMANCE REP/select_-- Please Select --'  using regular expression

2018-10-08 16:40:06 - [TEST_STEP][PASSED] - click: Object: 'Object Repository/Page_MyEG Services  PERFORMANCE REP/input' is clicked on

2018-10-08 16:40:11 - [MESSAGE][PASSED] - Object: 'Object Repository/Page_MyEG Services  PERFORMANCE REP/input' is clicked on

2018-10-08 16:40:11 - [TEST_STEP][PASSED] - takeScreenshot: Taking screenshot successfully

2018-10-08 16:40:12 - [MESSAGE][PASSED] - Taking screenshot successfully
[[ATTACHMENT|C:\\Users\\Owner\\Katalon Studio\\Logistics\\Reports\\PRINT_IMM\\Performance Report\\20181008_163937\\1538988011608.png]]

2018-10-08 16:40:12 - [TEST_STEP][PASSED] - selectOptionByValue: All options with value 'MD' are selected in object 'Object Repository/Page_MyEG Services  PERFORMANCE REP/select_-- Please Select --'  using regular expression

2018-10-08 16:40:12 - [MESSAGE][PASSED] - All options with value 'MD' are selected in object 'Object Repository/Page_MyEG Services  PERFORMANCE REP/select_-- Please Select --'  using regular expression

2018-10-08 16:40:12 - [TEST_STEP][PASSED] - click: Object: 'Object Repository/Page_MyEG Services  PERFORMANCE REP/input' is clicked on

2018-10-08 16:40:16 - [MESSAGE][PASSED] - Object: 'Object Repository/Page_MyEG Services  PERFORMANCE REP/input' is clicked on

2018-10-08 16:40:16 - [TEST_STEP][PASSED] - takeScreenshot: Taking screenshot successfully

2018-10-08 16:40:16 - [MESSAGE][PASSED] - Taking screenshot successfully
[[ATTACHMENT|C:\\Users\\Owner\\Katalon Studio\\Logistics\\Reports\\PRINT_IMM\\Performance Report\\20181008_163937\\1538988016470.png]]

2018-10-08 16:40:16 - [TEST_STEP][PASSED] - selectOptionByValue: All options with value 'FW' are selected in object 'Object Repository/Page_MyEG Services  PERFORMANCE REP/select_-- Please Select --'  using regular expression

2018-10-08 16:40:17 - [MESSAGE][PASSED] - All options with value 'FW' are selected in object 'Object Repository/Page_MyEG Services  PERFORMANCE REP/select_-- Please Select --'  using regular expression

2018-10-08 16:40:17 - [TEST_STEP][PASSED] - click: Object: 'Object Repository/Page_MyEG Services  PERFORMANCE REP/input' is clicked on

2018-10-08 16:40:21 - [MESSAGE][PASSED] - Object: 'Object Repository/Page_MyEG Services  PERFORMANCE REP/input' is clicked on

2018-10-08 16:40:21 - [TEST_STEP][PASSED] - takeScreenshot: Taking screenshot successfully

2018-10-08 16:40:22 - [MESSAGE][PASSED] - Taking screenshot successfully
[[ATTACHMENT|C:\\Users\\Owner\\Katalon Studio\\Logistics\\Reports\\PRINT_IMM\\Performance Report\\20181008_163937\\1538988021609.png]]

2018-10-08 16:40:22 - [TEST_STEP][PASSED] - selectOptionByValue: All options with value 'CL' are selected in object 'Object Repository/Page_MyEG Services  PERFORMANCE REP/select_-- Please Select --'  using regular expression

2018-10-08 16:40:22 - [MESSAGE][PASSED] - All options with value 'CL' are selected in object 'Object Repository/Page_MyEG Services  PERFORMANCE REP/select_-- Please Select --'  using regular expression

2018-10-08 16:40:22 - [TEST_STEP][PASSED] - click: Object: 'Object Repository/Page_MyEG Services  PERFORMANCE REP/input' is clicked on

2018-10-08 16:40:26 - [MESSAGE][PASSED] - Object: 'Object Repository/Page_MyEG Services  PERFORMANCE REP/input' is clicked on

2018-10-08 16:40:26 - [TEST_STEP][PASSED] - takeScreenshot: Taking screenshot successfully

2018-10-08 16:40:27 - [MESSAGE][PASSED] - Taking screenshot successfully
[[ATTACHMENT|C:\\Users\\Owner\\Katalon Studio\\Logistics\\Reports\\PRINT_IMM\\Performance Report\\20181008_163937\\1538988026528.png]]

2018-10-08 16:40:27 - [TEST_STEP][PASSED] - selectOptionByValue: All options with value '1M' are selected in object 'Object Repository/Page_MyEG Services  PERFORMANCE REP/select_-- Please Select --'  using regular expression

2018-10-08 16:40:27 - [MESSAGE][PASSED] - All options with value '1M' are selected in object 'Object Repository/Page_MyEG Services  PERFORMANCE REP/select_-- Please Select --'  using regular expression

2018-10-08 16:40:27 - [TEST_STEP][PASSED] - click: Object: 'Object Repository/Page_MyEG Services  PERFORMANCE REP/input' is clicked on

2018-10-08 16:40:31 - [MESSAGE][PASSED] - Object: 'Object Repository/Page_MyEG Services  PERFORMANCE REP/input' is clicked on

2018-10-08 16:40:31 - [TEST_STEP][PASSED] - takeScreenshot: Taking screenshot successfully

2018-10-08 16:40:31 - [MESSAGE][PASSED] - Taking screenshot successfully
[[ATTACHMENT|C:\\Users\\Owner\\Katalon Studio\\Logistics\\Reports\\PRINT_IMM\\Performance Report\\20181008_163937\\1538988031426.png]]

2018-10-08 16:40:31 - [TEST_STEP][PASSED] - selectOptionByValue: All options with value 'SP' are selected in object 'Object Repository/Page_MyEG Services  PERFORMANCE REP/select_-- Please Select --'  using regular expression

2018-10-08 16:40:32 - [MESSAGE][PASSED] - All options with value 'SP' are selected in object 'Object Repository/Page_MyEG Services  PERFORMANCE REP/select_-- Please Select --'  using regular expression

2018-10-08 16:40:32 - [TEST_STEP][PASSED] - click: Object: 'Object Repository/Page_MyEG Services  PERFORMANCE REP/input' is clicked on

2018-10-08 16:40:36 - [MESSAGE][PASSED] - Object: 'Object Repository/Page_MyEG Services  PERFORMANCE REP/input' is clicked on

2018-10-08 16:40:36 - [TEST_STEP][PASSED] - takeScreenshot: Taking screenshot successfully

2018-10-08 16:40:36 - [MESSAGE][PASSED] - Taking screenshot successfully
[[ATTACHMENT|C:\\Users\\Owner\\Katalon Studio\\Logistics\\Reports\\PRINT_IMM\\Performance Report\\20181008_163937\\1538988036345.png]]

2018-10-08 16:40:36 - [TEST_STEP][PASSED] - selectOptionByValue: All options with value 'PT' are selected in object 'Object Repository/Page_MyEG Services  PERFORMANCE REP/select_-- Please Select --'  using regular expression

2018-10-08 16:40:37 - [MESSAGE][PASSED] - All options with value 'PT' are selected in object 'Object Repository/Page_MyEG Services  PERFORMANCE REP/select_-- Please Select --'  using regular expression

2018-10-08 16:40:37 - [TEST_STEP][PASSED] - click: Object: 'Object Repository/Page_MyEG Services  PERFORMANCE REP/input' is clicked on

2018-10-08 16:40:42 - [MESSAGE][PASSED] - Object: 'Object Repository/Page_MyEG Services  PERFORMANCE REP/input' is clicked on

2018-10-08 16:40:42 - [TEST_STEP][PASSED] - takeScreenshot: Taking screenshot successfully

2018-10-08 16:40:42 - [MESSAGE][PASSED] - Taking screenshot successfully
[[ATTACHMENT|C:\\Users\\Owner\\Katalon Studio\\Logistics\\Reports\\PRINT_IMM\\Performance Report\\20181008_163937\\1538988042333.png]]

2018-10-08 16:40:42 - [TEST_STEP][PASSED] - selectOptionByValue: All options with value 'PTD' are selected in object 'Object Repository/Page_MyEG Services  PERFORMANCE REP/select_-- Please Select --'  using regular expression

2018-10-08 16:40:43 - [MESSAGE][PASSED] - All options with value 'PTD' are selected in object 'Object Repository/Page_MyEG Services  PERFORMANCE REP/select_-- Please Select --'  using regular expression

2018-10-08 16:40:43 - [TEST_STEP][PASSED] - click: Object: 'Object Repository/Page_MyEG Services  PERFORMANCE REP/input' is clicked on

2018-10-08 16:40:47 - [MESSAGE][PASSED] - Object: 'Object Repository/Page_MyEG Services  PERFORMANCE REP/input' is clicked on

2018-10-08 16:40:47 - [TEST_STEP][PASSED] - takeScreenshot: Taking screenshot successfully

2018-10-08 16:40:47 - [MESSAGE][PASSED] - Taking screenshot successfully
[[ATTACHMENT|C:\\Users\\Owner\\Katalon Studio\\Logistics\\Reports\\PRINT_IMM\\Performance Report\\20181008_163937\\1538988047313.png]]

2018-10-08 16:40:47 - [TEST_STEP][PASSED] - selectOptionByValue: All options with value 'LKS' are selected in object 'Object Repository/Page_MyEG Services  PERFORMANCE REP/select_-- Please Select --'  using regular expression

2018-10-08 16:40:48 - [MESSAGE][PASSED] - All options with value 'LKS' are selected in object 'Object Repository/Page_MyEG Services  PERFORMANCE REP/select_-- Please Select --'  using regular expression

2018-10-08 16:40:48 - [TEST_STEP][PASSED] - click: Object: 'Object Repository/Page_MyEG Services  PERFORMANCE REP/input' is clicked on

2018-10-08 16:40:52 - [MESSAGE][PASSED] - Object: 'Object Repository/Page_MyEG Services  PERFORMANCE REP/input' is clicked on

2018-10-08 16:40:52 - [TEST_STEP][PASSED] - takeScreenshot: Taking screenshot successfully

2018-10-08 16:40:52 - [MESSAGE][PASSED] - Taking screenshot successfully
[[ATTACHMENT|C:\\Users\\Owner\\Katalon Studio\\Logistics\\Reports\\PRINT_IMM\\Performance Report\\20181008_163937\\1538988052392.png]]

2018-10-08 16:40:52 - [TEST_STEP][PASSED] - selectOptionByValue: All options with value 'JPJ1M' are selected in object 'Object Repository/Page_MyEG Services  PERFORMANCE REP/select_-- Please Select --'  using regular expression

2018-10-08 16:40:53 - [MESSAGE][PASSED] - All options with value 'JPJ1M' are selected in object 'Object Repository/Page_MyEG Services  PERFORMANCE REP/select_-- Please Select --'  using regular expression

2018-10-08 16:40:53 - [TEST_STEP][PASSED] - click: Object: 'Object Repository/Page_MyEG Services  PERFORMANCE REP/input' is clicked on

2018-10-08 16:40:57 - [MESSAGE][PASSED] - Object: 'Object Repository/Page_MyEG Services  PERFORMANCE REP/input' is clicked on

2018-10-08 16:40:57 - [TEST_STEP][PASSED] - takeScreenshot: Taking screenshot successfully

2018-10-08 16:40:57 - [MESSAGE][PASSED] - Taking screenshot successfully
[[ATTACHMENT|C:\\Users\\Owner\\Katalon Studio\\Logistics\\Reports\\PRINT_IMM\\Performance Report\\20181008_163937\\1538988057312.png]]

2018-10-08 16:40:57 - [TEST_STEP][PASSED] - selectOptionByValue: All options with value 'IMI1M' are selected in object 'Object Repository/Page_MyEG Services  PERFORMANCE REP/select_-- Please Select --'  using regular expression

2018-10-08 16:40:58 - [MESSAGE][PASSED] - All options with value 'IMI1M' are selected in object 'Object Repository/Page_MyEG Services  PERFORMANCE REP/select_-- Please Select --'  using regular expression

2018-10-08 16:40:58 - [TEST_STEP][PASSED] - click: Object: 'Object Repository/Page_MyEG Services  PERFORMANCE REP/input' is clicked on

2018-10-08 16:41:02 - [MESSAGE][PASSED] - Object: 'Object Repository/Page_MyEG Services  PERFORMANCE REP/input' is clicked on

2018-10-08 16:41:02 - [TEST_STEP][PASSED] - takeScreenshot: Taking screenshot successfully

2018-10-08 16:41:02 - [MESSAGE][PASSED] - Taking screenshot successfully
[[ATTACHMENT|C:\\Users\\Owner\\Katalon Studio\\Logistics\\Reports\\PRINT_IMM\\Performance Report\\20181008_163937\\1538988062376.png]]

2018-10-08 16:41:02 - [TEST_STEP][PASSED] - selectOptionByValue: All options with value 'ET' are selected in object 'Object Repository/Page_MyEG Services  PERFORMANCE REP/select_-- Please Select --'  using regular expression

2018-10-08 16:41:03 - [MESSAGE][PASSED] - All options with value 'ET' are selected in object 'Object Repository/Page_MyEG Services  PERFORMANCE REP/select_-- Please Select --'  using regular expression

2018-10-08 16:41:03 - [TEST_STEP][PASSED] - click: Object: 'Object Repository/Page_MyEG Services  PERFORMANCE REP/input' is clicked on

2018-10-08 16:41:07 - [MESSAGE][PASSED] - Object: 'Object Repository/Page_MyEG Services  PERFORMANCE REP/input' is clicked on

2018-10-08 16:41:07 - [TEST_STEP][PASSED] - takeScreenshot: Taking screenshot successfully

2018-10-08 16:41:07 - [MESSAGE][PASSED] - Taking screenshot successfully
[[ATTACHMENT|C:\\Users\\Owner\\Katalon Studio\\Logistics\\Reports\\PRINT_IMM\\Performance Report\\20181008_163937\\1538988067412.png]]

2018-10-08 16:41:07 - [TEST_STEP][PASSED] - click: Object: 'Object Repository/Page_MyEG Services  PERFORMANCE REP/a_Performance Report' is clicked on

2018-10-08 16:41:08 - [MESSAGE][PASSED] - Object: 'Object Repository/Page_MyEG Services  PERFORMANCE REP/a_Performance Report' is clicked on

2018-10-08 16:41:08 - [TEST_STEP][PASSED] - click: Object: 'Object Repository/Page_MyEG Services  PERFORMANCE REP/a_LO Performance By Name' is clicked on

2018-10-08 16:41:08 - [MESSAGE][PASSED] - Object: 'Object Repository/Page_MyEG Services  PERFORMANCE REP/a_LO Performance By Name' is clicked on

2018-10-08 16:41:08 - [TEST_STEP][PASSED] - selectOptionByValue: All options with value '1942' are selected in object 'Object Repository/Page_MyEG Services  PERFORMANCE REP/select_- Select LO Name -    A'  using regular expression

2018-10-08 16:41:35 - [MESSAGE][PASSED] - All options with value '1942' are selected in object 'Object Repository/Page_MyEG Services  PERFORMANCE REP/select_- Select LO Name -    A'  using regular expression

2018-10-08 16:41:35 - [TEST_STEP][PASSED] - setText: Text '01-Jan-2018' is set on object 'Object Repository/Page_MyEG Services  PERFORMANCE REP/input_dojo.from'

2018-10-08 16:41:36 - [MESSAGE][PASSED] - Text '01-Jan-2018' is set on object 'Object Repository/Page_MyEG Services  PERFORMANCE REP/input_dojo.from'

2018-10-08 16:41:36 - [TEST_STEP][PASSED] - setText: Text '30-Sep-2018' is set on object 'Object Repository/Page_MyEG Services  PERFORMANCE REP/input_dojo.to'

2018-10-08 16:41:36 - [MESSAGE][PASSED] - Text '30-Sep-2018' is set on object 'Object Repository/Page_MyEG Services  PERFORMANCE REP/input_dojo.to'

2018-10-08 16:41:36 - [TEST_STEP][PASSED] - selectOptionByValue: All options with value 'LK' are selected in object 'Object Repository/Page_MyEG Services  PERFORMANCE REP/select_-- Please Select --'  using regular expression

2018-10-08 16:41:36 - [MESSAGE][PASSED] - All options with value 'LK' are selected in object 'Object Repository/Page_MyEG Services  PERFORMANCE REP/select_-- Please Select --'  using regular expression

2018-10-08 16:41:36 - [TEST_STEP][PASSED] - selectOptionByValue: All options with value '1' are selected in object 'Object Repository/Page_MyEG Services  PERFORMANCE REP/select_-- Please Select --    _1'  using regular expression

2018-10-08 16:41:36 - [MESSAGE][PASSED] - All options with value '1' are selected in object 'Object Repository/Page_MyEG Services  PERFORMANCE REP/select_-- Please Select --    _1'  using regular expression

2018-10-08 16:41:36 - [TEST_STEP][PASSED] - click: Object: 'Object Repository/Page_MyEG Services  PERFORMANCE REP/a_reset' is clicked on

2018-10-08 16:41:36 - [MESSAGE][PASSED] - Object: 'Object Repository/Page_MyEG Services  PERFORMANCE REP/a_reset' is clicked on

2018-10-08 16:41:36 - [TEST_STEP][PASSED] - takeScreenshot: Taking screenshot successfully

2018-10-08 16:41:37 - [MESSAGE][PASSED] - Taking screenshot successfully
[[ATTACHMENT|C:\\Users\\Owner\\Katalon Studio\\Logistics\\Reports\\PRINT_IMM\\Performance Report\\20181008_163937\\1538988096728.png]]

2018-10-08 16:41:37 - [TEST_STEP][PASSED] - click: Object: 'Object Repository/Page_MyEG Services  PERFORMANCE REP/input' is clicked on

2018-10-08 16:41:37 - [MESSAGE][PASSED] - Object: 'Object Repository/Page_MyEG Services  PERFORMANCE REP/input' is clicked on

2018-10-08 16:41:37 - [TEST_STEP][PASSED] - takeScreenshot: Taking screenshot successfully

2018-10-08 16:41:37 - [MESSAGE][PASSED] - Taking screenshot successfully
[[ATTACHMENT|C:\\Users\\Owner\\Katalon Studio\\Logistics\\Reports\\PRINT_IMM\\Performance Report\\20181008_163937\\1538988097264.png]]

2018-10-08 16:41:37 - [TEST_STEP][PASSED] - selectOptionByValue: All options with value '1942' are selected in object 'Object Repository/Page_MyEG Services  PERFORMANCE REP/select_- Select LO Name -    A'  using regular expression

2018-10-08 16:42:04 - [MESSAGE][PASSED] - All options with value '1942' are selected in object 'Object Repository/Page_MyEG Services  PERFORMANCE REP/select_- Select LO Name -    A'  using regular expression

2018-10-08 16:42:04 - [TEST_STEP][PASSED] - setText: Text '01-Jan-2018' is set on object 'Object Repository/Page_MyEG Services  PERFORMANCE REP/input_dojo.from'

2018-10-08 16:42:04 - [MESSAGE][PASSED] - Text '01-Jan-2018' is set on object 'Object Repository/Page_MyEG Services  PERFORMANCE REP/input_dojo.from'

2018-10-08 16:42:04 - [TEST_STEP][PASSED] - setText: Text '30-Sep-2018' is set on object 'Object Repository/Page_MyEG Services  PERFORMANCE REP/input_dojo.to'

2018-10-08 16:42:04 - [MESSAGE][PASSED] - Text '30-Sep-2018' is set on object 'Object Repository/Page_MyEG Services  PERFORMANCE REP/input_dojo.to'

2018-10-08 16:42:04 - [TEST_STEP][PASSED] - selectOptionByValue: All options with value 'LK' are selected in object 'Object Repository/Page_MyEG Services  PERFORMANCE REP/select_-- Please Select --'  using regular expression

2018-10-08 16:42:04 - [MESSAGE][PASSED] - All options with value 'LK' are selected in object 'Object Repository/Page_MyEG Services  PERFORMANCE REP/select_-- Please Select --'  using regular expression

2018-10-08 16:42:04 - [TEST_STEP][PASSED] - click: Object: 'Object Repository/Page_MyEG Services  PERFORMANCE REP/input' is clicked on

2018-10-08 16:42:05 - [MESSAGE][PASSED] - Object: 'Object Repository/Page_MyEG Services  PERFORMANCE REP/input' is clicked on

2018-10-08 16:42:05 - [TEST_STEP][PASSED] - takeScreenshot: Taking screenshot successfully

2018-10-08 16:42:06 - [MESSAGE][PASSED] - Taking screenshot successfully
[[ATTACHMENT|C:\\Users\\Owner\\Katalon Studio\\Logistics\\Reports\\PRINT_IMM\\Performance Report\\20181008_163937\\1538988125591.png]]

2018-10-08 16:42:06 - [TEST_STEP][PASSED] - selectOptionByValue: All options with value 'JM' are selected in object 'Object Repository/Page_MyEG Services  PERFORMANCE REP/select_-- Please Select --'  using regular expression

2018-10-08 16:42:06 - [MESSAGE][PASSED] - All options with value 'JM' are selected in object 'Object Repository/Page_MyEG Services  PERFORMANCE REP/select_-- Please Select --'  using regular expression

2018-10-08 16:42:06 - [TEST_STEP][PASSED] - click: Object: 'Object Repository/Page_MyEG Services  PERFORMANCE REP/input' is clicked on

2018-10-08 16:42:07 - [MESSAGE][PASSED] - Object: 'Object Repository/Page_MyEG Services  PERFORMANCE REP/input' is clicked on

2018-10-08 16:42:07 - [TEST_STEP][PASSED] - takeScreenshot: Taking screenshot successfully

2018-10-08 16:42:07 - [MESSAGE][PASSED] - Taking screenshot successfully
[[ATTACHMENT|C:\\Users\\Owner\\Katalon Studio\\Logistics\\Reports\\PRINT_IMM\\Performance Report\\20181008_163937\\1538988127096.png]]

2018-10-08 16:42:07 - [TEST_STEP][PASSED] - selectOptionByValue: All options with value 'IM' are selected in object 'Object Repository/Page_MyEG Services  PERFORMANCE REP/select_-- Please Select --'  using regular expression

2018-10-08 16:42:07 - [MESSAGE][PASSED] - All options with value 'IM' are selected in object 'Object Repository/Page_MyEG Services  PERFORMANCE REP/select_-- Please Select --'  using regular expression

2018-10-08 16:42:07 - [TEST_STEP][PASSED] - click: Object: 'Object Repository/Page_MyEG Services  PERFORMANCE REP/input' is clicked on

2018-10-08 16:42:08 - [MESSAGE][PASSED] - Object: 'Object Repository/Page_MyEG Services  PERFORMANCE REP/input' is clicked on

2018-10-08 16:42:08 - [TEST_STEP][PASSED] - takeScreenshot: Taking screenshot successfully

2018-10-08 16:42:09 - [MESSAGE][PASSED] - Taking screenshot successfully
[[ATTACHMENT|C:\\Users\\Owner\\Katalon Studio\\Logistics\\Reports\\PRINT_IMM\\Performance Report\\20181008_163937\\1538988128557.png]]

2018-10-08 16:42:09 - [TEST_STEP][PASSED] - selectOptionByValue: All options with value 'MD' are selected in object 'Object Repository/Page_MyEG Services  PERFORMANCE REP/select_-- Please Select --'  using regular expression

2018-10-08 16:42:09 - [MESSAGE][PASSED] - All options with value 'MD' are selected in object 'Object Repository/Page_MyEG Services  PERFORMANCE REP/select_-- Please Select --'  using regular expression

2018-10-08 16:42:09 - [TEST_STEP][PASSED] - click: Object: 'Object Repository/Page_MyEG Services  PERFORMANCE REP/input' is clicked on

2018-10-08 16:42:10 - [MESSAGE][PASSED] - Object: 'Object Repository/Page_MyEG Services  PERFORMANCE REP/input' is clicked on

2018-10-08 16:42:10 - [TEST_STEP][PASSED] - takeScreenshot: Taking screenshot successfully

2018-10-08 16:42:10 - [MESSAGE][PASSED] - Taking screenshot successfully
[[ATTACHMENT|C:\\Users\\Owner\\Katalon Studio\\Logistics\\Reports\\PRINT_IMM\\Performance Report\\20181008_163937\\1538988130071.png]]

2018-10-08 16:42:10 - [TEST_STEP][PASSED] - selectOptionByValue: All options with value 'FW' are selected in object 'Object Repository/Page_MyEG Services  PERFORMANCE REP/select_-- Please Select --'  using regular expression

2018-10-08 16:42:10 - [MESSAGE][PASSED] - All options with value 'FW' are selected in object 'Object Repository/Page_MyEG Services  PERFORMANCE REP/select_-- Please Select --'  using regular expression

2018-10-08 16:42:10 - [TEST_STEP][PASSED] - click: Object: 'Object Repository/Page_MyEG Services  PERFORMANCE REP/input' is clicked on

2018-10-08 16:42:11 - [MESSAGE][PASSED] - Object: 'Object Repository/Page_MyEG Services  PERFORMANCE REP/input' is clicked on

2018-10-08 16:42:11 - [TEST_STEP][PASSED] - takeScreenshot: Taking screenshot successfully

2018-10-08 16:42:12 - [MESSAGE][PASSED] - Taking screenshot successfully
[[ATTACHMENT|C:\\Users\\Owner\\Katalon Studio\\Logistics\\Reports\\PRINT_IMM\\Performance Report\\20181008_163937\\1538988131577.png]]

2018-10-08 16:42:12 - [TEST_STEP][PASSED] - selectOptionByValue: All options with value 'CL' are selected in object 'Object Repository/Page_MyEG Services  PERFORMANCE REP/select_-- Please Select --'  using regular expression

2018-10-08 16:42:12 - [MESSAGE][PASSED] - All options with value 'CL' are selected in object 'Object Repository/Page_MyEG Services  PERFORMANCE REP/select_-- Please Select --'  using regular expression

2018-10-08 16:42:12 - [TEST_STEP][PASSED] - click: Object: 'Object Repository/Page_MyEG Services  PERFORMANCE REP/input' is clicked on

2018-10-08 16:42:13 - [MESSAGE][PASSED] - Object: 'Object Repository/Page_MyEG Services  PERFORMANCE REP/input' is clicked on

2018-10-08 16:42:13 - [TEST_STEP][PASSED] - takeScreenshot: Taking screenshot successfully

2018-10-08 16:42:13 - [MESSAGE][PASSED] - Taking screenshot successfully
[[ATTACHMENT|C:\\Users\\Owner\\Katalon Studio\\Logistics\\Reports\\PRINT_IMM\\Performance Report\\20181008_163937\\1538988133206.png]]

2018-10-08 16:42:13 - [TEST_STEP][PASSED] - selectOptionByValue: All options with value '1M' are selected in object 'Object Repository/Page_MyEG Services  PERFORMANCE REP/select_-- Please Select --'  using regular expression

2018-10-08 16:42:13 - [MESSAGE][PASSED] - All options with value '1M' are selected in object 'Object Repository/Page_MyEG Services  PERFORMANCE REP/select_-- Please Select --'  using regular expression

2018-10-08 16:42:13 - [TEST_STEP][PASSED] - click: Object: 'Object Repository/Page_MyEG Services  PERFORMANCE REP/input' is clicked on

2018-10-08 16:42:14 - [MESSAGE][PASSED] - Object: 'Object Repository/Page_MyEG Services  PERFORMANCE REP/input' is clicked on

2018-10-08 16:42:14 - [TEST_STEP][PASSED] - takeScreenshot: Taking screenshot successfully

2018-10-08 16:42:15 - [MESSAGE][PASSED] - Taking screenshot successfully
[[ATTACHMENT|C:\\Users\\Owner\\Katalon Studio\\Logistics\\Reports\\PRINT_IMM\\Performance Report\\20181008_163937\\1538988134618.png]]

2018-10-08 16:42:15 - [TEST_STEP][PASSED] - selectOptionByValue: All options with value 'SP' are selected in object 'Object Repository/Page_MyEG Services  PERFORMANCE REP/select_-- Please Select --'  using regular expression

2018-10-08 16:42:15 - [MESSAGE][PASSED] - All options with value 'SP' are selected in object 'Object Repository/Page_MyEG Services  PERFORMANCE REP/select_-- Please Select --'  using regular expression

2018-10-08 16:42:15 - [TEST_STEP][PASSED] - click: Object: 'Object Repository/Page_MyEG Services  PERFORMANCE REP/input' is clicked on

2018-10-08 16:42:16 - [MESSAGE][PASSED] - Object: 'Object Repository/Page_MyEG Services  PERFORMANCE REP/input' is clicked on

2018-10-08 16:42:16 - [TEST_STEP][PASSED] - takeScreenshot: Taking screenshot successfully

2018-10-08 16:42:16 - [MESSAGE][PASSED] - Taking screenshot successfully
[[ATTACHMENT|C:\\Users\\Owner\\Katalon Studio\\Logistics\\Reports\\PRINT_IMM\\Performance Report\\20181008_163937\\1538988136113.png]]

2018-10-08 16:42:16 - [TEST_STEP][PASSED] - selectOptionByValue: All options with value 'PT' are selected in object 'Object Repository/Page_MyEG Services  PERFORMANCE REP/select_-- Please Select --'  using regular expression

2018-10-08 16:42:16 - [MESSAGE][PASSED] - All options with value 'PT' are selected in object 'Object Repository/Page_MyEG Services  PERFORMANCE REP/select_-- Please Select --'  using regular expression

2018-10-08 16:42:16 - [TEST_STEP][PASSED] - click: Object: 'Object Repository/Page_MyEG Services  PERFORMANCE REP/input' is clicked on

2018-10-08 16:42:17 - [MESSAGE][PASSED] - Object: 'Object Repository/Page_MyEG Services  PERFORMANCE REP/input' is clicked on

2018-10-08 16:42:17 - [TEST_STEP][PASSED] - takeScreenshot: Taking screenshot successfully

2018-10-08 16:42:18 - [MESSAGE][PASSED] - Taking screenshot successfully
[[ATTACHMENT|C:\\Users\\Owner\\Katalon Studio\\Logistics\\Reports\\PRINT_IMM\\Performance Report\\20181008_163937\\1538988137605.png]]

2018-10-08 16:42:18 - [TEST_STEP][PASSED] - selectOptionByValue: All options with value 'PTD' are selected in object 'Object Repository/Page_MyEG Services  PERFORMANCE REP/select_-- Please Select --'  using regular expression

2018-10-08 16:42:18 - [MESSAGE][PASSED] - All options with value 'PTD' are selected in object 'Object Repository/Page_MyEG Services  PERFORMANCE REP/select_-- Please Select --'  using regular expression

2018-10-08 16:42:18 - [TEST_STEP][PASSED] - click: Object: 'Object Repository/Page_MyEG Services  PERFORMANCE REP/input' is clicked on

2018-10-08 16:42:19 - [MESSAGE][PASSED] - Object: 'Object Repository/Page_MyEG Services  PERFORMANCE REP/input' is clicked on

2018-10-08 16:42:19 - [TEST_STEP][PASSED] - takeScreenshot: Taking screenshot successfully

2018-10-08 16:42:19 - [MESSAGE][PASSED] - Taking screenshot successfully
[[ATTACHMENT|C:\\Users\\Owner\\Katalon Studio\\Logistics\\Reports\\PRINT_IMM\\Performance Report\\20181008_163937\\1538988139132.png]]

2018-10-08 16:42:19 - [TEST_STEP][PASSED] - selectOptionByValue: All options with value 'LKS' are selected in object 'Object Repository/Page_MyEG Services  PERFORMANCE REP/select_-- Please Select --'  using regular expression

2018-10-08 16:42:19 - [MESSAGE][PASSED] - All options with value 'LKS' are selected in object 'Object Repository/Page_MyEG Services  PERFORMANCE REP/select_-- Please Select --'  using regular expression

2018-10-08 16:42:19 - [TEST_STEP][PASSED] - click: Object: 'Object Repository/Page_MyEG Services  PERFORMANCE REP/input' is clicked on

2018-10-08 16:42:20 - [MESSAGE][PASSED] - Object: 'Object Repository/Page_MyEG Services  PERFORMANCE REP/input' is clicked on

2018-10-08 16:42:20 - [TEST_STEP][PASSED] - takeScreenshot: Taking screenshot successfully

2018-10-08 16:42:21 - [MESSAGE][PASSED] - Taking screenshot successfully
[[ATTACHMENT|C:\\Users\\Owner\\Katalon Studio\\Logistics\\Reports\\PRINT_IMM\\Performance Report\\20181008_163937\\1538988140595.png]]

2018-10-08 16:42:21 - [TEST_STEP][PASSED] - selectOptionByValue: All options with value 'JPJ1M' are selected in object 'Object Repository/Page_MyEG Services  PERFORMANCE REP/select_-- Please Select --'  using regular expression

2018-10-08 16:42:21 - [MESSAGE][PASSED] - All options with value 'JPJ1M' are selected in object 'Object Repository/Page_MyEG Services  PERFORMANCE REP/select_-- Please Select --'  using regular expression

2018-10-08 16:42:21 - [TEST_STEP][PASSED] - click: Object: 'Object Repository/Page_MyEG Services  PERFORMANCE REP/input' is clicked on

2018-10-08 16:42:22 - [MESSAGE][PASSED] - Object: 'Object Repository/Page_MyEG Services  PERFORMANCE REP/input' is clicked on

2018-10-08 16:42:22 - [TEST_STEP][PASSED] - takeScreenshot: Taking screenshot successfully

2018-10-08 16:42:22 - [MESSAGE][PASSED] - Taking screenshot successfully
[[ATTACHMENT|C:\\Users\\Owner\\Katalon Studio\\Logistics\\Reports\\PRINT_IMM\\Performance Report\\20181008_163937\\1538988142274.png]]

2018-10-08 16:42:22 - [TEST_STEP][PASSED] - selectOptionByValue: All options with value 'IMI1M' are selected in object 'Object Repository/Page_MyEG Services  PERFORMANCE REP/select_-- Please Select --'  using regular expression

2018-10-08 16:42:23 - [MESSAGE][PASSED] - All options with value 'IMI1M' are selected in object 'Object Repository/Page_MyEG Services  PERFORMANCE REP/select_-- Please Select --'  using regular expression

2018-10-08 16:42:23 - [TEST_STEP][PASSED] - click: Object: 'Object Repository/Page_MyEG Services  PERFORMANCE REP/input' is clicked on

2018-10-08 16:42:24 - [MESSAGE][PASSED] - Object: 'Object Repository/Page_MyEG Services  PERFORMANCE REP/input' is clicked on

2018-10-08 16:42:24 - [TEST_STEP][PASSED] - takeScreenshot: Taking screenshot successfully

2018-10-08 16:42:24 - [MESSAGE][PASSED] - Taking screenshot successfully
[[ATTACHMENT|C:\\Users\\Owner\\Katalon Studio\\Logistics\\Reports\\PRINT_IMM\\Performance Report\\20181008_163937\\1538988144002.png]]

2018-10-08 16:42:24 - [TEST_STEP][PASSED] - selectOptionByValue: All options with value 'ET' are selected in object 'Object Repository/Page_MyEG Services  PERFORMANCE REP/select_-- Please Select --'  using regular expression

2018-10-08 16:42:24 - [MESSAGE][PASSED] - All options with value 'ET' are selected in object 'Object Repository/Page_MyEG Services  PERFORMANCE REP/select_-- Please Select --'  using regular expression

2018-10-08 16:42:24 - [TEST_STEP][PASSED] - click: Object: 'Object Repository/Page_MyEG Services  PERFORMANCE REP/input' is clicked on

2018-10-08 16:42:25 - [MESSAGE][PASSED] - Object: 'Object Repository/Page_MyEG Services  PERFORMANCE REP/input' is clicked on

2018-10-08 16:42:25 - [TEST_STEP][PASSED] - takeScreenshot: Taking screenshot successfully

2018-10-08 16:42:25 - [MESSAGE][PASSED] - Taking screenshot successfully
[[ATTACHMENT|C:\\Users\\Owner\\Katalon Studio\\Logistics\\Reports\\PRINT_IMM\\Performance Report\\20181008_163937\\1538988145466.png]]

2018-10-08 16:42:25 - [TEST_STEP][PASSED] - click: Object: 'Object Repository/Page_MyEG Services  PERFORMANCE REP/a_Logout' is clicked on

2018-10-08 16:42:26 - [MESSAGE][PASSED] - Object: 'Object Repository/Page_MyEG Services  PERFORMANCE REP/a_Logout' is clicked on

2018-10-08 16:42:26 - [TEST_STEP][PASSED] - closeBrowser: Browser is closed

2018-10-08 16:42:26 - [MESSAGE][PASSED] - Browser is closed]]></system-out>
         <system-err><![CDATA[]]></system-err>
      </testcase>
      <system-out><![CDATA[2018-10-08 16:39:39 - [TEST_SUITE][PASSED] - Performance Report: Test Cases/Logistics/Roles/PRINT_IMM/Performance Report]]></system-out>
      <system-err><![CDATA[]]></system-err>
   </testsuite>
</testsuites>
