<?xml version="1.0" encoding="UTF-8"?>
<testsuites name="Download Apk File" time="15" tests="1" failures="0" errors="0">
   <testsuite name="Download Apk File" tests="1" failures="0" errors="0" time="15" timestamp="2018-10-19 16:22:40" hostname="Owner - L13-IT-KISHORE.myeg.local" id="Test Suites/CSO_LEAD/Download Apk File">
      <properties>
         <property name="deviceName" value=""/>
         <property name="devicePlatform" value=""/>
         <property name="logFolder" value="C:\\Users\\Owner\\Katalon Studio\\Logistics\\Reports\\CSO_LEAD\\Download Apk File\\20181019_162238"/>
         <property name="logFiles" value="C:\\Users\\Owner\\Katalon Studio\\Logistics\\Reports\\CSO_LEAD\\Download Apk File\\20181019_162238\\execution0.log"/>
         <property name="attachments" value="C:\\Users\\Owner\\Katalon Studio\\Logistics\\Reports\\CSO_LEAD\\Download Apk File\\20181019_162238\\1539937368739.png, C:\\Users\\Owner\\Katalon Studio\\Logistics\\Reports\\CSO_LEAD\\Download Apk File\\20181019_162238\\1539937369707.png, C:\\Users\\Owner\\Katalon Studio\\Logistics\\Reports\\CSO_LEAD\\Download Apk File\\20181019_162238\\1539937370725.png, C:\\Users\\Owner\\Katalon Studio\\Logistics\\Reports\\CSO_LEAD\\Download Apk File\\20181019_162238\\1539937372394.png, C:\\Users\\Owner\\Katalon Studio\\Logistics\\Reports\\CSO_LEAD\\Download Apk File\\20181019_162238\\1539937373061.png, C:\\Users\\Owner\\Katalon Studio\\Logistics\\Reports\\CSO_LEAD\\Download Apk File\\20181019_162238\\1539937374040.png, C:\\Users\\Owner\\Katalon Studio\\Logistics\\Reports\\CSO_LEAD\\Download Apk File\\20181019_162238\\1539937374811.png"/>
         <property name="hostName" value="Owner - L13-IT-KISHORE.myeg.local"/>
         <property name="os" value="Windows 10 64bit"/>
         <property name="katalonVersion" value="5.8.0.1"/>
         <property name="browser" value="Chrome 69.0.3497.100"/>
         <property name="hostAddress" value="192.168.8.168"/>
         <property name="sessionId" value="387496552bdbb2df4f2fa21ade3e700e"/>
         <property name="seleniumVersion" value="3.7.1"/>
         <property name="proxyInformation" value="ProxyInformation{proxyOption=NO_PROXY, proxyServerType=HTTP, password=, proxyServerAddress=, proxyServerPort=0}"/>
         <property name="platform" value="Windows 10"/>
      </properties>
      <testcase name="Test Cases/Logistics/Roles/CSO_LEAD/Download Apk File" classname="Test Cases/Logistics/Roles/CSO_LEAD/Download Apk File" status="PASSED">
         <system-out><![CDATA[2018-10-19 16:22:41 - [TEST_CASE][PASSED] - Test Cases/Logistics/Roles/CSO_LEAD/Download Apk File: Test Cases/Logistics/Roles/CSO_LEAD/Download Apk File

2018-10-19 16:22:41 - [TEST_STEP][PASSED] - openBrowser: Browser is opened with url: ''

2018-10-19 16:22:45 - [MESSAGE][PASSED] - Browser is opened with url: ''

2018-10-19 16:22:45 - [TEST_STEP][PASSED] - maximizeWindow: Current window maximized

2018-10-19 16:22:46 - [MESSAGE][PASSED] - Current window maximized

2018-10-19 16:22:46 - [TEST_STEP][PASSED] - navigateToUrl: Navigate to 'http://uat4.myeg.com.my/logistic/login/' successfully

2018-10-19 16:22:48 - [MESSAGE][PASSED] - Navigate to 'http://uat4.myeg.com.my/logistic/login/' successfully

2018-10-19 16:22:48 - [TEST_STEP][PASSED] - setText: Text 'NISH1931' is set on object 'Object Repository/Page_MyEG Services  Logistic Report/input_j_username'

2018-10-19 16:22:48 - [MESSAGE][PASSED] - Text 'NISH1931' is set on object 'Object Repository/Page_MyEG Services  Logistic Report/input_j_username'

2018-10-19 16:22:48 - [TEST_STEP][PASSED] - click: Object: 'Object Repository/Page_MyEG Services  Logistic Report/input_submit' is clicked on

2018-10-19 16:22:48 - [MESSAGE][PASSED] - Object: 'Object Repository/Page_MyEG Services  Logistic Report/input_submit' is clicked on

2018-10-19 16:22:48 - [TEST_STEP][PASSED] - takeScreenshot: Taking screenshot successfully

2018-10-19 16:22:49 - [MESSAGE][PASSED] - Taking screenshot successfully
[[ATTACHMENT|C:\\Users\\Owner\\Katalon Studio\\Logistics\\Reports\\CSO_LEAD\\Download Apk File\\20181019_162238\\1539937368739.png]]

2018-10-19 16:22:49 - [TEST_STEP][PASSED] - setEncryptedText: Text ****** has been set on object 'Object Repository/Page_MyEG Services  Logistic Report/input_j_password'

2018-10-19 16:22:49 - [MESSAGE][PASSED] - Text ****** has been set on object 'Object Repository/Page_MyEG Services  Logistic Report/input_j_password'

2018-10-19 16:22:49 - [TEST_STEP][PASSED] - click: Object: 'Object Repository/Page_MyEG Services  Logistic Report/input_submit' is clicked on

2018-10-19 16:22:49 - [MESSAGE][PASSED] - Object: 'Object Repository/Page_MyEG Services  Logistic Report/input_submit' is clicked on

2018-10-19 16:22:49 - [TEST_STEP][PASSED] - takeScreenshot: Taking screenshot successfully

2018-10-19 16:22:50 - [MESSAGE][PASSED] - Taking screenshot successfully
[[ATTACHMENT|C:\\Users\\Owner\\Katalon Studio\\Logistics\\Reports\\CSO_LEAD\\Download Apk File\\20181019_162238\\1539937369707.png]]

2018-10-19 16:22:50 - [TEST_STEP][PASSED] - setText: Text 'NISH1933' is set on object 'Object Repository/Page_MyEG Services  Logistic Report/input_j_username'

2018-10-19 16:22:50 - [MESSAGE][PASSED] - Text 'NISH1933' is set on object 'Object Repository/Page_MyEG Services  Logistic Report/input_j_username'

2018-10-19 16:22:50 - [TEST_STEP][PASSED] - setEncryptedText: Text ****** has been set on object 'Object Repository/Page_MyEG Services  Logistic Report/input_j_password'

2018-10-19 16:22:50 - [MESSAGE][PASSED] - Text ****** has been set on object 'Object Repository/Page_MyEG Services  Logistic Report/input_j_password'

2018-10-19 16:22:50 - [TEST_STEP][PASSED] - click: Object: 'Object Repository/Page_MyEG Services  Logistic Report/input_submit' is clicked on

2018-10-19 16:22:50 - [MESSAGE][PASSED] - Object: 'Object Repository/Page_MyEG Services  Logistic Report/input_submit' is clicked on

2018-10-19 16:22:50 - [TEST_STEP][PASSED] - takeScreenshot: Taking screenshot successfully

2018-10-19 16:22:51 - [MESSAGE][PASSED] - Taking screenshot successfully
[[ATTACHMENT|C:\\Users\\Owner\\Katalon Studio\\Logistics\\Reports\\CSO_LEAD\\Download Apk File\\20181019_162238\\1539937370725.png]]

2018-10-19 16:22:51 - [TEST_STEP][PASSED] - setText: Text 'NISH1931' is set on object 'Object Repository/Page_MyEG Services  Logistic Report/input_j_username'

2018-10-19 16:22:51 - [MESSAGE][PASSED] - Text 'NISH1931' is set on object 'Object Repository/Page_MyEG Services  Logistic Report/input_j_username'

2018-10-19 16:22:51 - [TEST_STEP][PASSED] - setEncryptedText: Text ****** has been set on object 'Object Repository/Page_MyEG Services  Logistic Report/input_j_password'

2018-10-19 16:22:51 - [MESSAGE][PASSED] - Text ****** has been set on object 'Object Repository/Page_MyEG Services  Logistic Report/input_j_password'

2018-10-19 16:22:51 - [TEST_STEP][PASSED] - click: Object: 'Object Repository/Page_MyEG Services  Logistic Report/input_submit' is clicked on

2018-10-19 16:22:52 - [MESSAGE][PASSED] - Object: 'Object Repository/Page_MyEG Services  Logistic Report/input_submit' is clicked on

2018-10-19 16:22:52 - [TEST_STEP][PASSED] - takeScreenshot: Taking screenshot successfully

2018-10-19 16:22:52 - [MESSAGE][PASSED] - Taking screenshot successfully
[[ATTACHMENT|C:\\Users\\Owner\\Katalon Studio\\Logistics\\Reports\\CSO_LEAD\\Download Apk File\\20181019_162238\\1539937372394.png]]

2018-10-19 16:22:52 - [TEST_STEP][PASSED] - click: Object: 'Object Repository/Page_MyEG Services  List of Tickets/a_Download Apk File' is clicked on

2018-10-19 16:22:53 - [MESSAGE][PASSED] - Object: 'Object Repository/Page_MyEG Services  List of Tickets/a_Download Apk File' is clicked on

2018-10-19 16:22:53 - [TEST_STEP][PASSED] - takeScreenshot: Taking screenshot successfully

2018-10-19 16:22:53 - [MESSAGE][PASSED] - Taking screenshot successfully
[[ATTACHMENT|C:\\Users\\Owner\\Katalon Studio\\Logistics\\Reports\\CSO_LEAD\\Download Apk File\\20181019_162238\\1539937373061.png]]

2018-10-19 16:22:53 - [TEST_STEP][PASSED] - click: Object: 'Object Repository/Page_/a_BACK' is clicked on

2018-10-19 16:22:54 - [MESSAGE][PASSED] - Object: 'Object Repository/Page_/a_BACK' is clicked on

2018-10-19 16:22:54 - [TEST_STEP][PASSED] - takeScreenshot: Taking screenshot successfully

2018-10-19 16:22:54 - [MESSAGE][PASSED] - Taking screenshot successfully
[[ATTACHMENT|C:\\Users\\Owner\\Katalon Studio\\Logistics\\Reports\\CSO_LEAD\\Download Apk File\\20181019_162238\\1539937374040.png]]

2018-10-19 16:22:54 - [TEST_STEP][PASSED] - click: Object: 'Object Repository/Page_MyEG Services  Insert title he/a_Logout' is clicked on

2018-10-19 16:22:54 - [MESSAGE][PASSED] - Object: 'Object Repository/Page_MyEG Services  Insert title he/a_Logout' is clicked on

2018-10-19 16:22:54 - [TEST_STEP][PASSED] - takeScreenshot: Taking screenshot successfully

2018-10-19 16:22:55 - [MESSAGE][PASSED] - Taking screenshot successfully
[[ATTACHMENT|C:\\Users\\Owner\\Katalon Studio\\Logistics\\Reports\\CSO_LEAD\\Download Apk File\\20181019_162238\\1539937374811.png]]

2018-10-19 16:22:55 - [TEST_STEP][PASSED] - closeBrowser: Browser is closed

2018-10-19 16:22:55 - [MESSAGE][PASSED] - Browser is closed]]></system-out>
         <system-err><![CDATA[]]></system-err>
      </testcase>
      <system-out><![CDATA[2018-10-19 16:22:40 - [TEST_SUITE][PASSED] - Download Apk File: Test Cases/Logistics/Roles/CSO_LEAD/Download Apk File]]></system-out>
      <system-err><![CDATA[]]></system-err>
   </testsuite>
</testsuites>
