<?xml version="1.0" encoding="UTF-8"?>
<testsuites name="Immigration Report" time="37" tests="1" failures="0" errors="0">
   <testsuite name="Immigration Report" tests="1" failures="0" errors="0" time="37" timestamp="2018-10-19 16:50:07" hostname="Owner - L13-IT-KISHORE.myeg.local" id="Test Suites/PRINT_IMM/Immigration Report">
      <properties>
         <property name="deviceName" value=""/>
         <property name="devicePlatform" value=""/>
         <property name="logFolder" value="C:\\Users\\Owner\\Katalon Studio\\Logistics\\Reports\\PRINT_IMM\\Immigration Report\\20181019_165006"/>
         <property name="logFiles" value="C:\\Users\\Owner\\Katalon Studio\\Logistics\\Reports\\PRINT_IMM\\Immigration Report\\20181019_165006\\execution0.log"/>
         <property name="attachments" value="C:\\Users\\Owner\\Katalon Studio\\Logistics\\Reports\\PRINT_IMM\\Immigration Report\\20181019_165006\\1539939015953.png, C:\\Users\\Owner\\Katalon Studio\\Logistics\\Reports\\PRINT_IMM\\Immigration Report\\20181019_165006\\1539939017013.png, C:\\Users\\Owner\\Katalon Studio\\Logistics\\Reports\\PRINT_IMM\\Immigration Report\\20181019_165006\\1539939018044.png, C:\\Users\\Owner\\Katalon Studio\\Logistics\\Reports\\PRINT_IMM\\Immigration Report\\20181019_165006\\1539939019789.png, C:\\Users\\Owner\\Katalon Studio\\Logistics\\Reports\\PRINT_IMM\\Immigration Report\\20181019_165006\\1539939020537.png, C:\\Users\\Owner\\Katalon Studio\\Logistics\\Reports\\PRINT_IMM\\Immigration Report\\20181019_165006\\1539939021342.png, C:\\Users\\Owner\\Katalon Studio\\Logistics\\Reports\\PRINT_IMM\\Immigration Report\\20181019_165006\\1539939021873.png, C:\\Users\\Owner\\Katalon Studio\\Logistics\\Reports\\PRINT_IMM\\Immigration Report\\20181019_165006\\1539939022363.png, C:\\Users\\Owner\\Katalon Studio\\Logistics\\Reports\\PRINT_IMM\\Immigration Report\\20181019_165006\\1539939023095.png, C:\\Users\\Owner\\Katalon Studio\\Logistics\\Reports\\PRINT_IMM\\Immigration Report\\20181019_165006\\1539939024233.png, C:\\Users\\Owner\\Katalon Studio\\Logistics\\Reports\\PRINT_IMM\\Immigration Report\\20181019_165006\\1539939025128.png, C:\\Users\\Owner\\Katalon Studio\\Logistics\\Reports\\PRINT_IMM\\Immigration Report\\20181019_165006\\1539939026276.png, C:\\Users\\Owner\\Katalon Studio\\Logistics\\Reports\\PRINT_IMM\\Immigration Report\\20181019_165006\\1539939027496.png, C:\\Users\\Owner\\Katalon Studio\\Logistics\\Reports\\PRINT_IMM\\Immigration Report\\20181019_165006\\1539939028472.png, C:\\Users\\Owner\\Katalon Studio\\Logistics\\Reports\\PRINT_IMM\\Immigration Report\\20181019_165006\\1539939029002.png, C:\\Users\\Owner\\Katalon Studio\\Logistics\\Reports\\PRINT_IMM\\Immigration Report\\20181019_165006\\1539939029499.png, C:\\Users\\Owner\\Katalon Studio\\Logistics\\Reports\\PRINT_IMM\\Immigration Report\\20181019_165006\\1539939030210.png, C:\\Users\\Owner\\Katalon Studio\\Logistics\\Reports\\PRINT_IMM\\Immigration Report\\20181019_165006\\1539939031091.png, C:\\Users\\Owner\\Katalon Studio\\Logistics\\Reports\\PRINT_IMM\\Immigration Report\\20181019_165006\\1539939032394.png, C:\\Users\\Owner\\Katalon Studio\\Logistics\\Reports\\PRINT_IMM\\Immigration Report\\20181019_165006\\1539939033368.png, C:\\Users\\Owner\\Katalon Studio\\Logistics\\Reports\\PRINT_IMM\\Immigration Report\\20181019_165006\\1539939034523.png, C:\\Users\\Owner\\Katalon Studio\\Logistics\\Reports\\PRINT_IMM\\Immigration Report\\20181019_165006\\1539939035461.png, C:\\Users\\Owner\\Katalon Studio\\Logistics\\Reports\\PRINT_IMM\\Immigration Report\\20181019_165006\\1539939036457.png, C:\\Users\\Owner\\Katalon Studio\\Logistics\\Reports\\PRINT_IMM\\Immigration Report\\20181019_165006\\1539939036973.png, C:\\Users\\Owner\\Katalon Studio\\Logistics\\Reports\\PRINT_IMM\\Immigration Report\\20181019_165006\\1539939037443.png, C:\\Users\\Owner\\Katalon Studio\\Logistics\\Reports\\PRINT_IMM\\Immigration Report\\20181019_165006\\1539939038143.png, C:\\Users\\Owner\\Katalon Studio\\Logistics\\Reports\\PRINT_IMM\\Immigration Report\\20181019_165006\\1539939039078.png, C:\\Users\\Owner\\Katalon Studio\\Logistics\\Reports\\PRINT_IMM\\Immigration Report\\20181019_165006\\1539939040152.png, C:\\Users\\Owner\\Katalon Studio\\Logistics\\Reports\\PRINT_IMM\\Immigration Report\\20181019_165006\\1539939041078.png, C:\\Users\\Owner\\Katalon Studio\\Logistics\\Reports\\PRINT_IMM\\Immigration Report\\20181019_165006\\1539939042148.png, C:\\Users\\Owner\\Katalon Studio\\Logistics\\Reports\\PRINT_IMM\\Immigration Report\\20181019_165006\\1539939043176.png, C:\\Users\\Owner\\Katalon Studio\\Logistics\\Reports\\PRINT_IMM\\Immigration Report\\20181019_165006\\1539939043923.png"/>
         <property name="hostName" value="Owner - L13-IT-KISHORE.myeg.local"/>
         <property name="os" value="Windows 10 64bit"/>
         <property name="katalonVersion" value="5.8.0.1"/>
         <property name="browser" value="Chrome 69.0.3497.100"/>
         <property name="hostAddress" value="192.168.8.168"/>
         <property name="sessionId" value="dc1b3f09271f015f3d5fa613154051ed"/>
         <property name="seleniumVersion" value="3.7.1"/>
         <property name="proxyInformation" value="ProxyInformation{proxyOption=NO_PROXY, proxyServerType=HTTP, password=, proxyServerAddress=, proxyServerPort=0}"/>
         <property name="platform" value="Windows 10"/>
      </properties>
      <testcase name="Test Cases/Logistics/Roles/PRINT_IMM/Immigration Report" classname="Test Cases/Logistics/Roles/PRINT_IMM/Immigration Report" status="PASSED">
         <system-out><![CDATA[2018-10-19 16:50:08 - [TEST_CASE][PASSED] - Test Cases/Logistics/Roles/PRINT_IMM/Immigration Report: Test Cases/Logistics/Roles/PRINT_IMM/Immigration Report

2018-10-19 16:50:08 - [TEST_STEP][PASSED] - openBrowser: Browser is opened with url: ''

2018-10-19 16:50:13 - [MESSAGE][PASSED] - Browser is opened with url: ''

2018-10-19 16:50:13 - [TEST_STEP][PASSED] - maximizeWindow: Current window maximized

2018-10-19 16:50:14 - [MESSAGE][PASSED] - Current window maximized

2018-10-19 16:50:14 - [TEST_STEP][PASSED] - navigateToUrl: Navigate to 'http://uat4.myeg.com.my/logistic/login/' successfully

2018-10-19 16:50:15 - [MESSAGE][PASSED] - Navigate to 'http://uat4.myeg.com.my/logistic/login/' successfully

2018-10-19 16:50:15 - [TEST_STEP][PASSED] - setText: Text 'AJAY1965' is set on object 'Object Repository/Page_MyEG Services  Logistic Report/input_j_username'

2018-10-19 16:50:15 - [MESSAGE][PASSED] - Text 'AJAY1965' is set on object 'Object Repository/Page_MyEG Services  Logistic Report/input_j_username'

2018-10-19 16:50:15 - [TEST_STEP][PASSED] - click: Object: 'Object Repository/Page_MyEG Services  Logistic Report/input_submit' is clicked on

2018-10-19 16:50:15 - [MESSAGE][PASSED] - Object: 'Object Repository/Page_MyEG Services  Logistic Report/input_submit' is clicked on

2018-10-19 16:50:15 - [TEST_STEP][PASSED] - takeScreenshot: Taking screenshot successfully

2018-10-19 16:50:16 - [MESSAGE][PASSED] - Taking screenshot successfully
[[ATTACHMENT|C:\\Users\\Owner\\Katalon Studio\\Logistics\\Reports\\PRINT_IMM\\Immigration Report\\20181019_165006\\1539939015953.png]]

2018-10-19 16:50:16 - [TEST_STEP][PASSED] - setEncryptedText: Text ****** has been set on object 'Object Repository/Page_MyEG Services  Logistic Report/input_j_password'

2018-10-19 16:50:16 - [MESSAGE][PASSED] - Text ****** has been set on object 'Object Repository/Page_MyEG Services  Logistic Report/input_j_password'

2018-10-19 16:50:16 - [TEST_STEP][PASSED] - click: Object: 'Object Repository/Page_MyEG Services  Logistic Report/input_submit' is clicked on

2018-10-19 16:50:17 - [MESSAGE][PASSED] - Object: 'Object Repository/Page_MyEG Services  Logistic Report/input_submit' is clicked on

2018-10-19 16:50:17 - [TEST_STEP][PASSED] - takeScreenshot: Taking screenshot successfully

2018-10-19 16:50:17 - [MESSAGE][PASSED] - Taking screenshot successfully
[[ATTACHMENT|C:\\Users\\Owner\\Katalon Studio\\Logistics\\Reports\\PRINT_IMM\\Immigration Report\\20181019_165006\\1539939017013.png]]

2018-10-19 16:50:17 - [TEST_STEP][PASSED] - setText: Text 'AJAY1964' is set on object 'Object Repository/Page_MyEG Services  Logistic Report/input_j_username'

2018-10-19 16:50:17 - [MESSAGE][PASSED] - Text 'AJAY1964' is set on object 'Object Repository/Page_MyEG Services  Logistic Report/input_j_username'

2018-10-19 16:50:17 - [TEST_STEP][PASSED] - setEncryptedText: Text ****** has been set on object 'Object Repository/Page_MyEG Services  Logistic Report/input_j_password'

2018-10-19 16:50:17 - [MESSAGE][PASSED] - Text ****** has been set on object 'Object Repository/Page_MyEG Services  Logistic Report/input_j_password'

2018-10-19 16:50:17 - [TEST_STEP][PASSED] - click: Object: 'Object Repository/Page_MyEG Services  Logistic Report/input_submit' is clicked on

2018-10-19 16:50:18 - [MESSAGE][PASSED] - Object: 'Object Repository/Page_MyEG Services  Logistic Report/input_submit' is clicked on

2018-10-19 16:50:18 - [TEST_STEP][PASSED] - takeScreenshot: Taking screenshot successfully

2018-10-19 16:50:18 - [MESSAGE][PASSED] - Taking screenshot successfully
[[ATTACHMENT|C:\\Users\\Owner\\Katalon Studio\\Logistics\\Reports\\PRINT_IMM\\Immigration Report\\20181019_165006\\1539939018044.png]]

2018-10-19 16:50:18 - [TEST_STEP][PASSED] - setText: Text 'AJAY1965' is set on object 'Object Repository/Page_MyEG Services  Logistic Report/input_j_username'

2018-10-19 16:50:18 - [MESSAGE][PASSED] - Text 'AJAY1965' is set on object 'Object Repository/Page_MyEG Services  Logistic Report/input_j_username'

2018-10-19 16:50:18 - [TEST_STEP][PASSED] - setEncryptedText: Text ****** has been set on object 'Object Repository/Page_MyEG Services  Logistic Report/input_j_password'

2018-10-19 16:50:18 - [MESSAGE][PASSED] - Text ****** has been set on object 'Object Repository/Page_MyEG Services  Logistic Report/input_j_password'

2018-10-19 16:50:18 - [TEST_STEP][PASSED] - click: Object: 'Object Repository/Page_MyEG Services  Logistic Report/input_submit' is clicked on

2018-10-19 16:50:19 - [MESSAGE][PASSED] - Object: 'Object Repository/Page_MyEG Services  Logistic Report/input_submit' is clicked on

2018-10-19 16:50:19 - [TEST_STEP][PASSED] - takeScreenshot: Taking screenshot successfully

2018-10-19 16:50:20 - [MESSAGE][PASSED] - Taking screenshot successfully
[[ATTACHMENT|C:\\Users\\Owner\\Katalon Studio\\Logistics\\Reports\\PRINT_IMM\\Immigration Report\\20181019_165006\\1539939019789.png]]

2018-10-19 16:50:20 - [TEST_STEP][PASSED] - click: Object: 'Object Repository/Page_MyEG Services  List of Tickets/a_Immigration Report' is clicked on

2018-10-19 16:50:20 - [MESSAGE][PASSED] - Object: 'Object Repository/Page_MyEG Services  List of Tickets/a_Immigration Report' is clicked on

2018-10-19 16:50:20 - [TEST_STEP][PASSED] - takeScreenshot: Taking screenshot successfully

2018-10-19 16:50:20 - [MESSAGE][PASSED] - Taking screenshot successfully
[[ATTACHMENT|C:\\Users\\Owner\\Katalon Studio\\Logistics\\Reports\\PRINT_IMM\\Immigration Report\\20181019_165006\\1539939020537.png]]

2018-10-19 16:50:20 - [TEST_STEP][PASSED] - click: Object: 'Object Repository/Page_MyEG Services  PERFORMANCE REP/a_Immigration Printing Assign' is clicked on

2018-10-19 16:50:21 - [MESSAGE][PASSED] - Object: 'Object Repository/Page_MyEG Services  PERFORMANCE REP/a_Immigration Printing Assign' is clicked on

2018-10-19 16:50:21 - [TEST_STEP][PASSED] - takeScreenshot: Taking screenshot successfully

2018-10-19 16:50:21 - [MESSAGE][PASSED] - Taking screenshot successfully
[[ATTACHMENT|C:\\Users\\Owner\\Katalon Studio\\Logistics\\Reports\\PRINT_IMM\\Immigration Report\\20181019_165006\\1539939021342.png]]

2018-10-19 16:50:21 - [TEST_STEP][PASSED] - click: Object: 'Object Repository/Page_MyEG Services  PERFORMANCE REP/a_reset' is clicked on

2018-10-19 16:50:21 - [MESSAGE][PASSED] - Object: 'Object Repository/Page_MyEG Services  PERFORMANCE REP/a_reset' is clicked on

2018-10-19 16:50:21 - [TEST_STEP][PASSED] - takeScreenshot: Taking screenshot successfully

2018-10-19 16:50:22 - [MESSAGE][PASSED] - Taking screenshot successfully
[[ATTACHMENT|C:\\Users\\Owner\\Katalon Studio\\Logistics\\Reports\\PRINT_IMM\\Immigration Report\\20181019_165006\\1539939021873.png]]

2018-10-19 16:50:22 - [TEST_STEP][PASSED] - click: Object: 'Object Repository/Page_MyEG Services  PERFORMANCE REP/input' is clicked on

2018-10-19 16:50:22 - [MESSAGE][PASSED] - Object: 'Object Repository/Page_MyEG Services  PERFORMANCE REP/input' is clicked on

2018-10-19 16:50:22 - [TEST_STEP][PASSED] - takeScreenshot: Taking screenshot successfully

2018-10-19 16:50:22 - [MESSAGE][PASSED] - Taking screenshot successfully
[[ATTACHMENT|C:\\Users\\Owner\\Katalon Studio\\Logistics\\Reports\\PRINT_IMM\\Immigration Report\\20181019_165006\\1539939022363.png]]

2018-10-19 16:50:22 - [TEST_STEP][PASSED] - setText: Text '46000' is set on object 'Object Repository/Page_MyEG Services  PERFORMANCE REP/input_pcstart'

2018-10-19 16:50:22 - [MESSAGE][PASSED] - Text '46000' is set on object 'Object Repository/Page_MyEG Services  PERFORMANCE REP/input_pcstart'

2018-10-19 16:50:22 - [TEST_STEP][PASSED] - setText: Text '47000' is set on object 'Object Repository/Page_MyEG Services  PERFORMANCE REP/input_pcend'

2018-10-19 16:50:23 - [MESSAGE][PASSED] - Text '47000' is set on object 'Object Repository/Page_MyEG Services  PERFORMANCE REP/input_pcend'

2018-10-19 16:50:23 - [TEST_STEP][PASSED] - click: Object: 'Object Repository/Page_MyEG Services  PERFORMANCE REP/input' is clicked on

2018-10-19 16:50:23 - [MESSAGE][PASSED] - Object: 'Object Repository/Page_MyEG Services  PERFORMANCE REP/input' is clicked on

2018-10-19 16:50:23 - [TEST_STEP][PASSED] - takeScreenshot: Taking screenshot successfully

2018-10-19 16:50:23 - [MESSAGE][PASSED] - Taking screenshot successfully
[[ATTACHMENT|C:\\Users\\Owner\\Katalon Studio\\Logistics\\Reports\\PRINT_IMM\\Immigration Report\\20181019_165006\\1539939023095.png]]

2018-10-19 16:50:23 - [TEST_STEP][PASSED] - setText: Text '30-Sep-2018' is set on object 'Object Repository/Page_MyEG Services  PERFORMANCE REP/input_dojo.from'

2018-10-19 16:50:23 - [MESSAGE][PASSED] - Text '30-Sep-2018' is set on object 'Object Repository/Page_MyEG Services  PERFORMANCE REP/input_dojo.from'

2018-10-19 16:50:23 - [TEST_STEP][PASSED] - setText: Text '46000' is set on object 'Object Repository/Page_MyEG Services  PERFORMANCE REP/input_pcstart'

2018-10-19 16:50:23 - [MESSAGE][PASSED] - Text '46000' is set on object 'Object Repository/Page_MyEG Services  PERFORMANCE REP/input_pcstart'

2018-10-19 16:50:23 - [TEST_STEP][PASSED] - click: Object: 'Object Repository/Page_MyEG Services  PERFORMANCE REP/input' is clicked on

2018-10-19 16:50:24 - [MESSAGE][PASSED] - Object: 'Object Repository/Page_MyEG Services  PERFORMANCE REP/input' is clicked on

2018-10-19 16:50:24 - [TEST_STEP][PASSED] - takeScreenshot: Taking screenshot successfully

2018-10-19 16:50:24 - [MESSAGE][PASSED] - Taking screenshot successfully
[[ATTACHMENT|C:\\Users\\Owner\\Katalon Studio\\Logistics\\Reports\\PRINT_IMM\\Immigration Report\\20181019_165006\\1539939024233.png]]

2018-10-19 16:50:24 - [TEST_STEP][PASSED] - setText: Text '47000' is set on object 'Object Repository/Page_MyEG Services  PERFORMANCE REP/input_pcend'

2018-10-19 16:50:24 - [MESSAGE][PASSED] - Text '47000' is set on object 'Object Repository/Page_MyEG Services  PERFORMANCE REP/input_pcend'

2018-10-19 16:50:24 - [TEST_STEP][PASSED] - click: Object: 'Object Repository/Page_MyEG Services  PERFORMANCE REP/input' is clicked on

2018-10-19 16:50:25 - [MESSAGE][PASSED] - Object: 'Object Repository/Page_MyEG Services  PERFORMANCE REP/input' is clicked on

2018-10-19 16:50:25 - [TEST_STEP][PASSED] - takeScreenshot: Taking screenshot successfully

2018-10-19 16:50:25 - [MESSAGE][PASSED] - Taking screenshot successfully
[[ATTACHMENT|C:\\Users\\Owner\\Katalon Studio\\Logistics\\Reports\\PRINT_IMM\\Immigration Report\\20181019_165006\\1539939025128.png]]

2018-10-19 16:50:25 - [TEST_STEP][PASSED] - setText: Text '##$$%' is set on object 'Object Repository/Page_MyEG Services  PERFORMANCE REP/input_pcstart'

2018-10-19 16:50:25 - [MESSAGE][PASSED] - Text '##$$%' is set on object 'Object Repository/Page_MyEG Services  PERFORMANCE REP/input_pcstart'

2018-10-19 16:50:25 - [TEST_STEP][PASSED] - setText: Text '&**&^' is set on object 'Object Repository/Page_MyEG Services  PERFORMANCE REP/input_pcend'

2018-10-19 16:50:25 - [MESSAGE][PASSED] - Text '&**&^' is set on object 'Object Repository/Page_MyEG Services  PERFORMANCE REP/input_pcend'

2018-10-19 16:50:25 - [TEST_STEP][PASSED] - click: Object: 'Object Repository/Page_MyEG Services  PERFORMANCE REP/input' is clicked on

2018-10-19 16:50:26 - [MESSAGE][PASSED] - Object: 'Object Repository/Page_MyEG Services  PERFORMANCE REP/input' is clicked on

2018-10-19 16:50:26 - [TEST_STEP][PASSED] - takeScreenshot: Taking screenshot successfully

2018-10-19 16:50:26 - [MESSAGE][PASSED] - Taking screenshot successfully
[[ATTACHMENT|C:\\Users\\Owner\\Katalon Studio\\Logistics\\Reports\\PRINT_IMM\\Immigration Report\\20181019_165006\\1539939026276.png]]

2018-10-19 16:50:26 - [TEST_STEP][PASSED] - setText: Text '46000' is set on object 'Object Repository/Page_MyEG Services  PERFORMANCE REP/input_pcstart'

2018-10-19 16:50:27 - [MESSAGE][PASSED] - Text '46000' is set on object 'Object Repository/Page_MyEG Services  PERFORMANCE REP/input_pcstart'

2018-10-19 16:50:27 - [TEST_STEP][PASSED] - setText: Text '47000' is set on object 'Object Repository/Page_MyEG Services  PERFORMANCE REP/input_pcend'

2018-10-19 16:50:27 - [MESSAGE][PASSED] - Text '47000' is set on object 'Object Repository/Page_MyEG Services  PERFORMANCE REP/input_pcend'

2018-10-19 16:50:27 - [TEST_STEP][PASSED] - click: Object: 'Object Repository/Page_MyEG Services  PERFORMANCE REP/input' is clicked on

2018-10-19 16:50:27 - [MESSAGE][PASSED] - Object: 'Object Repository/Page_MyEG Services  PERFORMANCE REP/input' is clicked on

2018-10-19 16:50:27 - [TEST_STEP][PASSED] - takeScreenshot: Taking screenshot successfully

2018-10-19 16:50:27 - [MESSAGE][PASSED] - Taking screenshot successfully
[[ATTACHMENT|C:\\Users\\Owner\\Katalon Studio\\Logistics\\Reports\\PRINT_IMM\\Immigration Report\\20181019_165006\\1539939027496.png]]

2018-10-19 16:50:27 - [TEST_STEP][PASSED] - click: Object: 'Object Repository/Page_MyEG Services  PERFORMANCE REP/a_Immigration Report' is clicked on

2018-10-19 16:50:28 - [MESSAGE][PASSED] - Object: 'Object Repository/Page_MyEG Services  PERFORMANCE REP/a_Immigration Report' is clicked on

2018-10-19 16:50:28 - [TEST_STEP][PASSED] - click: Object: 'Object Repository/Page_MyEG Services  PERFORMANCE REP/a_Immigration Delivery perform' is clicked on

2018-10-19 16:50:28 - [MESSAGE][PASSED] - Object: 'Object Repository/Page_MyEG Services  PERFORMANCE REP/a_Immigration Delivery perform' is clicked on

2018-10-19 16:50:28 - [TEST_STEP][PASSED] - takeScreenshot: Taking screenshot successfully

2018-10-19 16:50:28 - [MESSAGE][PASSED] - Taking screenshot successfully
[[ATTACHMENT|C:\\Users\\Owner\\Katalon Studio\\Logistics\\Reports\\PRINT_IMM\\Immigration Report\\20181019_165006\\1539939028472.png]]

2018-10-19 16:50:28 - [TEST_STEP][PASSED] - click: Object: 'Object Repository/Page_MyEG Services  PERFORMANCE REP/a_reset' is clicked on

2018-10-19 16:50:29 - [MESSAGE][PASSED] - Object: 'Object Repository/Page_MyEG Services  PERFORMANCE REP/a_reset' is clicked on

2018-10-19 16:50:29 - [TEST_STEP][PASSED] - takeScreenshot: Taking screenshot successfully

2018-10-19 16:50:29 - [MESSAGE][PASSED] - Taking screenshot successfully
[[ATTACHMENT|C:\\Users\\Owner\\Katalon Studio\\Logistics\\Reports\\PRINT_IMM\\Immigration Report\\20181019_165006\\1539939029002.png]]

2018-10-19 16:50:29 - [TEST_STEP][PASSED] - click: Object: 'Object Repository/Page_MyEG Services  PERFORMANCE REP/input' is clicked on

2018-10-19 16:50:29 - [MESSAGE][PASSED] - Object: 'Object Repository/Page_MyEG Services  PERFORMANCE REP/input' is clicked on

2018-10-19 16:50:29 - [TEST_STEP][PASSED] - takeScreenshot: Taking screenshot successfully

2018-10-19 16:50:29 - [MESSAGE][PASSED] - Taking screenshot successfully
[[ATTACHMENT|C:\\Users\\Owner\\Katalon Studio\\Logistics\\Reports\\PRINT_IMM\\Immigration Report\\20181019_165006\\1539939029499.png]]

2018-10-19 16:50:29 - [TEST_STEP][PASSED] - setText: Text '46000' is set on object 'Object Repository/Page_MyEG Services  PERFORMANCE REP/input_pcstart'

2018-10-19 16:50:30 - [MESSAGE][PASSED] - Text '46000' is set on object 'Object Repository/Page_MyEG Services  PERFORMANCE REP/input_pcstart'

2018-10-19 16:50:30 - [TEST_STEP][PASSED] - setText: Text '47000' is set on object 'Object Repository/Page_MyEG Services  PERFORMANCE REP/input_pcend'

2018-10-19 16:50:30 - [MESSAGE][PASSED] - Text '47000' is set on object 'Object Repository/Page_MyEG Services  PERFORMANCE REP/input_pcend'

2018-10-19 16:50:30 - [TEST_STEP][PASSED] - click: Object: 'Object Repository/Page_MyEG Services  PERFORMANCE REP/input' is clicked on

2018-10-19 16:50:30 - [MESSAGE][PASSED] - Object: 'Object Repository/Page_MyEG Services  PERFORMANCE REP/input' is clicked on

2018-10-19 16:50:30 - [TEST_STEP][PASSED] - takeScreenshot: Taking screenshot successfully

2018-10-19 16:50:30 - [MESSAGE][PASSED] - Taking screenshot successfully
[[ATTACHMENT|C:\\Users\\Owner\\Katalon Studio\\Logistics\\Reports\\PRINT_IMM\\Immigration Report\\20181019_165006\\1539939030210.png]]

2018-10-19 16:50:30 - [TEST_STEP][PASSED] - setText: Text '01-Aug-2018' is set on object 'Object Repository/Page_MyEG Services  PERFORMANCE REP/input_dojo.from'

2018-10-19 16:50:30 - [MESSAGE][PASSED] - Text '01-Aug-2018' is set on object 'Object Repository/Page_MyEG Services  PERFORMANCE REP/input_dojo.from'

2018-10-19 16:50:30 - [TEST_STEP][PASSED] - setText: Text '30-Sep-2018' is set on object 'Object Repository/Page_MyEG Services  PERFORMANCE REP/input_dojo.to'

2018-10-19 16:50:30 - [MESSAGE][PASSED] - Text '30-Sep-2018' is set on object 'Object Repository/Page_MyEG Services  PERFORMANCE REP/input_dojo.to'

2018-10-19 16:50:30 - [TEST_STEP][PASSED] - setText: Text '46000' is set on object 'Object Repository/Page_MyEG Services  PERFORMANCE REP/input_pcstart'

2018-10-19 16:50:31 - [MESSAGE][PASSED] - Text '46000' is set on object 'Object Repository/Page_MyEG Services  PERFORMANCE REP/input_pcstart'

2018-10-19 16:50:31 - [TEST_STEP][PASSED] - click: Object: 'Object Repository/Page_MyEG Services  PERFORMANCE REP/input' is clicked on

2018-10-19 16:50:31 - [MESSAGE][PASSED] - Object: 'Object Repository/Page_MyEG Services  PERFORMANCE REP/input' is clicked on

2018-10-19 16:50:31 - [TEST_STEP][PASSED] - acceptAlert: Alert accepted

2018-10-19 16:50:31 - [MESSAGE][PASSED] - Alert accepted

2018-10-19 16:50:31 - [TEST_STEP][PASSED] - takeScreenshot: Taking screenshot successfully

2018-10-19 16:50:31 - [MESSAGE][PASSED] - Taking screenshot successfully
[[ATTACHMENT|C:\\Users\\Owner\\Katalon Studio\\Logistics\\Reports\\PRINT_IMM\\Immigration Report\\20181019_165006\\1539939031091.png]]

2018-10-19 16:50:31 - [TEST_STEP][PASSED] - setText: Text '01-Aug-2018' is set on object 'Object Repository/Page_MyEG Services  PERFORMANCE REP/input_dojo.from'

2018-10-19 16:50:31 - [MESSAGE][PASSED] - Text '01-Aug-2018' is set on object 'Object Repository/Page_MyEG Services  PERFORMANCE REP/input_dojo.from'

2018-10-19 16:50:31 - [TEST_STEP][PASSED] - setText: Text '30-Aug-2018' is set on object 'Object Repository/Page_MyEG Services  PERFORMANCE REP/input_dojo.to'

2018-10-19 16:50:31 - [MESSAGE][PASSED] - Text '30-Aug-2018' is set on object 'Object Repository/Page_MyEG Services  PERFORMANCE REP/input_dojo.to'

2018-10-19 16:50:31 - [TEST_STEP][PASSED] - setText: Text '46000' is set on object 'Object Repository/Page_MyEG Services  PERFORMANCE REP/input_pcstart'

2018-10-19 16:50:31 - [MESSAGE][PASSED] - Text '46000' is set on object 'Object Repository/Page_MyEG Services  PERFORMANCE REP/input_pcstart'

2018-10-19 16:50:31 - [TEST_STEP][PASSED] - click: Object: 'Object Repository/Page_MyEG Services  PERFORMANCE REP/input' is clicked on

2018-10-19 16:50:32 - [MESSAGE][PASSED] - Object: 'Object Repository/Page_MyEG Services  PERFORMANCE REP/input' is clicked on

2018-10-19 16:50:32 - [TEST_STEP][PASSED] - takeScreenshot: Taking screenshot successfully

2018-10-19 16:50:32 - [MESSAGE][PASSED] - Taking screenshot successfully
[[ATTACHMENT|C:\\Users\\Owner\\Katalon Studio\\Logistics\\Reports\\PRINT_IMM\\Immigration Report\\20181019_165006\\1539939032394.png]]

2018-10-19 16:50:32 - [TEST_STEP][PASSED] - setText: Text '49000' is set on object 'Object Repository/Page_MyEG Services  PERFORMANCE REP/input_pcend'

2018-10-19 16:50:32 - [MESSAGE][PASSED] - Text '49000' is set on object 'Object Repository/Page_MyEG Services  PERFORMANCE REP/input_pcend'

2018-10-19 16:50:32 - [TEST_STEP][PASSED] - click: Object: 'Object Repository/Page_MyEG Services  PERFORMANCE REP/input' is clicked on

2018-10-19 16:50:33 - [MESSAGE][PASSED] - Object: 'Object Repository/Page_MyEG Services  PERFORMANCE REP/input' is clicked on

2018-10-19 16:50:33 - [TEST_STEP][PASSED] - takeScreenshot: Taking screenshot successfully

2018-10-19 16:50:33 - [MESSAGE][PASSED] - Taking screenshot successfully
[[ATTACHMENT|C:\\Users\\Owner\\Katalon Studio\\Logistics\\Reports\\PRINT_IMM\\Immigration Report\\20181019_165006\\1539939033368.png]]

2018-10-19 16:50:33 - [TEST_STEP][PASSED] - setText: Text '46000' is set on object 'Object Repository/Page_MyEG Services  PERFORMANCE REP/input_pcstart'

2018-10-19 16:50:33 - [MESSAGE][PASSED] - Text '46000' is set on object 'Object Repository/Page_MyEG Services  PERFORMANCE REP/input_pcstart'

2018-10-19 16:50:33 - [TEST_STEP][PASSED] - setText: Text '49000' is set on object 'Object Repository/Page_MyEG Services  PERFORMANCE REP/input_pcend'

2018-10-19 16:50:34 - [MESSAGE][PASSED] - Text '49000' is set on object 'Object Repository/Page_MyEG Services  PERFORMANCE REP/input_pcend'

2018-10-19 16:50:34 - [TEST_STEP][PASSED] - click: Object: 'Object Repository/Page_MyEG Services  PERFORMANCE REP/input' is clicked on

2018-10-19 16:50:34 - [MESSAGE][PASSED] - Object: 'Object Repository/Page_MyEG Services  PERFORMANCE REP/input' is clicked on

2018-10-19 16:50:34 - [TEST_STEP][PASSED] - takeScreenshot: Taking screenshot successfully

2018-10-19 16:50:34 - [MESSAGE][PASSED] - Taking screenshot successfully
[[ATTACHMENT|C:\\Users\\Owner\\Katalon Studio\\Logistics\\Reports\\PRINT_IMM\\Immigration Report\\20181019_165006\\1539939034523.png]]

2018-10-19 16:50:34 - [TEST_STEP][PASSED] - setText: Text '#$%^&' is set on object 'Object Repository/Page_MyEG Services  PERFORMANCE REP/input_pcstart'

2018-10-19 16:50:35 - [MESSAGE][PASSED] - Text '#$%^&' is set on object 'Object Repository/Page_MyEG Services  PERFORMANCE REP/input_pcstart'

2018-10-19 16:50:35 - [TEST_STEP][PASSED] - setText: Text '@##$%' is set on object 'Object Repository/Page_MyEG Services  PERFORMANCE REP/input_pcend'

2018-10-19 16:50:35 - [MESSAGE][PASSED] - Text '@##$%' is set on object 'Object Repository/Page_MyEG Services  PERFORMANCE REP/input_pcend'

2018-10-19 16:50:35 - [TEST_STEP][PASSED] - click: Object: 'Object Repository/Page_MyEG Services  PERFORMANCE REP/input' is clicked on

2018-10-19 16:50:35 - [MESSAGE][PASSED] - Object: 'Object Repository/Page_MyEG Services  PERFORMANCE REP/input' is clicked on

2018-10-19 16:50:35 - [TEST_STEP][PASSED] - takeScreenshot: Taking screenshot successfully

2018-10-19 16:50:35 - [MESSAGE][PASSED] - Taking screenshot successfully
[[ATTACHMENT|C:\\Users\\Owner\\Katalon Studio\\Logistics\\Reports\\PRINT_IMM\\Immigration Report\\20181019_165006\\1539939035461.png]]

2018-10-19 16:50:35 - [TEST_STEP][PASSED] - click: Object: 'Object Repository/Page_MyEG Services  PERFORMANCE REP/a_Immigration Report' is clicked on

2018-10-19 16:50:36 - [MESSAGE][PASSED] - Object: 'Object Repository/Page_MyEG Services  PERFORMANCE REP/a_Immigration Report' is clicked on

2018-10-19 16:50:36 - [TEST_STEP][PASSED] - click: Object: 'Object Repository/Page_MyEG Services  PERFORMANCE REP/a_Immigration Delivery perform_1' is clicked on

2018-10-19 16:50:36 - [MESSAGE][PASSED] - Object: 'Object Repository/Page_MyEG Services  PERFORMANCE REP/a_Immigration Delivery perform_1' is clicked on

2018-10-19 16:50:36 - [TEST_STEP][PASSED] - takeScreenshot: Taking screenshot successfully

2018-10-19 16:50:36 - [MESSAGE][PASSED] - Taking screenshot successfully
[[ATTACHMENT|C:\\Users\\Owner\\Katalon Studio\\Logistics\\Reports\\PRINT_IMM\\Immigration Report\\20181019_165006\\1539939036457.png]]

2018-10-19 16:50:36 - [TEST_STEP][PASSED] - click: Object: 'Object Repository/Page_MyEG Services  PERFORMANCE REP/a_reset' is clicked on

2018-10-19 16:50:36 - [MESSAGE][PASSED] - Object: 'Object Repository/Page_MyEG Services  PERFORMANCE REP/a_reset' is clicked on

2018-10-19 16:50:36 - [TEST_STEP][PASSED] - takeScreenshot: Taking screenshot successfully

2018-10-19 16:50:37 - [MESSAGE][PASSED] - Taking screenshot successfully
[[ATTACHMENT|C:\\Users\\Owner\\Katalon Studio\\Logistics\\Reports\\PRINT_IMM\\Immigration Report\\20181019_165006\\1539939036973.png]]

2018-10-19 16:50:37 - [TEST_STEP][PASSED] - click: Object: 'Object Repository/Page_MyEG Services  PERFORMANCE REP/input' is clicked on

2018-10-19 16:50:37 - [MESSAGE][PASSED] - Object: 'Object Repository/Page_MyEG Services  PERFORMANCE REP/input' is clicked on

2018-10-19 16:50:37 - [TEST_STEP][PASSED] - takeScreenshot: Taking screenshot successfully

2018-10-19 16:50:37 - [MESSAGE][PASSED] - Taking screenshot successfully
[[ATTACHMENT|C:\\Users\\Owner\\Katalon Studio\\Logistics\\Reports\\PRINT_IMM\\Immigration Report\\20181019_165006\\1539939037443.png]]

2018-10-19 16:50:37 - [TEST_STEP][PASSED] - setText: Text '46000' is set on object 'Object Repository/Page_MyEG Services  PERFORMANCE REP/input_pcstart'

2018-10-19 16:50:37 - [MESSAGE][PASSED] - Text '46000' is set on object 'Object Repository/Page_MyEG Services  PERFORMANCE REP/input_pcstart'

2018-10-19 16:50:37 - [TEST_STEP][PASSED] - setText: Text '47000' is set on object 'Object Repository/Page_MyEG Services  PERFORMANCE REP/input_pcend'

2018-10-19 16:50:38 - [MESSAGE][PASSED] - Text '47000' is set on object 'Object Repository/Page_MyEG Services  PERFORMANCE REP/input_pcend'

2018-10-19 16:50:38 - [TEST_STEP][PASSED] - click: Object: 'Object Repository/Page_MyEG Services  PERFORMANCE REP/input' is clicked on

2018-10-19 16:50:38 - [MESSAGE][PASSED] - Object: 'Object Repository/Page_MyEG Services  PERFORMANCE REP/input' is clicked on

2018-10-19 16:50:38 - [TEST_STEP][PASSED] - takeScreenshot: Taking screenshot successfully

2018-10-19 16:50:38 - [MESSAGE][PASSED] - Taking screenshot successfully
[[ATTACHMENT|C:\\Users\\Owner\\Katalon Studio\\Logistics\\Reports\\PRINT_IMM\\Immigration Report\\20181019_165006\\1539939038143.png]]

2018-10-19 16:50:38 - [TEST_STEP][PASSED] - setText: Text '01-Aug-2018' is set on object 'Object Repository/Page_MyEG Services  PERFORMANCE REP/input_dojo.from'

2018-10-19 16:50:38 - [MESSAGE][PASSED] - Text '01-Aug-2018' is set on object 'Object Repository/Page_MyEG Services  PERFORMANCE REP/input_dojo.from'

2018-10-19 16:50:38 - [TEST_STEP][PASSED] - setText: Text '30-Sep-2018' is set on object 'Object Repository/Page_MyEG Services  PERFORMANCE REP/input_dojo.to'

2018-10-19 16:50:38 - [MESSAGE][PASSED] - Text '30-Sep-2018' is set on object 'Object Repository/Page_MyEG Services  PERFORMANCE REP/input_dojo.to'

2018-10-19 16:50:38 - [TEST_STEP][PASSED] - setText: Text '46000' is set on object 'Object Repository/Page_MyEG Services  PERFORMANCE REP/input_pcstart'

2018-10-19 16:50:39 - [MESSAGE][PASSED] - Text '46000' is set on object 'Object Repository/Page_MyEG Services  PERFORMANCE REP/input_pcstart'

2018-10-19 16:50:39 - [TEST_STEP][PASSED] - click: Object: 'Object Repository/Page_MyEG Services  PERFORMANCE REP/input' is clicked on

2018-10-19 16:50:39 - [MESSAGE][PASSED] - Object: 'Object Repository/Page_MyEG Services  PERFORMANCE REP/input' is clicked on

2018-10-19 16:50:39 - [TEST_STEP][PASSED] - acceptAlert: Alert accepted

2018-10-19 16:50:39 - [MESSAGE][PASSED] - Alert accepted

2018-10-19 16:50:39 - [TEST_STEP][PASSED] - takeScreenshot: Taking screenshot successfully

2018-10-19 16:50:39 - [MESSAGE][PASSED] - Taking screenshot successfully
[[ATTACHMENT|C:\\Users\\Owner\\Katalon Studio\\Logistics\\Reports\\PRINT_IMM\\Immigration Report\\20181019_165006\\1539939039078.png]]

2018-10-19 16:50:39 - [TEST_STEP][PASSED] - setText: Text '01-Sep-2018' is set on object 'Object Repository/Page_MyEG Services  PERFORMANCE REP/input_dojo.from'

2018-10-19 16:50:39 - [MESSAGE][PASSED] - Text '01-Sep-2018' is set on object 'Object Repository/Page_MyEG Services  PERFORMANCE REP/input_dojo.from'

2018-10-19 16:50:39 - [TEST_STEP][PASSED] - setText: Text '30-Sep-2018' is set on object 'Object Repository/Page_MyEG Services  PERFORMANCE REP/input_dojo.to'

2018-10-19 16:50:39 - [MESSAGE][PASSED] - Text '30-Sep-2018' is set on object 'Object Repository/Page_MyEG Services  PERFORMANCE REP/input_dojo.to'

2018-10-19 16:50:39 - [TEST_STEP][PASSED] - setText: Text '46000' is set on object 'Object Repository/Page_MyEG Services  PERFORMANCE REP/input_pcstart'

2018-10-19 16:50:39 - [MESSAGE][PASSED] - Text '46000' is set on object 'Object Repository/Page_MyEG Services  PERFORMANCE REP/input_pcstart'

2018-10-19 16:50:39 - [TEST_STEP][PASSED] - click: Object: 'Object Repository/Page_MyEG Services  PERFORMANCE REP/input' is clicked on

2018-10-19 16:50:40 - [MESSAGE][PASSED] - Object: 'Object Repository/Page_MyEG Services  PERFORMANCE REP/input' is clicked on

2018-10-19 16:50:40 - [TEST_STEP][PASSED] - takeScreenshot: Taking screenshot successfully

2018-10-19 16:50:40 - [MESSAGE][PASSED] - Taking screenshot successfully
[[ATTACHMENT|C:\\Users\\Owner\\Katalon Studio\\Logistics\\Reports\\PRINT_IMM\\Immigration Report\\20181019_165006\\1539939040152.png]]

2018-10-19 16:50:40 - [TEST_STEP][PASSED] - setText: Text '49000' is set on object 'Object Repository/Page_MyEG Services  PERFORMANCE REP/input_pcend'

2018-10-19 16:50:40 - [MESSAGE][PASSED] - Text '49000' is set on object 'Object Repository/Page_MyEG Services  PERFORMANCE REP/input_pcend'

2018-10-19 16:50:40 - [TEST_STEP][PASSED] - click: Object: 'Object Repository/Page_MyEG Services  PERFORMANCE REP/input' is clicked on

2018-10-19 16:50:41 - [MESSAGE][PASSED] - Object: 'Object Repository/Page_MyEG Services  PERFORMANCE REP/input' is clicked on

2018-10-19 16:50:41 - [TEST_STEP][PASSED] - takeScreenshot: Taking screenshot successfully

2018-10-19 16:50:41 - [MESSAGE][PASSED] - Taking screenshot successfully
[[ATTACHMENT|C:\\Users\\Owner\\Katalon Studio\\Logistics\\Reports\\PRINT_IMM\\Immigration Report\\20181019_165006\\1539939041078.png]]

2018-10-19 16:50:41 - [TEST_STEP][PASSED] - setText: Text '46000' is set on object 'Object Repository/Page_MyEG Services  PERFORMANCE REP/input_pcstart'

2018-10-19 16:50:41 - [MESSAGE][PASSED] - Text '46000' is set on object 'Object Repository/Page_MyEG Services  PERFORMANCE REP/input_pcstart'

2018-10-19 16:50:41 - [TEST_STEP][PASSED] - setText: Text '49000' is set on object 'Object Repository/Page_MyEG Services  PERFORMANCE REP/input_pcend'

2018-10-19 16:50:41 - [MESSAGE][PASSED] - Text '49000' is set on object 'Object Repository/Page_MyEG Services  PERFORMANCE REP/input_pcend'

2018-10-19 16:50:41 - [TEST_STEP][PASSED] - click: Object: 'Object Repository/Page_MyEG Services  PERFORMANCE REP/input' is clicked on

2018-10-19 16:50:42 - [MESSAGE][PASSED] - Object: 'Object Repository/Page_MyEG Services  PERFORMANCE REP/input' is clicked on

2018-10-19 16:50:42 - [TEST_STEP][PASSED] - takeScreenshot: Taking screenshot successfully

2018-10-19 16:50:42 - [MESSAGE][PASSED] - Taking screenshot successfully
[[ATTACHMENT|C:\\Users\\Owner\\Katalon Studio\\Logistics\\Reports\\PRINT_IMM\\Immigration Report\\20181019_165006\\1539939042148.png]]

2018-10-19 16:50:42 - [TEST_STEP][PASSED] - setText: Text '%^^%%' is set on object 'Object Repository/Page_MyEG Services  PERFORMANCE REP/input_pcstart'

2018-10-19 16:50:42 - [MESSAGE][PASSED] - Text '%^^%%' is set on object 'Object Repository/Page_MyEG Services  PERFORMANCE REP/input_pcstart'

2018-10-19 16:50:42 - [TEST_STEP][PASSED] - setText: Text '$%^&&' is set on object 'Object Repository/Page_MyEG Services  PERFORMANCE REP/input_pcend'

2018-10-19 16:50:42 - [MESSAGE][PASSED] - Text '$%^&&' is set on object 'Object Repository/Page_MyEG Services  PERFORMANCE REP/input_pcend'

2018-10-19 16:50:42 - [TEST_STEP][PASSED] - click: Object: 'Object Repository/Page_MyEG Services  PERFORMANCE REP/input' is clicked on

2018-10-19 16:50:43 - [MESSAGE][PASSED] - Object: 'Object Repository/Page_MyEG Services  PERFORMANCE REP/input' is clicked on

2018-10-19 16:50:43 - [TEST_STEP][PASSED] - takeScreenshot: Taking screenshot successfully

2018-10-19 16:50:43 - [MESSAGE][PASSED] - Taking screenshot successfully
[[ATTACHMENT|C:\\Users\\Owner\\Katalon Studio\\Logistics\\Reports\\PRINT_IMM\\Immigration Report\\20181019_165006\\1539939043176.png]]

2018-10-19 16:50:43 - [TEST_STEP][PASSED] - click: Object: 'Object Repository/Page_MyEG Services  Insert title he/a_Logout' is clicked on

2018-10-19 16:50:43 - [MESSAGE][PASSED] - Object: 'Object Repository/Page_MyEG Services  Insert title he/a_Logout' is clicked on

2018-10-19 16:50:43 - [TEST_STEP][PASSED] - takeScreenshot: Taking screenshot successfully

2018-10-19 16:50:44 - [MESSAGE][PASSED] - Taking screenshot successfully
[[ATTACHMENT|C:\\Users\\Owner\\Katalon Studio\\Logistics\\Reports\\PRINT_IMM\\Immigration Report\\20181019_165006\\1539939043923.png]]

2018-10-19 16:50:44 - [TEST_STEP][PASSED] - closeBrowser: Browser is closed

2018-10-19 16:50:45 - [MESSAGE][PASSED] - Browser is closed]]></system-out>
         <system-err><![CDATA[]]></system-err>
      </testcase>
      <system-out><![CDATA[2018-10-19 16:50:07 - [TEST_SUITE][PASSED] - Immigration Report: Test Cases/Logistics/Roles/PRINT_IMM/Immigration Report]]></system-out>
      <system-err><![CDATA[]]></system-err>
   </testsuite>
</testsuites>
