<?xml version="1.0" encoding="UTF-8"?>
<testsuites name="User MGMT" time="14" tests="0" failures="1" errors="0">
   <testsuite name="User MGMT" tests="0" failures="1" errors="0" time="14" timestamp="2018-10-09 15:05:50" hostname="Owner - L13-IT-KISHORE.myeg.local" id="Test Suites/CSO_ADMIN/User MGMT">
      <properties>
         <property name="deviceName" value=""/>
         <property name="devicePlatform" value=""/>
         <property name="logFolder" value="C:\\Users\\Owner\\Katalon Studio\\Logistics\\Reports\\CSO_ADMIN\\User MGMT\\20181009_150548"/>
         <property name="logFiles" value="C:\\Users\\Owner\\Katalon Studio\\Logistics\\Reports\\CSO_ADMIN\\User MGMT\\20181009_150548\\execution0.log"/>
         <property name="attachments" value="C:\\Users\\Owner\\Katalon Studio\\Logistics\\Reports\\CSO_ADMIN\\User MGMT\\20181009_150548\\1539068761670.png, C:\\Users\\Owner\\Katalon Studio\\Logistics\\Reports\\CSO_ADMIN\\User MGMT\\20181009_150548\\1539068762458.png, C:\\Users\\Owner\\Katalon Studio\\Logistics\\Reports\\CSO_ADMIN\\User MGMT\\20181009_150548\\1539068763133.png, C:\\Users\\Owner\\Katalon Studio\\Logistics\\Reports\\CSO_ADMIN\\User MGMT\\20181009_150548\\1539068764830.png, C:\\Users\\Owner\\Katalon Studio\\Logistics\\Reports\\CSO_ADMIN\\User MGMT\\20181009_150548\\1539068765197.png, C:\\Users\\Owner\\Katalon Studio\\Logistics\\Reports\\CSO_ADMIN\\User MGMT\\20181009_150548\\1539068765396.png"/>
         <property name="hostName" value="Owner - L13-IT-KISHORE.myeg.local"/>
         <property name="os" value="Windows 10 64bit"/>
         <property name="katalonVersion" value="5.6.1.1"/>
         <property name="browser" value="Firefox 60.0"/>
         <property name="hostAddress" value="192.168.8.168"/>
         <property name="sessionId" value="11cf4599-0b20-4abb-8d24-d94976b58ff7"/>
         <property name="seleniumVersion" value="3.7.1"/>
         <property name="proxyInformation" value="ProxyInformation{proxyOption=NO_PROXY, proxyServerType=HTTP, password=, proxyServerAddress=, proxyServerPort=0}"/>
         <property name="platform" value="Windows 10"/>
      </properties>
      <testcase name="Test Cases/Logistics/Roles/CSO_ADMIN/User MGMT" classname="Test Cases/Logistics/Roles/CSO_ADMIN/User MGMT" status="FAILED">
         <failure type="FAILED" message="Cannot take screenshot (Root cause: org.openqa.selenium.WebDriverException: TypeError: rootNode is null
Build info: version: '3.7.1', revision: '8a0099a', time: '2017-11-06T21:07:36.161Z'
System info: host: 'L13-IT-KISHORE', ip: '192.168.8.168', os.name: 'Windows 10', os.arch: 'amd64', os.version: '10.0', java.version: '1.8.0_181'
Driver info: com.kms.katalon.core.webui.driver.firefox.CGeckoDriver
Capabilities {acceptInsecureCerts: true, browserName: firefox, browserVersion: 60.2.0, javascriptEnabled: true, moz:accessibilityChecks: false, moz:headless: false, moz:processID: 2868, moz:profile: C:\Users\Owner\AppData\Loca..., moz:useNonSpecCompliantPointerOrigin: false, moz:webdriverClick: true, pageLoadStrategy: normal, platform: XP, platformName: XP, platformVersion: 10.0, proxy: Proxy(direct), rotatable: false, timeouts: {implicit: 0, pageLoad: 300000, script: 30000}}
Session ID: 11cf4599-0b20-4abb-8d24-d94976b58ff7)"/>
         <system-out><![CDATA[2018-10-09 15:05:51 - [TEST_CASE][FAILED] - Test Cases/Logistics/Roles/CSO_ADMIN/User MGMT: Test Cases/Logistics/Roles/CSO_ADMIN/User MGMT FAILED because (of) Cannot take screenshot (Root cause: org.openqa.selenium.WebDriverException: TypeError: rootNode is null
Build info: version: '3.7.1', revision: '8a0099a', time: '2017-11-06T21:07:36.161Z'
System info: host: 'L13-IT-KISHORE', ip: '192.168.8.168', os.name: 'Windows 10', os.arch: 'amd64', os.version: '10.0', java.version: '1.8.0_181'
Driver info: com.kms.katalon.core.webui.driver.firefox.CGeckoDriver
Capabilities {acceptInsecureCerts: true, browserName: firefox, browserVersion: 60.2.0, javascriptEnabled: true, moz:accessibilityChecks: false, moz:headless: false, moz:processID: 2868, moz:profile: C:\Users\Owner\AppData\Loca..., moz:useNonSpecCompliantPointerOrigin: false, moz:webdriverClick: true, pageLoadStrategy: normal, platform: XP, platformName: XP, platformVersion: 10.0, proxy: Proxy(direct), rotatable: false, timeouts: {implicit: 0, pageLoad: 300000, script: 30000}}
Session ID: 11cf4599-0b20-4abb-8d24-d94976b58ff7)

2018-10-09 15:05:51 - [TEST_STEP][PASSED] - openBrowser: Browser is opened with url: ''

2018-10-09 15:05:56 - [MESSAGE][PASSED] - Browser is opened with url: ''

2018-10-09 15:05:56 - [TEST_STEP][PASSED] - maximizeWindow: Current window maximized

2018-10-09 15:05:59 - [MESSAGE][PASSED] - Current window maximized

2018-10-09 15:05:59 - [TEST_STEP][PASSED] - navigateToUrl: Navigate to 'http://uat4.myeg.com.my/logistic/login/' successfully

2018-10-09 15:06:00 - [MESSAGE][PASSED] - Navigate to 'http://uat4.myeg.com.my/logistic/login/' successfully

2018-10-09 15:06:00 - [TEST_STEP][PASSED] - setText: Text 'AKMA1766' is set on object 'Object Repository/Page_MyEG Services  Logistic Report/input_j_username'

2018-10-09 15:06:01 - [MESSAGE][PASSED] - Text 'AKMA1766' is set on object 'Object Repository/Page_MyEG Services  Logistic Report/input_j_username'

2018-10-09 15:06:01 - [TEST_STEP][PASSED] - click: Object: 'Object Repository/Page_MyEG Services  Logistic Report/input_submit' is clicked on

2018-10-09 15:06:01 - [MESSAGE][PASSED] - Object: 'Object Repository/Page_MyEG Services  Logistic Report/input_submit' is clicked on

2018-10-09 15:06:01 - [TEST_STEP][PASSED] - takeScreenshot: Taking screenshot successfully

2018-10-09 15:06:01 - [MESSAGE][PASSED] - Taking screenshot successfully
[[ATTACHMENT|C:\\Users\\Owner\\Katalon Studio\\Logistics\\Reports\\CSO_ADMIN\\User MGMT\\20181009_150548\\1539068761670.png]]

2018-10-09 15:06:01 - [TEST_STEP][PASSED] - setEncryptedText: Text ****** has been set on object 'Object Repository/Page_MyEG Services  Logistic Report/input_j_password'

2018-10-09 15:06:02 - [MESSAGE][PASSED] - Text ****** has been set on object 'Object Repository/Page_MyEG Services  Logistic Report/input_j_password'

2018-10-09 15:06:02 - [TEST_STEP][PASSED] - click: Object: 'Object Repository/Page_MyEG Services  Logistic Report/input_submit' is clicked on

2018-10-09 15:06:02 - [MESSAGE][PASSED] - Object: 'Object Repository/Page_MyEG Services  Logistic Report/input_submit' is clicked on

2018-10-09 15:06:02 - [TEST_STEP][PASSED] - takeScreenshot: Taking screenshot successfully

2018-10-09 15:06:02 - [MESSAGE][PASSED] - Taking screenshot successfully
[[ATTACHMENT|C:\\Users\\Owner\\Katalon Studio\\Logistics\\Reports\\CSO_ADMIN\\User MGMT\\20181009_150548\\1539068762458.png]]

2018-10-09 15:06:02 - [TEST_STEP][PASSED] - setText: Text 'AKMA1767' is set on object 'Object Repository/Page_MyEG Services  Logistic Report/input_j_username'

2018-10-09 15:06:02 - [MESSAGE][PASSED] - Text 'AKMA1767' is set on object 'Object Repository/Page_MyEG Services  Logistic Report/input_j_username'

2018-10-09 15:06:02 - [TEST_STEP][PASSED] - setEncryptedText: Text ****** has been set on object 'Object Repository/Page_MyEG Services  Logistic Report/input_j_password'

2018-10-09 15:06:02 - [MESSAGE][PASSED] - Text ****** has been set on object 'Object Repository/Page_MyEG Services  Logistic Report/input_j_password'

2018-10-09 15:06:02 - [TEST_STEP][PASSED] - click: Object: 'Object Repository/Page_MyEG Services  Logistic Report/input_submit' is clicked on

2018-10-09 15:06:03 - [MESSAGE][PASSED] - Object: 'Object Repository/Page_MyEG Services  Logistic Report/input_submit' is clicked on

2018-10-09 15:06:03 - [TEST_STEP][PASSED] - takeScreenshot: Taking screenshot successfully

2018-10-09 15:06:03 - [MESSAGE][PASSED] - Taking screenshot successfully
[[ATTACHMENT|C:\\Users\\Owner\\Katalon Studio\\Logistics\\Reports\\CSO_ADMIN\\User MGMT\\20181009_150548\\1539068763133.png]]

2018-10-09 15:06:03 - [TEST_STEP][PASSED] - setText: Text 'AKMA1766' is set on object 'Object Repository/Page_MyEG Services  Logistic Report/input_j_username'

2018-10-09 15:06:03 - [MESSAGE][PASSED] - Text 'AKMA1766' is set on object 'Object Repository/Page_MyEG Services  Logistic Report/input_j_username'

2018-10-09 15:06:03 - [TEST_STEP][PASSED] - setEncryptedText: Text ****** has been set on object 'Object Repository/Page_MyEG Services  Logistic Report/input_j_password'

2018-10-09 15:06:03 - [MESSAGE][PASSED] - Text ****** has been set on object 'Object Repository/Page_MyEG Services  Logistic Report/input_j_password'

2018-10-09 15:06:03 - [TEST_STEP][PASSED] - click: Object: 'Object Repository/Page_MyEG Services  Logistic Report/input_submit' is clicked on

2018-10-09 15:06:04 - [MESSAGE][PASSED] - Object: 'Object Repository/Page_MyEG Services  Logistic Report/input_submit' is clicked on

2018-10-09 15:06:04 - [TEST_STEP][PASSED] - takeScreenshot: Taking screenshot successfully

2018-10-09 15:06:05 - [MESSAGE][PASSED] - Taking screenshot successfully
[[ATTACHMENT|C:\\Users\\Owner\\Katalon Studio\\Logistics\\Reports\\CSO_ADMIN\\User MGMT\\20181009_150548\\1539068764830.png]]

2018-10-09 15:06:05 - [TEST_STEP][PASSED] - click: Object: 'Object Repository/Page_MyEG Services  List of Tickets/a_User MGMT' is clicked on

2018-10-09 15:06:05 - [MESSAGE][PASSED] - Object: 'Object Repository/Page_MyEG Services  List of Tickets/a_User MGMT' is clicked on

2018-10-09 15:06:05 - [TEST_STEP][PASSED] - takeScreenshot: Taking screenshot successfully

2018-10-09 15:06:05 - [MESSAGE][PASSED] - Taking screenshot successfully
[[ATTACHMENT|C:\\Users\\Owner\\Katalon Studio\\Logistics\\Reports\\CSO_ADMIN\\User MGMT\\20181009_150548\\1539068765197.png]]

2018-10-09 15:06:05 - [TEST_STEP][PASSED] - click: Object: 'Object Repository/Page_/a_BACK' is clicked on

2018-10-09 15:06:05 - [MESSAGE][PASSED] - Object: 'Object Repository/Page_/a_BACK' is clicked on

2018-10-09 15:06:05 - [TEST_STEP][FAILED] - takeScreenshot: Cannot take screenshot (Root cause: org.openqa.selenium.WebDriverException: TypeError: rootNode is null
Build info: version: '3.7.1', revision: '8a0099a', time: '2017-11-06T21:07:36.161Z'
System info: host: 'L13-IT-KISHORE', ip: '192.168.8.168', os.name: 'Windows 10', os.arch: 'amd64', os.version: '10.0', java.version: '1.8.0_181'
Driver info: com.kms.katalon.core.webui.driver.firefox.CGeckoDriver
Capabilities {acceptInsecureCerts: true, browserName: firefox, browserVersion: 60.2.0, javascriptEnabled: true, moz:accessibilityChecks: false, moz:headless: false, moz:processID: 2868, moz:profile: C:\Users\Owner\AppData\Loca..., moz:useNonSpecCompliantPointerOrigin: false, moz:webdriverClick: true, pageLoadStrategy: normal, platform: XP, platformName: XP, platformVersion: 10.0, proxy: Proxy(direct), rotatable: false, timeouts: {implicit: 0, pageLoad: 300000, script: 30000}}
Session ID: 11cf4599-0b20-4abb-8d24-d94976b58ff7)

2018-10-09 15:06:05 - [MESSAGE][FAILED] - Cannot take screenshot (Root cause: org.openqa.selenium.WebDriverException: TypeError: rootNode is null
Build info: version: '3.7.1', revision: '8a0099a', time: '2017-11-06T21:07:36.161Z'
System info: host: 'L13-IT-KISHORE', ip: '192.168.8.168', os.name: 'Windows 10', os.arch: 'amd64', os.version: '10.0', java.version: '1.8.0_181'
Driver info: com.kms.katalon.core.webui.driver.firefox.CGeckoDriver
Capabilities {acceptInsecureCerts: true, browserName: firefox, browserVersion: 60.2.0, javascriptEnabled: true, moz:accessibilityChecks: false, moz:headless: false, moz:processID: 2868, moz:profile: C:\Users\Owner\AppData\Loca..., moz:useNonSpecCompliantPointerOrigin: false, moz:webdriverClick: true, pageLoadStrategy: normal, platform: XP, platformName: XP, platformVersion: 10.0, proxy: Proxy(direct), rotatable: false, timeouts: {implicit: 0, pageLoad: 300000, script: 30000}}
Session ID: 11cf4599-0b20-4abb-8d24-d94976b58ff7)
[[ATTACHMENT|C:\\Users\\Owner\\Katalon Studio\\Logistics\\Reports\\CSO_ADMIN\\User MGMT\\20181009_150548\\1539068765396.png]]]]></system-out>
         <system-err><![CDATA[2018-10-09 15:05:51 - [TEST_CASE][FAILED] - Test Cases/Logistics/Roles/CSO_ADMIN/User MGMT: Test Cases/Logistics/Roles/CSO_ADMIN/User MGMT FAILED because (of) Cannot take screenshot (Root cause: org.openqa.selenium.WebDriverException: TypeError: rootNode is null
Build info: version: '3.7.1', revision: '8a0099a', time: '2017-11-06T21:07:36.161Z'
System info: host: 'L13-IT-KISHORE', ip: '192.168.8.168', os.name: 'Windows 10', os.arch: 'amd64', os.version: '10.0', java.version: '1.8.0_181'
Driver info: com.kms.katalon.core.webui.driver.firefox.CGeckoDriver
Capabilities {acceptInsecureCerts: true, browserName: firefox, browserVersion: 60.2.0, javascriptEnabled: true, moz:accessibilityChecks: false, moz:headless: false, moz:processID: 2868, moz:profile: C:\Users\Owner\AppData\Loca..., moz:useNonSpecCompliantPointerOrigin: false, moz:webdriverClick: true, pageLoadStrategy: normal, platform: XP, platformName: XP, platformVersion: 10.0, proxy: Proxy(direct), rotatable: false, timeouts: {implicit: 0, pageLoad: 300000, script: 30000}}
Session ID: 11cf4599-0b20-4abb-8d24-d94976b58ff7)]]></system-err>
      </testcase>
      <system-out><![CDATA[2018-10-09 15:05:50 - [TEST_SUITE][FAILED] - User MGMT: Test Cases/Logistics/Roles/CSO_ADMIN/User MGMT FAILED because (of) Cannot take screenshot (Root cause: org.openqa.selenium.WebDriverException: TypeError: rootNode is null
Build info: version: '3.7.1', revision: '8a0099a', time: '2017-11-06T21:07:36.161Z'
System info: host: 'L13-IT-KISHORE', ip: '192.168.8.168', os.name: 'Windows 10', os.arch: 'amd64', os.version: '10.0', java.version: '1.8.0_181'
Driver info: com.kms.katalon.core.webui.driver.firefox.CGeckoDriver
Capabilities {acceptInsecureCerts: true, browserName: firefox, browserVersion: 60.2.0, javascriptEnabled: true, moz:accessibilityChecks: false, moz:headless: false, moz:processID: 2868, moz:profile: C:\Users\Owner\AppData\Loca..., moz:useNonSpecCompliantPointerOrigin: false, moz:webdriverClick: true, pageLoadStrategy: normal, platform: XP, platformName: XP, platformVersion: 10.0, proxy: Proxy(direct), rotatable: false, timeouts: {implicit: 0, pageLoad: 300000, script: 30000}}
Session ID: 11cf4599-0b20-4abb-8d24-d94976b58ff7)]]></system-out>
      <system-err><![CDATA[2018-10-09 15:05:50 - [TEST_SUITE][FAILED] - User MGMT: Test Cases/Logistics/Roles/CSO_ADMIN/User MGMT FAILED because (of) Cannot take screenshot (Root cause: org.openqa.selenium.WebDriverException: TypeError: rootNode is null
Build info: version: '3.7.1', revision: '8a0099a', time: '2017-11-06T21:07:36.161Z'
System info: host: 'L13-IT-KISHORE', ip: '192.168.8.168', os.name: 'Windows 10', os.arch: 'amd64', os.version: '10.0', java.version: '1.8.0_181'
Driver info: com.kms.katalon.core.webui.driver.firefox.CGeckoDriver
Capabilities {acceptInsecureCerts: true, browserName: firefox, browserVersion: 60.2.0, javascriptEnabled: true, moz:accessibilityChecks: false, moz:headless: false, moz:processID: 2868, moz:profile: C:\Users\Owner\AppData\Loca..., moz:useNonSpecCompliantPointerOrigin: false, moz:webdriverClick: true, pageLoadStrategy: normal, platform: XP, platformName: XP, platformVersion: 10.0, proxy: Proxy(direct), rotatable: false, timeouts: {implicit: 0, pageLoad: 300000, script: 30000}}
Session ID: 11cf4599-0b20-4abb-8d24-d94976b58ff7)]]></system-err>
   </testsuite>
</testsuites>
