<?xml version="1.0" encoding="UTF-8"?>
<testsuites name="Ticket" time="19" tests="1" failures="0" errors="0">
   <testsuite name="Ticket" tests="1" failures="0" errors="0" time="19" timestamp="2018-10-03 15:47:27" hostname="Owner - L13-IT-KISHORE.myeg.local" id="Test Suites/CSO_LEAD/Ticket">
      <properties>
         <property name="deviceName" value=""/>
         <property name="devicePlatform" value=""/>
         <property name="logFolder" value="C:\\Users\\Owner\\Katalon Studio\\Logistics\\Reports\\CSO_LEAD\\Ticket\\20181003_154725"/>
         <property name="logFiles" value="C:\\Users\\Owner\\Katalon Studio\\Logistics\\Reports\\CSO_LEAD\\Ticket\\20181003_154725\\execution0.log"/>
         <property name="attachments" value="C:\\Users\\Owner\\Katalon Studio\\Logistics\\Reports\\CSO_LEAD\\Ticket\\20181003_154725\\1538552854199.png, C:\\Users\\Owner\\Katalon Studio\\Logistics\\Reports\\CSO_LEAD\\Ticket\\20181003_154725\\1538552856863.png, C:\\Users\\Owner\\Katalon Studio\\Logistics\\Reports\\CSO_LEAD\\Ticket\\20181003_154725\\1538552858647.png, C:\\Users\\Owner\\Katalon Studio\\Logistics\\Reports\\CSO_LEAD\\Ticket\\20181003_154725\\1538552863036.png, C:\\Users\\Owner\\Katalon Studio\\Logistics\\Reports\\CSO_LEAD\\Ticket\\20181003_154725\\1538552863576.png, C:\\Users\\Owner\\Katalon Studio\\Logistics\\Reports\\CSO_LEAD\\Ticket\\20181003_154725\\1538552865297.png"/>
         <property name="hostName" value="Owner - L13-IT-KISHORE.myeg.local"/>
         <property name="os" value="Windows 10 64bit"/>
         <property name="katalonVersion" value="5.6.1.1"/>
         <property name="browser" value="Chrome 69.0.3497.100"/>
         <property name="hostAddress" value="192.168.8.168"/>
         <property name="sessionId" value="9c2fefecdf5d161b49220c1b7ed23f10"/>
         <property name="seleniumVersion" value="3.7.1"/>
         <property name="proxyInformation" value="ProxyInformation{proxyOption=NO_PROXY, proxyServerType=HTTP, password=, proxyServerAddress=, proxyServerPort=0}"/>
         <property name="platform" value="Windows 10"/>
      </properties>
      <testcase name="Test Cases/Logistics/Roles/CSO_LEAD/Ticket" classname="Test Cases/Logistics/Roles/CSO_LEAD/Ticket" status="PASSED">
         <system-out><![CDATA[2018-10-03 15:47:28 - [TEST_CASE][PASSED] - Test Cases/Logistics/Roles/CSO_LEAD/Ticket: Test Cases/Logistics/Roles/CSO_LEAD/Ticket

2018-10-03 15:47:28 - [TEST_STEP][PASSED] - openBrowser: Browser is opened with url: ''

2018-10-03 15:47:32 - [MESSAGE][PASSED] - Browser is opened with url: ''

2018-10-03 15:47:32 - [TEST_STEP][PASSED] - maximizeWindow: Current window maximized

2018-10-03 15:47:34 - [MESSAGE][PASSED] - Current window maximized

2018-10-03 15:47:34 - [TEST_STEP][PASSED] - takeScreenshot: Taking screenshot successfully

2018-10-03 15:47:34 - [MESSAGE][PASSED] - Taking screenshot successfully
[[ATTACHMENT|C:\\Users\\Owner\\Katalon Studio\\Logistics\\Reports\\CSO_LEAD\\Ticket\\20181003_154725\\1538552854199.png]]

2018-10-03 15:47:34 - [TEST_STEP][PASSED] - navigateToUrl: Navigate to 'http://uat4.myeg.com.my/logistic/login/' successfully

2018-10-03 15:47:35 - [MESSAGE][PASSED] - Navigate to 'http://uat4.myeg.com.my/logistic/login/' successfully

2018-10-03 15:47:35 - [TEST_STEP][PASSED] - setText: Text 'NISH1931' is set on object 'Object Repository/Page_MyEG Services  Logistic Report/input_j_username'

2018-10-03 15:47:35 - [MESSAGE][PASSED] - Text 'NISH1931' is set on object 'Object Repository/Page_MyEG Services  Logistic Report/input_j_username'

2018-10-03 15:47:35 - [TEST_STEP][PASSED] - setEncryptedText: Text ****** has been set on object 'Object Repository/Page_MyEG Services  Logistic Report/input_j_password'

2018-10-03 15:47:36 - [MESSAGE][PASSED] - Text ****** has been set on object 'Object Repository/Page_MyEG Services  Logistic Report/input_j_password'

2018-10-03 15:47:36 - [TEST_STEP][PASSED] - click: Object: 'Object Repository/Page_MyEG Services  Logistic Report/input_submit' is clicked on

2018-10-03 15:47:36 - [MESSAGE][PASSED] - Object: 'Object Repository/Page_MyEG Services  Logistic Report/input_submit' is clicked on

2018-10-03 15:47:36 - [TEST_STEP][PASSED] - takeScreenshot: Taking screenshot successfully

2018-10-03 15:47:37 - [MESSAGE][PASSED] - Taking screenshot successfully
[[ATTACHMENT|C:\\Users\\Owner\\Katalon Studio\\Logistics\\Reports\\CSO_LEAD\\Ticket\\20181003_154725\\1538552856863.png]]

2018-10-03 15:47:37 - [TEST_STEP][PASSED] - setText: Text 'NISH1931' is set on object 'Object Repository/Page_MyEG Services  Logistic Report/input_j_username'

2018-10-03 15:47:37 - [MESSAGE][PASSED] - Text 'NISH1931' is set on object 'Object Repository/Page_MyEG Services  Logistic Report/input_j_username'

2018-10-03 15:47:37 - [TEST_STEP][PASSED] - setEncryptedText: Text ****** has been set on object 'Object Repository/Page_MyEG Services  Logistic Report/input_j_password'

2018-10-03 15:47:37 - [MESSAGE][PASSED] - Text ****** has been set on object 'Object Repository/Page_MyEG Services  Logistic Report/input_j_password'

2018-10-03 15:47:37 - [TEST_STEP][PASSED] - click: Object: 'Object Repository/Page_MyEG Services  Logistic Report/input_submit' is clicked on

2018-10-03 15:47:38 - [MESSAGE][PASSED] - Object: 'Object Repository/Page_MyEG Services  Logistic Report/input_submit' is clicked on

2018-10-03 15:47:38 - [TEST_STEP][PASSED] - takeScreenshot: Taking screenshot successfully

2018-10-03 15:47:39 - [MESSAGE][PASSED] - Taking screenshot successfully
[[ATTACHMENT|C:\\Users\\Owner\\Katalon Studio\\Logistics\\Reports\\CSO_LEAD\\Ticket\\20181003_154725\\1538552858647.png]]

2018-10-03 15:47:39 - [TEST_STEP][PASSED] - click: Object: 'Object Repository/Page_MyEG Services  List of Tickets/a_Ticket' is clicked on

2018-10-03 15:47:40 - [MESSAGE][PASSED] - Object: 'Object Repository/Page_MyEG Services  List of Tickets/a_Ticket' is clicked on

2018-10-03 15:47:40 - [TEST_STEP][PASSED] - selectOptionByValue: All options with value '2' are selected in object 'Object Repository/Page_MyEG Services  List of Tickets/select_- Select status -     P'  using regular expression

2018-10-03 15:47:40 - [MESSAGE][PASSED] - All options with value '2' are selected in object 'Object Repository/Page_MyEG Services  List of Tickets/select_- Select status -     P'  using regular expression

2018-10-03 15:47:40 - [TEST_STEP][PASSED] - selectOptionByValue: All options with value 'LK' are selected in object 'Object Repository/Page_MyEG Services  List of Tickets/select_-- Please Select --'  using regular expression

2018-10-03 15:47:41 - [MESSAGE][PASSED] - All options with value 'LK' are selected in object 'Object Repository/Page_MyEG Services  List of Tickets/select_-- Please Select --'  using regular expression

2018-10-03 15:47:41 - [TEST_STEP][PASSED] - selectOptionByValue: All options with value '1' are selected in object 'Object Repository/Page_MyEG Services  List of Tickets/select_-- Please Select --    _1'  using regular expression

2018-10-03 15:47:41 - [MESSAGE][PASSED] - All options with value '1' are selected in object 'Object Repository/Page_MyEG Services  List of Tickets/select_-- Please Select --    _1'  using regular expression

2018-10-03 15:47:41 - [TEST_STEP][PASSED] - setText: Text '03-Oct-2018' is set on object 'Object Repository/Page_MyEG Services  List of Tickets/input_dojo.filterGenDate'

2018-10-03 15:47:41 - [MESSAGE][PASSED] - Text '03-Oct-2018' is set on object 'Object Repository/Page_MyEG Services  List of Tickets/input_dojo.filterGenDate'

2018-10-03 15:47:41 - [TEST_STEP][PASSED] - setText: Text '03-Oct-2018' is set on object 'Object Repository/Page_MyEG Services  List of Tickets/input_dojo.filterGenDateto'

2018-10-03 15:47:41 - [MESSAGE][PASSED] - Text '03-Oct-2018' is set on object 'Object Repository/Page_MyEG Services  List of Tickets/input_dojo.filterGenDateto'

2018-10-03 15:47:41 - [TEST_STEP][PASSED] - click: Object: 'Object Repository/Page_MyEG Services  List of Tickets/input' is clicked on

2018-10-03 15:47:43 - [MESSAGE][PASSED] - Object: 'Object Repository/Page_MyEG Services  List of Tickets/input' is clicked on

2018-10-03 15:47:43 - [TEST_STEP][PASSED] - takeScreenshot: Taking screenshot successfully

2018-10-03 15:47:43 - [MESSAGE][PASSED] - Taking screenshot successfully
[[ATTACHMENT|C:\\Users\\Owner\\Katalon Studio\\Logistics\\Reports\\CSO_LEAD\\Ticket\\20181003_154725\\1538552863036.png]]

2018-10-03 15:47:43 - [TEST_STEP][PASSED] - click: Object: 'Object Repository/Page_MyEG Services  List of Tickets/a_reset' is clicked on

2018-10-03 15:47:43 - [MESSAGE][PASSED] - Object: 'Object Repository/Page_MyEG Services  List of Tickets/a_reset' is clicked on

2018-10-03 15:47:43 - [TEST_STEP][PASSED] - takeScreenshot: Taking screenshot successfully

2018-10-03 15:47:43 - [MESSAGE][PASSED] - Taking screenshot successfully
[[ATTACHMENT|C:\\Users\\Owner\\Katalon Studio\\Logistics\\Reports\\CSO_LEAD\\Ticket\\20181003_154725\\1538552863576.png]]

2018-10-03 15:47:43 - [TEST_STEP][PASSED] - click: Object: 'Object Repository/Page_MyEG Services  List of Tickets/a_current date pending print T' is clicked on

2018-10-03 15:47:44 - [MESSAGE][PASSED] - Object: 'Object Repository/Page_MyEG Services  List of Tickets/a_current date pending print T' is clicked on

2018-10-03 15:47:44 - [TEST_STEP][PASSED] - click: Object: 'Object Repository/Page_MyEG Services  List of Tickets/input' is clicked on

2018-10-03 15:47:45 - [MESSAGE][PASSED] - Object: 'Object Repository/Page_MyEG Services  List of Tickets/input' is clicked on

2018-10-03 15:47:45 - [TEST_STEP][PASSED] - takeScreenshot: Taking screenshot successfully

2018-10-03 15:47:45 - [MESSAGE][PASSED] - Taking screenshot successfully
[[ATTACHMENT|C:\\Users\\Owner\\Katalon Studio\\Logistics\\Reports\\CSO_LEAD\\Ticket\\20181003_154725\\1538552865297.png]]

2018-10-03 15:47:45 - [TEST_STEP][PASSED] - click: Object: 'Object Repository/Page_MyEG Services  List of Tickets/a_Logout' is clicked on

2018-10-03 15:47:46 - [MESSAGE][PASSED] - Object: 'Object Repository/Page_MyEG Services  List of Tickets/a_Logout' is clicked on

2018-10-03 15:47:46 - [TEST_STEP][PASSED] - closeBrowser: Browser is closed

2018-10-03 15:47:46 - [MESSAGE][PASSED] - Browser is closed]]></system-out>
         <system-err><![CDATA[]]></system-err>
      </testcase>
      <system-out><![CDATA[2018-10-03 15:47:27 - [TEST_SUITE][PASSED] - Ticket: Test Cases/Logistics/Roles/CSO_LEAD/Ticket]]></system-out>
      <system-err><![CDATA[]]></system-err>
   </testsuite>
</testsuites>
