<?xml version="1.0" encoding="UTF-8"?>
<testsuites name="User MGMT" time="16" tests="0" failures="1" errors="0">
   <testsuite name="User MGMT" tests="0" failures="1" errors="0" time="16" timestamp="2018-10-09 14:58:58" hostname="Owner - L13-IT-KISHORE.myeg.local" id="Test Suites/CSO/User MGMT">
      <properties>
         <property name="deviceName" value=""/>
         <property name="devicePlatform" value=""/>
         <property name="logFolder" value="C:\\Users\\Owner\\Katalon Studio\\Logistics\\Reports\\CSO\\User MGMT\\20181009_145856"/>
         <property name="logFiles" value="C:\\Users\\Owner\\Katalon Studio\\Logistics\\Reports\\CSO\\User MGMT\\20181009_145856\\execution0.log"/>
         <property name="attachments" value="C:\\Users\\Owner\\Katalon Studio\\Logistics\\Reports\\CSO\\User MGMT\\20181009_145856\\1539068349653.png, C:\\Users\\Owner\\Katalon Studio\\Logistics\\Reports\\CSO\\User MGMT\\20181009_145856\\1539068350467.png, C:\\Users\\Owner\\Katalon Studio\\Logistics\\Reports\\CSO\\User MGMT\\20181009_145856\\1539068351181.png, C:\\Users\\Owner\\Katalon Studio\\Logistics\\Reports\\CSO\\User MGMT\\20181009_145856\\1539068353782.png, C:\\Users\\Owner\\Katalon Studio\\Logistics\\Reports\\CSO\\User MGMT\\20181009_145856\\1539068354119.png, C:\\Users\\Owner\\Katalon Studio\\Logistics\\Reports\\CSO\\User MGMT\\20181009_145856\\1539068354318.png"/>
         <property name="hostName" value="Owner - L13-IT-KISHORE.myeg.local"/>
         <property name="os" value="Windows 10 64bit"/>
         <property name="katalonVersion" value="5.6.1.1"/>
         <property name="browser" value="Firefox 60.0"/>
         <property name="hostAddress" value="192.168.8.168"/>
         <property name="sessionId" value="74611177-c8d3-4972-88b2-c09aa9585c70"/>
         <property name="seleniumVersion" value="3.7.1"/>
         <property name="proxyInformation" value="ProxyInformation{proxyOption=NO_PROXY, proxyServerType=HTTP, password=, proxyServerAddress=, proxyServerPort=0}"/>
         <property name="platform" value="Windows 10"/>
      </properties>
      <testcase name="Test Cases/Logistics/Roles/CSO/User MGMT" classname="Test Cases/Logistics/Roles/CSO/User MGMT" status="FAILED">
         <failure type="FAILED" message="Cannot take screenshot (Root cause: org.openqa.selenium.WebDriverException: TypeError: rootNode is null
Build info: version: '3.7.1', revision: '8a0099a', time: '2017-11-06T21:07:36.161Z'
System info: host: 'L13-IT-KISHORE', ip: '192.168.8.168', os.name: 'Windows 10', os.arch: 'amd64', os.version: '10.0', java.version: '1.8.0_181'
Driver info: com.kms.katalon.core.webui.driver.firefox.CGeckoDriver
Capabilities {acceptInsecureCerts: true, browserName: firefox, browserVersion: 60.2.0, javascriptEnabled: true, moz:accessibilityChecks: false, moz:headless: false, moz:processID: 3476, moz:profile: C:\Users\Owner\AppData\Loca..., moz:useNonSpecCompliantPointerOrigin: false, moz:webdriverClick: true, pageLoadStrategy: normal, platform: XP, platformName: XP, platformVersion: 10.0, proxy: Proxy(direct), rotatable: false, timeouts: {implicit: 0, pageLoad: 300000, script: 30000}}
Session ID: 74611177-c8d3-4972-88b2-c09aa9585c70)"/>
         <system-out><![CDATA[2018-10-09 14:58:58 - [TEST_CASE][FAILED] - Test Cases/Logistics/Roles/CSO/User MGMT: Test Cases/Logistics/Roles/CSO/User MGMT FAILED because (of) Cannot take screenshot (Root cause: org.openqa.selenium.WebDriverException: TypeError: rootNode is null
Build info: version: '3.7.1', revision: '8a0099a', time: '2017-11-06T21:07:36.161Z'
System info: host: 'L13-IT-KISHORE', ip: '192.168.8.168', os.name: 'Windows 10', os.arch: 'amd64', os.version: '10.0', java.version: '1.8.0_181'
Driver info: com.kms.katalon.core.webui.driver.firefox.CGeckoDriver
Capabilities {acceptInsecureCerts: true, browserName: firefox, browserVersion: 60.2.0, javascriptEnabled: true, moz:accessibilityChecks: false, moz:headless: false, moz:processID: 3476, moz:profile: C:\Users\Owner\AppData\Loca..., moz:useNonSpecCompliantPointerOrigin: false, moz:webdriverClick: true, pageLoadStrategy: normal, platform: XP, platformName: XP, platformVersion: 10.0, proxy: Proxy(direct), rotatable: false, timeouts: {implicit: 0, pageLoad: 300000, script: 30000}}
Session ID: 74611177-c8d3-4972-88b2-c09aa9585c70)

2018-10-09 14:58:59 - [TEST_STEP][PASSED] - openBrowser: Browser is opened with url: ''

2018-10-09 14:59:04 - [MESSAGE][PASSED] - Browser is opened with url: ''

2018-10-09 14:59:04 - [TEST_STEP][PASSED] - maximizeWindow: Current window maximized

2018-10-09 14:59:07 - [MESSAGE][PASSED] - Current window maximized

2018-10-09 14:59:07 - [TEST_STEP][PASSED] - navigateToUrl: Navigate to 'http://uat4.myeg.com.my/logistic/login/' successfully

2018-10-09 14:59:08 - [MESSAGE][PASSED] - Navigate to 'http://uat4.myeg.com.my/logistic/login/' successfully

2018-10-09 14:59:08 - [TEST_STEP][PASSED] - setText: Text 'KISH2008' is set on object 'Object Repository/Page_MyEG Services  Logistic Report/input_j_username'

2018-10-09 14:59:09 - [MESSAGE][PASSED] - Text 'KISH2008' is set on object 'Object Repository/Page_MyEG Services  Logistic Report/input_j_username'

2018-10-09 14:59:09 - [TEST_STEP][PASSED] - click: Object: 'Object Repository/Page_MyEG Services  Logistic Report/input_submit' is clicked on

2018-10-09 14:59:09 - [MESSAGE][PASSED] - Object: 'Object Repository/Page_MyEG Services  Logistic Report/input_submit' is clicked on

2018-10-09 14:59:09 - [TEST_STEP][PASSED] - takeScreenshot: Taking screenshot successfully

2018-10-09 14:59:09 - [MESSAGE][PASSED] - Taking screenshot successfully
[[ATTACHMENT|C:\\Users\\Owner\\Katalon Studio\\Logistics\\Reports\\CSO\\User MGMT\\20181009_145856\\1539068349653.png]]

2018-10-09 14:59:09 - [TEST_STEP][PASSED] - setEncryptedText: Text ****** has been set on object 'Object Repository/Page_MyEG Services  Logistic Report/input_j_password'

2018-10-09 14:59:10 - [MESSAGE][PASSED] - Text ****** has been set on object 'Object Repository/Page_MyEG Services  Logistic Report/input_j_password'

2018-10-09 14:59:10 - [TEST_STEP][PASSED] - click: Object: 'Object Repository/Page_MyEG Services  Logistic Report/input_submit' is clicked on

2018-10-09 14:59:10 - [MESSAGE][PASSED] - Object: 'Object Repository/Page_MyEG Services  Logistic Report/input_submit' is clicked on

2018-10-09 14:59:10 - [TEST_STEP][PASSED] - takeScreenshot: Taking screenshot successfully

2018-10-09 14:59:10 - [MESSAGE][PASSED] - Taking screenshot successfully
[[ATTACHMENT|C:\\Users\\Owner\\Katalon Studio\\Logistics\\Reports\\CSO\\User MGMT\\20181009_145856\\1539068350467.png]]

2018-10-09 14:59:10 - [TEST_STEP][PASSED] - setText: Text 'KISH2009' is set on object 'Object Repository/Page_MyEG Services  Logistic Report/input_j_username'

2018-10-09 14:59:10 - [MESSAGE][PASSED] - Text 'KISH2009' is set on object 'Object Repository/Page_MyEG Services  Logistic Report/input_j_username'

2018-10-09 14:59:10 - [TEST_STEP][PASSED] - setEncryptedText: Text ****** has been set on object 'Object Repository/Page_MyEG Services  Logistic Report/input_j_password'

2018-10-09 14:59:10 - [MESSAGE][PASSED] - Text ****** has been set on object 'Object Repository/Page_MyEG Services  Logistic Report/input_j_password'

2018-10-09 14:59:10 - [TEST_STEP][PASSED] - click: Object: 'Object Repository/Page_MyEG Services  Logistic Report/input_submit' is clicked on

2018-10-09 14:59:11 - [MESSAGE][PASSED] - Object: 'Object Repository/Page_MyEG Services  Logistic Report/input_submit' is clicked on

2018-10-09 14:59:11 - [TEST_STEP][PASSED] - takeScreenshot: Taking screenshot successfully

2018-10-09 14:59:11 - [MESSAGE][PASSED] - Taking screenshot successfully
[[ATTACHMENT|C:\\Users\\Owner\\Katalon Studio\\Logistics\\Reports\\CSO\\User MGMT\\20181009_145856\\1539068351181.png]]

2018-10-09 14:59:11 - [TEST_STEP][PASSED] - setText: Text 'KISH2008' is set on object 'Object Repository/Page_MyEG Services  Logistic Report/input_j_username'

2018-10-09 14:59:11 - [MESSAGE][PASSED] - Text 'KISH2008' is set on object 'Object Repository/Page_MyEG Services  Logistic Report/input_j_username'

2018-10-09 14:59:11 - [TEST_STEP][PASSED] - setEncryptedText: Text ****** has been set on object 'Object Repository/Page_MyEG Services  Logistic Report/input_j_password'

2018-10-09 14:59:11 - [MESSAGE][PASSED] - Text ****** has been set on object 'Object Repository/Page_MyEG Services  Logistic Report/input_j_password'

2018-10-09 14:59:11 - [TEST_STEP][PASSED] - click: Object: 'Object Repository/Page_MyEG Services  Logistic Report/input_submit' is clicked on

2018-10-09 14:59:13 - [MESSAGE][PASSED] - Object: 'Object Repository/Page_MyEG Services  Logistic Report/input_submit' is clicked on

2018-10-09 14:59:13 - [TEST_STEP][PASSED] - takeScreenshot: Taking screenshot successfully

2018-10-09 14:59:13 - [MESSAGE][PASSED] - Taking screenshot successfully
[[ATTACHMENT|C:\\Users\\Owner\\Katalon Studio\\Logistics\\Reports\\CSO\\User MGMT\\20181009_145856\\1539068353782.png]]

2018-10-09 14:59:13 - [TEST_STEP][PASSED] - click: Object: 'Object Repository/Page_MyEG Services  List of Tickets/a_User MGMT' is clicked on

2018-10-09 14:59:14 - [MESSAGE][PASSED] - Object: 'Object Repository/Page_MyEG Services  List of Tickets/a_User MGMT' is clicked on

2018-10-09 14:59:14 - [TEST_STEP][PASSED] - takeScreenshot: Taking screenshot successfully

2018-10-09 14:59:14 - [MESSAGE][PASSED] - Taking screenshot successfully
[[ATTACHMENT|C:\\Users\\Owner\\Katalon Studio\\Logistics\\Reports\\CSO\\User MGMT\\20181009_145856\\1539068354119.png]]

2018-10-09 14:59:14 - [TEST_STEP][PASSED] - click: Object: 'Object Repository/Page_/a_BACK' is clicked on

2018-10-09 14:59:14 - [MESSAGE][PASSED] - Object: 'Object Repository/Page_/a_BACK' is clicked on

2018-10-09 14:59:14 - [TEST_STEP][FAILED] - takeScreenshot: Cannot take screenshot (Root cause: org.openqa.selenium.WebDriverException: TypeError: rootNode is null
Build info: version: '3.7.1', revision: '8a0099a', time: '2017-11-06T21:07:36.161Z'
System info: host: 'L13-IT-KISHORE', ip: '192.168.8.168', os.name: 'Windows 10', os.arch: 'amd64', os.version: '10.0', java.version: '1.8.0_181'
Driver info: com.kms.katalon.core.webui.driver.firefox.CGeckoDriver
Capabilities {acceptInsecureCerts: true, browserName: firefox, browserVersion: 60.2.0, javascriptEnabled: true, moz:accessibilityChecks: false, moz:headless: false, moz:processID: 3476, moz:profile: C:\Users\Owner\AppData\Loca..., moz:useNonSpecCompliantPointerOrigin: false, moz:webdriverClick: true, pageLoadStrategy: normal, platform: XP, platformName: XP, platformVersion: 10.0, proxy: Proxy(direct), rotatable: false, timeouts: {implicit: 0, pageLoad: 300000, script: 30000}}
Session ID: 74611177-c8d3-4972-88b2-c09aa9585c70)

2018-10-09 14:59:14 - [MESSAGE][FAILED] - Cannot take screenshot (Root cause: org.openqa.selenium.WebDriverException: TypeError: rootNode is null
Build info: version: '3.7.1', revision: '8a0099a', time: '2017-11-06T21:07:36.161Z'
System info: host: 'L13-IT-KISHORE', ip: '192.168.8.168', os.name: 'Windows 10', os.arch: 'amd64', os.version: '10.0', java.version: '1.8.0_181'
Driver info: com.kms.katalon.core.webui.driver.firefox.CGeckoDriver
Capabilities {acceptInsecureCerts: true, browserName: firefox, browserVersion: 60.2.0, javascriptEnabled: true, moz:accessibilityChecks: false, moz:headless: false, moz:processID: 3476, moz:profile: C:\Users\Owner\AppData\Loca..., moz:useNonSpecCompliantPointerOrigin: false, moz:webdriverClick: true, pageLoadStrategy: normal, platform: XP, platformName: XP, platformVersion: 10.0, proxy: Proxy(direct), rotatable: false, timeouts: {implicit: 0, pageLoad: 300000, script: 30000}}
Session ID: 74611177-c8d3-4972-88b2-c09aa9585c70)
[[ATTACHMENT|C:\\Users\\Owner\\Katalon Studio\\Logistics\\Reports\\CSO\\User MGMT\\20181009_145856\\1539068354318.png]]]]></system-out>
         <system-err><![CDATA[2018-10-09 14:58:58 - [TEST_CASE][FAILED] - Test Cases/Logistics/Roles/CSO/User MGMT: Test Cases/Logistics/Roles/CSO/User MGMT FAILED because (of) Cannot take screenshot (Root cause: org.openqa.selenium.WebDriverException: TypeError: rootNode is null
Build info: version: '3.7.1', revision: '8a0099a', time: '2017-11-06T21:07:36.161Z'
System info: host: 'L13-IT-KISHORE', ip: '192.168.8.168', os.name: 'Windows 10', os.arch: 'amd64', os.version: '10.0', java.version: '1.8.0_181'
Driver info: com.kms.katalon.core.webui.driver.firefox.CGeckoDriver
Capabilities {acceptInsecureCerts: true, browserName: firefox, browserVersion: 60.2.0, javascriptEnabled: true, moz:accessibilityChecks: false, moz:headless: false, moz:processID: 3476, moz:profile: C:\Users\Owner\AppData\Loca..., moz:useNonSpecCompliantPointerOrigin: false, moz:webdriverClick: true, pageLoadStrategy: normal, platform: XP, platformName: XP, platformVersion: 10.0, proxy: Proxy(direct), rotatable: false, timeouts: {implicit: 0, pageLoad: 300000, script: 30000}}
Session ID: 74611177-c8d3-4972-88b2-c09aa9585c70)]]></system-err>
      </testcase>
      <system-out><![CDATA[2018-10-09 14:58:58 - [TEST_SUITE][FAILED] - User MGMT: Test Cases/Logistics/Roles/CSO/User MGMT FAILED because (of) Cannot take screenshot (Root cause: org.openqa.selenium.WebDriverException: TypeError: rootNode is null
Build info: version: '3.7.1', revision: '8a0099a', time: '2017-11-06T21:07:36.161Z'
System info: host: 'L13-IT-KISHORE', ip: '192.168.8.168', os.name: 'Windows 10', os.arch: 'amd64', os.version: '10.0', java.version: '1.8.0_181'
Driver info: com.kms.katalon.core.webui.driver.firefox.CGeckoDriver
Capabilities {acceptInsecureCerts: true, browserName: firefox, browserVersion: 60.2.0, javascriptEnabled: true, moz:accessibilityChecks: false, moz:headless: false, moz:processID: 3476, moz:profile: C:\Users\Owner\AppData\Loca..., moz:useNonSpecCompliantPointerOrigin: false, moz:webdriverClick: true, pageLoadStrategy: normal, platform: XP, platformName: XP, platformVersion: 10.0, proxy: Proxy(direct), rotatable: false, timeouts: {implicit: 0, pageLoad: 300000, script: 30000}}
Session ID: 74611177-c8d3-4972-88b2-c09aa9585c70)]]></system-out>
      <system-err><![CDATA[2018-10-09 14:58:58 - [TEST_SUITE][FAILED] - User MGMT: Test Cases/Logistics/Roles/CSO/User MGMT FAILED because (of) Cannot take screenshot (Root cause: org.openqa.selenium.WebDriverException: TypeError: rootNode is null
Build info: version: '3.7.1', revision: '8a0099a', time: '2017-11-06T21:07:36.161Z'
System info: host: 'L13-IT-KISHORE', ip: '192.168.8.168', os.name: 'Windows 10', os.arch: 'amd64', os.version: '10.0', java.version: '1.8.0_181'
Driver info: com.kms.katalon.core.webui.driver.firefox.CGeckoDriver
Capabilities {acceptInsecureCerts: true, browserName: firefox, browserVersion: 60.2.0, javascriptEnabled: true, moz:accessibilityChecks: false, moz:headless: false, moz:processID: 3476, moz:profile: C:\Users\Owner\AppData\Loca..., moz:useNonSpecCompliantPointerOrigin: false, moz:webdriverClick: true, pageLoadStrategy: normal, platform: XP, platformName: XP, platformVersion: 10.0, proxy: Proxy(direct), rotatable: false, timeouts: {implicit: 0, pageLoad: 300000, script: 30000}}
Session ID: 74611177-c8d3-4972-88b2-c09aa9585c70)]]></system-err>
   </testsuite>
</testsuites>
