<?xml version="1.0" encoding="UTF-8"?>
<testsuites name="Download Apk File" time="12" tests="1" failures="0" errors="0">
   <testsuite name="Download Apk File" tests="1" failures="0" errors="0" time="12" timestamp="2018-10-03 15:02:11" hostname="Owner - L13-IT-KISHORE.myeg.local" id="Test Suites/CSO_ADMIN_PrintIMM/Download Apk File">
      <properties>
         <property name="deviceName" value=""/>
         <property name="devicePlatform" value=""/>
         <property name="logFolder" value="C:\\Users\\Owner\\Katalon Studio\\Logistics\\Reports\\CSO_ADMIN_PrintIMM\\Download Apk File\\20181003_150209"/>
         <property name="logFiles" value="C:\\Users\\Owner\\Katalon Studio\\Logistics\\Reports\\CSO_ADMIN_PrintIMM\\Download Apk File\\20181003_150209\\execution0.log"/>
         <property name="attachments" value="C:\\Users\\Owner\\Katalon Studio\\Logistics\\Reports\\CSO_ADMIN_PrintIMM\\Download Apk File\\20181003_150209\\1538550141600.png, C:\\Users\\Owner\\Katalon Studio\\Logistics\\Reports\\CSO_ADMIN_PrintIMM\\Download Apk File\\20181003_150209\\1538550142493.png"/>
         <property name="hostName" value="Owner - L13-IT-KISHORE.myeg.local"/>
         <property name="os" value="Windows 10 64bit"/>
         <property name="katalonVersion" value="5.6.1.1"/>
         <property name="browser" value="Chrome 69.0.3497.100"/>
         <property name="hostAddress" value="192.168.8.168"/>
         <property name="sessionId" value="5fe30197787609f8bfe9a9ba8b213c72"/>
         <property name="seleniumVersion" value="3.7.1"/>
         <property name="proxyInformation" value="ProxyInformation{proxyOption=NO_PROXY, proxyServerType=HTTP, password=, proxyServerAddress=, proxyServerPort=0}"/>
         <property name="platform" value="Windows 10"/>
      </properties>
      <testcase name="Test Cases/Logistics/Roles/CSOADMIN_PrintIMM/Download Apk File" classname="Test Cases/Logistics/Roles/CSOADMIN_PrintIMM/Download Apk File" status="PASSED">
         <system-out><![CDATA[2018-10-03 15:02:12 - [TEST_CASE][PASSED] - Test Cases/Logistics/Roles/CSOADMIN_PrintIMM/Download Apk File: Test Cases/Logistics/Roles/CSOADMIN_PrintIMM/Download Apk File

2018-10-03 15:02:12 - [TEST_STEP][PASSED] - openBrowser: Browser is opened with url: ''

2018-10-03 15:02:17 - [MESSAGE][PASSED] - Browser is opened with url: ''

2018-10-03 15:02:17 - [TEST_STEP][PASSED] - maximizeWindow: Current window maximized

2018-10-03 15:02:18 - [MESSAGE][PASSED] - Current window maximized

2018-10-03 15:02:18 - [TEST_STEP][PASSED] - navigateToUrl: Navigate to 'http://uat4.myeg.com.my/logistic/login/' successfully

2018-10-03 15:02:19 - [MESSAGE][PASSED] - Navigate to 'http://uat4.myeg.com.my/logistic/login/' successfully

2018-10-03 15:02:19 - [TEST_STEP][PASSED] - setText: Text 'AGENT' is set on object 'Object Repository/Page_MyEG Services  Logistic Report/input_j_username'

2018-10-03 15:02:19 - [MESSAGE][PASSED] - Text 'AGENT' is set on object 'Object Repository/Page_MyEG Services  Logistic Report/input_j_username'

2018-10-03 15:02:19 - [TEST_STEP][PASSED] - setEncryptedText: Text ****** has been set on object 'Object Repository/Page_MyEG Services  Logistic Report/input_j_password'

2018-10-03 15:02:20 - [MESSAGE][PASSED] - Text ****** has been set on object 'Object Repository/Page_MyEG Services  Logistic Report/input_j_password'

2018-10-03 15:02:20 - [TEST_STEP][PASSED] - click: Object: 'Object Repository/Page_MyEG Services  Logistic Report/input_submit' is clicked on

2018-10-03 15:02:21 - [MESSAGE][PASSED] - Object: 'Object Repository/Page_MyEG Services  Logistic Report/input_submit' is clicked on

2018-10-03 15:02:21 - [TEST_STEP][PASSED] - click: Object: 'Object Repository/Page_MyEG Services  List of Tickets/a_Download Apk File' is clicked on

2018-10-03 15:02:21 - [MESSAGE][PASSED] - Object: 'Object Repository/Page_MyEG Services  List of Tickets/a_Download Apk File' is clicked on

2018-10-03 15:02:21 - [TEST_STEP][PASSED] - takeScreenshot: Taking screenshot successfully

2018-10-03 15:02:22 - [MESSAGE][PASSED] - Taking screenshot successfully
[[ATTACHMENT|C:\\Users\\Owner\\Katalon Studio\\Logistics\\Reports\\CSO_ADMIN_PrintIMM\\Download Apk File\\20181003_150209\\1538550141600.png]]

2018-10-03 15:02:22 - [TEST_STEP][PASSED] - click: Object: 'Object Repository/Page_/a_BACK' is clicked on

2018-10-03 15:02:22 - [MESSAGE][PASSED] - Object: 'Object Repository/Page_/a_BACK' is clicked on

2018-10-03 15:02:22 - [TEST_STEP][PASSED] - takeScreenshot: Taking screenshot successfully

2018-10-03 15:02:22 - [MESSAGE][PASSED] - Taking screenshot successfully
[[ATTACHMENT|C:\\Users\\Owner\\Katalon Studio\\Logistics\\Reports\\CSO_ADMIN_PrintIMM\\Download Apk File\\20181003_150209\\1538550142493.png]]

2018-10-03 15:02:23 - [TEST_STEP][PASSED] - click: Object: 'Object Repository/Page_MyEG Services  List of Tickets/a_Logout' is clicked on

2018-10-03 15:02:23 - [MESSAGE][PASSED] - Object: 'Object Repository/Page_MyEG Services  List of Tickets/a_Logout' is clicked on

2018-10-03 15:02:23 - [TEST_STEP][PASSED] - closeBrowser: Browser is closed

2018-10-03 15:02:24 - [MESSAGE][PASSED] - Browser is closed]]></system-out>
         <system-err><![CDATA[]]></system-err>
      </testcase>
      <system-out><![CDATA[2018-10-03 15:02:11 - [TEST_SUITE][PASSED] - Download Apk File: Test Cases/Logistics/Roles/CSOADMIN_PrintIMM/Download Apk File]]></system-out>
      <system-err><![CDATA[]]></system-err>
   </testsuite>
</testsuites>
