<?xml version="1.0" encoding="UTF-8"?>
<testsuites name="Immigration Report" time="37" tests="1" failures="0" errors="0">
   <testsuite name="Immigration Report" tests="1" failures="0" errors="0" time="37" timestamp="2018-10-19 16:41:29" hostname="Owner - L13-IT-KISHORE.myeg.local" id="Test Suites/CSO_ADMIN_PrintIMM/Immigration Report">
      <properties>
         <property name="deviceName" value=""/>
         <property name="devicePlatform" value=""/>
         <property name="logFolder" value="C:\\Users\\Owner\\Katalon Studio\\Logistics\\Reports\\CSO_ADMIN_PrintIMM\\Immigration Report\\20181019_164127"/>
         <property name="logFiles" value="C:\\Users\\Owner\\Katalon Studio\\Logistics\\Reports\\CSO_ADMIN_PrintIMM\\Immigration Report\\20181019_164127\\execution0.log"/>
         <property name="attachments" value="C:\\Users\\Owner\\Katalon Studio\\Logistics\\Reports\\CSO_ADMIN_PrintIMM\\Immigration Report\\20181019_164127\\1539938498064.png, C:\\Users\\Owner\\Katalon Studio\\Logistics\\Reports\\CSO_ADMIN_PrintIMM\\Immigration Report\\20181019_164127\\1539938499178.png, C:\\Users\\Owner\\Katalon Studio\\Logistics\\Reports\\CSO_ADMIN_PrintIMM\\Immigration Report\\20181019_164127\\1539938500242.png, C:\\Users\\Owner\\Katalon Studio\\Logistics\\Reports\\CSO_ADMIN_PrintIMM\\Immigration Report\\20181019_164127\\1539938501917.png, C:\\Users\\Owner\\Katalon Studio\\Logistics\\Reports\\CSO_ADMIN_PrintIMM\\Immigration Report\\20181019_164127\\1539938502659.png, C:\\Users\\Owner\\Katalon Studio\\Logistics\\Reports\\CSO_ADMIN_PrintIMM\\Immigration Report\\20181019_164127\\1539938503394.png, C:\\Users\\Owner\\Katalon Studio\\Logistics\\Reports\\CSO_ADMIN_PrintIMM\\Immigration Report\\20181019_164127\\1539938503955.png, C:\\Users\\Owner\\Katalon Studio\\Logistics\\Reports\\CSO_ADMIN_PrintIMM\\Immigration Report\\20181019_164127\\1539938504456.png, C:\\Users\\Owner\\Katalon Studio\\Logistics\\Reports\\CSO_ADMIN_PrintIMM\\Immigration Report\\20181019_164127\\1539938505248.png, C:\\Users\\Owner\\Katalon Studio\\Logistics\\Reports\\CSO_ADMIN_PrintIMM\\Immigration Report\\20181019_164127\\1539938506472.png, C:\\Users\\Owner\\Katalon Studio\\Logistics\\Reports\\CSO_ADMIN_PrintIMM\\Immigration Report\\20181019_164127\\1539938507475.png, C:\\Users\\Owner\\Katalon Studio\\Logistics\\Reports\\CSO_ADMIN_PrintIMM\\Immigration Report\\20181019_164127\\1539938508548.png, C:\\Users\\Owner\\Katalon Studio\\Logistics\\Reports\\CSO_ADMIN_PrintIMM\\Immigration Report\\20181019_164127\\1539938509536.png, C:\\Users\\Owner\\Katalon Studio\\Logistics\\Reports\\CSO_ADMIN_PrintIMM\\Immigration Report\\20181019_164127\\1539938510527.png, C:\\Users\\Owner\\Katalon Studio\\Logistics\\Reports\\CSO_ADMIN_PrintIMM\\Immigration Report\\20181019_164127\\1539938511066.png, C:\\Users\\Owner\\Katalon Studio\\Logistics\\Reports\\CSO_ADMIN_PrintIMM\\Immigration Report\\20181019_164127\\1539938511572.png, C:\\Users\\Owner\\Katalon Studio\\Logistics\\Reports\\CSO_ADMIN_PrintIMM\\Immigration Report\\20181019_164127\\1539938512294.png, C:\\Users\\Owner\\Katalon Studio\\Logistics\\Reports\\CSO_ADMIN_PrintIMM\\Immigration Report\\20181019_164127\\1539938513202.png, C:\\Users\\Owner\\Katalon Studio\\Logistics\\Reports\\CSO_ADMIN_PrintIMM\\Immigration Report\\20181019_164127\\1539938514312.png, C:\\Users\\Owner\\Katalon Studio\\Logistics\\Reports\\CSO_ADMIN_PrintIMM\\Immigration Report\\20181019_164127\\1539938515334.png, C:\\Users\\Owner\\Katalon Studio\\Logistics\\Reports\\CSO_ADMIN_PrintIMM\\Immigration Report\\20181019_164127\\1539938516423.png, C:\\Users\\Owner\\Katalon Studio\\Logistics\\Reports\\CSO_ADMIN_PrintIMM\\Immigration Report\\20181019_164127\\1539938517422.png, C:\\Users\\Owner\\Katalon Studio\\Logistics\\Reports\\CSO_ADMIN_PrintIMM\\Immigration Report\\20181019_164127\\1539938518366.png, C:\\Users\\Owner\\Katalon Studio\\Logistics\\Reports\\CSO_ADMIN_PrintIMM\\Immigration Report\\20181019_164127\\1539938518876.png, C:\\Users\\Owner\\Katalon Studio\\Logistics\\Reports\\CSO_ADMIN_PrintIMM\\Immigration Report\\20181019_164127\\1539938519392.png, C:\\Users\\Owner\\Katalon Studio\\Logistics\\Reports\\CSO_ADMIN_PrintIMM\\Immigration Report\\20181019_164127\\1539938520110.png, C:\\Users\\Owner\\Katalon Studio\\Logistics\\Reports\\CSO_ADMIN_PrintIMM\\Immigration Report\\20181019_164127\\1539938521065.png, C:\\Users\\Owner\\Katalon Studio\\Logistics\\Reports\\CSO_ADMIN_PrintIMM\\Immigration Report\\20181019_164127\\1539938522281.png, C:\\Users\\Owner\\Katalon Studio\\Logistics\\Reports\\CSO_ADMIN_PrintIMM\\Immigration Report\\20181019_164127\\1539938523214.png, C:\\Users\\Owner\\Katalon Studio\\Logistics\\Reports\\CSO_ADMIN_PrintIMM\\Immigration Report\\20181019_164127\\1539938524293.png, C:\\Users\\Owner\\Katalon Studio\\Logistics\\Reports\\CSO_ADMIN_PrintIMM\\Immigration Report\\20181019_164127\\1539938525338.png, C:\\Users\\Owner\\Katalon Studio\\Logistics\\Reports\\CSO_ADMIN_PrintIMM\\Immigration Report\\20181019_164127\\1539938526293.png"/>
         <property name="hostName" value="Owner - L13-IT-KISHORE.myeg.local"/>
         <property name="os" value="Windows 10 64bit"/>
         <property name="katalonVersion" value="5.8.0.1"/>
         <property name="browser" value="Chrome 69.0.3497.100"/>
         <property name="hostAddress" value="192.168.8.168"/>
         <property name="sessionId" value="8deddd3f1cfa6f39d616e3724f7dba78"/>
         <property name="seleniumVersion" value="3.7.1"/>
         <property name="proxyInformation" value="ProxyInformation{proxyOption=NO_PROXY, proxyServerType=HTTP, password=, proxyServerAddress=, proxyServerPort=0}"/>
         <property name="platform" value="Windows 10"/>
      </properties>
      <testcase name="Test Cases/Logistics/Roles/CSOADMIN_PrintIMM/Immigration Report" classname="Test Cases/Logistics/Roles/CSOADMIN_PrintIMM/Immigration Report" status="PASSED">
         <system-out><![CDATA[2018-10-19 16:41:30 - [TEST_CASE][PASSED] - Test Cases/Logistics/Roles/CSOADMIN_PrintIMM/Immigration Report: Test Cases/Logistics/Roles/CSOADMIN_PrintIMM/Immigration Report

2018-10-19 16:41:30 - [TEST_STEP][PASSED] - openBrowser: Browser is opened with url: ''

2018-10-19 16:41:34 - [MESSAGE][PASSED] - Browser is opened with url: ''

2018-10-19 16:41:34 - [TEST_STEP][PASSED] - maximizeWindow: Current window maximized

2018-10-19 16:41:36 - [MESSAGE][PASSED] - Current window maximized

2018-10-19 16:41:36 - [TEST_STEP][PASSED] - navigateToUrl: Navigate to 'http://uat4.myeg.com.my/logistic/login/' successfully

2018-10-19 16:41:36 - [MESSAGE][PASSED] - Navigate to 'http://uat4.myeg.com.my/logistic/login/' successfully

2018-10-19 16:41:36 - [TEST_STEP][PASSED] - setText: Text 'AGENT' is set on object 'Object Repository/Page_MyEG Services  Logistic Report/input_j_username'

2018-10-19 16:41:37 - [MESSAGE][PASSED] - Text 'AGENT' is set on object 'Object Repository/Page_MyEG Services  Logistic Report/input_j_username'

2018-10-19 16:41:37 - [TEST_STEP][PASSED] - click: Object: 'Object Repository/Page_MyEG Services  Logistic Report/input_submit' is clicked on

2018-10-19 16:41:38 - [MESSAGE][PASSED] - Object: 'Object Repository/Page_MyEG Services  Logistic Report/input_submit' is clicked on

2018-10-19 16:41:38 - [TEST_STEP][PASSED] - takeScreenshot: Taking screenshot successfully

2018-10-19 16:41:38 - [MESSAGE][PASSED] - Taking screenshot successfully
[[ATTACHMENT|C:\\Users\\Owner\\Katalon Studio\\Logistics\\Reports\\CSO_ADMIN_PrintIMM\\Immigration Report\\20181019_164127\\1539938498064.png]]

2018-10-19 16:41:38 - [TEST_STEP][PASSED] - setEncryptedText: Text ****** has been set on object 'Object Repository/Page_MyEG Services  Logistic Report/input_j_password'

2018-10-19 16:41:38 - [MESSAGE][PASSED] - Text ****** has been set on object 'Object Repository/Page_MyEG Services  Logistic Report/input_j_password'

2018-10-19 16:41:38 - [TEST_STEP][PASSED] - click: Object: 'Object Repository/Page_MyEG Services  Logistic Report/input_submit' is clicked on

2018-10-19 16:41:39 - [MESSAGE][PASSED] - Object: 'Object Repository/Page_MyEG Services  Logistic Report/input_submit' is clicked on

2018-10-19 16:41:39 - [TEST_STEP][PASSED] - takeScreenshot: Taking screenshot successfully

2018-10-19 16:41:39 - [MESSAGE][PASSED] - Taking screenshot successfully
[[ATTACHMENT|C:\\Users\\Owner\\Katalon Studio\\Logistics\\Reports\\CSO_ADMIN_PrintIMM\\Immigration Report\\20181019_164127\\1539938499178.png]]

2018-10-19 16:41:39 - [TEST_STEP][PASSED] - setText: Text 'AGENT1234' is set on object 'Object Repository/Page_MyEG Services  Logistic Report/input_j_username'

2018-10-19 16:41:39 - [MESSAGE][PASSED] - Text 'AGENT1234' is set on object 'Object Repository/Page_MyEG Services  Logistic Report/input_j_username'

2018-10-19 16:41:39 - [TEST_STEP][PASSED] - setEncryptedText: Text ****** has been set on object 'Object Repository/Page_MyEG Services  Logistic Report/input_j_password'

2018-10-19 16:41:39 - [MESSAGE][PASSED] - Text ****** has been set on object 'Object Repository/Page_MyEG Services  Logistic Report/input_j_password'

2018-10-19 16:41:39 - [TEST_STEP][PASSED] - click: Object: 'Object Repository/Page_MyEG Services  Logistic Report/input_submit' is clicked on

2018-10-19 16:41:40 - [MESSAGE][PASSED] - Object: 'Object Repository/Page_MyEG Services  Logistic Report/input_submit' is clicked on

2018-10-19 16:41:40 - [TEST_STEP][PASSED] - takeScreenshot: Taking screenshot successfully

2018-10-19 16:41:40 - [MESSAGE][PASSED] - Taking screenshot successfully
[[ATTACHMENT|C:\\Users\\Owner\\Katalon Studio\\Logistics\\Reports\\CSO_ADMIN_PrintIMM\\Immigration Report\\20181019_164127\\1539938500242.png]]

2018-10-19 16:41:40 - [TEST_STEP][PASSED] - setText: Text 'AGENT' is set on object 'Object Repository/Page_MyEG Services  Logistic Report/input_j_username'

2018-10-19 16:41:40 - [MESSAGE][PASSED] - Text 'AGENT' is set on object 'Object Repository/Page_MyEG Services  Logistic Report/input_j_username'

2018-10-19 16:41:40 - [TEST_STEP][PASSED] - setEncryptedText: Text ****** has been set on object 'Object Repository/Page_MyEG Services  Logistic Report/input_j_password'

2018-10-19 16:41:40 - [MESSAGE][PASSED] - Text ****** has been set on object 'Object Repository/Page_MyEG Services  Logistic Report/input_j_password'

2018-10-19 16:41:40 - [TEST_STEP][PASSED] - click: Object: 'Object Repository/Page_MyEG Services  Logistic Report/input_submit' is clicked on

2018-10-19 16:41:41 - [MESSAGE][PASSED] - Object: 'Object Repository/Page_MyEG Services  Logistic Report/input_submit' is clicked on

2018-10-19 16:41:41 - [TEST_STEP][PASSED] - takeScreenshot: Taking screenshot successfully

2018-10-19 16:41:42 - [MESSAGE][PASSED] - Taking screenshot successfully
[[ATTACHMENT|C:\\Users\\Owner\\Katalon Studio\\Logistics\\Reports\\CSO_ADMIN_PrintIMM\\Immigration Report\\20181019_164127\\1539938501917.png]]

2018-10-19 16:41:42 - [TEST_STEP][PASSED] - click: Object: 'Object Repository/Page_MyEG Services  List of Tickets/a_Immigration Report' is clicked on

2018-10-19 16:41:42 - [MESSAGE][PASSED] - Object: 'Object Repository/Page_MyEG Services  List of Tickets/a_Immigration Report' is clicked on

2018-10-19 16:41:42 - [TEST_STEP][PASSED] - takeScreenshot: Taking screenshot successfully

2018-10-19 16:41:43 - [MESSAGE][PASSED] - Taking screenshot successfully
[[ATTACHMENT|C:\\Users\\Owner\\Katalon Studio\\Logistics\\Reports\\CSO_ADMIN_PrintIMM\\Immigration Report\\20181019_164127\\1539938502659.png]]

2018-10-19 16:41:43 - [TEST_STEP][PASSED] - click: Object: 'Object Repository/Page_MyEG Services  PERFORMANCE REP/a_Immigration Printing Assign' is clicked on

2018-10-19 16:41:43 - [MESSAGE][PASSED] - Object: 'Object Repository/Page_MyEG Services  PERFORMANCE REP/a_Immigration Printing Assign' is clicked on

2018-10-19 16:41:43 - [TEST_STEP][PASSED] - takeScreenshot: Taking screenshot successfully

2018-10-19 16:41:43 - [MESSAGE][PASSED] - Taking screenshot successfully
[[ATTACHMENT|C:\\Users\\Owner\\Katalon Studio\\Logistics\\Reports\\CSO_ADMIN_PrintIMM\\Immigration Report\\20181019_164127\\1539938503394.png]]

2018-10-19 16:41:43 - [TEST_STEP][PASSED] - click: Object: 'Object Repository/Page_MyEG Services  PERFORMANCE REP/a_reset' is clicked on

2018-10-19 16:41:43 - [MESSAGE][PASSED] - Object: 'Object Repository/Page_MyEG Services  PERFORMANCE REP/a_reset' is clicked on

2018-10-19 16:41:43 - [TEST_STEP][PASSED] - takeScreenshot: Taking screenshot successfully

2018-10-19 16:41:44 - [MESSAGE][PASSED] - Taking screenshot successfully
[[ATTACHMENT|C:\\Users\\Owner\\Katalon Studio\\Logistics\\Reports\\CSO_ADMIN_PrintIMM\\Immigration Report\\20181019_164127\\1539938503955.png]]

2018-10-19 16:41:44 - [TEST_STEP][PASSED] - click: Object: 'Object Repository/Page_MyEG Services  PERFORMANCE REP/input' is clicked on

2018-10-19 16:41:44 - [MESSAGE][PASSED] - Object: 'Object Repository/Page_MyEG Services  PERFORMANCE REP/input' is clicked on

2018-10-19 16:41:44 - [TEST_STEP][PASSED] - takeScreenshot: Taking screenshot successfully

2018-10-19 16:41:44 - [MESSAGE][PASSED] - Taking screenshot successfully
[[ATTACHMENT|C:\\Users\\Owner\\Katalon Studio\\Logistics\\Reports\\CSO_ADMIN_PrintIMM\\Immigration Report\\20181019_164127\\1539938504456.png]]

2018-10-19 16:41:44 - [TEST_STEP][PASSED] - setText: Text '46000' is set on object 'Object Repository/Page_MyEG Services  PERFORMANCE REP/input_pcstart'

2018-10-19 16:41:45 - [MESSAGE][PASSED] - Text '46000' is set on object 'Object Repository/Page_MyEG Services  PERFORMANCE REP/input_pcstart'

2018-10-19 16:41:45 - [TEST_STEP][PASSED] - setText: Text '47000' is set on object 'Object Repository/Page_MyEG Services  PERFORMANCE REP/input_pcend'

2018-10-19 16:41:45 - [MESSAGE][PASSED] - Text '47000' is set on object 'Object Repository/Page_MyEG Services  PERFORMANCE REP/input_pcend'

2018-10-19 16:41:45 - [TEST_STEP][PASSED] - click: Object: 'Object Repository/Page_MyEG Services  PERFORMANCE REP/input' is clicked on

2018-10-19 16:41:45 - [MESSAGE][PASSED] - Object: 'Object Repository/Page_MyEG Services  PERFORMANCE REP/input' is clicked on

2018-10-19 16:41:45 - [TEST_STEP][PASSED] - takeScreenshot: Taking screenshot successfully

2018-10-19 16:41:45 - [MESSAGE][PASSED] - Taking screenshot successfully
[[ATTACHMENT|C:\\Users\\Owner\\Katalon Studio\\Logistics\\Reports\\CSO_ADMIN_PrintIMM\\Immigration Report\\20181019_164127\\1539938505248.png]]

2018-10-19 16:41:45 - [TEST_STEP][PASSED] - setText: Text '30-Sep-2018' is set on object 'Object Repository/Page_MyEG Services  PERFORMANCE REP/input_dojo.from'

2018-10-19 16:41:45 - [MESSAGE][PASSED] - Text '30-Sep-2018' is set on object 'Object Repository/Page_MyEG Services  PERFORMANCE REP/input_dojo.from'

2018-10-19 16:41:45 - [TEST_STEP][PASSED] - setText: Text '46000' is set on object 'Object Repository/Page_MyEG Services  PERFORMANCE REP/input_pcstart'

2018-10-19 16:41:45 - [MESSAGE][PASSED] - Text '46000' is set on object 'Object Repository/Page_MyEG Services  PERFORMANCE REP/input_pcstart'

2018-10-19 16:41:45 - [TEST_STEP][PASSED] - click: Object: 'Object Repository/Page_MyEG Services  PERFORMANCE REP/input' is clicked on

2018-10-19 16:41:46 - [MESSAGE][PASSED] - Object: 'Object Repository/Page_MyEG Services  PERFORMANCE REP/input' is clicked on

2018-10-19 16:41:46 - [TEST_STEP][PASSED] - takeScreenshot: Taking screenshot successfully

2018-10-19 16:41:46 - [MESSAGE][PASSED] - Taking screenshot successfully
[[ATTACHMENT|C:\\Users\\Owner\\Katalon Studio\\Logistics\\Reports\\CSO_ADMIN_PrintIMM\\Immigration Report\\20181019_164127\\1539938506472.png]]

2018-10-19 16:41:46 - [TEST_STEP][PASSED] - setText: Text '47000' is set on object 'Object Repository/Page_MyEG Services  PERFORMANCE REP/input_pcend'

2018-10-19 16:41:47 - [MESSAGE][PASSED] - Text '47000' is set on object 'Object Repository/Page_MyEG Services  PERFORMANCE REP/input_pcend'

2018-10-19 16:41:47 - [TEST_STEP][PASSED] - click: Object: 'Object Repository/Page_MyEG Services  PERFORMANCE REP/input' is clicked on

2018-10-19 16:41:47 - [MESSAGE][PASSED] - Object: 'Object Repository/Page_MyEG Services  PERFORMANCE REP/input' is clicked on

2018-10-19 16:41:47 - [TEST_STEP][PASSED] - takeScreenshot: Taking screenshot successfully

2018-10-19 16:41:47 - [MESSAGE][PASSED] - Taking screenshot successfully
[[ATTACHMENT|C:\\Users\\Owner\\Katalon Studio\\Logistics\\Reports\\CSO_ADMIN_PrintIMM\\Immigration Report\\20181019_164127\\1539938507475.png]]

2018-10-19 16:41:47 - [TEST_STEP][PASSED] - setText: Text '##$$%' is set on object 'Object Repository/Page_MyEG Services  PERFORMANCE REP/input_pcstart'

2018-10-19 16:41:48 - [MESSAGE][PASSED] - Text '##$$%' is set on object 'Object Repository/Page_MyEG Services  PERFORMANCE REP/input_pcstart'

2018-10-19 16:41:48 - [TEST_STEP][PASSED] - setText: Text '&**&^' is set on object 'Object Repository/Page_MyEG Services  PERFORMANCE REP/input_pcend'

2018-10-19 16:41:48 - [MESSAGE][PASSED] - Text '&**&^' is set on object 'Object Repository/Page_MyEG Services  PERFORMANCE REP/input_pcend'

2018-10-19 16:41:48 - [TEST_STEP][PASSED] - click: Object: 'Object Repository/Page_MyEG Services  PERFORMANCE REP/input' is clicked on

2018-10-19 16:41:48 - [MESSAGE][PASSED] - Object: 'Object Repository/Page_MyEG Services  PERFORMANCE REP/input' is clicked on

2018-10-19 16:41:48 - [TEST_STEP][PASSED] - takeScreenshot: Taking screenshot successfully

2018-10-19 16:41:48 - [MESSAGE][PASSED] - Taking screenshot successfully
[[ATTACHMENT|C:\\Users\\Owner\\Katalon Studio\\Logistics\\Reports\\CSO_ADMIN_PrintIMM\\Immigration Report\\20181019_164127\\1539938508548.png]]

2018-10-19 16:41:48 - [TEST_STEP][PASSED] - setText: Text '46000' is set on object 'Object Repository/Page_MyEG Services  PERFORMANCE REP/input_pcstart'

2018-10-19 16:41:49 - [MESSAGE][PASSED] - Text '46000' is set on object 'Object Repository/Page_MyEG Services  PERFORMANCE REP/input_pcstart'

2018-10-19 16:41:49 - [TEST_STEP][PASSED] - setText: Text '47000' is set on object 'Object Repository/Page_MyEG Services  PERFORMANCE REP/input_pcend'

2018-10-19 16:41:49 - [MESSAGE][PASSED] - Text '47000' is set on object 'Object Repository/Page_MyEG Services  PERFORMANCE REP/input_pcend'

2018-10-19 16:41:49 - [TEST_STEP][PASSED] - click: Object: 'Object Repository/Page_MyEG Services  PERFORMANCE REP/input' is clicked on

2018-10-19 16:41:49 - [MESSAGE][PASSED] - Object: 'Object Repository/Page_MyEG Services  PERFORMANCE REP/input' is clicked on

2018-10-19 16:41:49 - [TEST_STEP][PASSED] - takeScreenshot: Taking screenshot successfully

2018-10-19 16:41:49 - [MESSAGE][PASSED] - Taking screenshot successfully
[[ATTACHMENT|C:\\Users\\Owner\\Katalon Studio\\Logistics\\Reports\\CSO_ADMIN_PrintIMM\\Immigration Report\\20181019_164127\\1539938509536.png]]

2018-10-19 16:41:49 - [TEST_STEP][PASSED] - click: Object: 'Object Repository/Page_MyEG Services  PERFORMANCE REP/a_Immigration Report' is clicked on

2018-10-19 16:41:50 - [MESSAGE][PASSED] - Object: 'Object Repository/Page_MyEG Services  PERFORMANCE REP/a_Immigration Report' is clicked on

2018-10-19 16:41:50 - [TEST_STEP][PASSED] - click: Object: 'Object Repository/Page_MyEG Services  PERFORMANCE REP/a_Immigration Delivery perform' is clicked on

2018-10-19 16:41:50 - [MESSAGE][PASSED] - Object: 'Object Repository/Page_MyEG Services  PERFORMANCE REP/a_Immigration Delivery perform' is clicked on

2018-10-19 16:41:50 - [TEST_STEP][PASSED] - takeScreenshot: Taking screenshot successfully

2018-10-19 16:41:50 - [MESSAGE][PASSED] - Taking screenshot successfully
[[ATTACHMENT|C:\\Users\\Owner\\Katalon Studio\\Logistics\\Reports\\CSO_ADMIN_PrintIMM\\Immigration Report\\20181019_164127\\1539938510527.png]]

2018-10-19 16:41:50 - [TEST_STEP][PASSED] - click: Object: 'Object Repository/Page_MyEG Services  PERFORMANCE REP/a_reset' is clicked on

2018-10-19 16:41:51 - [MESSAGE][PASSED] - Object: 'Object Repository/Page_MyEG Services  PERFORMANCE REP/a_reset' is clicked on

2018-10-19 16:41:51 - [TEST_STEP][PASSED] - takeScreenshot: Taking screenshot successfully

2018-10-19 16:41:51 - [MESSAGE][PASSED] - Taking screenshot successfully
[[ATTACHMENT|C:\\Users\\Owner\\Katalon Studio\\Logistics\\Reports\\CSO_ADMIN_PrintIMM\\Immigration Report\\20181019_164127\\1539938511066.png]]

2018-10-19 16:41:51 - [TEST_STEP][PASSED] - click: Object: 'Object Repository/Page_MyEG Services  PERFORMANCE REP/input' is clicked on

2018-10-19 16:41:51 - [MESSAGE][PASSED] - Object: 'Object Repository/Page_MyEG Services  PERFORMANCE REP/input' is clicked on

2018-10-19 16:41:51 - [TEST_STEP][PASSED] - takeScreenshot: Taking screenshot successfully

2018-10-19 16:41:51 - [MESSAGE][PASSED] - Taking screenshot successfully
[[ATTACHMENT|C:\\Users\\Owner\\Katalon Studio\\Logistics\\Reports\\CSO_ADMIN_PrintIMM\\Immigration Report\\20181019_164127\\1539938511572.png]]

2018-10-19 16:41:51 - [TEST_STEP][PASSED] - setText: Text '46000' is set on object 'Object Repository/Page_MyEG Services  PERFORMANCE REP/input_pcstart'

2018-10-19 16:41:52 - [MESSAGE][PASSED] - Text '46000' is set on object 'Object Repository/Page_MyEG Services  PERFORMANCE REP/input_pcstart'

2018-10-19 16:41:52 - [TEST_STEP][PASSED] - setText: Text '47000' is set on object 'Object Repository/Page_MyEG Services  PERFORMANCE REP/input_pcend'

2018-10-19 16:41:52 - [MESSAGE][PASSED] - Text '47000' is set on object 'Object Repository/Page_MyEG Services  PERFORMANCE REP/input_pcend'

2018-10-19 16:41:52 - [TEST_STEP][PASSED] - click: Object: 'Object Repository/Page_MyEG Services  PERFORMANCE REP/input' is clicked on

2018-10-19 16:41:52 - [MESSAGE][PASSED] - Object: 'Object Repository/Page_MyEG Services  PERFORMANCE REP/input' is clicked on

2018-10-19 16:41:52 - [TEST_STEP][PASSED] - takeScreenshot: Taking screenshot successfully

2018-10-19 16:41:52 - [MESSAGE][PASSED] - Taking screenshot successfully
[[ATTACHMENT|C:\\Users\\Owner\\Katalon Studio\\Logistics\\Reports\\CSO_ADMIN_PrintIMM\\Immigration Report\\20181019_164127\\1539938512294.png]]

2018-10-19 16:41:52 - [TEST_STEP][PASSED] - setText: Text '01-Aug-2018' is set on object 'Object Repository/Page_MyEG Services  PERFORMANCE REP/input_dojo.from'

2018-10-19 16:41:52 - [MESSAGE][PASSED] - Text '01-Aug-2018' is set on object 'Object Repository/Page_MyEG Services  PERFORMANCE REP/input_dojo.from'

2018-10-19 16:41:52 - [TEST_STEP][PASSED] - setText: Text '30-Sep-2018' is set on object 'Object Repository/Page_MyEG Services  PERFORMANCE REP/input_dojo.to'

2018-10-19 16:41:53 - [MESSAGE][PASSED] - Text '30-Sep-2018' is set on object 'Object Repository/Page_MyEG Services  PERFORMANCE REP/input_dojo.to'

2018-10-19 16:41:53 - [TEST_STEP][PASSED] - setText: Text '46000' is set on object 'Object Repository/Page_MyEG Services  PERFORMANCE REP/input_pcstart'

2018-10-19 16:41:53 - [MESSAGE][PASSED] - Text '46000' is set on object 'Object Repository/Page_MyEG Services  PERFORMANCE REP/input_pcstart'

2018-10-19 16:41:53 - [TEST_STEP][PASSED] - click: Object: 'Object Repository/Page_MyEG Services  PERFORMANCE REP/input' is clicked on

2018-10-19 16:41:53 - [MESSAGE][PASSED] - Object: 'Object Repository/Page_MyEG Services  PERFORMANCE REP/input' is clicked on

2018-10-19 16:41:53 - [TEST_STEP][PASSED] - acceptAlert: Alert accepted

2018-10-19 16:41:53 - [MESSAGE][PASSED] - Alert accepted

2018-10-19 16:41:53 - [TEST_STEP][PASSED] - takeScreenshot: Taking screenshot successfully

2018-10-19 16:41:53 - [MESSAGE][PASSED] - Taking screenshot successfully
[[ATTACHMENT|C:\\Users\\Owner\\Katalon Studio\\Logistics\\Reports\\CSO_ADMIN_PrintIMM\\Immigration Report\\20181019_164127\\1539938513202.png]]

2018-10-19 16:41:53 - [TEST_STEP][PASSED] - setText: Text '01-Aug-2018' is set on object 'Object Repository/Page_MyEG Services  PERFORMANCE REP/input_dojo.from'

2018-10-19 16:41:53 - [MESSAGE][PASSED] - Text '01-Aug-2018' is set on object 'Object Repository/Page_MyEG Services  PERFORMANCE REP/input_dojo.from'

2018-10-19 16:41:53 - [TEST_STEP][PASSED] - setText: Text '30-Aug-2018' is set on object 'Object Repository/Page_MyEG Services  PERFORMANCE REP/input_dojo.to'

2018-10-19 16:41:53 - [MESSAGE][PASSED] - Text '30-Aug-2018' is set on object 'Object Repository/Page_MyEG Services  PERFORMANCE REP/input_dojo.to'

2018-10-19 16:41:53 - [TEST_STEP][PASSED] - setText: Text '46000' is set on object 'Object Repository/Page_MyEG Services  PERFORMANCE REP/input_pcstart'

2018-10-19 16:41:53 - [MESSAGE][PASSED] - Text '46000' is set on object 'Object Repository/Page_MyEG Services  PERFORMANCE REP/input_pcstart'

2018-10-19 16:41:53 - [TEST_STEP][PASSED] - click: Object: 'Object Repository/Page_MyEG Services  PERFORMANCE REP/input' is clicked on

2018-10-19 16:41:54 - [MESSAGE][PASSED] - Object: 'Object Repository/Page_MyEG Services  PERFORMANCE REP/input' is clicked on

2018-10-19 16:41:54 - [TEST_STEP][PASSED] - takeScreenshot: Taking screenshot successfully

2018-10-19 16:41:54 - [MESSAGE][PASSED] - Taking screenshot successfully
[[ATTACHMENT|C:\\Users\\Owner\\Katalon Studio\\Logistics\\Reports\\CSO_ADMIN_PrintIMM\\Immigration Report\\20181019_164127\\1539938514312.png]]

2018-10-19 16:41:54 - [TEST_STEP][PASSED] - setText: Text '49000' is set on object 'Object Repository/Page_MyEG Services  PERFORMANCE REP/input_pcend'

2018-10-19 16:41:54 - [MESSAGE][PASSED] - Text '49000' is set on object 'Object Repository/Page_MyEG Services  PERFORMANCE REP/input_pcend'

2018-10-19 16:41:54 - [TEST_STEP][PASSED] - click: Object: 'Object Repository/Page_MyEG Services  PERFORMANCE REP/input' is clicked on

2018-10-19 16:41:55 - [MESSAGE][PASSED] - Object: 'Object Repository/Page_MyEG Services  PERFORMANCE REP/input' is clicked on

2018-10-19 16:41:55 - [TEST_STEP][PASSED] - takeScreenshot: Taking screenshot successfully

2018-10-19 16:41:55 - [MESSAGE][PASSED] - Taking screenshot successfully
[[ATTACHMENT|C:\\Users\\Owner\\Katalon Studio\\Logistics\\Reports\\CSO_ADMIN_PrintIMM\\Immigration Report\\20181019_164127\\1539938515334.png]]

2018-10-19 16:41:55 - [TEST_STEP][PASSED] - setText: Text '46000' is set on object 'Object Repository/Page_MyEG Services  PERFORMANCE REP/input_pcstart'

2018-10-19 16:41:55 - [MESSAGE][PASSED] - Text '46000' is set on object 'Object Repository/Page_MyEG Services  PERFORMANCE REP/input_pcstart'

2018-10-19 16:41:55 - [TEST_STEP][PASSED] - setText: Text '49000' is set on object 'Object Repository/Page_MyEG Services  PERFORMANCE REP/input_pcend'

2018-10-19 16:41:56 - [MESSAGE][PASSED] - Text '49000' is set on object 'Object Repository/Page_MyEG Services  PERFORMANCE REP/input_pcend'

2018-10-19 16:41:56 - [TEST_STEP][PASSED] - click: Object: 'Object Repository/Page_MyEG Services  PERFORMANCE REP/input' is clicked on

2018-10-19 16:41:56 - [MESSAGE][PASSED] - Object: 'Object Repository/Page_MyEG Services  PERFORMANCE REP/input' is clicked on

2018-10-19 16:41:56 - [TEST_STEP][PASSED] - takeScreenshot: Taking screenshot successfully

2018-10-19 16:41:56 - [MESSAGE][PASSED] - Taking screenshot successfully
[[ATTACHMENT|C:\\Users\\Owner\\Katalon Studio\\Logistics\\Reports\\CSO_ADMIN_PrintIMM\\Immigration Report\\20181019_164127\\1539938516423.png]]

2018-10-19 16:41:56 - [TEST_STEP][PASSED] - setText: Text '#$%^&' is set on object 'Object Repository/Page_MyEG Services  PERFORMANCE REP/input_pcstart'

2018-10-19 16:41:56 - [MESSAGE][PASSED] - Text '#$%^&' is set on object 'Object Repository/Page_MyEG Services  PERFORMANCE REP/input_pcstart'

2018-10-19 16:41:56 - [TEST_STEP][PASSED] - setText: Text '@##$%' is set on object 'Object Repository/Page_MyEG Services  PERFORMANCE REP/input_pcend'

2018-10-19 16:41:57 - [MESSAGE][PASSED] - Text '@##$%' is set on object 'Object Repository/Page_MyEG Services  PERFORMANCE REP/input_pcend'

2018-10-19 16:41:57 - [TEST_STEP][PASSED] - click: Object: 'Object Repository/Page_MyEG Services  PERFORMANCE REP/input' is clicked on

2018-10-19 16:41:57 - [MESSAGE][PASSED] - Object: 'Object Repository/Page_MyEG Services  PERFORMANCE REP/input' is clicked on

2018-10-19 16:41:57 - [TEST_STEP][PASSED] - takeScreenshot: Taking screenshot successfully

2018-10-19 16:41:57 - [MESSAGE][PASSED] - Taking screenshot successfully
[[ATTACHMENT|C:\\Users\\Owner\\Katalon Studio\\Logistics\\Reports\\CSO_ADMIN_PrintIMM\\Immigration Report\\20181019_164127\\1539938517422.png]]

2018-10-19 16:41:57 - [TEST_STEP][PASSED] - click: Object: 'Object Repository/Page_MyEG Services  PERFORMANCE REP/a_Immigration Report' is clicked on

2018-10-19 16:41:58 - [MESSAGE][PASSED] - Object: 'Object Repository/Page_MyEG Services  PERFORMANCE REP/a_Immigration Report' is clicked on

2018-10-19 16:41:58 - [TEST_STEP][PASSED] - click: Object: 'Object Repository/Page_MyEG Services  PERFORMANCE REP/a_Immigration Delivery perform_1' is clicked on

2018-10-19 16:41:58 - [MESSAGE][PASSED] - Object: 'Object Repository/Page_MyEG Services  PERFORMANCE REP/a_Immigration Delivery perform_1' is clicked on

2018-10-19 16:41:58 - [TEST_STEP][PASSED] - takeScreenshot: Taking screenshot successfully

2018-10-19 16:41:58 - [MESSAGE][PASSED] - Taking screenshot successfully
[[ATTACHMENT|C:\\Users\\Owner\\Katalon Studio\\Logistics\\Reports\\CSO_ADMIN_PrintIMM\\Immigration Report\\20181019_164127\\1539938518366.png]]

2018-10-19 16:41:58 - [TEST_STEP][PASSED] - click: Object: 'Object Repository/Page_MyEG Services  PERFORMANCE REP/a_reset' is clicked on

2018-10-19 16:41:58 - [MESSAGE][PASSED] - Object: 'Object Repository/Page_MyEG Services  PERFORMANCE REP/a_reset' is clicked on

2018-10-19 16:41:58 - [TEST_STEP][PASSED] - takeScreenshot: Taking screenshot successfully

2018-10-19 16:41:59 - [MESSAGE][PASSED] - Taking screenshot successfully
[[ATTACHMENT|C:\\Users\\Owner\\Katalon Studio\\Logistics\\Reports\\CSO_ADMIN_PrintIMM\\Immigration Report\\20181019_164127\\1539938518876.png]]

2018-10-19 16:41:59 - [TEST_STEP][PASSED] - click: Object: 'Object Repository/Page_MyEG Services  PERFORMANCE REP/input' is clicked on

2018-10-19 16:41:59 - [MESSAGE][PASSED] - Object: 'Object Repository/Page_MyEG Services  PERFORMANCE REP/input' is clicked on

2018-10-19 16:41:59 - [TEST_STEP][PASSED] - takeScreenshot: Taking screenshot successfully

2018-10-19 16:41:59 - [MESSAGE][PASSED] - Taking screenshot successfully
[[ATTACHMENT|C:\\Users\\Owner\\Katalon Studio\\Logistics\\Reports\\CSO_ADMIN_PrintIMM\\Immigration Report\\20181019_164127\\1539938519392.png]]

2018-10-19 16:41:59 - [TEST_STEP][PASSED] - setText: Text '46000' is set on object 'Object Repository/Page_MyEG Services  PERFORMANCE REP/input_pcstart'

2018-10-19 16:41:59 - [MESSAGE][PASSED] - Text '46000' is set on object 'Object Repository/Page_MyEG Services  PERFORMANCE REP/input_pcstart'

2018-10-19 16:41:59 - [TEST_STEP][PASSED] - setText: Text '47000' is set on object 'Object Repository/Page_MyEG Services  PERFORMANCE REP/input_pcend'

2018-10-19 16:42:00 - [MESSAGE][PASSED] - Text '47000' is set on object 'Object Repository/Page_MyEG Services  PERFORMANCE REP/input_pcend'

2018-10-19 16:42:00 - [TEST_STEP][PASSED] - click: Object: 'Object Repository/Page_MyEG Services  PERFORMANCE REP/input' is clicked on

2018-10-19 16:42:00 - [MESSAGE][PASSED] - Object: 'Object Repository/Page_MyEG Services  PERFORMANCE REP/input' is clicked on

2018-10-19 16:42:00 - [TEST_STEP][PASSED] - takeScreenshot: Taking screenshot successfully

2018-10-19 16:42:00 - [MESSAGE][PASSED] - Taking screenshot successfully
[[ATTACHMENT|C:\\Users\\Owner\\Katalon Studio\\Logistics\\Reports\\CSO_ADMIN_PrintIMM\\Immigration Report\\20181019_164127\\1539938520110.png]]

2018-10-19 16:42:00 - [TEST_STEP][PASSED] - setText: Text '01-Aug-2018' is set on object 'Object Repository/Page_MyEG Services  PERFORMANCE REP/input_dojo.from'

2018-10-19 16:42:00 - [MESSAGE][PASSED] - Text '01-Aug-2018' is set on object 'Object Repository/Page_MyEG Services  PERFORMANCE REP/input_dojo.from'

2018-10-19 16:42:00 - [TEST_STEP][PASSED] - setText: Text '30-Sep-2018' is set on object 'Object Repository/Page_MyEG Services  PERFORMANCE REP/input_dojo.to'

2018-10-19 16:42:00 - [MESSAGE][PASSED] - Text '30-Sep-2018' is set on object 'Object Repository/Page_MyEG Services  PERFORMANCE REP/input_dojo.to'

2018-10-19 16:42:00 - [TEST_STEP][PASSED] - setText: Text '46000' is set on object 'Object Repository/Page_MyEG Services  PERFORMANCE REP/input_pcstart'

2018-10-19 16:42:00 - [MESSAGE][PASSED] - Text '46000' is set on object 'Object Repository/Page_MyEG Services  PERFORMANCE REP/input_pcstart'

2018-10-19 16:42:00 - [TEST_STEP][PASSED] - click: Object: 'Object Repository/Page_MyEG Services  PERFORMANCE REP/input' is clicked on

2018-10-19 16:42:01 - [MESSAGE][PASSED] - Object: 'Object Repository/Page_MyEG Services  PERFORMANCE REP/input' is clicked on

2018-10-19 16:42:01 - [TEST_STEP][PASSED] - acceptAlert: Alert accepted

2018-10-19 16:42:01 - [MESSAGE][PASSED] - Alert accepted

2018-10-19 16:42:01 - [TEST_STEP][PASSED] - takeScreenshot: Taking screenshot successfully

2018-10-19 16:42:01 - [MESSAGE][PASSED] - Taking screenshot successfully
[[ATTACHMENT|C:\\Users\\Owner\\Katalon Studio\\Logistics\\Reports\\CSO_ADMIN_PrintIMM\\Immigration Report\\20181019_164127\\1539938521065.png]]

2018-10-19 16:42:01 - [TEST_STEP][PASSED] - setText: Text '01-Sep-2018' is set on object 'Object Repository/Page_MyEG Services  PERFORMANCE REP/input_dojo.from'

2018-10-19 16:42:01 - [MESSAGE][PASSED] - Text '01-Sep-2018' is set on object 'Object Repository/Page_MyEG Services  PERFORMANCE REP/input_dojo.from'

2018-10-19 16:42:01 - [TEST_STEP][PASSED] - setText: Text '30-Sep-2018' is set on object 'Object Repository/Page_MyEG Services  PERFORMANCE REP/input_dojo.to'

2018-10-19 16:42:01 - [MESSAGE][PASSED] - Text '30-Sep-2018' is set on object 'Object Repository/Page_MyEG Services  PERFORMANCE REP/input_dojo.to'

2018-10-19 16:42:01 - [TEST_STEP][PASSED] - setText: Text '46000' is set on object 'Object Repository/Page_MyEG Services  PERFORMANCE REP/input_pcstart'

2018-10-19 16:42:01 - [MESSAGE][PASSED] - Text '46000' is set on object 'Object Repository/Page_MyEG Services  PERFORMANCE REP/input_pcstart'

2018-10-19 16:42:01 - [TEST_STEP][PASSED] - click: Object: 'Object Repository/Page_MyEG Services  PERFORMANCE REP/input' is clicked on

2018-10-19 16:42:02 - [MESSAGE][PASSED] - Object: 'Object Repository/Page_MyEG Services  PERFORMANCE REP/input' is clicked on

2018-10-19 16:42:02 - [TEST_STEP][PASSED] - takeScreenshot: Taking screenshot successfully

2018-10-19 16:42:02 - [MESSAGE][PASSED] - Taking screenshot successfully
[[ATTACHMENT|C:\\Users\\Owner\\Katalon Studio\\Logistics\\Reports\\CSO_ADMIN_PrintIMM\\Immigration Report\\20181019_164127\\1539938522281.png]]

2018-10-19 16:42:02 - [TEST_STEP][PASSED] - setText: Text '49000' is set on object 'Object Repository/Page_MyEG Services  PERFORMANCE REP/input_pcend'

2018-10-19 16:42:02 - [MESSAGE][PASSED] - Text '49000' is set on object 'Object Repository/Page_MyEG Services  PERFORMANCE REP/input_pcend'

2018-10-19 16:42:02 - [TEST_STEP][PASSED] - click: Object: 'Object Repository/Page_MyEG Services  PERFORMANCE REP/input' is clicked on

2018-10-19 16:42:03 - [MESSAGE][PASSED] - Object: 'Object Repository/Page_MyEG Services  PERFORMANCE REP/input' is clicked on

2018-10-19 16:42:03 - [TEST_STEP][PASSED] - takeScreenshot: Taking screenshot successfully

2018-10-19 16:42:03 - [MESSAGE][PASSED] - Taking screenshot successfully
[[ATTACHMENT|C:\\Users\\Owner\\Katalon Studio\\Logistics\\Reports\\CSO_ADMIN_PrintIMM\\Immigration Report\\20181019_164127\\1539938523214.png]]

2018-10-19 16:42:03 - [TEST_STEP][PASSED] - setText: Text '46000' is set on object 'Object Repository/Page_MyEG Services  PERFORMANCE REP/input_pcstart'

2018-10-19 16:42:03 - [MESSAGE][PASSED] - Text '46000' is set on object 'Object Repository/Page_MyEG Services  PERFORMANCE REP/input_pcstart'

2018-10-19 16:42:03 - [TEST_STEP][PASSED] - setText: Text '49000' is set on object 'Object Repository/Page_MyEG Services  PERFORMANCE REP/input_pcend'

2018-10-19 16:42:03 - [MESSAGE][PASSED] - Text '49000' is set on object 'Object Repository/Page_MyEG Services  PERFORMANCE REP/input_pcend'

2018-10-19 16:42:03 - [TEST_STEP][PASSED] - click: Object: 'Object Repository/Page_MyEG Services  PERFORMANCE REP/input' is clicked on

2018-10-19 16:42:04 - [MESSAGE][PASSED] - Object: 'Object Repository/Page_MyEG Services  PERFORMANCE REP/input' is clicked on

2018-10-19 16:42:04 - [TEST_STEP][PASSED] - takeScreenshot: Taking screenshot successfully

2018-10-19 16:42:04 - [MESSAGE][PASSED] - Taking screenshot successfully
[[ATTACHMENT|C:\\Users\\Owner\\Katalon Studio\\Logistics\\Reports\\CSO_ADMIN_PrintIMM\\Immigration Report\\20181019_164127\\1539938524293.png]]

2018-10-19 16:42:04 - [TEST_STEP][PASSED] - setText: Text '%^^%%' is set on object 'Object Repository/Page_MyEG Services  PERFORMANCE REP/input_pcstart'

2018-10-19 16:42:04 - [MESSAGE][PASSED] - Text '%^^%%' is set on object 'Object Repository/Page_MyEG Services  PERFORMANCE REP/input_pcstart'

2018-10-19 16:42:04 - [TEST_STEP][PASSED] - setText: Text '$%^&&' is set on object 'Object Repository/Page_MyEG Services  PERFORMANCE REP/input_pcend'

2018-10-19 16:42:04 - [MESSAGE][PASSED] - Text '$%^&&' is set on object 'Object Repository/Page_MyEG Services  PERFORMANCE REP/input_pcend'

2018-10-19 16:42:04 - [TEST_STEP][PASSED] - click: Object: 'Object Repository/Page_MyEG Services  PERFORMANCE REP/input' is clicked on

2018-10-19 16:42:05 - [MESSAGE][PASSED] - Object: 'Object Repository/Page_MyEG Services  PERFORMANCE REP/input' is clicked on

2018-10-19 16:42:05 - [TEST_STEP][PASSED] - takeScreenshot: Taking screenshot successfully

2018-10-19 16:42:05 - [MESSAGE][PASSED] - Taking screenshot successfully
[[ATTACHMENT|C:\\Users\\Owner\\Katalon Studio\\Logistics\\Reports\\CSO_ADMIN_PrintIMM\\Immigration Report\\20181019_164127\\1539938525338.png]]

2018-10-19 16:42:05 - [TEST_STEP][PASSED] - click: Object: 'Object Repository/Page_MyEG Services  Insert title he/a_Logout' is clicked on

2018-10-19 16:42:06 - [MESSAGE][PASSED] - Object: 'Object Repository/Page_MyEG Services  Insert title he/a_Logout' is clicked on

2018-10-19 16:42:06 - [TEST_STEP][PASSED] - takeScreenshot: Taking screenshot successfully

2018-10-19 16:42:06 - [MESSAGE][PASSED] - Taking screenshot successfully
[[ATTACHMENT|C:\\Users\\Owner\\Katalon Studio\\Logistics\\Reports\\CSO_ADMIN_PrintIMM\\Immigration Report\\20181019_164127\\1539938526293.png]]

2018-10-19 16:42:06 - [TEST_STEP][PASSED] - closeBrowser: Browser is closed

2018-10-19 16:42:07 - [MESSAGE][PASSED] - Browser is closed]]></system-out>
         <system-err><![CDATA[]]></system-err>
      </testcase>
      <system-out><![CDATA[2018-10-19 16:41:29 - [TEST_SUITE][PASSED] - Immigration Report: Test Cases/Logistics/Roles/CSOADMIN_PrintIMM/Immigration Report]]></system-out>
      <system-err><![CDATA[]]></system-err>
   </testsuite>
</testsuites>
