<?xml version="1.0" encoding="UTF-8"?>
<testsuites name="Change Password" time="40" tests="0" failures="1" errors="0">
   <testsuite name="Change Password" tests="0" failures="1" errors="0" time="40" timestamp="2018-10-03 14:33:52" hostname="Owner - L13-IT-KISHORE.myeg.local" id="Test Suites/CSO_ADMIN/Change Password">
      <properties>
         <property name="deviceName" value=""/>
         <property name="devicePlatform" value=""/>
         <property name="logFolder" value="C:\\Users\\Owner\\Katalon Studio\\Logistics\\Reports\\CSO_ADMIN\\Change Password\\20181003_143350"/>
         <property name="logFiles" value="C:\\Users\\Owner\\Katalon Studio\\Logistics\\Reports\\CSO_ADMIN\\Change Password\\20181003_143350\\execution0.log"/>
         <property name="attachments" value="C:\\Users\\Owner\\Katalon Studio\\Logistics\\Reports\\CSO_ADMIN\\Change Password\\20181003_143350\\1538548471699.png"/>
         <property name="hostName" value="Owner - L13-IT-KISHORE.myeg.local"/>
         <property name="os" value="Windows 10 64bit"/>
         <property name="katalonVersion" value="5.6.1.1"/>
         <property name="browser" value="Chrome 69.0.3497.100"/>
         <property name="hostAddress" value="192.168.8.168"/>
         <property name="sessionId" value="6271b18684b22042c49b015e272e9d5a"/>
         <property name="seleniumVersion" value="3.7.1"/>
         <property name="proxyInformation" value="ProxyInformation{proxyOption=NO_PROXY, proxyServerType=HTTP, password=, proxyServerAddress=, proxyServerPort=0}"/>
         <property name="platform" value="Windows 10"/>
      </properties>
      <testcase name="Test Cases/Logistics/Roles/CSO_ADMIN/Change Password" classname="Test Cases/Logistics/Roles/CSO_ADMIN/Change Password" status="FAILED">
         <failure type="FAILED" message="Unable to click on object 'Object Repository/Page_MyEG Services  Logistic Report/a_Change Password' (Root cause: com.kms.katalon.core.webui.exception.WebElementNotFoundException: Web element with id: 'Object Repository/Page_MyEG Services  Logistic Report/a_Change Password' located by 'By.xpath: //a[@href = '../changepass/ChangePassword.action' and @title = 'Change Password' and (text() = 'Change Password' or . = 'Change Password')]' not found)"/>
         <system-out><![CDATA[2018-10-03 14:33:52 - [TEST_CASE][FAILED] - Test Cases/Logistics/Roles/CSO_ADMIN/Change Password: Test Cases/Logistics/Roles/CSO_ADMIN/Change Password FAILED because (of) Unable to click on object 'Object Repository/Page_MyEG Services  Logistic Report/a_Change Password' (Root cause: com.kms.katalon.core.webui.exception.WebElementNotFoundException: Web element with id: 'Object Repository/Page_MyEG Services  Logistic Report/a_Change Password' located by 'By.xpath: //a[@href = '../changepass/ChangePassword.action' and @title = 'Change Password' and (text() = 'Change Password' or . = 'Change Password')]' not found)

2018-10-03 14:33:52 - [TEST_STEP][PASSED] - openBrowser: Browser is opened with url: ''

2018-10-03 14:33:57 - [MESSAGE][PASSED] - Browser is opened with url: ''

2018-10-03 14:33:57 - [TEST_STEP][PASSED] - maximizeWindow: Current window maximized

2018-10-03 14:33:58 - [MESSAGE][PASSED] - Current window maximized

2018-10-03 14:33:58 - [TEST_STEP][PASSED] - navigateToUrl: Navigate to 'http://uat4.myeg.com.my/logistic/login/' successfully

2018-10-03 14:33:59 - [MESSAGE][PASSED] - Navigate to 'http://uat4.myeg.com.my/logistic/login/' successfully

2018-10-03 14:33:59 - [TEST_STEP][PASSED] - setText: Text 'AKMA1766' is set on object 'Object Repository/Page_MyEG Services  Logistic Report/input_j_username'

2018-10-03 14:33:59 - [MESSAGE][PASSED] - Text 'AKMA1766' is set on object 'Object Repository/Page_MyEG Services  Logistic Report/input_j_username'

2018-10-03 14:33:59 - [TEST_STEP][PASSED] - setEncryptedText: Text ****** has been set on object 'Object Repository/Page_MyEG Services  Logistic Report/input_j_password'

2018-10-03 14:33:59 - [MESSAGE][PASSED] - Text ****** has been set on object 'Object Repository/Page_MyEG Services  Logistic Report/input_j_password'

2018-10-03 14:33:59 - [TEST_STEP][PASSED] - click: Object: 'Object Repository/Page_MyEG Services  Logistic Report/input_submit' is clicked on

2018-10-03 14:34:00 - [MESSAGE][PASSED] - Object: 'Object Repository/Page_MyEG Services  Logistic Report/input_submit' is clicked on

2018-10-03 14:34:00 - [TEST_STEP][FAILED] - click: Unable to click on object 'Object Repository/Page_MyEG Services  Logistic Report/a_Change Password' (Root cause: com.kms.katalon.core.webui.exception.WebElementNotFoundException: Web element with id: 'Object Repository/Page_MyEG Services  Logistic Report/a_Change Password' located by 'By.xpath: //a[@href = '../changepass/ChangePassword.action' and @title = 'Change Password' and (text() = 'Change Password' or . = 'Change Password')]' not found)

2018-10-03 14:34:32 - [MESSAGE][FAILED] - Unable to click on object 'Object Repository/Page_MyEG Services  Logistic Report/a_Change Password' (Root cause: com.kms.katalon.core.webui.exception.WebElementNotFoundException: Web element with id: 'Object Repository/Page_MyEG Services  Logistic Report/a_Change Password' located by 'By.xpath: //a[@href = '../changepass/ChangePassword.action' and @title = 'Change Password' and (text() = 'Change Password' or . = 'Change Password')]' not found)
[[ATTACHMENT|C:\\Users\\Owner\\Katalon Studio\\Logistics\\Reports\\CSO_ADMIN\\Change Password\\20181003_143350\\1538548471699.png]]]]></system-out>
         <system-err><![CDATA[2018-10-03 14:33:52 - [TEST_CASE][FAILED] - Test Cases/Logistics/Roles/CSO_ADMIN/Change Password: Test Cases/Logistics/Roles/CSO_ADMIN/Change Password FAILED because (of) Unable to click on object 'Object Repository/Page_MyEG Services  Logistic Report/a_Change Password' (Root cause: com.kms.katalon.core.webui.exception.WebElementNotFoundException: Web element with id: 'Object Repository/Page_MyEG Services  Logistic Report/a_Change Password' located by 'By.xpath: //a[@href = '../changepass/ChangePassword.action' and @title = 'Change Password' and (text() = 'Change Password' or . = 'Change Password')]' not found)]]></system-err>
      </testcase>
      <system-out><![CDATA[2018-10-03 14:33:52 - [TEST_SUITE][FAILED] - Change Password: Test Cases/Logistics/Roles/CSO_ADMIN/Change Password FAILED because (of) Unable to click on object 'Object Repository/Page_MyEG Services  Logistic Report/a_Change Password' (Root cause: com.kms.katalon.core.webui.exception.WebElementNotFoundException: Web element with id: 'Object Repository/Page_MyEG Services  Logistic Report/a_Change Password' located by 'By.xpath: //a[@href = '../changepass/ChangePassword.action' and @title = 'Change Password' and (text() = 'Change Password' or . = 'Change Password')]' not found)]]></system-out>
      <system-err><![CDATA[2018-10-03 14:33:52 - [TEST_SUITE][FAILED] - Change Password: Test Cases/Logistics/Roles/CSO_ADMIN/Change Password FAILED because (of) Unable to click on object 'Object Repository/Page_MyEG Services  Logistic Report/a_Change Password' (Root cause: com.kms.katalon.core.webui.exception.WebElementNotFoundException: Web element with id: 'Object Repository/Page_MyEG Services  Logistic Report/a_Change Password' located by 'By.xpath: //a[@href = '../changepass/ChangePassword.action' and @title = 'Change Password' and (text() = 'Change Password' or . = 'Change Password')]' not found)]]></system-err>
   </testsuite>
</testsuites>
