<?xml version="1.0" encoding="UTF-8"?>
<testsuites name="Performance Report" time="168" tests="1" failures="0" errors="0">
   <testsuite name="Performance Report" tests="1" failures="0" errors="0" time="168" timestamp="2018-10-09 10:42:23" hostname="Owner - L13-IT-KISHORE.myeg.local" id="Test Suites/CSO_ADMIN_PrintIMM/Performance Report">
      <properties>
         <property name="deviceName" value=""/>
         <property name="devicePlatform" value=""/>
         <property name="logFolder" value="C:\\Users\\Owner\\Katalon Studio\\Logistics\\Reports\\CSO_ADMIN_PrintIMM\\Performance Report\\20181009_104221"/>
         <property name="logFiles" value="C:\\Users\\Owner\\Katalon Studio\\Logistics\\Reports\\CSO_ADMIN_PrintIMM\\Performance Report\\20181009_104221\\execution0.log"/>
         <property name="attachments" value="C:\\Users\\Owner\\Katalon Studio\\Logistics\\Reports\\CSO_ADMIN_PrintIMM\\Performance Report\\20181009_104221\\1539052951593.png, C:\\Users\\Owner\\Katalon Studio\\Logistics\\Reports\\CSO_ADMIN_PrintIMM\\Performance Report\\20181009_104221\\1539052952577.png, C:\\Users\\Owner\\Katalon Studio\\Logistics\\Reports\\CSO_ADMIN_PrintIMM\\Performance Report\\20181009_104221\\1539052953873.png, C:\\Users\\Owner\\Katalon Studio\\Logistics\\Reports\\CSO_ADMIN_PrintIMM\\Performance Report\\20181009_104221\\1539052955799.png, C:\\Users\\Owner\\Katalon Studio\\Logistics\\Reports\\CSO_ADMIN_PrintIMM\\Performance Report\\20181009_104221\\1539052956477.png, C:\\Users\\Owner\\Katalon Studio\\Logistics\\Reports\\CSO_ADMIN_PrintIMM\\Performance Report\\20181009_104221\\1539052957620.png, C:\\Users\\Owner\\Katalon Studio\\Logistics\\Reports\\CSO_ADMIN_PrintIMM\\Performance Report\\20181009_104221\\1539052958108.png, C:\\Users\\Owner\\Katalon Studio\\Logistics\\Reports\\CSO_ADMIN_PrintIMM\\Performance Report\\20181009_104221\\1539052964490.png, C:\\Users\\Owner\\Katalon Studio\\Logistics\\Reports\\CSO_ADMIN_PrintIMM\\Performance Report\\20181009_104221\\1539052969355.png, C:\\Users\\Owner\\Katalon Studio\\Logistics\\Reports\\CSO_ADMIN_PrintIMM\\Performance Report\\20181009_104221\\1539052975246.png, C:\\Users\\Owner\\Katalon Studio\\Logistics\\Reports\\CSO_ADMIN_PrintIMM\\Performance Report\\20181009_104221\\1539052980180.png, C:\\Users\\Owner\\Katalon Studio\\Logistics\\Reports\\CSO_ADMIN_PrintIMM\\Performance Report\\20181009_104221\\1539052985554.png, C:\\Users\\Owner\\Katalon Studio\\Logistics\\Reports\\CSO_ADMIN_PrintIMM\\Performance Report\\20181009_104221\\1539052990383.png, C:\\Users\\Owner\\Katalon Studio\\Logistics\\Reports\\CSO_ADMIN_PrintIMM\\Performance Report\\20181009_104221\\1539052995370.png, C:\\Users\\Owner\\Katalon Studio\\Logistics\\Reports\\CSO_ADMIN_PrintIMM\\Performance Report\\20181009_104221\\1539053000279.png, C:\\Users\\Owner\\Katalon Studio\\Logistics\\Reports\\CSO_ADMIN_PrintIMM\\Performance Report\\20181009_104221\\1539053005991.png, C:\\Users\\Owner\\Katalon Studio\\Logistics\\Reports\\CSO_ADMIN_PrintIMM\\Performance Report\\20181009_104221\\1539053010923.png, C:\\Users\\Owner\\Katalon Studio\\Logistics\\Reports\\CSO_ADMIN_PrintIMM\\Performance Report\\20181009_104221\\1539053015901.png, C:\\Users\\Owner\\Katalon Studio\\Logistics\\Reports\\CSO_ADMIN_PrintIMM\\Performance Report\\20181009_104221\\1539053020824.png, C:\\Users\\Owner\\Katalon Studio\\Logistics\\Reports\\CSO_ADMIN_PrintIMM\\Performance Report\\20181009_104221\\1539053025615.png, C:\\Users\\Owner\\Katalon Studio\\Logistics\\Reports\\CSO_ADMIN_PrintIMM\\Performance Report\\20181009_104221\\1539053030635.png, C:\\Users\\Owner\\Katalon Studio\\Logistics\\Reports\\CSO_ADMIN_PrintIMM\\Performance Report\\20181009_104221\\1539053061219.png, C:\\Users\\Owner\\Katalon Studio\\Logistics\\Reports\\CSO_ADMIN_PrintIMM\\Performance Report\\20181009_104221\\1539053061731.png, C:\\Users\\Owner\\Katalon Studio\\Logistics\\Reports\\CSO_ADMIN_PrintIMM\\Performance Report\\20181009_104221\\1539053091486.png, C:\\Users\\Owner\\Katalon Studio\\Logistics\\Reports\\CSO_ADMIN_PrintIMM\\Performance Report\\20181009_104221\\1539053092815.png, C:\\Users\\Owner\\Katalon Studio\\Logistics\\Reports\\CSO_ADMIN_PrintIMM\\Performance Report\\20181009_104221\\1539053094277.png, C:\\Users\\Owner\\Katalon Studio\\Logistics\\Reports\\CSO_ADMIN_PrintIMM\\Performance Report\\20181009_104221\\1539053095722.png, C:\\Users\\Owner\\Katalon Studio\\Logistics\\Reports\\CSO_ADMIN_PrintIMM\\Performance Report\\20181009_104221\\1539053097384.png, C:\\Users\\Owner\\Katalon Studio\\Logistics\\Reports\\CSO_ADMIN_PrintIMM\\Performance Report\\20181009_104221\\1539053099062.png, C:\\Users\\Owner\\Katalon Studio\\Logistics\\Reports\\CSO_ADMIN_PrintIMM\\Performance Report\\20181009_104221\\1539053100572.png, C:\\Users\\Owner\\Katalon Studio\\Logistics\\Reports\\CSO_ADMIN_PrintIMM\\Performance Report\\20181009_104221\\1539053102056.png, C:\\Users\\Owner\\Katalon Studio\\Logistics\\Reports\\CSO_ADMIN_PrintIMM\\Performance Report\\20181009_104221\\1539053103520.png, C:\\Users\\Owner\\Katalon Studio\\Logistics\\Reports\\CSO_ADMIN_PrintIMM\\Performance Report\\20181009_104221\\1539053105045.png, C:\\Users\\Owner\\Katalon Studio\\Logistics\\Reports\\CSO_ADMIN_PrintIMM\\Performance Report\\20181009_104221\\1539053106566.png, C:\\Users\\Owner\\Katalon Studio\\Logistics\\Reports\\CSO_ADMIN_PrintIMM\\Performance Report\\20181009_104221\\1539053108043.png, C:\\Users\\Owner\\Katalon Studio\\Logistics\\Reports\\CSO_ADMIN_PrintIMM\\Performance Report\\20181009_104221\\1539053109518.png, C:\\Users\\Owner\\Katalon Studio\\Logistics\\Reports\\CSO_ADMIN_PrintIMM\\Performance Report\\20181009_104221\\1539053111052.png"/>
         <property name="hostName" value="Owner - L13-IT-KISHORE.myeg.local"/>
         <property name="os" value="Windows 10 64bit"/>
         <property name="katalonVersion" value="5.6.1.1"/>
         <property name="browser" value="Chrome 69.0.3497.100"/>
         <property name="hostAddress" value="192.168.8.168"/>
         <property name="sessionId" value="49751281b7a5d713584e7be79470bf6e"/>
         <property name="seleniumVersion" value="3.7.1"/>
         <property name="proxyInformation" value="ProxyInformation{proxyOption=NO_PROXY, proxyServerType=HTTP, password=, proxyServerAddress=, proxyServerPort=0}"/>
         <property name="platform" value="Windows 10"/>
      </properties>
      <testcase name="Test Cases/Logistics/Roles/CSOADMIN_PrintIMM/Performance Report" classname="Test Cases/Logistics/Roles/CSOADMIN_PrintIMM/Performance Report" status="PASSED">
         <system-out><![CDATA[2018-10-09 10:42:24 - [TEST_CASE][PASSED] - Test Cases/Logistics/Roles/CSOADMIN_PrintIMM/Performance Report: Test Cases/Logistics/Roles/CSOADMIN_PrintIMM/Performance Report

2018-10-09 10:42:24 - [TEST_STEP][PASSED] - openBrowser: Browser is opened with url: ''

2018-10-09 10:42:28 - [MESSAGE][PASSED] - Browser is opened with url: ''

2018-10-09 10:42:28 - [TEST_STEP][PASSED] - maximizeWindow: Current window maximized

2018-10-09 10:42:29 - [MESSAGE][PASSED] - Current window maximized

2018-10-09 10:42:29 - [TEST_STEP][PASSED] - navigateToUrl: Navigate to 'http://uat4.myeg.com.my/logistic/login/' successfully

2018-10-09 10:42:30 - [MESSAGE][PASSED] - Navigate to 'http://uat4.myeg.com.my/logistic/login/' successfully

2018-10-09 10:42:30 - [TEST_STEP][PASSED] - setText: Text 'AGENT' is set on object 'Object Repository/Page_MyEG Services  Logistic Report/input_j_username'

2018-10-09 10:42:31 - [MESSAGE][PASSED] - Text 'AGENT' is set on object 'Object Repository/Page_MyEG Services  Logistic Report/input_j_username'

2018-10-09 10:42:31 - [TEST_STEP][PASSED] - click: Object: 'Object Repository/Page_MyEG Services  Logistic Report/input_submit' is clicked on

2018-10-09 10:42:31 - [MESSAGE][PASSED] - Object: 'Object Repository/Page_MyEG Services  Logistic Report/input_submit' is clicked on

2018-10-09 10:42:31 - [TEST_STEP][PASSED] - takeScreenshot: Taking screenshot successfully

2018-10-09 10:42:32 - [MESSAGE][PASSED] - Taking screenshot successfully
[[ATTACHMENT|C:\\Users\\Owner\\Katalon Studio\\Logistics\\Reports\\CSO_ADMIN_PrintIMM\\Performance Report\\20181009_104221\\1539052951593.png]]

2018-10-09 10:42:32 - [TEST_STEP][PASSED] - setEncryptedText: Text ****** has been set on object 'Object Repository/Page_MyEG Services  Logistic Report/input_j_password'

2018-10-09 10:42:32 - [MESSAGE][PASSED] - Text ****** has been set on object 'Object Repository/Page_MyEG Services  Logistic Report/input_j_password'

2018-10-09 10:42:32 - [TEST_STEP][PASSED] - click: Object: 'Object Repository/Page_MyEG Services  Logistic Report/input_submit' is clicked on

2018-10-09 10:42:32 - [MESSAGE][PASSED] - Object: 'Object Repository/Page_MyEG Services  Logistic Report/input_submit' is clicked on

2018-10-09 10:42:32 - [TEST_STEP][PASSED] - takeScreenshot: Taking screenshot successfully

2018-10-09 10:42:33 - [MESSAGE][PASSED] - Taking screenshot successfully
[[ATTACHMENT|C:\\Users\\Owner\\Katalon Studio\\Logistics\\Reports\\CSO_ADMIN_PrintIMM\\Performance Report\\20181009_104221\\1539052952577.png]]

2018-10-09 10:42:33 - [TEST_STEP][PASSED] - setText: Text 'AGENT1234' is set on object 'Object Repository/Page_MyEG Services  Logistic Report/input_j_username'

2018-10-09 10:42:33 - [MESSAGE][PASSED] - Text 'AGENT1234' is set on object 'Object Repository/Page_MyEG Services  Logistic Report/input_j_username'

2018-10-09 10:42:33 - [TEST_STEP][PASSED] - setEncryptedText: Text ****** has been set on object 'Object Repository/Page_MyEG Services  Logistic Report/input_j_password'

2018-10-09 10:42:33 - [MESSAGE][PASSED] - Text ****** has been set on object 'Object Repository/Page_MyEG Services  Logistic Report/input_j_password'

2018-10-09 10:42:33 - [TEST_STEP][PASSED] - click: Object: 'Object Repository/Page_MyEG Services  Logistic Report/input_submit' is clicked on

2018-10-09 10:42:33 - [MESSAGE][PASSED] - Object: 'Object Repository/Page_MyEG Services  Logistic Report/input_submit' is clicked on

2018-10-09 10:42:33 - [TEST_STEP][PASSED] - takeScreenshot: Taking screenshot successfully

2018-10-09 10:42:34 - [MESSAGE][PASSED] - Taking screenshot successfully
[[ATTACHMENT|C:\\Users\\Owner\\Katalon Studio\\Logistics\\Reports\\CSO_ADMIN_PrintIMM\\Performance Report\\20181009_104221\\1539052953873.png]]

2018-10-09 10:42:34 - [TEST_STEP][PASSED] - setText: Text 'AGENT' is set on object 'Object Repository/Page_MyEG Services  Logistic Report/input_j_username'

2018-10-09 10:42:34 - [MESSAGE][PASSED] - Text 'AGENT' is set on object 'Object Repository/Page_MyEG Services  Logistic Report/input_j_username'

2018-10-09 10:42:34 - [TEST_STEP][PASSED] - setEncryptedText: Text ****** has been set on object 'Object Repository/Page_MyEG Services  Logistic Report/input_j_password'

2018-10-09 10:42:34 - [MESSAGE][PASSED] - Text ****** has been set on object 'Object Repository/Page_MyEG Services  Logistic Report/input_j_password'

2018-10-09 10:42:34 - [TEST_STEP][PASSED] - click: Object: 'Object Repository/Page_MyEG Services  Logistic Report/input_submit' is clicked on

2018-10-09 10:42:35 - [MESSAGE][PASSED] - Object: 'Object Repository/Page_MyEG Services  Logistic Report/input_submit' is clicked on

2018-10-09 10:42:35 - [TEST_STEP][PASSED] - takeScreenshot: Taking screenshot successfully

2018-10-09 10:42:36 - [MESSAGE][PASSED] - Taking screenshot successfully
[[ATTACHMENT|C:\\Users\\Owner\\Katalon Studio\\Logistics\\Reports\\CSO_ADMIN_PrintIMM\\Performance Report\\20181009_104221\\1539052955799.png]]

2018-10-09 10:42:36 - [TEST_STEP][PASSED] - click: Object: 'Object Repository/Page_MyEG Services  List of Tickets/a_Performance Report' is clicked on

2018-10-09 10:42:36 - [MESSAGE][PASSED] - Object: 'Object Repository/Page_MyEG Services  List of Tickets/a_Performance Report' is clicked on

2018-10-09 10:42:36 - [TEST_STEP][PASSED] - takeScreenshot: Taking screenshot successfully

2018-10-09 10:42:36 - [MESSAGE][PASSED] - Taking screenshot successfully
[[ATTACHMENT|C:\\Users\\Owner\\Katalon Studio\\Logistics\\Reports\\CSO_ADMIN_PrintIMM\\Performance Report\\20181009_104221\\1539052956477.png]]

2018-10-09 10:42:36 - [TEST_STEP][PASSED] - click: Object: 'Object Repository/Page_MyEG Services  PERFORMANCE REP/a_LO Performance By Date' is clicked on

2018-10-09 10:42:37 - [MESSAGE][PASSED] - Object: 'Object Repository/Page_MyEG Services  PERFORMANCE REP/a_LO Performance By Date' is clicked on

2018-10-09 10:42:37 - [TEST_STEP][PASSED] - setText: Text '01-Jan-2018' is set on object 'Object Repository/Page_MyEG Services  PERFORMANCE REP/input_dojo.from'

2018-10-09 10:42:37 - [MESSAGE][PASSED] - Text '01-Jan-2018' is set on object 'Object Repository/Page_MyEG Services  PERFORMANCE REP/input_dojo.from'

2018-10-09 10:42:37 - [TEST_STEP][PASSED] - setText: Text '30-Sep-2018' is set on object 'Object Repository/Page_MyEG Services  PERFORMANCE REP/input_dojo.to'

2018-10-09 10:42:37 - [MESSAGE][PASSED] - Text '30-Sep-2018' is set on object 'Object Repository/Page_MyEG Services  PERFORMANCE REP/input_dojo.to'

2018-10-09 10:42:37 - [TEST_STEP][PASSED] - click: Object: 'Object Repository/Page_MyEG Services  PERFORMANCE REP/a_reset' is clicked on

2018-10-09 10:42:37 - [MESSAGE][PASSED] - Object: 'Object Repository/Page_MyEG Services  PERFORMANCE REP/a_reset' is clicked on

2018-10-09 10:42:37 - [TEST_STEP][PASSED] - takeScreenshot: Taking screenshot successfully

2018-10-09 10:42:38 - [MESSAGE][PASSED] - Taking screenshot successfully
[[ATTACHMENT|C:\\Users\\Owner\\Katalon Studio\\Logistics\\Reports\\CSO_ADMIN_PrintIMM\\Performance Report\\20181009_104221\\1539052957620.png]]

2018-10-09 10:42:38 - [TEST_STEP][PASSED] - click: Object: 'Object Repository/Page_MyEG Services  PERFORMANCE REP/input' is clicked on

2018-10-09 10:42:38 - [MESSAGE][PASSED] - Object: 'Object Repository/Page_MyEG Services  PERFORMANCE REP/input' is clicked on

2018-10-09 10:42:38 - [TEST_STEP][PASSED] - takeScreenshot: Taking screenshot successfully

2018-10-09 10:42:38 - [MESSAGE][PASSED] - Taking screenshot successfully
[[ATTACHMENT|C:\\Users\\Owner\\Katalon Studio\\Logistics\\Reports\\CSO_ADMIN_PrintIMM\\Performance Report\\20181009_104221\\1539052958108.png]]

2018-10-09 10:42:38 - [TEST_STEP][PASSED] - setText: Text '01-Jan-2018' is set on object 'Object Repository/Page_MyEG Services  PERFORMANCE REP/input_dojo.from'

2018-10-09 10:42:38 - [MESSAGE][PASSED] - Text '01-Jan-2018' is set on object 'Object Repository/Page_MyEG Services  PERFORMANCE REP/input_dojo.from'

2018-10-09 10:42:38 - [TEST_STEP][PASSED] - setText: Text '30-Sep-2018' is set on object 'Object Repository/Page_MyEG Services  PERFORMANCE REP/input_dojo.to'

2018-10-09 10:42:38 - [MESSAGE][PASSED] - Text '30-Sep-2018' is set on object 'Object Repository/Page_MyEG Services  PERFORMANCE REP/input_dojo.to'

2018-10-09 10:42:38 - [TEST_STEP][PASSED] - selectOptionByValue: All options with value 'LK' are selected in object 'Object Repository/Page_MyEG Services  PERFORMANCE REP/select_-- Please Select --'  using regular expression

2018-10-09 10:42:39 - [MESSAGE][PASSED] - All options with value 'LK' are selected in object 'Object Repository/Page_MyEG Services  PERFORMANCE REP/select_-- Please Select --'  using regular expression

2018-10-09 10:42:39 - [TEST_STEP][PASSED] - click: Object: 'Object Repository/Page_MyEG Services  PERFORMANCE REP/input' is clicked on

2018-10-09 10:42:44 - [MESSAGE][PASSED] - Object: 'Object Repository/Page_MyEG Services  PERFORMANCE REP/input' is clicked on

2018-10-09 10:42:44 - [TEST_STEP][PASSED] - takeScreenshot: Taking screenshot successfully

2018-10-09 10:42:44 - [MESSAGE][PASSED] - Taking screenshot successfully
[[ATTACHMENT|C:\\Users\\Owner\\Katalon Studio\\Logistics\\Reports\\CSO_ADMIN_PrintIMM\\Performance Report\\20181009_104221\\1539052964490.png]]

2018-10-09 10:42:44 - [TEST_STEP][PASSED] - selectOptionByValue: All options with value 'JM' are selected in object 'Object Repository/Page_MyEG Services  PERFORMANCE REP/select_-- Please Select --'  using regular expression

2018-10-09 10:42:45 - [MESSAGE][PASSED] - All options with value 'JM' are selected in object 'Object Repository/Page_MyEG Services  PERFORMANCE REP/select_-- Please Select --'  using regular expression

2018-10-09 10:42:45 - [TEST_STEP][PASSED] - click: Object: 'Object Repository/Page_MyEG Services  PERFORMANCE REP/input' is clicked on

2018-10-09 10:42:49 - [MESSAGE][PASSED] - Object: 'Object Repository/Page_MyEG Services  PERFORMANCE REP/input' is clicked on

2018-10-09 10:42:49 - [TEST_STEP][PASSED] - takeScreenshot: Taking screenshot successfully

2018-10-09 10:42:49 - [MESSAGE][PASSED] - Taking screenshot successfully
[[ATTACHMENT|C:\\Users\\Owner\\Katalon Studio\\Logistics\\Reports\\CSO_ADMIN_PrintIMM\\Performance Report\\20181009_104221\\1539052969355.png]]

2018-10-09 10:42:49 - [TEST_STEP][PASSED] - selectOptionByValue: All options with value 'IM' are selected in object 'Object Repository/Page_MyEG Services  PERFORMANCE REP/select_-- Please Select --'  using regular expression

2018-10-09 10:42:50 - [MESSAGE][PASSED] - All options with value 'IM' are selected in object 'Object Repository/Page_MyEG Services  PERFORMANCE REP/select_-- Please Select --'  using regular expression

2018-10-09 10:42:50 - [TEST_STEP][PASSED] - click: Object: 'Object Repository/Page_MyEG Services  PERFORMANCE REP/input' is clicked on

2018-10-09 10:42:55 - [MESSAGE][PASSED] - Object: 'Object Repository/Page_MyEG Services  PERFORMANCE REP/input' is clicked on

2018-10-09 10:42:55 - [TEST_STEP][PASSED] - takeScreenshot: Taking screenshot successfully

2018-10-09 10:42:55 - [MESSAGE][PASSED] - Taking screenshot successfully
[[ATTACHMENT|C:\\Users\\Owner\\Katalon Studio\\Logistics\\Reports\\CSO_ADMIN_PrintIMM\\Performance Report\\20181009_104221\\1539052975246.png]]

2018-10-09 10:42:55 - [TEST_STEP][PASSED] - selectOptionByValue: All options with value 'MD' are selected in object 'Object Repository/Page_MyEG Services  PERFORMANCE REP/select_-- Please Select --'  using regular expression

2018-10-09 10:42:56 - [MESSAGE][PASSED] - All options with value 'MD' are selected in object 'Object Repository/Page_MyEG Services  PERFORMANCE REP/select_-- Please Select --'  using regular expression

2018-10-09 10:42:56 - [TEST_STEP][PASSED] - click: Object: 'Object Repository/Page_MyEG Services  PERFORMANCE REP/input' is clicked on

2018-10-09 10:43:00 - [MESSAGE][PASSED] - Object: 'Object Repository/Page_MyEG Services  PERFORMANCE REP/input' is clicked on

2018-10-09 10:43:00 - [TEST_STEP][PASSED] - takeScreenshot: Taking screenshot successfully

2018-10-09 10:43:00 - [MESSAGE][PASSED] - Taking screenshot successfully
[[ATTACHMENT|C:\\Users\\Owner\\Katalon Studio\\Logistics\\Reports\\CSO_ADMIN_PrintIMM\\Performance Report\\20181009_104221\\1539052980180.png]]

2018-10-09 10:43:00 - [TEST_STEP][PASSED] - selectOptionByValue: All options with value 'FW' are selected in object 'Object Repository/Page_MyEG Services  PERFORMANCE REP/select_-- Please Select --'  using regular expression

2018-10-09 10:43:00 - [MESSAGE][PASSED] - All options with value 'FW' are selected in object 'Object Repository/Page_MyEG Services  PERFORMANCE REP/select_-- Please Select --'  using regular expression

2018-10-09 10:43:00 - [TEST_STEP][PASSED] - click: Object: 'Object Repository/Page_MyEG Services  PERFORMANCE REP/input' is clicked on

2018-10-09 10:43:05 - [MESSAGE][PASSED] - Object: 'Object Repository/Page_MyEG Services  PERFORMANCE REP/input' is clicked on

2018-10-09 10:43:05 - [TEST_STEP][PASSED] - takeScreenshot: Taking screenshot successfully

2018-10-09 10:43:06 - [MESSAGE][PASSED] - Taking screenshot successfully
[[ATTACHMENT|C:\\Users\\Owner\\Katalon Studio\\Logistics\\Reports\\CSO_ADMIN_PrintIMM\\Performance Report\\20181009_104221\\1539052985554.png]]

2018-10-09 10:43:06 - [TEST_STEP][PASSED] - selectOptionByValue: All options with value 'CL' are selected in object 'Object Repository/Page_MyEG Services  PERFORMANCE REP/select_-- Please Select --'  using regular expression

2018-10-09 10:43:06 - [MESSAGE][PASSED] - All options with value 'CL' are selected in object 'Object Repository/Page_MyEG Services  PERFORMANCE REP/select_-- Please Select --'  using regular expression

2018-10-09 10:43:06 - [TEST_STEP][PASSED] - click: Object: 'Object Repository/Page_MyEG Services  PERFORMANCE REP/input' is clicked on

2018-10-09 10:43:10 - [MESSAGE][PASSED] - Object: 'Object Repository/Page_MyEG Services  PERFORMANCE REP/input' is clicked on

2018-10-09 10:43:10 - [TEST_STEP][PASSED] - takeScreenshot: Taking screenshot successfully

2018-10-09 10:43:10 - [MESSAGE][PASSED] - Taking screenshot successfully
[[ATTACHMENT|C:\\Users\\Owner\\Katalon Studio\\Logistics\\Reports\\CSO_ADMIN_PrintIMM\\Performance Report\\20181009_104221\\1539052990383.png]]

2018-10-09 10:43:10 - [TEST_STEP][PASSED] - selectOptionByValue: All options with value '1M' are selected in object 'Object Repository/Page_MyEG Services  PERFORMANCE REP/select_-- Please Select --'  using regular expression

2018-10-09 10:43:11 - [MESSAGE][PASSED] - All options with value '1M' are selected in object 'Object Repository/Page_MyEG Services  PERFORMANCE REP/select_-- Please Select --'  using regular expression

2018-10-09 10:43:11 - [TEST_STEP][PASSED] - click: Object: 'Object Repository/Page_MyEG Services  PERFORMANCE REP/input' is clicked on

2018-10-09 10:43:15 - [MESSAGE][PASSED] - Object: 'Object Repository/Page_MyEG Services  PERFORMANCE REP/input' is clicked on

2018-10-09 10:43:15 - [TEST_STEP][PASSED] - takeScreenshot: Taking screenshot successfully

2018-10-09 10:43:15 - [MESSAGE][PASSED] - Taking screenshot successfully
[[ATTACHMENT|C:\\Users\\Owner\\Katalon Studio\\Logistics\\Reports\\CSO_ADMIN_PrintIMM\\Performance Report\\20181009_104221\\1539052995370.png]]

2018-10-09 10:43:15 - [TEST_STEP][PASSED] - selectOptionByValue: All options with value 'SP' are selected in object 'Object Repository/Page_MyEG Services  PERFORMANCE REP/select_-- Please Select --'  using regular expression

2018-10-09 10:43:16 - [MESSAGE][PASSED] - All options with value 'SP' are selected in object 'Object Repository/Page_MyEG Services  PERFORMANCE REP/select_-- Please Select --'  using regular expression

2018-10-09 10:43:16 - [TEST_STEP][PASSED] - click: Object: 'Object Repository/Page_MyEG Services  PERFORMANCE REP/input' is clicked on

2018-10-09 10:43:20 - [MESSAGE][PASSED] - Object: 'Object Repository/Page_MyEG Services  PERFORMANCE REP/input' is clicked on

2018-10-09 10:43:20 - [TEST_STEP][PASSED] - takeScreenshot: Taking screenshot successfully

2018-10-09 10:43:20 - [MESSAGE][PASSED] - Taking screenshot successfully
[[ATTACHMENT|C:\\Users\\Owner\\Katalon Studio\\Logistics\\Reports\\CSO_ADMIN_PrintIMM\\Performance Report\\20181009_104221\\1539053000279.png]]

2018-10-09 10:43:20 - [TEST_STEP][PASSED] - selectOptionByValue: All options with value 'PT' are selected in object 'Object Repository/Page_MyEG Services  PERFORMANCE REP/select_-- Please Select --'  using regular expression

2018-10-09 10:43:21 - [MESSAGE][PASSED] - All options with value 'PT' are selected in object 'Object Repository/Page_MyEG Services  PERFORMANCE REP/select_-- Please Select --'  using regular expression

2018-10-09 10:43:21 - [TEST_STEP][PASSED] - click: Object: 'Object Repository/Page_MyEG Services  PERFORMANCE REP/input' is clicked on

2018-10-09 10:43:25 - [MESSAGE][PASSED] - Object: 'Object Repository/Page_MyEG Services  PERFORMANCE REP/input' is clicked on

2018-10-09 10:43:25 - [TEST_STEP][PASSED] - takeScreenshot: Taking screenshot successfully

2018-10-09 10:43:26 - [MESSAGE][PASSED] - Taking screenshot successfully
[[ATTACHMENT|C:\\Users\\Owner\\Katalon Studio\\Logistics\\Reports\\CSO_ADMIN_PrintIMM\\Performance Report\\20181009_104221\\1539053005991.png]]

2018-10-09 10:43:26 - [TEST_STEP][PASSED] - selectOptionByValue: All options with value 'PTD' are selected in object 'Object Repository/Page_MyEG Services  PERFORMANCE REP/select_-- Please Select --'  using regular expression

2018-10-09 10:43:26 - [MESSAGE][PASSED] - All options with value 'PTD' are selected in object 'Object Repository/Page_MyEG Services  PERFORMANCE REP/select_-- Please Select --'  using regular expression

2018-10-09 10:43:26 - [TEST_STEP][PASSED] - click: Object: 'Object Repository/Page_MyEG Services  PERFORMANCE REP/input' is clicked on

2018-10-09 10:43:30 - [MESSAGE][PASSED] - Object: 'Object Repository/Page_MyEG Services  PERFORMANCE REP/input' is clicked on

2018-10-09 10:43:30 - [TEST_STEP][PASSED] - takeScreenshot: Taking screenshot successfully

2018-10-09 10:43:31 - [MESSAGE][PASSED] - Taking screenshot successfully
[[ATTACHMENT|C:\\Users\\Owner\\Katalon Studio\\Logistics\\Reports\\CSO_ADMIN_PrintIMM\\Performance Report\\20181009_104221\\1539053010923.png]]

2018-10-09 10:43:31 - [TEST_STEP][PASSED] - selectOptionByValue: All options with value 'LKS' are selected in object 'Object Repository/Page_MyEG Services  PERFORMANCE REP/select_-- Please Select --'  using regular expression

2018-10-09 10:43:31 - [MESSAGE][PASSED] - All options with value 'LKS' are selected in object 'Object Repository/Page_MyEG Services  PERFORMANCE REP/select_-- Please Select --'  using regular expression

2018-10-09 10:43:31 - [TEST_STEP][PASSED] - click: Object: 'Object Repository/Page_MyEG Services  PERFORMANCE REP/input' is clicked on

2018-10-09 10:43:35 - [MESSAGE][PASSED] - Object: 'Object Repository/Page_MyEG Services  PERFORMANCE REP/input' is clicked on

2018-10-09 10:43:35 - [TEST_STEP][PASSED] - takeScreenshot: Taking screenshot successfully

2018-10-09 10:43:36 - [MESSAGE][PASSED] - Taking screenshot successfully
[[ATTACHMENT|C:\\Users\\Owner\\Katalon Studio\\Logistics\\Reports\\CSO_ADMIN_PrintIMM\\Performance Report\\20181009_104221\\1539053015901.png]]

2018-10-09 10:43:36 - [TEST_STEP][PASSED] - selectOptionByValue: All options with value 'JPJ1M' are selected in object 'Object Repository/Page_MyEG Services  PERFORMANCE REP/select_-- Please Select --'  using regular expression

2018-10-09 10:43:36 - [MESSAGE][PASSED] - All options with value 'JPJ1M' are selected in object 'Object Repository/Page_MyEG Services  PERFORMANCE REP/select_-- Please Select --'  using regular expression

2018-10-09 10:43:36 - [TEST_STEP][PASSED] - click: Object: 'Object Repository/Page_MyEG Services  PERFORMANCE REP/input' is clicked on

2018-10-09 10:43:40 - [MESSAGE][PASSED] - Object: 'Object Repository/Page_MyEG Services  PERFORMANCE REP/input' is clicked on

2018-10-09 10:43:40 - [TEST_STEP][PASSED] - takeScreenshot: Taking screenshot successfully

2018-10-09 10:43:41 - [MESSAGE][PASSED] - Taking screenshot successfully
[[ATTACHMENT|C:\\Users\\Owner\\Katalon Studio\\Logistics\\Reports\\CSO_ADMIN_PrintIMM\\Performance Report\\20181009_104221\\1539053020824.png]]

2018-10-09 10:43:41 - [TEST_STEP][PASSED] - selectOptionByValue: All options with value 'IMI1M' are selected in object 'Object Repository/Page_MyEG Services  PERFORMANCE REP/select_-- Please Select --'  using regular expression

2018-10-09 10:43:41 - [MESSAGE][PASSED] - All options with value 'IMI1M' are selected in object 'Object Repository/Page_MyEG Services  PERFORMANCE REP/select_-- Please Select --'  using regular expression

2018-10-09 10:43:41 - [TEST_STEP][PASSED] - click: Object: 'Object Repository/Page_MyEG Services  PERFORMANCE REP/input' is clicked on

2018-10-09 10:43:45 - [MESSAGE][PASSED] - Object: 'Object Repository/Page_MyEG Services  PERFORMANCE REP/input' is clicked on

2018-10-09 10:43:45 - [TEST_STEP][PASSED] - takeScreenshot: Taking screenshot successfully

2018-10-09 10:43:46 - [MESSAGE][PASSED] - Taking screenshot successfully
[[ATTACHMENT|C:\\Users\\Owner\\Katalon Studio\\Logistics\\Reports\\CSO_ADMIN_PrintIMM\\Performance Report\\20181009_104221\\1539053025615.png]]

2018-10-09 10:43:46 - [TEST_STEP][PASSED] - selectOptionByValue: All options with value 'ET' are selected in object 'Object Repository/Page_MyEG Services  PERFORMANCE REP/select_-- Please Select --'  using regular expression

2018-10-09 10:43:46 - [MESSAGE][PASSED] - All options with value 'ET' are selected in object 'Object Repository/Page_MyEG Services  PERFORMANCE REP/select_-- Please Select --'  using regular expression

2018-10-09 10:43:46 - [TEST_STEP][PASSED] - click: Object: 'Object Repository/Page_MyEG Services  PERFORMANCE REP/input' is clicked on

2018-10-09 10:43:50 - [MESSAGE][PASSED] - Object: 'Object Repository/Page_MyEG Services  PERFORMANCE REP/input' is clicked on

2018-10-09 10:43:50 - [TEST_STEP][PASSED] - takeScreenshot: Taking screenshot successfully

2018-10-09 10:43:51 - [MESSAGE][PASSED] - Taking screenshot successfully
[[ATTACHMENT|C:\\Users\\Owner\\Katalon Studio\\Logistics\\Reports\\CSO_ADMIN_PrintIMM\\Performance Report\\20181009_104221\\1539053030635.png]]

2018-10-09 10:43:51 - [TEST_STEP][PASSED] - click: Object: 'Object Repository/Page_MyEG Services  PERFORMANCE REP/a_Performance Report' is clicked on

2018-10-09 10:43:51 - [MESSAGE][PASSED] - Object: 'Object Repository/Page_MyEG Services  PERFORMANCE REP/a_Performance Report' is clicked on

2018-10-09 10:43:51 - [TEST_STEP][PASSED] - click: Object: 'Object Repository/Page_MyEG Services  PERFORMANCE REP/a_LO Performance By Name' is clicked on

2018-10-09 10:43:52 - [MESSAGE][PASSED] - Object: 'Object Repository/Page_MyEG Services  PERFORMANCE REP/a_LO Performance By Name' is clicked on

2018-10-09 10:43:52 - [TEST_STEP][PASSED] - selectOptionByValue: All options with value '1942' are selected in object 'Object Repository/Page_MyEG Services  PERFORMANCE REP/select_- Select LO Name -    A'  using regular expression

2018-10-09 10:44:20 - [MESSAGE][PASSED] - All options with value '1942' are selected in object 'Object Repository/Page_MyEG Services  PERFORMANCE REP/select_- Select LO Name -    A'  using regular expression

2018-10-09 10:44:20 - [TEST_STEP][PASSED] - setText: Text '01-Jan-2018' is set on object 'Object Repository/Page_MyEG Services  PERFORMANCE REP/input_dojo.from'

2018-10-09 10:44:20 - [MESSAGE][PASSED] - Text '01-Jan-2018' is set on object 'Object Repository/Page_MyEG Services  PERFORMANCE REP/input_dojo.from'

2018-10-09 10:44:20 - [TEST_STEP][PASSED] - setText: Text '30-Sep-2018' is set on object 'Object Repository/Page_MyEG Services  PERFORMANCE REP/input_dojo.to'

2018-10-09 10:44:20 - [MESSAGE][PASSED] - Text '30-Sep-2018' is set on object 'Object Repository/Page_MyEG Services  PERFORMANCE REP/input_dojo.to'

2018-10-09 10:44:20 - [TEST_STEP][PASSED] - selectOptionByValue: All options with value 'LK' are selected in object 'Object Repository/Page_MyEG Services  PERFORMANCE REP/select_-- Please Select --'  using regular expression

2018-10-09 10:44:20 - [MESSAGE][PASSED] - All options with value 'LK' are selected in object 'Object Repository/Page_MyEG Services  PERFORMANCE REP/select_-- Please Select --'  using regular expression

2018-10-09 10:44:20 - [TEST_STEP][PASSED] - selectOptionByValue: All options with value '1' are selected in object 'Object Repository/Page_MyEG Services  PERFORMANCE REP/select_-- Please Select --    _1'  using regular expression

2018-10-09 10:44:21 - [MESSAGE][PASSED] - All options with value '1' are selected in object 'Object Repository/Page_MyEG Services  PERFORMANCE REP/select_-- Please Select --    _1'  using regular expression

2018-10-09 10:44:21 - [TEST_STEP][PASSED] - click: Object: 'Object Repository/Page_MyEG Services  PERFORMANCE REP/a_reset' is clicked on

2018-10-09 10:44:21 - [MESSAGE][PASSED] - Object: 'Object Repository/Page_MyEG Services  PERFORMANCE REP/a_reset' is clicked on

2018-10-09 10:44:21 - [TEST_STEP][PASSED] - takeScreenshot: Taking screenshot successfully

2018-10-09 10:44:21 - [MESSAGE][PASSED] - Taking screenshot successfully
[[ATTACHMENT|C:\\Users\\Owner\\Katalon Studio\\Logistics\\Reports\\CSO_ADMIN_PrintIMM\\Performance Report\\20181009_104221\\1539053061219.png]]

2018-10-09 10:44:21 - [TEST_STEP][PASSED] - click: Object: 'Object Repository/Page_MyEG Services  PERFORMANCE REP/input' is clicked on

2018-10-09 10:44:21 - [MESSAGE][PASSED] - Object: 'Object Repository/Page_MyEG Services  PERFORMANCE REP/input' is clicked on

2018-10-09 10:44:21 - [TEST_STEP][PASSED] - takeScreenshot: Taking screenshot successfully

2018-10-09 10:44:22 - [MESSAGE][PASSED] - Taking screenshot successfully
[[ATTACHMENT|C:\\Users\\Owner\\Katalon Studio\\Logistics\\Reports\\CSO_ADMIN_PrintIMM\\Performance Report\\20181009_104221\\1539053061731.png]]

2018-10-09 10:44:22 - [TEST_STEP][PASSED] - selectOptionByValue: All options with value '1942' are selected in object 'Object Repository/Page_MyEG Services  PERFORMANCE REP/select_- Select LO Name -    A'  using regular expression

2018-10-09 10:44:49 - [MESSAGE][PASSED] - All options with value '1942' are selected in object 'Object Repository/Page_MyEG Services  PERFORMANCE REP/select_- Select LO Name -    A'  using regular expression

2018-10-09 10:44:49 - [TEST_STEP][PASSED] - setText: Text '01-Jan-2018' is set on object 'Object Repository/Page_MyEG Services  PERFORMANCE REP/input_dojo.from'

2018-10-09 10:44:49 - [MESSAGE][PASSED] - Text '01-Jan-2018' is set on object 'Object Repository/Page_MyEG Services  PERFORMANCE REP/input_dojo.from'

2018-10-09 10:44:49 - [TEST_STEP][PASSED] - setText: Text '30-Sep-2018' is set on object 'Object Repository/Page_MyEG Services  PERFORMANCE REP/input_dojo.to'

2018-10-09 10:44:49 - [MESSAGE][PASSED] - Text '30-Sep-2018' is set on object 'Object Repository/Page_MyEG Services  PERFORMANCE REP/input_dojo.to'

2018-10-09 10:44:49 - [TEST_STEP][PASSED] - selectOptionByValue: All options with value '1' are selected in object 'Object Repository/Page_MyEG Services  PERFORMANCE REP/select_-- Please Select --    _1'  using regular expression

2018-10-09 10:44:50 - [MESSAGE][PASSED] - All options with value '1' are selected in object 'Object Repository/Page_MyEG Services  PERFORMANCE REP/select_-- Please Select --    _1'  using regular expression

2018-10-09 10:44:50 - [TEST_STEP][PASSED] - selectOptionByValue: All options with value 'LK' are selected in object 'Object Repository/Page_MyEG Services  PERFORMANCE REP/select_-- Please Select --'  using regular expression

2018-10-09 10:44:50 - [MESSAGE][PASSED] - All options with value 'LK' are selected in object 'Object Repository/Page_MyEG Services  PERFORMANCE REP/select_-- Please Select --'  using regular expression

2018-10-09 10:44:50 - [TEST_STEP][PASSED] - click: Object: 'Object Repository/Page_MyEG Services  PERFORMANCE REP/input' is clicked on

2018-10-09 10:44:51 - [MESSAGE][PASSED] - Object: 'Object Repository/Page_MyEG Services  PERFORMANCE REP/input' is clicked on

2018-10-09 10:44:51 - [TEST_STEP][PASSED] - takeScreenshot: Taking screenshot successfully

2018-10-09 10:44:51 - [MESSAGE][PASSED] - Taking screenshot successfully
[[ATTACHMENT|C:\\Users\\Owner\\Katalon Studio\\Logistics\\Reports\\CSO_ADMIN_PrintIMM\\Performance Report\\20181009_104221\\1539053091486.png]]

2018-10-09 10:44:51 - [TEST_STEP][PASSED] - selectOptionByValue: All options with value 'JM' are selected in object 'Object Repository/Page_MyEG Services  PERFORMANCE REP/select_-- Please Select --'  using regular expression

2018-10-09 10:44:52 - [MESSAGE][PASSED] - All options with value 'JM' are selected in object 'Object Repository/Page_MyEG Services  PERFORMANCE REP/select_-- Please Select --'  using regular expression

2018-10-09 10:44:52 - [TEST_STEP][PASSED] - click: Object: 'Object Repository/Page_MyEG Services  PERFORMANCE REP/input' is clicked on

2018-10-09 10:44:52 - [MESSAGE][PASSED] - Object: 'Object Repository/Page_MyEG Services  PERFORMANCE REP/input' is clicked on

2018-10-09 10:44:52 - [TEST_STEP][PASSED] - takeScreenshot: Taking screenshot successfully

2018-10-09 10:44:53 - [MESSAGE][PASSED] - Taking screenshot successfully
[[ATTACHMENT|C:\\Users\\Owner\\Katalon Studio\\Logistics\\Reports\\CSO_ADMIN_PrintIMM\\Performance Report\\20181009_104221\\1539053092815.png]]

2018-10-09 10:44:53 - [TEST_STEP][PASSED] - selectOptionByValue: All options with value 'IM' are selected in object 'Object Repository/Page_MyEG Services  PERFORMANCE REP/select_-- Please Select --'  using regular expression

2018-10-09 10:44:53 - [MESSAGE][PASSED] - All options with value 'IM' are selected in object 'Object Repository/Page_MyEG Services  PERFORMANCE REP/select_-- Please Select --'  using regular expression

2018-10-09 10:44:53 - [TEST_STEP][PASSED] - click: Object: 'Object Repository/Page_MyEG Services  PERFORMANCE REP/input' is clicked on

2018-10-09 10:44:54 - [MESSAGE][PASSED] - Object: 'Object Repository/Page_MyEG Services  PERFORMANCE REP/input' is clicked on

2018-10-09 10:44:54 - [TEST_STEP][PASSED] - takeScreenshot: Taking screenshot successfully

2018-10-09 10:44:54 - [MESSAGE][PASSED] - Taking screenshot successfully
[[ATTACHMENT|C:\\Users\\Owner\\Katalon Studio\\Logistics\\Reports\\CSO_ADMIN_PrintIMM\\Performance Report\\20181009_104221\\1539053094277.png]]

2018-10-09 10:44:54 - [TEST_STEP][PASSED] - selectOptionByValue: All options with value 'MD' are selected in object 'Object Repository/Page_MyEG Services  PERFORMANCE REP/select_-- Please Select --'  using regular expression

2018-10-09 10:44:55 - [MESSAGE][PASSED] - All options with value 'MD' are selected in object 'Object Repository/Page_MyEG Services  PERFORMANCE REP/select_-- Please Select --'  using regular expression

2018-10-09 10:44:55 - [TEST_STEP][PASSED] - click: Object: 'Object Repository/Page_MyEG Services  PERFORMANCE REP/input' is clicked on

2018-10-09 10:44:55 - [MESSAGE][PASSED] - Object: 'Object Repository/Page_MyEG Services  PERFORMANCE REP/input' is clicked on

2018-10-09 10:44:55 - [TEST_STEP][PASSED] - takeScreenshot: Taking screenshot successfully

2018-10-09 10:44:56 - [MESSAGE][PASSED] - Taking screenshot successfully
[[ATTACHMENT|C:\\Users\\Owner\\Katalon Studio\\Logistics\\Reports\\CSO_ADMIN_PrintIMM\\Performance Report\\20181009_104221\\1539053095722.png]]

2018-10-09 10:44:56 - [TEST_STEP][PASSED] - selectOptionByValue: All options with value 'FW' are selected in object 'Object Repository/Page_MyEG Services  PERFORMANCE REP/select_-- Please Select --'  using regular expression

2018-10-09 10:44:56 - [MESSAGE][PASSED] - All options with value 'FW' are selected in object 'Object Repository/Page_MyEG Services  PERFORMANCE REP/select_-- Please Select --'  using regular expression

2018-10-09 10:44:56 - [TEST_STEP][PASSED] - click: Object: 'Object Repository/Page_MyEG Services  PERFORMANCE REP/input' is clicked on

2018-10-09 10:44:57 - [MESSAGE][PASSED] - Object: 'Object Repository/Page_MyEG Services  PERFORMANCE REP/input' is clicked on

2018-10-09 10:44:57 - [TEST_STEP][PASSED] - takeScreenshot: Taking screenshot successfully

2018-10-09 10:44:57 - [MESSAGE][PASSED] - Taking screenshot successfully
[[ATTACHMENT|C:\\Users\\Owner\\Katalon Studio\\Logistics\\Reports\\CSO_ADMIN_PrintIMM\\Performance Report\\20181009_104221\\1539053097384.png]]

2018-10-09 10:44:57 - [TEST_STEP][PASSED] - selectOptionByValue: All options with value 'CL' are selected in object 'Object Repository/Page_MyEG Services  PERFORMANCE REP/select_-- Please Select --'  using regular expression

2018-10-09 10:44:58 - [MESSAGE][PASSED] - All options with value 'CL' are selected in object 'Object Repository/Page_MyEG Services  PERFORMANCE REP/select_-- Please Select --'  using regular expression

2018-10-09 10:44:58 - [TEST_STEP][PASSED] - click: Object: 'Object Repository/Page_MyEG Services  PERFORMANCE REP/input' is clicked on

2018-10-09 10:44:59 - [MESSAGE][PASSED] - Object: 'Object Repository/Page_MyEG Services  PERFORMANCE REP/input' is clicked on

2018-10-09 10:44:59 - [TEST_STEP][PASSED] - takeScreenshot: Taking screenshot successfully

2018-10-09 10:44:59 - [MESSAGE][PASSED] - Taking screenshot successfully
[[ATTACHMENT|C:\\Users\\Owner\\Katalon Studio\\Logistics\\Reports\\CSO_ADMIN_PrintIMM\\Performance Report\\20181009_104221\\1539053099062.png]]

2018-10-09 10:44:59 - [TEST_STEP][PASSED] - selectOptionByValue: All options with value '1M' are selected in object 'Object Repository/Page_MyEG Services  PERFORMANCE REP/select_-- Please Select --'  using regular expression

2018-10-09 10:44:59 - [MESSAGE][PASSED] - All options with value '1M' are selected in object 'Object Repository/Page_MyEG Services  PERFORMANCE REP/select_-- Please Select --'  using regular expression

2018-10-09 10:44:59 - [TEST_STEP][PASSED] - click: Object: 'Object Repository/Page_MyEG Services  PERFORMANCE REP/input' is clicked on

2018-10-09 10:45:00 - [MESSAGE][PASSED] - Object: 'Object Repository/Page_MyEG Services  PERFORMANCE REP/input' is clicked on

2018-10-09 10:45:00 - [TEST_STEP][PASSED] - takeScreenshot: Taking screenshot successfully

2018-10-09 10:45:01 - [MESSAGE][PASSED] - Taking screenshot successfully
[[ATTACHMENT|C:\\Users\\Owner\\Katalon Studio\\Logistics\\Reports\\CSO_ADMIN_PrintIMM\\Performance Report\\20181009_104221\\1539053100572.png]]

2018-10-09 10:45:01 - [TEST_STEP][PASSED] - selectOptionByValue: All options with value 'SP' are selected in object 'Object Repository/Page_MyEG Services  PERFORMANCE REP/select_-- Please Select --'  using regular expression

2018-10-09 10:45:01 - [MESSAGE][PASSED] - All options with value 'SP' are selected in object 'Object Repository/Page_MyEG Services  PERFORMANCE REP/select_-- Please Select --'  using regular expression

2018-10-09 10:45:01 - [TEST_STEP][PASSED] - click: Object: 'Object Repository/Page_MyEG Services  PERFORMANCE REP/input' is clicked on

2018-10-09 10:45:02 - [MESSAGE][PASSED] - Object: 'Object Repository/Page_MyEG Services  PERFORMANCE REP/input' is clicked on

2018-10-09 10:45:02 - [TEST_STEP][PASSED] - takeScreenshot: Taking screenshot successfully

2018-10-09 10:45:02 - [MESSAGE][PASSED] - Taking screenshot successfully
[[ATTACHMENT|C:\\Users\\Owner\\Katalon Studio\\Logistics\\Reports\\CSO_ADMIN_PrintIMM\\Performance Report\\20181009_104221\\1539053102056.png]]

2018-10-09 10:45:02 - [TEST_STEP][PASSED] - selectOptionByValue: All options with value 'PT' are selected in object 'Object Repository/Page_MyEG Services  PERFORMANCE REP/select_-- Please Select --'  using regular expression

2018-10-09 10:45:02 - [MESSAGE][PASSED] - All options with value 'PT' are selected in object 'Object Repository/Page_MyEG Services  PERFORMANCE REP/select_-- Please Select --'  using regular expression

2018-10-09 10:45:02 - [TEST_STEP][PASSED] - click: Object: 'Object Repository/Page_MyEG Services  PERFORMANCE REP/input' is clicked on

2018-10-09 10:45:03 - [MESSAGE][PASSED] - Object: 'Object Repository/Page_MyEG Services  PERFORMANCE REP/input' is clicked on

2018-10-09 10:45:03 - [TEST_STEP][PASSED] - takeScreenshot: Taking screenshot successfully

2018-10-09 10:45:04 - [MESSAGE][PASSED] - Taking screenshot successfully
[[ATTACHMENT|C:\\Users\\Owner\\Katalon Studio\\Logistics\\Reports\\CSO_ADMIN_PrintIMM\\Performance Report\\20181009_104221\\1539053103520.png]]

2018-10-09 10:45:04 - [TEST_STEP][PASSED] - selectOptionByValue: All options with value 'PTD' are selected in object 'Object Repository/Page_MyEG Services  PERFORMANCE REP/select_-- Please Select --'  using regular expression

2018-10-09 10:45:04 - [MESSAGE][PASSED] - All options with value 'PTD' are selected in object 'Object Repository/Page_MyEG Services  PERFORMANCE REP/select_-- Please Select --'  using regular expression

2018-10-09 10:45:04 - [TEST_STEP][PASSED] - click: Object: 'Object Repository/Page_MyEG Services  PERFORMANCE REP/input' is clicked on

2018-10-09 10:45:05 - [MESSAGE][PASSED] - Object: 'Object Repository/Page_MyEG Services  PERFORMANCE REP/input' is clicked on

2018-10-09 10:45:05 - [TEST_STEP][PASSED] - takeScreenshot: Taking screenshot successfully

2018-10-09 10:45:05 - [MESSAGE][PASSED] - Taking screenshot successfully
[[ATTACHMENT|C:\\Users\\Owner\\Katalon Studio\\Logistics\\Reports\\CSO_ADMIN_PrintIMM\\Performance Report\\20181009_104221\\1539053105045.png]]

2018-10-09 10:45:05 - [TEST_STEP][PASSED] - selectOptionByValue: All options with value 'LKS' are selected in object 'Object Repository/Page_MyEG Services  PERFORMANCE REP/select_-- Please Select --'  using regular expression

2018-10-09 10:45:05 - [MESSAGE][PASSED] - All options with value 'LKS' are selected in object 'Object Repository/Page_MyEG Services  PERFORMANCE REP/select_-- Please Select --'  using regular expression

2018-10-09 10:45:05 - [TEST_STEP][PASSED] - click: Object: 'Object Repository/Page_MyEG Services  PERFORMANCE REP/input' is clicked on

2018-10-09 10:45:06 - [MESSAGE][PASSED] - Object: 'Object Repository/Page_MyEG Services  PERFORMANCE REP/input' is clicked on

2018-10-09 10:45:06 - [TEST_STEP][PASSED] - takeScreenshot: Taking screenshot successfully

2018-10-09 10:45:06 - [MESSAGE][PASSED] - Taking screenshot successfully
[[ATTACHMENT|C:\\Users\\Owner\\Katalon Studio\\Logistics\\Reports\\CSO_ADMIN_PrintIMM\\Performance Report\\20181009_104221\\1539053106566.png]]

2018-10-09 10:45:06 - [TEST_STEP][PASSED] - selectOptionByValue: All options with value 'JPJ1M' are selected in object 'Object Repository/Page_MyEG Services  PERFORMANCE REP/select_-- Please Select --'  using regular expression

2018-10-09 10:45:07 - [MESSAGE][PASSED] - All options with value 'JPJ1M' are selected in object 'Object Repository/Page_MyEG Services  PERFORMANCE REP/select_-- Please Select --'  using regular expression

2018-10-09 10:45:07 - [TEST_STEP][PASSED] - click: Object: 'Object Repository/Page_MyEG Services  PERFORMANCE REP/input' is clicked on

2018-10-09 10:45:08 - [MESSAGE][PASSED] - Object: 'Object Repository/Page_MyEG Services  PERFORMANCE REP/input' is clicked on

2018-10-09 10:45:08 - [TEST_STEP][PASSED] - takeScreenshot: Taking screenshot successfully

2018-10-09 10:45:08 - [MESSAGE][PASSED] - Taking screenshot successfully
[[ATTACHMENT|C:\\Users\\Owner\\Katalon Studio\\Logistics\\Reports\\CSO_ADMIN_PrintIMM\\Performance Report\\20181009_104221\\1539053108043.png]]

2018-10-09 10:45:08 - [TEST_STEP][PASSED] - selectOptionByValue: All options with value 'IMI1M' are selected in object 'Object Repository/Page_MyEG Services  PERFORMANCE REP/select_-- Please Select --'  using regular expression

2018-10-09 10:45:08 - [MESSAGE][PASSED] - All options with value 'IMI1M' are selected in object 'Object Repository/Page_MyEG Services  PERFORMANCE REP/select_-- Please Select --'  using regular expression

2018-10-09 10:45:08 - [TEST_STEP][PASSED] - click: Object: 'Object Repository/Page_MyEG Services  PERFORMANCE REP/input' is clicked on

2018-10-09 10:45:09 - [MESSAGE][PASSED] - Object: 'Object Repository/Page_MyEG Services  PERFORMANCE REP/input' is clicked on

2018-10-09 10:45:09 - [TEST_STEP][PASSED] - takeScreenshot: Taking screenshot successfully

2018-10-09 10:45:09 - [MESSAGE][PASSED] - Taking screenshot successfully
[[ATTACHMENT|C:\\Users\\Owner\\Katalon Studio\\Logistics\\Reports\\CSO_ADMIN_PrintIMM\\Performance Report\\20181009_104221\\1539053109518.png]]

2018-10-09 10:45:09 - [TEST_STEP][PASSED] - selectOptionByValue: All options with value 'ET' are selected in object 'Object Repository/Page_MyEG Services  PERFORMANCE REP/select_-- Please Select --'  using regular expression

2018-10-09 10:45:10 - [MESSAGE][PASSED] - All options with value 'ET' are selected in object 'Object Repository/Page_MyEG Services  PERFORMANCE REP/select_-- Please Select --'  using regular expression

2018-10-09 10:45:10 - [TEST_STEP][PASSED] - click: Object: 'Object Repository/Page_MyEG Services  PERFORMANCE REP/input' is clicked on

2018-10-09 10:45:11 - [MESSAGE][PASSED] - Object: 'Object Repository/Page_MyEG Services  PERFORMANCE REP/input' is clicked on

2018-10-09 10:45:11 - [TEST_STEP][PASSED] - takeScreenshot: Taking screenshot successfully

2018-10-09 10:45:11 - [MESSAGE][PASSED] - Taking screenshot successfully
[[ATTACHMENT|C:\\Users\\Owner\\Katalon Studio\\Logistics\\Reports\\CSO_ADMIN_PrintIMM\\Performance Report\\20181009_104221\\1539053111052.png]]

2018-10-09 10:45:11 - [TEST_STEP][PASSED] - click: Object: 'Object Repository/Page_MyEG Services  PERFORMANCE REP/a_Logout' is clicked on

2018-10-09 10:45:11 - [MESSAGE][PASSED] - Object: 'Object Repository/Page_MyEG Services  PERFORMANCE REP/a_Logout' is clicked on

2018-10-09 10:45:11 - [TEST_STEP][PASSED] - closeBrowser: Browser is closed

2018-10-09 10:45:12 - [MESSAGE][PASSED] - Browser is closed]]></system-out>
         <system-err><![CDATA[]]></system-err>
      </testcase>
      <system-out><![CDATA[2018-10-09 10:42:23 - [TEST_SUITE][PASSED] - Performance Report: Test Cases/Logistics/Roles/CSOADMIN_PrintIMM/Performance Report]]></system-out>
      <system-err><![CDATA[]]></system-err>
   </testsuite>
</testsuites>
