<?xml version="1.0" encoding="UTF-8"?>
<testsuites name="Verify Record" time="71" tests="1" failures="0" errors="0">
   <testsuite name="Verify Record" tests="1" failures="0" errors="0" time="71" timestamp="2018-10-19 13:02:20" hostname="Owner - L13-IT-KISHORE.myeg.local" id="Test Suites/CSO_ADMIN/Verify Record">
      <properties>
         <property name="deviceName" value=""/>
         <property name="devicePlatform" value=""/>
         <property name="logFolder" value="C:\\Users\\Owner\\Katalon Studio\\Logistics\\Reports\\CSO_ADMIN\\Verify Record\\20181019_130217"/>
         <property name="logFiles" value="C:\\Users\\Owner\\Katalon Studio\\Logistics\\Reports\\CSO_ADMIN\\Verify Record\\20181019_130217\\execution0.log"/>
         <property name="attachments" value="C:\\Users\\Owner\\Katalon Studio\\Logistics\\Reports\\CSO_ADMIN\\Verify Record\\20181019_130217\\1539925349250.png, C:\\Users\\Owner\\Katalon Studio\\Logistics\\Reports\\CSO_ADMIN\\Verify Record\\20181019_130217\\1539925350303.png, C:\\Users\\Owner\\Katalon Studio\\Logistics\\Reports\\CSO_ADMIN\\Verify Record\\20181019_130217\\1539925351321.png, C:\\Users\\Owner\\Katalon Studio\\Logistics\\Reports\\CSO_ADMIN\\Verify Record\\20181019_130217\\1539925352928.png, C:\\Users\\Owner\\Katalon Studio\\Logistics\\Reports\\CSO_ADMIN\\Verify Record\\20181019_130217\\1539925353710.png, C:\\Users\\Owner\\Katalon Studio\\Logistics\\Reports\\CSO_ADMIN\\Verify Record\\20181019_130217\\1539925354234.png, C:\\Users\\Owner\\Katalon Studio\\Logistics\\Reports\\CSO_ADMIN\\Verify Record\\20181019_130217\\1539925358034.png, C:\\Users\\Owner\\Katalon Studio\\Logistics\\Reports\\CSO_ADMIN\\Verify Record\\20181019_130217\\1539925359832.png, C:\\Users\\Owner\\Katalon Studio\\Logistics\\Reports\\CSO_ADMIN\\Verify Record\\20181019_130217\\1539925361578.png, C:\\Users\\Owner\\Katalon Studio\\Logistics\\Reports\\CSO_ADMIN\\Verify Record\\20181019_130217\\1539925363387.png, C:\\Users\\Owner\\Katalon Studio\\Logistics\\Reports\\CSO_ADMIN\\Verify Record\\20181019_130217\\1539925364826.png, C:\\Users\\Owner\\Katalon Studio\\Logistics\\Reports\\CSO_ADMIN\\Verify Record\\20181019_130217\\1539925366640.png, C:\\Users\\Owner\\Katalon Studio\\Logistics\\Reports\\CSO_ADMIN\\Verify Record\\20181019_130217\\1539925368419.png, C:\\Users\\Owner\\Katalon Studio\\Logistics\\Reports\\CSO_ADMIN\\Verify Record\\20181019_130217\\1539925370341.png, C:\\Users\\Owner\\Katalon Studio\\Logistics\\Reports\\CSO_ADMIN\\Verify Record\\20181019_130217\\1539925372171.png, C:\\Users\\Owner\\Katalon Studio\\Logistics\\Reports\\CSO_ADMIN\\Verify Record\\20181019_130217\\1539925373968.png, C:\\Users\\Owner\\Katalon Studio\\Logistics\\Reports\\CSO_ADMIN\\Verify Record\\20181019_130217\\1539925375844.png, C:\\Users\\Owner\\Katalon Studio\\Logistics\\Reports\\CSO_ADMIN\\Verify Record\\20181019_130217\\1539925377602.png, C:\\Users\\Owner\\Katalon Studio\\Logistics\\Reports\\CSO_ADMIN\\Verify Record\\20181019_130217\\1539925379454.png, C:\\Users\\Owner\\Katalon Studio\\Logistics\\Reports\\CSO_ADMIN\\Verify Record\\20181019_130217\\1539925381309.png, C:\\Users\\Owner\\Katalon Studio\\Logistics\\Reports\\CSO_ADMIN\\Verify Record\\20181019_130217\\1539925383014.png, C:\\Users\\Owner\\Katalon Studio\\Logistics\\Reports\\CSO_ADMIN\\Verify Record\\20181019_130217\\1539925384722.png, C:\\Users\\Owner\\Katalon Studio\\Logistics\\Reports\\CSO_ADMIN\\Verify Record\\20181019_130217\\1539925386306.png, C:\\Users\\Owner\\Katalon Studio\\Logistics\\Reports\\CSO_ADMIN\\Verify Record\\20181019_130217\\1539925387956.png, C:\\Users\\Owner\\Katalon Studio\\Logistics\\Reports\\CSO_ADMIN\\Verify Record\\20181019_130217\\1539925389529.png, C:\\Users\\Owner\\Katalon Studio\\Logistics\\Reports\\CSO_ADMIN\\Verify Record\\20181019_130217\\1539925391168.png, C:\\Users\\Owner\\Katalon Studio\\Logistics\\Reports\\CSO_ADMIN\\Verify Record\\20181019_130217\\1539925392656.png, C:\\Users\\Owner\\Katalon Studio\\Logistics\\Reports\\CSO_ADMIN\\Verify Record\\20181019_130217\\1539925394290.png, C:\\Users\\Owner\\Katalon Studio\\Logistics\\Reports\\CSO_ADMIN\\Verify Record\\20181019_130217\\1539925395820.png, C:\\Users\\Owner\\Katalon Studio\\Logistics\\Reports\\CSO_ADMIN\\Verify Record\\20181019_130217\\1539925397393.png, C:\\Users\\Owner\\Katalon Studio\\Logistics\\Reports\\CSO_ADMIN\\Verify Record\\20181019_130217\\1539925398965.png, C:\\Users\\Owner\\Katalon Studio\\Logistics\\Reports\\CSO_ADMIN\\Verify Record\\20181019_130217\\1539925400563.png, C:\\Users\\Owner\\Katalon Studio\\Logistics\\Reports\\CSO_ADMIN\\Verify Record\\20181019_130217\\1539925402205.png, C:\\Users\\Owner\\Katalon Studio\\Logistics\\Reports\\CSO_ADMIN\\Verify Record\\20181019_130217\\1539925403881.png, C:\\Users\\Owner\\Katalon Studio\\Logistics\\Reports\\CSO_ADMIN\\Verify Record\\20181019_130217\\1539925405551.png, C:\\Users\\Owner\\Katalon Studio\\Logistics\\Reports\\CSO_ADMIN\\Verify Record\\20181019_130217\\1539925407165.png, C:\\Users\\Owner\\Katalon Studio\\Logistics\\Reports\\CSO_ADMIN\\Verify Record\\20181019_130217\\1539925409044.png, C:\\Users\\Owner\\Katalon Studio\\Logistics\\Reports\\CSO_ADMIN\\Verify Record\\20181019_130217\\1539925409568.png, C:\\Users\\Owner\\Katalon Studio\\Logistics\\Reports\\CSO_ADMIN\\Verify Record\\20181019_130217\\1539925410226.png"/>
         <property name="hostName" value="Owner - L13-IT-KISHORE.myeg.local"/>
         <property name="os" value="Windows 10 64bit"/>
         <property name="katalonVersion" value="5.8.0.1"/>
         <property name="browser" value="Chrome 69.0.3497.100"/>
         <property name="hostAddress" value="192.168.8.168"/>
         <property name="sessionId" value="a00b816b22ba89e18d38762bfe45a0d7"/>
         <property name="seleniumVersion" value="3.7.1"/>
         <property name="proxyInformation" value="ProxyInformation{proxyOption=NO_PROXY, proxyServerType=HTTP, password=, proxyServerAddress=, proxyServerPort=0}"/>
         <property name="platform" value="Windows 10"/>
      </properties>
      <testcase name="Test Cases/Logistics/Roles/CSO_ADMIN/Verify Record" classname="Test Cases/Logistics/Roles/CSO_ADMIN/Verify Record" status="PASSED">
         <system-out><![CDATA[2018-10-19 13:02:20 - [TEST_CASE][PASSED] - Test Cases/Logistics/Roles/CSO_ADMIN/Verify Record: Test Cases/Logistics/Roles/CSO_ADMIN/Verify Record

2018-10-19 13:02:21 - [TEST_STEP][PASSED] - openBrowser: Browser is opened with url: ''

2018-10-19 13:02:26 - [MESSAGE][PASSED] - Browser is opened with url: ''

2018-10-19 13:02:26 - [TEST_STEP][PASSED] - maximizeWindow: Current window maximized

2018-10-19 13:02:27 - [MESSAGE][PASSED] - Current window maximized

2018-10-19 13:02:27 - [TEST_STEP][PASSED] - navigateToUrl: Navigate to 'http://uat4.myeg.com.my/logistic/login/' successfully

2018-10-19 13:02:28 - [MESSAGE][PASSED] - Navigate to 'http://uat4.myeg.com.my/logistic/login/' successfully

2018-10-19 13:02:28 - [TEST_STEP][PASSED] - setText: Text 'AKMA1766' is set on object 'Object Repository/Page_MyEG Services  Logistic Report/input_j_username'

2018-10-19 13:02:28 - [MESSAGE][PASSED] - Text 'AKMA1766' is set on object 'Object Repository/Page_MyEG Services  Logistic Report/input_j_username'

2018-10-19 13:02:28 - [TEST_STEP][PASSED] - click: Object: 'Object Repository/Page_MyEG Services  Logistic Report/input_submit' is clicked on

2018-10-19 13:02:29 - [MESSAGE][PASSED] - Object: 'Object Repository/Page_MyEG Services  Logistic Report/input_submit' is clicked on

2018-10-19 13:02:29 - [TEST_STEP][PASSED] - takeScreenshot: Taking screenshot successfully

2018-10-19 13:02:29 - [MESSAGE][PASSED] - Taking screenshot successfully
[[ATTACHMENT|C:\\Users\\Owner\\Katalon Studio\\Logistics\\Reports\\CSO_ADMIN\\Verify Record\\20181019_130217\\1539925349250.png]]

2018-10-19 13:02:29 - [TEST_STEP][PASSED] - setEncryptedText: Text ****** has been set on object 'Object Repository/Page_MyEG Services  Logistic Report/input_j_password'

2018-10-19 13:02:29 - [MESSAGE][PASSED] - Text ****** has been set on object 'Object Repository/Page_MyEG Services  Logistic Report/input_j_password'

2018-10-19 13:02:29 - [TEST_STEP][PASSED] - click: Object: 'Object Repository/Page_MyEG Services  Logistic Report/input_submit' is clicked on

2018-10-19 13:02:30 - [MESSAGE][PASSED] - Object: 'Object Repository/Page_MyEG Services  Logistic Report/input_submit' is clicked on

2018-10-19 13:02:30 - [TEST_STEP][PASSED] - takeScreenshot: Taking screenshot successfully

2018-10-19 13:02:30 - [MESSAGE][PASSED] - Taking screenshot successfully
[[ATTACHMENT|C:\\Users\\Owner\\Katalon Studio\\Logistics\\Reports\\CSO_ADMIN\\Verify Record\\20181019_130217\\1539925350303.png]]

2018-10-19 13:02:30 - [TEST_STEP][PASSED] - setText: Text 'AKMA1767' is set on object 'Object Repository/Page_MyEG Services  Logistic Report/input_j_username'

2018-10-19 13:02:30 - [MESSAGE][PASSED] - Text 'AKMA1767' is set on object 'Object Repository/Page_MyEG Services  Logistic Report/input_j_username'

2018-10-19 13:02:30 - [TEST_STEP][PASSED] - setEncryptedText: Text ****** has been set on object 'Object Repository/Page_MyEG Services  Logistic Report/input_j_password'

2018-10-19 13:02:30 - [MESSAGE][PASSED] - Text ****** has been set on object 'Object Repository/Page_MyEG Services  Logistic Report/input_j_password'

2018-10-19 13:02:30 - [TEST_STEP][PASSED] - click: Object: 'Object Repository/Page_MyEG Services  Logistic Report/input_submit' is clicked on

2018-10-19 13:02:31 - [MESSAGE][PASSED] - Object: 'Object Repository/Page_MyEG Services  Logistic Report/input_submit' is clicked on

2018-10-19 13:02:31 - [TEST_STEP][PASSED] - takeScreenshot: Taking screenshot successfully

2018-10-19 13:02:31 - [MESSAGE][PASSED] - Taking screenshot successfully
[[ATTACHMENT|C:\\Users\\Owner\\Katalon Studio\\Logistics\\Reports\\CSO_ADMIN\\Verify Record\\20181019_130217\\1539925351321.png]]

2018-10-19 13:02:31 - [TEST_STEP][PASSED] - setText: Text 'AKMA1766' is set on object 'Object Repository/Page_MyEG Services  Logistic Report/input_j_username'

2018-10-19 13:02:31 - [MESSAGE][PASSED] - Text 'AKMA1766' is set on object 'Object Repository/Page_MyEG Services  Logistic Report/input_j_username'

2018-10-19 13:02:31 - [TEST_STEP][PASSED] - setEncryptedText: Text ****** has been set on object 'Object Repository/Page_MyEG Services  Logistic Report/input_j_password'

2018-10-19 13:02:31 - [MESSAGE][PASSED] - Text ****** has been set on object 'Object Repository/Page_MyEG Services  Logistic Report/input_j_password'

2018-10-19 13:02:31 - [TEST_STEP][PASSED] - click: Object: 'Object Repository/Page_MyEG Services  Logistic Report/input_submit' is clicked on

2018-10-19 13:02:32 - [MESSAGE][PASSED] - Object: 'Object Repository/Page_MyEG Services  Logistic Report/input_submit' is clicked on

2018-10-19 13:02:32 - [TEST_STEP][PASSED] - takeScreenshot: Taking screenshot successfully

2018-10-19 13:02:33 - [MESSAGE][PASSED] - Taking screenshot successfully
[[ATTACHMENT|C:\\Users\\Owner\\Katalon Studio\\Logistics\\Reports\\CSO_ADMIN\\Verify Record\\20181019_130217\\1539925352928.png]]

2018-10-19 13:02:33 - [TEST_STEP][PASSED] - click: Object: 'Object Repository/Page_MyEG Services  List of Tickets/a_Verify Record' is clicked on

2018-10-19 13:02:33 - [MESSAGE][PASSED] - Object: 'Object Repository/Page_MyEG Services  List of Tickets/a_Verify Record' is clicked on

2018-10-19 13:02:33 - [TEST_STEP][PASSED] - takeScreenshot: Taking screenshot successfully

2018-10-19 13:02:34 - [MESSAGE][PASSED] - Taking screenshot successfully
[[ATTACHMENT|C:\\Users\\Owner\\Katalon Studio\\Logistics\\Reports\\CSO_ADMIN\\Verify Record\\20181019_130217\\1539925353710.png]]

2018-10-19 13:02:34 - [TEST_STEP][PASSED] - click: Object: 'Object Repository/Page_MyEG Services  Verify Records/input' is clicked on

2018-10-19 13:02:34 - [MESSAGE][PASSED] - Object: 'Object Repository/Page_MyEG Services  Verify Records/input' is clicked on

2018-10-19 13:02:34 - [TEST_STEP][PASSED] - takeScreenshot: Taking screenshot successfully

2018-10-19 13:02:34 - [MESSAGE][PASSED] - Taking screenshot successfully
[[ATTACHMENT|C:\\Users\\Owner\\Katalon Studio\\Logistics\\Reports\\CSO_ADMIN\\Verify Record\\20181019_130217\\1539925354234.png]]

2018-10-19 13:02:34 - [TEST_STEP][PASSED] - selectOptionByValue: All options with value 'LK' are selected in object 'Object Repository/Page_MyEG Services  Verify Records/select_- Select Service -'  using regular expression

2018-10-19 13:02:35 - [MESSAGE][PASSED] - All options with value 'LK' are selected in object 'Object Repository/Page_MyEG Services  Verify Records/select_- Select Service -'  using regular expression

2018-10-19 13:02:35 - [TEST_STEP][PASSED] - setText: Text '01-Mar-2018' is set on object 'Object Repository/Page_MyEG Services  Verify Records/input_dojo.fromdt'

2018-10-19 13:02:35 - [MESSAGE][PASSED] - Text '01-Mar-2018' is set on object 'Object Repository/Page_MyEG Services  Verify Records/input_dojo.fromdt'

2018-10-19 13:02:35 - [TEST_STEP][PASSED] - setText: Text '30-Sep-2018' is set on object 'Object Repository/Page_MyEG Services  Verify Records/input_dojo.todt'

2018-10-19 13:02:35 - [MESSAGE][PASSED] - Text '30-Sep-2018' is set on object 'Object Repository/Page_MyEG Services  Verify Records/input_dojo.todt'

2018-10-19 13:02:35 - [TEST_STEP][PASSED] - selectOptionByValue: All options with value 'auto' are selected in object 'Object Repository/Page_MyEG Services  Verify Records/select_- Select mode -     Man'  using regular expression

2018-10-19 13:02:35 - [MESSAGE][PASSED] - All options with value 'auto' are selected in object 'Object Repository/Page_MyEG Services  Verify Records/select_- Select mode -     Man'  using regular expression

2018-10-19 13:02:35 - [TEST_STEP][PASSED] - click: Object: 'Object Repository/Page_MyEG Services  Verify Records/input' is clicked on

2018-10-19 13:02:36 - [MESSAGE][PASSED] - Object: 'Object Repository/Page_MyEG Services  Verify Records/input' is clicked on

2018-10-19 13:02:36 - [TEST_STEP][PASSED] - selectOptionByValue: All options with value 'LKS' are selected in object 'Object Repository/Page_MyEG Services  Verify Records/select_- Select Service -'  using regular expression

2018-10-19 13:02:37 - [MESSAGE][PASSED] - All options with value 'LKS' are selected in object 'Object Repository/Page_MyEG Services  Verify Records/select_- Select Service -'  using regular expression

2018-10-19 13:02:37 - [TEST_STEP][PASSED] - click: Object: 'Object Repository/Page_MyEG Services  Verify Records/input' is clicked on

2018-10-19 13:02:38 - [MESSAGE][PASSED] - Object: 'Object Repository/Page_MyEG Services  Verify Records/input' is clicked on

2018-10-19 13:02:38 - [TEST_STEP][PASSED] - takeScreenshot: Taking screenshot successfully

2018-10-19 13:02:38 - [MESSAGE][PASSED] - Taking screenshot successfully
[[ATTACHMENT|C:\\Users\\Owner\\Katalon Studio\\Logistics\\Reports\\CSO_ADMIN\\Verify Record\\20181019_130217\\1539925358034.png]]

2018-10-19 13:02:38 - [TEST_STEP][PASSED] - selectOptionByValue: All options with value 'JM' are selected in object 'Object Repository/Page_MyEG Services  Verify Records/select_- Select Service -'  using regular expression

2018-10-19 13:02:38 - [MESSAGE][PASSED] - All options with value 'JM' are selected in object 'Object Repository/Page_MyEG Services  Verify Records/select_- Select Service -'  using regular expression

2018-10-19 13:02:38 - [TEST_STEP][PASSED] - click: Object: 'Object Repository/Page_MyEG Services  Verify Records/input' is clicked on

2018-10-19 13:02:39 - [MESSAGE][PASSED] - Object: 'Object Repository/Page_MyEG Services  Verify Records/input' is clicked on

2018-10-19 13:02:39 - [TEST_STEP][PASSED] - takeScreenshot: Taking screenshot successfully

2018-10-19 13:02:40 - [MESSAGE][PASSED] - Taking screenshot successfully
[[ATTACHMENT|C:\\Users\\Owner\\Katalon Studio\\Logistics\\Reports\\CSO_ADMIN\\Verify Record\\20181019_130217\\1539925359832.png]]

2018-10-19 13:02:40 - [TEST_STEP][PASSED] - selectOptionByValue: All options with value 'IM' are selected in object 'Object Repository/Page_MyEG Services  Verify Records/select_- Select Service -'  using regular expression

2018-10-19 13:02:40 - [MESSAGE][PASSED] - All options with value 'IM' are selected in object 'Object Repository/Page_MyEG Services  Verify Records/select_- Select Service -'  using regular expression

2018-10-19 13:02:40 - [TEST_STEP][PASSED] - click: Object: 'Object Repository/Page_MyEG Services  Verify Records/input' is clicked on

2018-10-19 13:02:41 - [MESSAGE][PASSED] - Object: 'Object Repository/Page_MyEG Services  Verify Records/input' is clicked on

2018-10-19 13:02:41 - [TEST_STEP][PASSED] - takeScreenshot: Taking screenshot successfully

2018-10-19 13:02:42 - [MESSAGE][PASSED] - Taking screenshot successfully
[[ATTACHMENT|C:\\Users\\Owner\\Katalon Studio\\Logistics\\Reports\\CSO_ADMIN\\Verify Record\\20181019_130217\\1539925361578.png]]

2018-10-19 13:02:42 - [TEST_STEP][PASSED] - selectOptionByValue: All options with value 'MD' are selected in object 'Object Repository/Page_MyEG Services  Verify Records/select_- Select Service -'  using regular expression

2018-10-19 13:02:42 - [MESSAGE][PASSED] - All options with value 'MD' are selected in object 'Object Repository/Page_MyEG Services  Verify Records/select_- Select Service -'  using regular expression

2018-10-19 13:02:42 - [TEST_STEP][PASSED] - click: Object: 'Object Repository/Page_MyEG Services  Verify Records/input' is clicked on

2018-10-19 13:02:43 - [MESSAGE][PASSED] - Object: 'Object Repository/Page_MyEG Services  Verify Records/input' is clicked on

2018-10-19 13:02:43 - [TEST_STEP][PASSED] - takeScreenshot: Taking screenshot successfully

2018-10-19 13:02:43 - [MESSAGE][PASSED] - Taking screenshot successfully
[[ATTACHMENT|C:\\Users\\Owner\\Katalon Studio\\Logistics\\Reports\\CSO_ADMIN\\Verify Record\\20181019_130217\\1539925363387.png]]

2018-10-19 13:02:43 - [TEST_STEP][PASSED] - selectOptionByValue: All options with value 'FW' are selected in object 'Object Repository/Page_MyEG Services  Verify Records/select_- Select Service -'  using regular expression

2018-10-19 13:02:44 - [MESSAGE][PASSED] - All options with value 'FW' are selected in object 'Object Repository/Page_MyEG Services  Verify Records/select_- Select Service -'  using regular expression

2018-10-19 13:02:44 - [TEST_STEP][PASSED] - click: Object: 'Object Repository/Page_MyEG Services  Verify Records/input' is clicked on

2018-10-19 13:02:44 - [MESSAGE][PASSED] - Object: 'Object Repository/Page_MyEG Services  Verify Records/input' is clicked on

2018-10-19 13:02:44 - [TEST_STEP][PASSED] - takeScreenshot: Taking screenshot successfully

2018-10-19 13:02:45 - [MESSAGE][PASSED] - Taking screenshot successfully
[[ATTACHMENT|C:\\Users\\Owner\\Katalon Studio\\Logistics\\Reports\\CSO_ADMIN\\Verify Record\\20181019_130217\\1539925364826.png]]

2018-10-19 13:02:45 - [TEST_STEP][PASSED] - selectOptionByValue: All options with value 'CN' are selected in object 'Object Repository/Page_MyEG Services  Verify Records/select_- Select Service -'  using regular expression

2018-10-19 13:02:45 - [MESSAGE][PASSED] - All options with value 'CN' are selected in object 'Object Repository/Page_MyEG Services  Verify Records/select_- Select Service -'  using regular expression

2018-10-19 13:02:45 - [TEST_STEP][PASSED] - click: Object: 'Object Repository/Page_MyEG Services  Verify Records/input' is clicked on

2018-10-19 13:02:46 - [MESSAGE][PASSED] - Object: 'Object Repository/Page_MyEG Services  Verify Records/input' is clicked on

2018-10-19 13:02:46 - [TEST_STEP][PASSED] - takeScreenshot: Taking screenshot successfully

2018-10-19 13:02:47 - [MESSAGE][PASSED] - Taking screenshot successfully
[[ATTACHMENT|C:\\Users\\Owner\\Katalon Studio\\Logistics\\Reports\\CSO_ADMIN\\Verify Record\\20181019_130217\\1539925366640.png]]

2018-10-19 13:02:47 - [TEST_STEP][PASSED] - selectOptionByValue: All options with value 'CL' are selected in object 'Object Repository/Page_MyEG Services  Verify Records/select_- Select Service -'  using regular expression

2018-10-19 13:02:47 - [MESSAGE][PASSED] - All options with value 'CL' are selected in object 'Object Repository/Page_MyEG Services  Verify Records/select_- Select Service -'  using regular expression

2018-10-19 13:02:47 - [TEST_STEP][PASSED] - click: Object: 'Object Repository/Page_MyEG Services  Verify Records/input' is clicked on

2018-10-19 13:02:48 - [MESSAGE][PASSED] - Object: 'Object Repository/Page_MyEG Services  Verify Records/input' is clicked on

2018-10-19 13:02:48 - [TEST_STEP][PASSED] - takeScreenshot: Taking screenshot successfully

2018-10-19 13:02:48 - [MESSAGE][PASSED] - Taking screenshot successfully
[[ATTACHMENT|C:\\Users\\Owner\\Katalon Studio\\Logistics\\Reports\\CSO_ADMIN\\Verify Record\\20181019_130217\\1539925368419.png]]

2018-10-19 13:02:48 - [TEST_STEP][PASSED] - selectOptionByValue: All options with value '1M' are selected in object 'Object Repository/Page_MyEG Services  Verify Records/select_- Select Service -'  using regular expression

2018-10-19 13:02:49 - [MESSAGE][PASSED] - All options with value '1M' are selected in object 'Object Repository/Page_MyEG Services  Verify Records/select_- Select Service -'  using regular expression

2018-10-19 13:02:49 - [TEST_STEP][PASSED] - click: Object: 'Object Repository/Page_MyEG Services  Verify Records/input' is clicked on

2018-10-19 13:02:50 - [MESSAGE][PASSED] - Object: 'Object Repository/Page_MyEG Services  Verify Records/input' is clicked on

2018-10-19 13:02:50 - [TEST_STEP][PASSED] - takeScreenshot: Taking screenshot successfully

2018-10-19 13:02:50 - [MESSAGE][PASSED] - Taking screenshot successfully
[[ATTACHMENT|C:\\Users\\Owner\\Katalon Studio\\Logistics\\Reports\\CSO_ADMIN\\Verify Record\\20181019_130217\\1539925370341.png]]

2018-10-19 13:02:50 - [TEST_STEP][PASSED] - selectOptionByValue: All options with value 'SP' are selected in object 'Object Repository/Page_MyEG Services  Verify Records/select_- Select Service -'  using regular expression

2018-10-19 13:02:51 - [MESSAGE][PASSED] - All options with value 'SP' are selected in object 'Object Repository/Page_MyEG Services  Verify Records/select_- Select Service -'  using regular expression

2018-10-19 13:02:51 - [TEST_STEP][PASSED] - click: Object: 'Object Repository/Page_MyEG Services  Verify Records/input' is clicked on

2018-10-19 13:02:52 - [MESSAGE][PASSED] - Object: 'Object Repository/Page_MyEG Services  Verify Records/input' is clicked on

2018-10-19 13:02:52 - [TEST_STEP][PASSED] - takeScreenshot: Taking screenshot successfully

2018-10-19 13:02:52 - [MESSAGE][PASSED] - Taking screenshot successfully
[[ATTACHMENT|C:\\Users\\Owner\\Katalon Studio\\Logistics\\Reports\\CSO_ADMIN\\Verify Record\\20181019_130217\\1539925372171.png]]

2018-10-19 13:02:52 - [TEST_STEP][PASSED] - selectOptionByValue: All options with value 'PK' are selected in object 'Object Repository/Page_MyEG Services  Verify Records/select_- Select Service -'  using regular expression

2018-10-19 13:02:53 - [MESSAGE][PASSED] - All options with value 'PK' are selected in object 'Object Repository/Page_MyEG Services  Verify Records/select_- Select Service -'  using regular expression

2018-10-19 13:02:53 - [TEST_STEP][PASSED] - click: Object: 'Object Repository/Page_MyEG Services  Verify Records/input' is clicked on

2018-10-19 13:02:53 - [MESSAGE][PASSED] - Object: 'Object Repository/Page_MyEG Services  Verify Records/input' is clicked on

2018-10-19 13:02:53 - [TEST_STEP][PASSED] - takeScreenshot: Taking screenshot successfully

2018-10-19 13:02:54 - [MESSAGE][PASSED] - Taking screenshot successfully
[[ATTACHMENT|C:\\Users\\Owner\\Katalon Studio\\Logistics\\Reports\\CSO_ADMIN\\Verify Record\\20181019_130217\\1539925373968.png]]

2018-10-19 13:02:54 - [TEST_STEP][PASSED] - selectOptionByValue: All options with value 'PT' are selected in object 'Object Repository/Page_MyEG Services  Verify Records/select_- Select Service -'  using regular expression

2018-10-19 13:02:54 - [MESSAGE][PASSED] - All options with value 'PT' are selected in object 'Object Repository/Page_MyEG Services  Verify Records/select_- Select Service -'  using regular expression

2018-10-19 13:02:54 - [TEST_STEP][PASSED] - click: Object: 'Object Repository/Page_MyEG Services  Verify Records/input' is clicked on

2018-10-19 13:02:55 - [MESSAGE][PASSED] - Object: 'Object Repository/Page_MyEG Services  Verify Records/input' is clicked on

2018-10-19 13:02:55 - [TEST_STEP][PASSED] - takeScreenshot: Taking screenshot successfully

2018-10-19 13:02:56 - [MESSAGE][PASSED] - Taking screenshot successfully
[[ATTACHMENT|C:\\Users\\Owner\\Katalon Studio\\Logistics\\Reports\\CSO_ADMIN\\Verify Record\\20181019_130217\\1539925375844.png]]

2018-10-19 13:02:56 - [TEST_STEP][PASSED] - selectOptionByValue: All options with value 'PTL' are selected in object 'Object Repository/Page_MyEG Services  Verify Records/select_- Select Service -'  using regular expression

2018-10-19 13:02:56 - [MESSAGE][PASSED] - All options with value 'PTL' are selected in object 'Object Repository/Page_MyEG Services  Verify Records/select_- Select Service -'  using regular expression

2018-10-19 13:02:56 - [TEST_STEP][PASSED] - click: Object: 'Object Repository/Page_MyEG Services  Verify Records/input' is clicked on

2018-10-19 13:02:57 - [MESSAGE][PASSED] - Object: 'Object Repository/Page_MyEG Services  Verify Records/input' is clicked on

2018-10-19 13:02:57 - [TEST_STEP][PASSED] - takeScreenshot: Taking screenshot successfully

2018-10-19 13:02:58 - [MESSAGE][PASSED] - Taking screenshot successfully
[[ATTACHMENT|C:\\Users\\Owner\\Katalon Studio\\Logistics\\Reports\\CSO_ADMIN\\Verify Record\\20181019_130217\\1539925377602.png]]

2018-10-19 13:02:58 - [TEST_STEP][PASSED] - selectOptionByValue: All options with value 'JPJ1M' are selected in object 'Object Repository/Page_MyEG Services  Verify Records/select_- Select Service -'  using regular expression

2018-10-19 13:02:58 - [MESSAGE][PASSED] - All options with value 'JPJ1M' are selected in object 'Object Repository/Page_MyEG Services  Verify Records/select_- Select Service -'  using regular expression

2018-10-19 13:02:58 - [TEST_STEP][PASSED] - click: Object: 'Object Repository/Page_MyEG Services  Verify Records/input' is clicked on

2018-10-19 13:02:59 - [MESSAGE][PASSED] - Object: 'Object Repository/Page_MyEG Services  Verify Records/input' is clicked on

2018-10-19 13:02:59 - [TEST_STEP][PASSED] - takeScreenshot: Taking screenshot successfully

2018-10-19 13:02:59 - [MESSAGE][PASSED] - Taking screenshot successfully
[[ATTACHMENT|C:\\Users\\Owner\\Katalon Studio\\Logistics\\Reports\\CSO_ADMIN\\Verify Record\\20181019_130217\\1539925379454.png]]

2018-10-19 13:02:59 - [TEST_STEP][PASSED] - selectOptionByValue: All options with value 'IMI1M' are selected in object 'Object Repository/Page_MyEG Services  Verify Records/select_- Select Service -'  using regular expression

2018-10-19 13:03:00 - [MESSAGE][PASSED] - All options with value 'IMI1M' are selected in object 'Object Repository/Page_MyEG Services  Verify Records/select_- Select Service -'  using regular expression

2018-10-19 13:03:00 - [TEST_STEP][PASSED] - click: Object: 'Object Repository/Page_MyEG Services  Verify Records/input' is clicked on

2018-10-19 13:03:01 - [MESSAGE][PASSED] - Object: 'Object Repository/Page_MyEG Services  Verify Records/input' is clicked on

2018-10-19 13:03:01 - [TEST_STEP][PASSED] - takeScreenshot: Taking screenshot successfully

2018-10-19 13:03:01 - [MESSAGE][PASSED] - Taking screenshot successfully
[[ATTACHMENT|C:\\Users\\Owner\\Katalon Studio\\Logistics\\Reports\\CSO_ADMIN\\Verify Record\\20181019_130217\\1539925381309.png]]

2018-10-19 13:03:01 - [TEST_STEP][PASSED] - selectOptionByValue: All options with value 'ET' are selected in object 'Object Repository/Page_MyEG Services  Verify Records/select_- Select Service -'  using regular expression

2018-10-19 13:03:02 - [MESSAGE][PASSED] - All options with value 'ET' are selected in object 'Object Repository/Page_MyEG Services  Verify Records/select_- Select Service -'  using regular expression

2018-10-19 13:03:02 - [TEST_STEP][PASSED] - click: Object: 'Object Repository/Page_MyEG Services  Verify Records/input' is clicked on

2018-10-19 13:03:03 - [MESSAGE][PASSED] - Object: 'Object Repository/Page_MyEG Services  Verify Records/input' is clicked on

2018-10-19 13:03:03 - [TEST_STEP][PASSED] - takeScreenshot: Taking screenshot successfully

2018-10-19 13:03:03 - [MESSAGE][PASSED] - Taking screenshot successfully
[[ATTACHMENT|C:\\Users\\Owner\\Katalon Studio\\Logistics\\Reports\\CSO_ADMIN\\Verify Record\\20181019_130217\\1539925383014.png]]

2018-10-19 13:03:03 - [TEST_STEP][PASSED] - selectOptionByValue: All options with value 'manual' are selected in object 'Object Repository/Page_MyEG Services  Verify Records/select_- Select mode -     Man'  using regular expression

2018-10-19 13:03:03 - [MESSAGE][PASSED] - All options with value 'manual' are selected in object 'Object Repository/Page_MyEG Services  Verify Records/select_- Select mode -     Man'  using regular expression

2018-10-19 13:03:03 - [TEST_STEP][PASSED] - selectOptionByValue: All options with value 'LK' are selected in object 'Object Repository/Page_MyEG Services  Verify Records/select_- Select Service -'  using regular expression

2018-10-19 13:03:04 - [MESSAGE][PASSED] - All options with value 'LK' are selected in object 'Object Repository/Page_MyEG Services  Verify Records/select_- Select Service -'  using regular expression

2018-10-19 13:03:04 - [TEST_STEP][PASSED] - click: Object: 'Object Repository/Page_MyEG Services  Verify Records/input' is clicked on

2018-10-19 13:03:04 - [MESSAGE][PASSED] - Object: 'Object Repository/Page_MyEG Services  Verify Records/input' is clicked on

2018-10-19 13:03:04 - [TEST_STEP][PASSED] - takeScreenshot: Taking screenshot successfully

2018-10-19 13:03:05 - [MESSAGE][PASSED] - Taking screenshot successfully
[[ATTACHMENT|C:\\Users\\Owner\\Katalon Studio\\Logistics\\Reports\\CSO_ADMIN\\Verify Record\\20181019_130217\\1539925384722.png]]

2018-10-19 13:03:05 - [TEST_STEP][PASSED] - selectOptionByValue: All options with value 'LKS' are selected in object 'Object Repository/Page_MyEG Services  Verify Records/select_- Select Service -'  using regular expression

2018-10-19 13:03:05 - [MESSAGE][PASSED] - All options with value 'LKS' are selected in object 'Object Repository/Page_MyEG Services  Verify Records/select_- Select Service -'  using regular expression

2018-10-19 13:03:05 - [TEST_STEP][PASSED] - click: Object: 'Object Repository/Page_MyEG Services  Verify Records/input' is clicked on

2018-10-19 13:03:06 - [MESSAGE][PASSED] - Object: 'Object Repository/Page_MyEG Services  Verify Records/input' is clicked on

2018-10-19 13:03:06 - [TEST_STEP][PASSED] - takeScreenshot: Taking screenshot successfully

2018-10-19 13:03:06 - [MESSAGE][PASSED] - Taking screenshot successfully
[[ATTACHMENT|C:\\Users\\Owner\\Katalon Studio\\Logistics\\Reports\\CSO_ADMIN\\Verify Record\\20181019_130217\\1539925386306.png]]

2018-10-19 13:03:06 - [TEST_STEP][PASSED] - selectOptionByValue: All options with value 'JM' are selected in object 'Object Repository/Page_MyEG Services  Verify Records/select_- Select Service -'  using regular expression

2018-10-19 13:03:07 - [MESSAGE][PASSED] - All options with value 'JM' are selected in object 'Object Repository/Page_MyEG Services  Verify Records/select_- Select Service -'  using regular expression

2018-10-19 13:03:07 - [TEST_STEP][PASSED] - click: Object: 'Object Repository/Page_MyEG Services  Verify Records/input' is clicked on

2018-10-19 13:03:07 - [MESSAGE][PASSED] - Object: 'Object Repository/Page_MyEG Services  Verify Records/input' is clicked on

2018-10-19 13:03:07 - [TEST_STEP][PASSED] - takeScreenshot: Taking screenshot successfully

2018-10-19 13:03:08 - [MESSAGE][PASSED] - Taking screenshot successfully
[[ATTACHMENT|C:\\Users\\Owner\\Katalon Studio\\Logistics\\Reports\\CSO_ADMIN\\Verify Record\\20181019_130217\\1539925387956.png]]

2018-10-19 13:03:08 - [TEST_STEP][PASSED] - selectOptionByValue: All options with value 'IM' are selected in object 'Object Repository/Page_MyEG Services  Verify Records/select_- Select Service -'  using regular expression

2018-10-19 13:03:08 - [MESSAGE][PASSED] - All options with value 'IM' are selected in object 'Object Repository/Page_MyEG Services  Verify Records/select_- Select Service -'  using regular expression

2018-10-19 13:03:08 - [TEST_STEP][PASSED] - click: Object: 'Object Repository/Page_MyEG Services  Verify Records/input' is clicked on

2018-10-19 13:03:09 - [MESSAGE][PASSED] - Object: 'Object Repository/Page_MyEG Services  Verify Records/input' is clicked on

2018-10-19 13:03:09 - [TEST_STEP][PASSED] - takeScreenshot: Taking screenshot successfully

2018-10-19 13:03:09 - [MESSAGE][PASSED] - Taking screenshot successfully
[[ATTACHMENT|C:\\Users\\Owner\\Katalon Studio\\Logistics\\Reports\\CSO_ADMIN\\Verify Record\\20181019_130217\\1539925389529.png]]

2018-10-19 13:03:09 - [TEST_STEP][PASSED] - selectOptionByValue: All options with value 'MD' are selected in object 'Object Repository/Page_MyEG Services  Verify Records/select_- Select Service -'  using regular expression

2018-10-19 13:03:10 - [MESSAGE][PASSED] - All options with value 'MD' are selected in object 'Object Repository/Page_MyEG Services  Verify Records/select_- Select Service -'  using regular expression

2018-10-19 13:03:10 - [TEST_STEP][PASSED] - click: Object: 'Object Repository/Page_MyEG Services  Verify Records/input' is clicked on

2018-10-19 13:03:11 - [MESSAGE][PASSED] - Object: 'Object Repository/Page_MyEG Services  Verify Records/input' is clicked on

2018-10-19 13:03:11 - [TEST_STEP][PASSED] - takeScreenshot: Taking screenshot successfully

2018-10-19 13:03:11 - [MESSAGE][PASSED] - Taking screenshot successfully
[[ATTACHMENT|C:\\Users\\Owner\\Katalon Studio\\Logistics\\Reports\\CSO_ADMIN\\Verify Record\\20181019_130217\\1539925391168.png]]

2018-10-19 13:03:11 - [TEST_STEP][PASSED] - selectOptionByValue: All options with value 'FW' are selected in object 'Object Repository/Page_MyEG Services  Verify Records/select_- Select Service -'  using regular expression

2018-10-19 13:03:12 - [MESSAGE][PASSED] - All options with value 'FW' are selected in object 'Object Repository/Page_MyEG Services  Verify Records/select_- Select Service -'  using regular expression

2018-10-19 13:03:12 - [TEST_STEP][PASSED] - click: Object: 'Object Repository/Page_MyEG Services  Verify Records/input' is clicked on

2018-10-19 13:03:12 - [MESSAGE][PASSED] - Object: 'Object Repository/Page_MyEG Services  Verify Records/input' is clicked on

2018-10-19 13:03:12 - [TEST_STEP][PASSED] - takeScreenshot: Taking screenshot successfully

2018-10-19 13:03:13 - [MESSAGE][PASSED] - Taking screenshot successfully
[[ATTACHMENT|C:\\Users\\Owner\\Katalon Studio\\Logistics\\Reports\\CSO_ADMIN\\Verify Record\\20181019_130217\\1539925392656.png]]

2018-10-19 13:03:13 - [TEST_STEP][PASSED] - selectOptionByValue: All options with value 'CN' are selected in object 'Object Repository/Page_MyEG Services  Verify Records/select_- Select Service -'  using regular expression

2018-10-19 13:03:13 - [MESSAGE][PASSED] - All options with value 'CN' are selected in object 'Object Repository/Page_MyEG Services  Verify Records/select_- Select Service -'  using regular expression

2018-10-19 13:03:13 - [TEST_STEP][PASSED] - click: Object: 'Object Repository/Page_MyEG Services  Verify Records/input' is clicked on

2018-10-19 13:03:14 - [MESSAGE][PASSED] - Object: 'Object Repository/Page_MyEG Services  Verify Records/input' is clicked on

2018-10-19 13:03:14 - [TEST_STEP][PASSED] - takeScreenshot: Taking screenshot successfully

2018-10-19 13:03:14 - [MESSAGE][PASSED] - Taking screenshot successfully
[[ATTACHMENT|C:\\Users\\Owner\\Katalon Studio\\Logistics\\Reports\\CSO_ADMIN\\Verify Record\\20181019_130217\\1539925394290.png]]

2018-10-19 13:03:14 - [TEST_STEP][PASSED] - selectOptionByValue: All options with value 'CL' are selected in object 'Object Repository/Page_MyEG Services  Verify Records/select_- Select Service -'  using regular expression

2018-10-19 13:03:15 - [MESSAGE][PASSED] - All options with value 'CL' are selected in object 'Object Repository/Page_MyEG Services  Verify Records/select_- Select Service -'  using regular expression

2018-10-19 13:03:15 - [TEST_STEP][PASSED] - click: Object: 'Object Repository/Page_MyEG Services  Verify Records/input' is clicked on

2018-10-19 13:03:15 - [MESSAGE][PASSED] - Object: 'Object Repository/Page_MyEG Services  Verify Records/input' is clicked on

2018-10-19 13:03:15 - [TEST_STEP][PASSED] - takeScreenshot: Taking screenshot successfully

2018-10-19 13:03:16 - [MESSAGE][PASSED] - Taking screenshot successfully
[[ATTACHMENT|C:\\Users\\Owner\\Katalon Studio\\Logistics\\Reports\\CSO_ADMIN\\Verify Record\\20181019_130217\\1539925395820.png]]

2018-10-19 13:03:16 - [TEST_STEP][PASSED] - selectOptionByValue: All options with value '1M' are selected in object 'Object Repository/Page_MyEG Services  Verify Records/select_- Select Service -'  using regular expression

2018-10-19 13:03:16 - [MESSAGE][PASSED] - All options with value '1M' are selected in object 'Object Repository/Page_MyEG Services  Verify Records/select_- Select Service -'  using regular expression

2018-10-19 13:03:16 - [TEST_STEP][PASSED] - click: Object: 'Object Repository/Page_MyEG Services  Verify Records/input' is clicked on

2018-10-19 13:03:17 - [MESSAGE][PASSED] - Object: 'Object Repository/Page_MyEG Services  Verify Records/input' is clicked on

2018-10-19 13:03:17 - [TEST_STEP][PASSED] - takeScreenshot: Taking screenshot successfully

2018-10-19 13:03:17 - [MESSAGE][PASSED] - Taking screenshot successfully
[[ATTACHMENT|C:\\Users\\Owner\\Katalon Studio\\Logistics\\Reports\\CSO_ADMIN\\Verify Record\\20181019_130217\\1539925397393.png]]

2018-10-19 13:03:17 - [TEST_STEP][PASSED] - selectOptionByValue: All options with value 'SP' are selected in object 'Object Repository/Page_MyEG Services  Verify Records/select_- Select Service -'  using regular expression

2018-10-19 13:03:18 - [MESSAGE][PASSED] - All options with value 'SP' are selected in object 'Object Repository/Page_MyEG Services  Verify Records/select_- Select Service -'  using regular expression

2018-10-19 13:03:18 - [TEST_STEP][PASSED] - click: Object: 'Object Repository/Page_MyEG Services  Verify Records/input' is clicked on

2018-10-19 13:03:18 - [MESSAGE][PASSED] - Object: 'Object Repository/Page_MyEG Services  Verify Records/input' is clicked on

2018-10-19 13:03:18 - [TEST_STEP][PASSED] - takeScreenshot: Taking screenshot successfully

2018-10-19 13:03:19 - [MESSAGE][PASSED] - Taking screenshot successfully
[[ATTACHMENT|C:\\Users\\Owner\\Katalon Studio\\Logistics\\Reports\\CSO_ADMIN\\Verify Record\\20181019_130217\\1539925398965.png]]

2018-10-19 13:03:19 - [TEST_STEP][PASSED] - selectOptionByValue: All options with value 'PK' are selected in object 'Object Repository/Page_MyEG Services  Verify Records/select_- Select Service -'  using regular expression

2018-10-19 13:03:19 - [MESSAGE][PASSED] - All options with value 'PK' are selected in object 'Object Repository/Page_MyEG Services  Verify Records/select_- Select Service -'  using regular expression

2018-10-19 13:03:19 - [TEST_STEP][PASSED] - click: Object: 'Object Repository/Page_MyEG Services  Verify Records/input' is clicked on

2018-10-19 13:03:20 - [MESSAGE][PASSED] - Object: 'Object Repository/Page_MyEG Services  Verify Records/input' is clicked on

2018-10-19 13:03:20 - [TEST_STEP][PASSED] - takeScreenshot: Taking screenshot successfully

2018-10-19 13:03:21 - [MESSAGE][PASSED] - Taking screenshot successfully
[[ATTACHMENT|C:\\Users\\Owner\\Katalon Studio\\Logistics\\Reports\\CSO_ADMIN\\Verify Record\\20181019_130217\\1539925400563.png]]

2018-10-19 13:03:21 - [TEST_STEP][PASSED] - selectOptionByValue: All options with value 'PT' are selected in object 'Object Repository/Page_MyEG Services  Verify Records/select_- Select Service -'  using regular expression

2018-10-19 13:03:21 - [MESSAGE][PASSED] - All options with value 'PT' are selected in object 'Object Repository/Page_MyEG Services  Verify Records/select_- Select Service -'  using regular expression

2018-10-19 13:03:21 - [TEST_STEP][PASSED] - click: Object: 'Object Repository/Page_MyEG Services  Verify Records/input' is clicked on

2018-10-19 13:03:22 - [MESSAGE][PASSED] - Object: 'Object Repository/Page_MyEG Services  Verify Records/input' is clicked on

2018-10-19 13:03:22 - [TEST_STEP][PASSED] - takeScreenshot: Taking screenshot successfully

2018-10-19 13:03:22 - [MESSAGE][PASSED] - Taking screenshot successfully
[[ATTACHMENT|C:\\Users\\Owner\\Katalon Studio\\Logistics\\Reports\\CSO_ADMIN\\Verify Record\\20181019_130217\\1539925402205.png]]

2018-10-19 13:03:22 - [TEST_STEP][PASSED] - selectOptionByValue: All options with value 'PTL' are selected in object 'Object Repository/Page_MyEG Services  Verify Records/select_- Select Service -'  using regular expression

2018-10-19 13:03:23 - [MESSAGE][PASSED] - All options with value 'PTL' are selected in object 'Object Repository/Page_MyEG Services  Verify Records/select_- Select Service -'  using regular expression

2018-10-19 13:03:23 - [TEST_STEP][PASSED] - click: Object: 'Object Repository/Page_MyEG Services  Verify Records/input' is clicked on

2018-10-19 13:03:23 - [MESSAGE][PASSED] - Object: 'Object Repository/Page_MyEG Services  Verify Records/input' is clicked on

2018-10-19 13:03:23 - [TEST_STEP][PASSED] - takeScreenshot: Taking screenshot successfully

2018-10-19 13:03:24 - [MESSAGE][PASSED] - Taking screenshot successfully
[[ATTACHMENT|C:\\Users\\Owner\\Katalon Studio\\Logistics\\Reports\\CSO_ADMIN\\Verify Record\\20181019_130217\\1539925403881.png]]

2018-10-19 13:03:24 - [TEST_STEP][PASSED] - selectOptionByValue: All options with value 'JPJ1M' are selected in object 'Object Repository/Page_MyEG Services  Verify Records/select_- Select Service -'  using regular expression

2018-10-19 13:03:24 - [MESSAGE][PASSED] - All options with value 'JPJ1M' are selected in object 'Object Repository/Page_MyEG Services  Verify Records/select_- Select Service -'  using regular expression

2018-10-19 13:03:24 - [TEST_STEP][PASSED] - click: Object: 'Object Repository/Page_MyEG Services  Verify Records/input' is clicked on

2018-10-19 13:03:25 - [MESSAGE][PASSED] - Object: 'Object Repository/Page_MyEG Services  Verify Records/input' is clicked on

2018-10-19 13:03:25 - [TEST_STEP][PASSED] - takeScreenshot: Taking screenshot successfully

2018-10-19 13:03:25 - [MESSAGE][PASSED] - Taking screenshot successfully
[[ATTACHMENT|C:\\Users\\Owner\\Katalon Studio\\Logistics\\Reports\\CSO_ADMIN\\Verify Record\\20181019_130217\\1539925405551.png]]

2018-10-19 13:03:25 - [TEST_STEP][PASSED] - selectOptionByValue: All options with value 'IMI1M' are selected in object 'Object Repository/Page_MyEG Services  Verify Records/select_- Select Service -'  using regular expression

2018-10-19 13:03:26 - [MESSAGE][PASSED] - All options with value 'IMI1M' are selected in object 'Object Repository/Page_MyEG Services  Verify Records/select_- Select Service -'  using regular expression

2018-10-19 13:03:26 - [TEST_STEP][PASSED] - click: Object: 'Object Repository/Page_MyEG Services  Verify Records/input' is clicked on

2018-10-19 13:03:27 - [MESSAGE][PASSED] - Object: 'Object Repository/Page_MyEG Services  Verify Records/input' is clicked on

2018-10-19 13:03:27 - [TEST_STEP][PASSED] - takeScreenshot: Taking screenshot successfully

2018-10-19 13:03:27 - [MESSAGE][PASSED] - Taking screenshot successfully
[[ATTACHMENT|C:\\Users\\Owner\\Katalon Studio\\Logistics\\Reports\\CSO_ADMIN\\Verify Record\\20181019_130217\\1539925407165.png]]

2018-10-19 13:03:27 - [TEST_STEP][PASSED] - selectOptionByValue: All options with value 'ET' are selected in object 'Object Repository/Page_MyEG Services  Verify Records/select_- Select Service -'  using regular expression

2018-10-19 13:03:28 - [MESSAGE][PASSED] - All options with value 'ET' are selected in object 'Object Repository/Page_MyEG Services  Verify Records/select_- Select Service -'  using regular expression

2018-10-19 13:03:28 - [TEST_STEP][PASSED] - click: Object: 'Object Repository/Page_MyEG Services  Verify Records/input' is clicked on

2018-10-19 13:03:29 - [MESSAGE][PASSED] - Object: 'Object Repository/Page_MyEG Services  Verify Records/input' is clicked on

2018-10-19 13:03:29 - [TEST_STEP][PASSED] - takeScreenshot: Taking screenshot successfully

2018-10-19 13:03:29 - [MESSAGE][PASSED] - Taking screenshot successfully
[[ATTACHMENT|C:\\Users\\Owner\\Katalon Studio\\Logistics\\Reports\\CSO_ADMIN\\Verify Record\\20181019_130217\\1539925409044.png]]

2018-10-19 13:03:29 - [TEST_STEP][PASSED] - click: Object: 'Object Repository/Page_MyEG Services  Verify Records/a_reset' is clicked on

2018-10-19 13:03:29 - [MESSAGE][PASSED] - Object: 'Object Repository/Page_MyEG Services  Verify Records/a_reset' is clicked on

2018-10-19 13:03:29 - [TEST_STEP][PASSED] - takeScreenshot: Taking screenshot successfully

2018-10-19 13:03:29 - [MESSAGE][PASSED] - Taking screenshot successfully
[[ATTACHMENT|C:\\Users\\Owner\\Katalon Studio\\Logistics\\Reports\\CSO_ADMIN\\Verify Record\\20181019_130217\\1539925409568.png]]

2018-10-19 13:03:29 - [TEST_STEP][PASSED] - click: Object: 'Object Repository/Page_MyEG Services  Insert title he/a_Logout' is clicked on

2018-10-19 13:03:30 - [MESSAGE][PASSED] - Object: 'Object Repository/Page_MyEG Services  Insert title he/a_Logout' is clicked on

2018-10-19 13:03:30 - [TEST_STEP][PASSED] - takeScreenshot: Taking screenshot successfully

2018-10-19 13:03:30 - [MESSAGE][PASSED] - Taking screenshot successfully
[[ATTACHMENT|C:\\Users\\Owner\\Katalon Studio\\Logistics\\Reports\\CSO_ADMIN\\Verify Record\\20181019_130217\\1539925410226.png]]

2018-10-19 13:03:30 - [TEST_STEP][PASSED] - closeBrowser: Browser is closed

2018-10-19 13:03:31 - [MESSAGE][PASSED] - Browser is closed]]></system-out>
         <system-err><![CDATA[]]></system-err>
      </testcase>
      <system-out><![CDATA[2018-10-19 13:02:20 - [TEST_SUITE][PASSED] - Verify Record: Test Cases/Logistics/Roles/CSO_ADMIN/Verify Record]]></system-out>
      <system-err><![CDATA[]]></system-err>
   </testsuite>
</testsuites>
