<?xml version="1.0" encoding="UTF-8"?>
<testsuites name="Verify Record" time="39" tests="1" failures="0" errors="0">
   <testsuite name="Verify Record" tests="1" failures="0" errors="0" time="39" timestamp="2018-10-19 16:06:29" hostname="Owner - L13-IT-KISHORE.myeg.local" id="Test Suites/PRINT_IMM/Verify Record">
      <properties>
         <property name="deviceName" value=""/>
         <property name="devicePlatform" value=""/>
         <property name="logFolder" value="C:\\Users\\Owner\\Katalon Studio\\Logistics\\Reports\\PRINT_IMM\\Verify Record\\20181019_160627"/>
         <property name="logFiles" value="C:\\Users\\Owner\\Katalon Studio\\Logistics\\Reports\\PRINT_IMM\\Verify Record\\20181019_160627\\execution0.log"/>
         <property name="attachments" value="C:\\Users\\Owner\\Katalon Studio\\Logistics\\Reports\\PRINT_IMM\\Verify Record\\20181019_160627\\1539936398607.png, C:\\Users\\Owner\\Katalon Studio\\Logistics\\Reports\\PRINT_IMM\\Verify Record\\20181019_160627\\1539936399782.png, C:\\Users\\Owner\\Katalon Studio\\Logistics\\Reports\\PRINT_IMM\\Verify Record\\20181019_160627\\1539936400903.png, C:\\Users\\Owner\\Katalon Studio\\Logistics\\Reports\\PRINT_IMM\\Verify Record\\20181019_160627\\1539936402868.png, C:\\Users\\Owner\\Katalon Studio\\Logistics\\Reports\\PRINT_IMM\\Verify Record\\20181019_160627\\1539936403698.png, C:\\Users\\Owner\\Katalon Studio\\Logistics\\Reports\\PRINT_IMM\\Verify Record\\20181019_160627\\1539936404211.png, C:\\Users\\Owner\\Katalon Studio\\Logistics\\Reports\\PRINT_IMM\\Verify Record\\20181019_160627\\1539936406714.png, C:\\Users\\Owner\\Katalon Studio\\Logistics\\Reports\\PRINT_IMM\\Verify Record\\20181019_160627\\1539936408135.png, C:\\Users\\Owner\\Katalon Studio\\Logistics\\Reports\\PRINT_IMM\\Verify Record\\20181019_160627\\1539936409461.png, C:\\Users\\Owner\\Katalon Studio\\Logistics\\Reports\\PRINT_IMM\\Verify Record\\20181019_160627\\1539936410804.png, C:\\Users\\Owner\\Katalon Studio\\Logistics\\Reports\\PRINT_IMM\\Verify Record\\20181019_160627\\1539936412133.png, C:\\Users\\Owner\\Katalon Studio\\Logistics\\Reports\\PRINT_IMM\\Verify Record\\20181019_160627\\1539936413492.png, C:\\Users\\Owner\\Katalon Studio\\Logistics\\Reports\\PRINT_IMM\\Verify Record\\20181019_160627\\1539936414857.png, C:\\Users\\Owner\\Katalon Studio\\Logistics\\Reports\\PRINT_IMM\\Verify Record\\20181019_160627\\1539936416197.png, C:\\Users\\Owner\\Katalon Studio\\Logistics\\Reports\\PRINT_IMM\\Verify Record\\20181019_160627\\1539936417608.png, C:\\Users\\Owner\\Katalon Studio\\Logistics\\Reports\\PRINT_IMM\\Verify Record\\20181019_160627\\1539936419035.png, C:\\Users\\Owner\\Katalon Studio\\Logistics\\Reports\\PRINT_IMM\\Verify Record\\20181019_160627\\1539936420421.png, C:\\Users\\Owner\\Katalon Studio\\Logistics\\Reports\\PRINT_IMM\\Verify Record\\20181019_160627\\1539936421725.png, C:\\Users\\Owner\\Katalon Studio\\Logistics\\Reports\\PRINT_IMM\\Verify Record\\20181019_160627\\1539936423085.png, C:\\Users\\Owner\\Katalon Studio\\Logistics\\Reports\\PRINT_IMM\\Verify Record\\20181019_160627\\1539936424381.png, C:\\Users\\Owner\\Katalon Studio\\Logistics\\Reports\\PRINT_IMM\\Verify Record\\20181019_160627\\1539936425783.png, C:\\Users\\Owner\\Katalon Studio\\Logistics\\Reports\\PRINT_IMM\\Verify Record\\20181019_160627\\1539936427116.png, C:\\Users\\Owner\\Katalon Studio\\Logistics\\Reports\\PRINT_IMM\\Verify Record\\20181019_160627\\1539936427631.png, C:\\Users\\Owner\\Katalon Studio\\Logistics\\Reports\\PRINT_IMM\\Verify Record\\20181019_160627\\1539936428344.png"/>
         <property name="hostName" value="Owner - L13-IT-KISHORE.myeg.local"/>
         <property name="os" value="Windows 10 64bit"/>
         <property name="katalonVersion" value="5.8.0.1"/>
         <property name="browser" value="Chrome 69.0.3497.100"/>
         <property name="hostAddress" value="192.168.8.168"/>
         <property name="sessionId" value="a68546d4eca7e813ab1256bed1bf5119"/>
         <property name="seleniumVersion" value="3.7.1"/>
         <property name="proxyInformation" value="ProxyInformation{proxyOption=NO_PROXY, proxyServerType=HTTP, password=, proxyServerAddress=, proxyServerPort=0}"/>
         <property name="platform" value="Windows 10"/>
      </properties>
      <testcase name="Test Cases/Logistics/Roles/PRINT_IMM/Verify Record" classname="Test Cases/Logistics/Roles/PRINT_IMM/Verify Record" status="PASSED">
         <system-out><![CDATA[2018-10-19 16:06:30 - [TEST_CASE][PASSED] - Test Cases/Logistics/Roles/PRINT_IMM/Verify Record: Test Cases/Logistics/Roles/PRINT_IMM/Verify Record

2018-10-19 16:06:30 - [TEST_STEP][PASSED] - openBrowser: Browser is opened with url: ''

2018-10-19 16:06:35 - [MESSAGE][PASSED] - Browser is opened with url: ''

2018-10-19 16:06:35 - [TEST_STEP][PASSED] - maximizeWindow: Current window maximized

2018-10-19 16:06:36 - [MESSAGE][PASSED] - Current window maximized

2018-10-19 16:06:36 - [TEST_STEP][PASSED] - navigateToUrl: Navigate to 'http://uat4.myeg.com.my/logistic/login/' successfully

2018-10-19 16:06:37 - [MESSAGE][PASSED] - Navigate to 'http://uat4.myeg.com.my/logistic/login/' successfully

2018-10-19 16:06:37 - [TEST_STEP][PASSED] - setText: Text 'AJAY1964' is set on object 'Object Repository/Page_MyEG Services  Logistic Report/input_j_username'

2018-10-19 16:06:38 - [MESSAGE][PASSED] - Text 'AJAY1964' is set on object 'Object Repository/Page_MyEG Services  Logistic Report/input_j_username'

2018-10-19 16:06:38 - [TEST_STEP][PASSED] - click: Object: 'Object Repository/Page_MyEG Services  Logistic Report/input_submit' is clicked on

2018-10-19 16:06:38 - [MESSAGE][PASSED] - Object: 'Object Repository/Page_MyEG Services  Logistic Report/input_submit' is clicked on

2018-10-19 16:06:38 - [TEST_STEP][PASSED] - takeScreenshot: Taking screenshot successfully

2018-10-19 16:06:39 - [MESSAGE][PASSED] - Taking screenshot successfully
[[ATTACHMENT|C:\\Users\\Owner\\Katalon Studio\\Logistics\\Reports\\PRINT_IMM\\Verify Record\\20181019_160627\\1539936398607.png]]

2018-10-19 16:06:39 - [TEST_STEP][PASSED] - setEncryptedText: Text ****** has been set on object 'Object Repository/Page_MyEG Services  Logistic Report/input_j_password'

2018-10-19 16:06:39 - [MESSAGE][PASSED] - Text ****** has been set on object 'Object Repository/Page_MyEG Services  Logistic Report/input_j_password'

2018-10-19 16:06:39 - [TEST_STEP][PASSED] - click: Object: 'Object Repository/Page_MyEG Services  Logistic Report/input_submit' is clicked on

2018-10-19 16:06:39 - [MESSAGE][PASSED] - Object: 'Object Repository/Page_MyEG Services  Logistic Report/input_submit' is clicked on

2018-10-19 16:06:39 - [TEST_STEP][PASSED] - takeScreenshot: Taking screenshot successfully

2018-10-19 16:06:40 - [MESSAGE][PASSED] - Taking screenshot successfully
[[ATTACHMENT|C:\\Users\\Owner\\Katalon Studio\\Logistics\\Reports\\PRINT_IMM\\Verify Record\\20181019_160627\\1539936399782.png]]

2018-10-19 16:06:40 - [TEST_STEP][PASSED] - setText: Text 'AJAY1964' is set on object 'Object Repository/Page_MyEG Services  Logistic Report/input_j_username'

2018-10-19 16:06:40 - [MESSAGE][PASSED] - Text 'AJAY1964' is set on object 'Object Repository/Page_MyEG Services  Logistic Report/input_j_username'

2018-10-19 16:06:40 - [TEST_STEP][PASSED] - setEncryptedText: Text ****** has been set on object 'Object Repository/Page_MyEG Services  Logistic Report/input_j_password'

2018-10-19 16:06:40 - [MESSAGE][PASSED] - Text ****** has been set on object 'Object Repository/Page_MyEG Services  Logistic Report/input_j_password'

2018-10-19 16:06:40 - [TEST_STEP][PASSED] - click: Object: 'Object Repository/Page_MyEG Services  Logistic Report/input_submit' is clicked on

2018-10-19 16:06:40 - [MESSAGE][PASSED] - Object: 'Object Repository/Page_MyEG Services  Logistic Report/input_submit' is clicked on

2018-10-19 16:06:40 - [TEST_STEP][PASSED] - takeScreenshot: Taking screenshot successfully

2018-10-19 16:06:41 - [MESSAGE][PASSED] - Taking screenshot successfully
[[ATTACHMENT|C:\\Users\\Owner\\Katalon Studio\\Logistics\\Reports\\PRINT_IMM\\Verify Record\\20181019_160627\\1539936400903.png]]

2018-10-19 16:06:41 - [TEST_STEP][PASSED] - setText: Text 'AJAY1965' is set on object 'Object Repository/Page_MyEG Services  Logistic Report/input_j_username'

2018-10-19 16:06:41 - [MESSAGE][PASSED] - Text 'AJAY1965' is set on object 'Object Repository/Page_MyEG Services  Logistic Report/input_j_username'

2018-10-19 16:06:41 - [TEST_STEP][PASSED] - setEncryptedText: Text ****** has been set on object 'Object Repository/Page_MyEG Services  Logistic Report/input_j_password'

2018-10-19 16:06:41 - [MESSAGE][PASSED] - Text ****** has been set on object 'Object Repository/Page_MyEG Services  Logistic Report/input_j_password'

2018-10-19 16:06:41 - [TEST_STEP][PASSED] - click: Object: 'Object Repository/Page_MyEG Services  Logistic Report/input_submit' is clicked on

2018-10-19 16:06:42 - [MESSAGE][PASSED] - Object: 'Object Repository/Page_MyEG Services  Logistic Report/input_submit' is clicked on

2018-10-19 16:06:42 - [TEST_STEP][PASSED] - takeScreenshot: Taking screenshot successfully

2018-10-19 16:06:43 - [MESSAGE][PASSED] - Taking screenshot successfully
[[ATTACHMENT|C:\\Users\\Owner\\Katalon Studio\\Logistics\\Reports\\PRINT_IMM\\Verify Record\\20181019_160627\\1539936402868.png]]

2018-10-19 16:06:43 - [TEST_STEP][PASSED] - click: Object: 'Object Repository/Page_MyEG Services  List of Tickets/a_Verify Record' is clicked on

2018-10-19 16:06:43 - [MESSAGE][PASSED] - Object: 'Object Repository/Page_MyEG Services  List of Tickets/a_Verify Record' is clicked on

2018-10-19 16:06:43 - [TEST_STEP][PASSED] - takeScreenshot: Taking screenshot successfully

2018-10-19 16:06:44 - [MESSAGE][PASSED] - Taking screenshot successfully
[[ATTACHMENT|C:\\Users\\Owner\\Katalon Studio\\Logistics\\Reports\\PRINT_IMM\\Verify Record\\20181019_160627\\1539936403698.png]]

2018-10-19 16:06:44 - [TEST_STEP][PASSED] - click: Object: 'Object Repository/Page_MyEG Services  Verify Records/input' is clicked on

2018-10-19 16:06:44 - [MESSAGE][PASSED] - Object: 'Object Repository/Page_MyEG Services  Verify Records/input' is clicked on

2018-10-19 16:06:44 - [TEST_STEP][PASSED] - takeScreenshot: Taking screenshot successfully

2018-10-19 16:06:44 - [MESSAGE][PASSED] - Taking screenshot successfully
[[ATTACHMENT|C:\\Users\\Owner\\Katalon Studio\\Logistics\\Reports\\PRINT_IMM\\Verify Record\\20181019_160627\\1539936404211.png]]

2018-10-19 16:06:44 - [TEST_STEP][PASSED] - selectOptionByValue: All options with value 'LK' are selected in object 'Object Repository/Page_MyEG Services  Verify Records/select_- Select Service -'  using regular expression

2018-10-19 16:06:45 - [MESSAGE][PASSED] - All options with value 'LK' are selected in object 'Object Repository/Page_MyEG Services  Verify Records/select_- Select Service -'  using regular expression

2018-10-19 16:06:45 - [TEST_STEP][PASSED] - setText: Text '01-Aug-2018' is set on object 'Object Repository/Page_MyEG Services  Verify Records/input_dojo.fromdt'

2018-10-19 16:06:45 - [MESSAGE][PASSED] - Text '01-Aug-2018' is set on object 'Object Repository/Page_MyEG Services  Verify Records/input_dojo.fromdt'

2018-10-19 16:06:45 - [TEST_STEP][PASSED] - setText: Text '30-Sep-2018' is set on object 'Object Repository/Page_MyEG Services  Verify Records/input_dojo.todt'

2018-10-19 16:06:45 - [MESSAGE][PASSED] - Text '30-Sep-2018' is set on object 'Object Repository/Page_MyEG Services  Verify Records/input_dojo.todt'

2018-10-19 16:06:45 - [TEST_STEP][PASSED] - selectOptionByValue: All options with value 'manual' are selected in object 'Object Repository/Page_MyEG Services  Verify Records/select_- Select mode -     Man'  using regular expression

2018-10-19 16:06:45 - [MESSAGE][PASSED] - All options with value 'manual' are selected in object 'Object Repository/Page_MyEG Services  Verify Records/select_- Select mode -     Man'  using regular expression

2018-10-19 16:06:45 - [TEST_STEP][PASSED] - click: Object: 'Object Repository/Page_MyEG Services  Verify Records/input' is clicked on

2018-10-19 16:06:46 - [MESSAGE][PASSED] - Object: 'Object Repository/Page_MyEG Services  Verify Records/input' is clicked on

2018-10-19 16:06:46 - [TEST_STEP][PASSED] - takeScreenshot: Taking screenshot successfully

2018-10-19 16:06:47 - [MESSAGE][PASSED] - Taking screenshot successfully
[[ATTACHMENT|C:\\Users\\Owner\\Katalon Studio\\Logistics\\Reports\\PRINT_IMM\\Verify Record\\20181019_160627\\1539936406714.png]]

2018-10-19 16:06:47 - [TEST_STEP][PASSED] - selectOptionByValue: All options with value 'LKS' are selected in object 'Object Repository/Page_MyEG Services  Verify Records/select_- Select Service -'  using regular expression

2018-10-19 16:06:47 - [MESSAGE][PASSED] - All options with value 'LKS' are selected in object 'Object Repository/Page_MyEG Services  Verify Records/select_- Select Service -'  using regular expression

2018-10-19 16:06:47 - [TEST_STEP][PASSED] - click: Object: 'Object Repository/Page_MyEG Services  Verify Records/input' is clicked on

2018-10-19 16:06:48 - [MESSAGE][PASSED] - Object: 'Object Repository/Page_MyEG Services  Verify Records/input' is clicked on

2018-10-19 16:06:48 - [TEST_STEP][PASSED] - takeScreenshot: Taking screenshot successfully

2018-10-19 16:06:48 - [MESSAGE][PASSED] - Taking screenshot successfully
[[ATTACHMENT|C:\\Users\\Owner\\Katalon Studio\\Logistics\\Reports\\PRINT_IMM\\Verify Record\\20181019_160627\\1539936408135.png]]

2018-10-19 16:06:48 - [TEST_STEP][PASSED] - selectOptionByValue: All options with value 'JM' are selected in object 'Object Repository/Page_MyEG Services  Verify Records/select_- Select Service -'  using regular expression

2018-10-19 16:06:48 - [MESSAGE][PASSED] - All options with value 'JM' are selected in object 'Object Repository/Page_MyEG Services  Verify Records/select_- Select Service -'  using regular expression

2018-10-19 16:06:48 - [TEST_STEP][PASSED] - click: Object: 'Object Repository/Page_MyEG Services  Verify Records/input' is clicked on

2018-10-19 16:06:49 - [MESSAGE][PASSED] - Object: 'Object Repository/Page_MyEG Services  Verify Records/input' is clicked on

2018-10-19 16:06:49 - [TEST_STEP][PASSED] - takeScreenshot: Taking screenshot successfully

2018-10-19 16:06:49 - [MESSAGE][PASSED] - Taking screenshot successfully
[[ATTACHMENT|C:\\Users\\Owner\\Katalon Studio\\Logistics\\Reports\\PRINT_IMM\\Verify Record\\20181019_160627\\1539936409461.png]]

2018-10-19 16:06:49 - [TEST_STEP][PASSED] - selectOptionByValue: All options with value 'IM' are selected in object 'Object Repository/Page_MyEG Services  Verify Records/select_- Select Service -'  using regular expression

2018-10-19 16:06:50 - [MESSAGE][PASSED] - All options with value 'IM' are selected in object 'Object Repository/Page_MyEG Services  Verify Records/select_- Select Service -'  using regular expression

2018-10-19 16:06:50 - [TEST_STEP][PASSED] - click: Object: 'Object Repository/Page_MyEG Services  Verify Records/input' is clicked on

2018-10-19 16:06:50 - [MESSAGE][PASSED] - Object: 'Object Repository/Page_MyEG Services  Verify Records/input' is clicked on

2018-10-19 16:06:50 - [TEST_STEP][PASSED] - takeScreenshot: Taking screenshot successfully

2018-10-19 16:06:51 - [MESSAGE][PASSED] - Taking screenshot successfully
[[ATTACHMENT|C:\\Users\\Owner\\Katalon Studio\\Logistics\\Reports\\PRINT_IMM\\Verify Record\\20181019_160627\\1539936410804.png]]

2018-10-19 16:06:51 - [TEST_STEP][PASSED] - selectOptionByValue: All options with value 'MD' are selected in object 'Object Repository/Page_MyEG Services  Verify Records/select_- Select Service -'  using regular expression

2018-10-19 16:06:51 - [MESSAGE][PASSED] - All options with value 'MD' are selected in object 'Object Repository/Page_MyEG Services  Verify Records/select_- Select Service -'  using regular expression

2018-10-19 16:06:51 - [TEST_STEP][PASSED] - click: Object: 'Object Repository/Page_MyEG Services  Verify Records/input' is clicked on

2018-10-19 16:06:52 - [MESSAGE][PASSED] - Object: 'Object Repository/Page_MyEG Services  Verify Records/input' is clicked on

2018-10-19 16:06:52 - [TEST_STEP][PASSED] - takeScreenshot: Taking screenshot successfully

2018-10-19 16:06:52 - [MESSAGE][PASSED] - Taking screenshot successfully
[[ATTACHMENT|C:\\Users\\Owner\\Katalon Studio\\Logistics\\Reports\\PRINT_IMM\\Verify Record\\20181019_160627\\1539936412133.png]]

2018-10-19 16:06:52 - [TEST_STEP][PASSED] - selectOptionByValue: All options with value 'FW' are selected in object 'Object Repository/Page_MyEG Services  Verify Records/select_- Select Service -'  using regular expression

2018-10-19 16:06:52 - [MESSAGE][PASSED] - All options with value 'FW' are selected in object 'Object Repository/Page_MyEG Services  Verify Records/select_- Select Service -'  using regular expression

2018-10-19 16:06:52 - [TEST_STEP][PASSED] - click: Object: 'Object Repository/Page_MyEG Services  Verify Records/input' is clicked on

2018-10-19 16:06:53 - [MESSAGE][PASSED] - Object: 'Object Repository/Page_MyEG Services  Verify Records/input' is clicked on

2018-10-19 16:06:53 - [TEST_STEP][PASSED] - takeScreenshot: Taking screenshot successfully

2018-10-19 16:06:54 - [MESSAGE][PASSED] - Taking screenshot successfully
[[ATTACHMENT|C:\\Users\\Owner\\Katalon Studio\\Logistics\\Reports\\PRINT_IMM\\Verify Record\\20181019_160627\\1539936413492.png]]

2018-10-19 16:06:54 - [TEST_STEP][PASSED] - selectOptionByValue: All options with value 'CN' are selected in object 'Object Repository/Page_MyEG Services  Verify Records/select_- Select Service -'  using regular expression

2018-10-19 16:06:54 - [MESSAGE][PASSED] - All options with value 'CN' are selected in object 'Object Repository/Page_MyEG Services  Verify Records/select_- Select Service -'  using regular expression

2018-10-19 16:06:54 - [TEST_STEP][PASSED] - click: Object: 'Object Repository/Page_MyEG Services  Verify Records/input' is clicked on

2018-10-19 16:06:54 - [MESSAGE][PASSED] - Object: 'Object Repository/Page_MyEG Services  Verify Records/input' is clicked on

2018-10-19 16:06:54 - [TEST_STEP][PASSED] - takeScreenshot: Taking screenshot successfully

2018-10-19 16:06:55 - [MESSAGE][PASSED] - Taking screenshot successfully
[[ATTACHMENT|C:\\Users\\Owner\\Katalon Studio\\Logistics\\Reports\\PRINT_IMM\\Verify Record\\20181019_160627\\1539936414857.png]]

2018-10-19 16:06:55 - [TEST_STEP][PASSED] - selectOptionByValue: All options with value 'CL' are selected in object 'Object Repository/Page_MyEG Services  Verify Records/select_- Select Service -'  using regular expression

2018-10-19 16:06:55 - [MESSAGE][PASSED] - All options with value 'CL' are selected in object 'Object Repository/Page_MyEG Services  Verify Records/select_- Select Service -'  using regular expression

2018-10-19 16:06:55 - [TEST_STEP][PASSED] - click: Object: 'Object Repository/Page_MyEG Services  Verify Records/input' is clicked on

2018-10-19 16:06:56 - [MESSAGE][PASSED] - Object: 'Object Repository/Page_MyEG Services  Verify Records/input' is clicked on

2018-10-19 16:06:56 - [TEST_STEP][PASSED] - takeScreenshot: Taking screenshot successfully

2018-10-19 16:06:56 - [MESSAGE][PASSED] - Taking screenshot successfully
[[ATTACHMENT|C:\\Users\\Owner\\Katalon Studio\\Logistics\\Reports\\PRINT_IMM\\Verify Record\\20181019_160627\\1539936416197.png]]

2018-10-19 16:06:56 - [TEST_STEP][PASSED] - selectOptionByValue: All options with value '1M' are selected in object 'Object Repository/Page_MyEG Services  Verify Records/select_- Select Service -'  using regular expression

2018-10-19 16:06:57 - [MESSAGE][PASSED] - All options with value '1M' are selected in object 'Object Repository/Page_MyEG Services  Verify Records/select_- Select Service -'  using regular expression

2018-10-19 16:06:57 - [TEST_STEP][PASSED] - click: Object: 'Object Repository/Page_MyEG Services  Verify Records/input' is clicked on

2018-10-19 16:06:57 - [MESSAGE][PASSED] - Object: 'Object Repository/Page_MyEG Services  Verify Records/input' is clicked on

2018-10-19 16:06:57 - [TEST_STEP][PASSED] - takeScreenshot: Taking screenshot successfully

2018-10-19 16:06:58 - [MESSAGE][PASSED] - Taking screenshot successfully
[[ATTACHMENT|C:\\Users\\Owner\\Katalon Studio\\Logistics\\Reports\\PRINT_IMM\\Verify Record\\20181019_160627\\1539936417608.png]]

2018-10-19 16:06:58 - [TEST_STEP][PASSED] - selectOptionByValue: All options with value 'SP' are selected in object 'Object Repository/Page_MyEG Services  Verify Records/select_- Select Service -'  using regular expression

2018-10-19 16:06:58 - [MESSAGE][PASSED] - All options with value 'SP' are selected in object 'Object Repository/Page_MyEG Services  Verify Records/select_- Select Service -'  using regular expression

2018-10-19 16:06:58 - [TEST_STEP][PASSED] - click: Object: 'Object Repository/Page_MyEG Services  Verify Records/input' is clicked on

2018-10-19 16:06:59 - [MESSAGE][PASSED] - Object: 'Object Repository/Page_MyEG Services  Verify Records/input' is clicked on

2018-10-19 16:06:59 - [TEST_STEP][PASSED] - takeScreenshot: Taking screenshot successfully

2018-10-19 16:06:59 - [MESSAGE][PASSED] - Taking screenshot successfully
[[ATTACHMENT|C:\\Users\\Owner\\Katalon Studio\\Logistics\\Reports\\PRINT_IMM\\Verify Record\\20181019_160627\\1539936419035.png]]

2018-10-19 16:06:59 - [TEST_STEP][PASSED] - selectOptionByValue: All options with value 'PK' are selected in object 'Object Repository/Page_MyEG Services  Verify Records/select_- Select Service -'  using regular expression

2018-10-19 16:06:59 - [MESSAGE][PASSED] - All options with value 'PK' are selected in object 'Object Repository/Page_MyEG Services  Verify Records/select_- Select Service -'  using regular expression

2018-10-19 16:06:59 - [TEST_STEP][PASSED] - click: Object: 'Object Repository/Page_MyEG Services  Verify Records/input' is clicked on

2018-10-19 16:07:00 - [MESSAGE][PASSED] - Object: 'Object Repository/Page_MyEG Services  Verify Records/input' is clicked on

2018-10-19 16:07:00 - [TEST_STEP][PASSED] - takeScreenshot: Taking screenshot successfully

2018-10-19 16:07:00 - [MESSAGE][PASSED] - Taking screenshot successfully
[[ATTACHMENT|C:\\Users\\Owner\\Katalon Studio\\Logistics\\Reports\\PRINT_IMM\\Verify Record\\20181019_160627\\1539936420421.png]]

2018-10-19 16:07:00 - [TEST_STEP][PASSED] - selectOptionByValue: All options with value 'PT' are selected in object 'Object Repository/Page_MyEG Services  Verify Records/select_- Select Service -'  using regular expression

2018-10-19 16:07:01 - [MESSAGE][PASSED] - All options with value 'PT' are selected in object 'Object Repository/Page_MyEG Services  Verify Records/select_- Select Service -'  using regular expression

2018-10-19 16:07:01 - [TEST_STEP][PASSED] - click: Object: 'Object Repository/Page_MyEG Services  Verify Records/input' is clicked on

2018-10-19 16:07:01 - [MESSAGE][PASSED] - Object: 'Object Repository/Page_MyEG Services  Verify Records/input' is clicked on

2018-10-19 16:07:01 - [TEST_STEP][PASSED] - takeScreenshot: Taking screenshot successfully

2018-10-19 16:07:02 - [MESSAGE][PASSED] - Taking screenshot successfully
[[ATTACHMENT|C:\\Users\\Owner\\Katalon Studio\\Logistics\\Reports\\PRINT_IMM\\Verify Record\\20181019_160627\\1539936421725.png]]

2018-10-19 16:07:02 - [TEST_STEP][PASSED] - selectOptionByValue: All options with value 'PTL' are selected in object 'Object Repository/Page_MyEG Services  Verify Records/select_- Select Service -'  using regular expression

2018-10-19 16:07:02 - [MESSAGE][PASSED] - All options with value 'PTL' are selected in object 'Object Repository/Page_MyEG Services  Verify Records/select_- Select Service -'  using regular expression

2018-10-19 16:07:02 - [TEST_STEP][PASSED] - click: Object: 'Object Repository/Page_MyEG Services  Verify Records/input' is clicked on

2018-10-19 16:07:03 - [MESSAGE][PASSED] - Object: 'Object Repository/Page_MyEG Services  Verify Records/input' is clicked on

2018-10-19 16:07:03 - [TEST_STEP][PASSED] - takeScreenshot: Taking screenshot successfully

2018-10-19 16:07:03 - [MESSAGE][PASSED] - Taking screenshot successfully
[[ATTACHMENT|C:\\Users\\Owner\\Katalon Studio\\Logistics\\Reports\\PRINT_IMM\\Verify Record\\20181019_160627\\1539936423085.png]]

2018-10-19 16:07:03 - [TEST_STEP][PASSED] - selectOptionByValue: All options with value 'JPJ1M' are selected in object 'Object Repository/Page_MyEG Services  Verify Records/select_- Select Service -'  using regular expression

2018-10-19 16:07:03 - [MESSAGE][PASSED] - All options with value 'JPJ1M' are selected in object 'Object Repository/Page_MyEG Services  Verify Records/select_- Select Service -'  using regular expression

2018-10-19 16:07:03 - [TEST_STEP][PASSED] - click: Object: 'Object Repository/Page_MyEG Services  Verify Records/input' is clicked on

2018-10-19 16:07:04 - [MESSAGE][PASSED] - Object: 'Object Repository/Page_MyEG Services  Verify Records/input' is clicked on

2018-10-19 16:07:04 - [TEST_STEP][PASSED] - takeScreenshot: Taking screenshot successfully

2018-10-19 16:07:04 - [MESSAGE][PASSED] - Taking screenshot successfully
[[ATTACHMENT|C:\\Users\\Owner\\Katalon Studio\\Logistics\\Reports\\PRINT_IMM\\Verify Record\\20181019_160627\\1539936424381.png]]

2018-10-19 16:07:04 - [TEST_STEP][PASSED] - selectOptionByValue: All options with value 'IMI1M' are selected in object 'Object Repository/Page_MyEG Services  Verify Records/select_- Select Service -'  using regular expression

2018-10-19 16:07:05 - [MESSAGE][PASSED] - All options with value 'IMI1M' are selected in object 'Object Repository/Page_MyEG Services  Verify Records/select_- Select Service -'  using regular expression

2018-10-19 16:07:05 - [TEST_STEP][PASSED] - click: Object: 'Object Repository/Page_MyEG Services  Verify Records/input' is clicked on

2018-10-19 16:07:05 - [MESSAGE][PASSED] - Object: 'Object Repository/Page_MyEG Services  Verify Records/input' is clicked on

2018-10-19 16:07:05 - [TEST_STEP][PASSED] - takeScreenshot: Taking screenshot successfully

2018-10-19 16:07:06 - [MESSAGE][PASSED] - Taking screenshot successfully
[[ATTACHMENT|C:\\Users\\Owner\\Katalon Studio\\Logistics\\Reports\\PRINT_IMM\\Verify Record\\20181019_160627\\1539936425783.png]]

2018-10-19 16:07:06 - [TEST_STEP][PASSED] - selectOptionByValue: All options with value 'ET' are selected in object 'Object Repository/Page_MyEG Services  Verify Records/select_- Select Service -'  using regular expression

2018-10-19 16:07:06 - [MESSAGE][PASSED] - All options with value 'ET' are selected in object 'Object Repository/Page_MyEG Services  Verify Records/select_- Select Service -'  using regular expression

2018-10-19 16:07:06 - [TEST_STEP][PASSED] - click: Object: 'Object Repository/Page_MyEG Services  Verify Records/input' is clicked on

2018-10-19 16:07:07 - [MESSAGE][PASSED] - Object: 'Object Repository/Page_MyEG Services  Verify Records/input' is clicked on

2018-10-19 16:07:07 - [TEST_STEP][PASSED] - takeScreenshot: Taking screenshot successfully

2018-10-19 16:07:07 - [MESSAGE][PASSED] - Taking screenshot successfully
[[ATTACHMENT|C:\\Users\\Owner\\Katalon Studio\\Logistics\\Reports\\PRINT_IMM\\Verify Record\\20181019_160627\\1539936427116.png]]

2018-10-19 16:07:07 - [TEST_STEP][PASSED] - click: Object: 'Object Repository/Page_MyEG Services  Verify Records/a_reset' is clicked on

2018-10-19 16:07:07 - [MESSAGE][PASSED] - Object: 'Object Repository/Page_MyEG Services  Verify Records/a_reset' is clicked on

2018-10-19 16:07:07 - [TEST_STEP][PASSED] - takeScreenshot: Taking screenshot successfully

2018-10-19 16:07:08 - [MESSAGE][PASSED] - Taking screenshot successfully
[[ATTACHMENT|C:\\Users\\Owner\\Katalon Studio\\Logistics\\Reports\\PRINT_IMM\\Verify Record\\20181019_160627\\1539936427631.png]]

2018-10-19 16:07:08 - [TEST_STEP][PASSED] - click: Object: 'Object Repository/Page_MyEG Services  Insert title he/a_Logout' is clicked on

2018-10-19 16:07:08 - [MESSAGE][PASSED] - Object: 'Object Repository/Page_MyEG Services  Insert title he/a_Logout' is clicked on

2018-10-19 16:07:08 - [TEST_STEP][PASSED] - takeScreenshot: Taking screenshot successfully

2018-10-19 16:07:08 - [MESSAGE][PASSED] - Taking screenshot successfully
[[ATTACHMENT|C:\\Users\\Owner\\Katalon Studio\\Logistics\\Reports\\PRINT_IMM\\Verify Record\\20181019_160627\\1539936428344.png]]

2018-10-19 16:07:08 - [TEST_STEP][PASSED] - closeBrowser: Browser is closed

2018-10-19 16:07:09 - [MESSAGE][PASSED] - Browser is closed]]></system-out>
         <system-err><![CDATA[]]></system-err>
      </testcase>
      <system-out><![CDATA[2018-10-19 16:06:29 - [TEST_SUITE][PASSED] - Verify Record: Test Cases/Logistics/Roles/PRINT_IMM/Verify Record]]></system-out>
      <system-err><![CDATA[]]></system-err>
   </testsuite>
</testsuites>
