<?xml version="1.0" encoding="UTF-8"?>
<testsuites name="Ticket" time="21" tests="1" failures="0" errors="0">
   <testsuite name="Ticket" tests="1" failures="0" errors="0" time="21" timestamp="2018-10-03 15:08:25" hostname="Owner - L13-IT-KISHORE.myeg.local" id="Test Suites/CSO_ADMIN_PrintIMM/Ticket">
      <properties>
         <property name="deviceName" value=""/>
         <property name="devicePlatform" value=""/>
         <property name="logFolder" value="C:\\Users\\Owner\\Katalon Studio\\Logistics\\Reports\\CSO_ADMIN_PrintIMM\\Ticket\\20181003_150823"/>
         <property name="logFiles" value="C:\\Users\\Owner\\Katalon Studio\\Logistics\\Reports\\CSO_ADMIN_PrintIMM\\Ticket\\20181003_150823\\execution0.log"/>
         <property name="attachments" value="C:\\Users\\Owner\\Katalon Studio\\Logistics\\Reports\\CSO_ADMIN_PrintIMM\\Ticket\\20181003_150823\\1538550521960.png, C:\\Users\\Owner\\Katalon Studio\\Logistics\\Reports\\CSO_ADMIN_PrintIMM\\Ticket\\20181003_150823\\1538550522524.png, C:\\Users\\Owner\\Katalon Studio\\Logistics\\Reports\\CSO_ADMIN_PrintIMM\\Ticket\\20181003_150823\\1538550523629.png, C:\\Users\\Owner\\Katalon Studio\\Logistics\\Reports\\CSO_ADMIN_PrintIMM\\Ticket\\20181003_150823\\1538550524909.png"/>
         <property name="hostName" value="Owner - L13-IT-KISHORE.myeg.local"/>
         <property name="os" value="Windows 10 64bit"/>
         <property name="katalonVersion" value="5.6.1.1"/>
         <property name="browser" value="Chrome 69.0.3497.100"/>
         <property name="hostAddress" value="192.168.8.168"/>
         <property name="sessionId" value="af7111309e482424b6c150b320d9118e"/>
         <property name="seleniumVersion" value="3.7.1"/>
         <property name="proxyInformation" value="ProxyInformation{proxyOption=NO_PROXY, proxyServerType=HTTP, password=, proxyServerAddress=, proxyServerPort=0}"/>
         <property name="platform" value="Windows 10"/>
      </properties>
      <testcase name="Test Cases/Logistics/Roles/CSOADMIN_PrintIMM/Ticket" classname="Test Cases/Logistics/Roles/CSOADMIN_PrintIMM/Ticket" status="PASSED">
         <system-out><![CDATA[2018-10-03 15:08:25 - [TEST_CASE][PASSED] - Test Cases/Logistics/Roles/CSOADMIN_PrintIMM/Ticket: Test Cases/Logistics/Roles/CSOADMIN_PrintIMM/Ticket

2018-10-03 15:08:26 - [TEST_STEP][PASSED] - openBrowser: Browser is opened with url: ''

2018-10-03 15:08:30 - [MESSAGE][PASSED] - Browser is opened with url: ''

2018-10-03 15:08:30 - [TEST_STEP][PASSED] - maximizeWindow: Current window maximized

2018-10-03 15:08:31 - [MESSAGE][PASSED] - Current window maximized

2018-10-03 15:08:31 - [TEST_STEP][PASSED] - navigateToUrl: Navigate to 'http://uat4.myeg.com.my/logistic/login/' successfully

2018-10-03 15:08:32 - [MESSAGE][PASSED] - Navigate to 'http://uat4.myeg.com.my/logistic/login/' successfully

2018-10-03 15:08:32 - [TEST_STEP][PASSED] - setText: Text ' AGENT' is set on object 'Object Repository/Page_MyEG Services  Logistic Report/input_j_username'

2018-10-03 15:08:32 - [MESSAGE][PASSED] - Text ' AGENT' is set on object 'Object Repository/Page_MyEG Services  Logistic Report/input_j_username'

2018-10-03 15:08:32 - [TEST_STEP][PASSED] - setEncryptedText: Text ****** has been set on object 'Object Repository/Page_MyEG Services  Logistic Report/input_j_password'

2018-10-03 15:08:32 - [MESSAGE][PASSED] - Text ****** has been set on object 'Object Repository/Page_MyEG Services  Logistic Report/input_j_password'

2018-10-03 15:08:32 - [TEST_STEP][PASSED] - click: Object: 'Object Repository/Page_MyEG Services  Logistic Report/input_submit' is clicked on

2018-10-03 15:08:34 - [MESSAGE][PASSED] - Object: 'Object Repository/Page_MyEG Services  Logistic Report/input_submit' is clicked on

2018-10-03 15:08:34 - [TEST_STEP][PASSED] - click: Object: 'Object Repository/Page_MyEG Services  List of Tickets/a_Ticket' is clicked on

2018-10-03 15:08:35 - [MESSAGE][PASSED] - Object: 'Object Repository/Page_MyEG Services  List of Tickets/a_Ticket' is clicked on

2018-10-03 15:08:35 - [TEST_STEP][PASSED] - selectOptionByValue: All options with value '4' are selected in object 'Object Repository/Page_MyEG Services  List of Tickets/select_- Select status -     P'  using regular expression

2018-10-03 15:08:35 - [MESSAGE][PASSED] - All options with value '4' are selected in object 'Object Repository/Page_MyEG Services  List of Tickets/select_- Select status -     P'  using regular expression

2018-10-03 15:08:35 - [TEST_STEP][PASSED] - selectOptionByValue: All options with value 'LK' are selected in object 'Object Repository/Page_MyEG Services  List of Tickets/select_-- Please Select --'  using regular expression

2018-10-03 15:08:36 - [MESSAGE][PASSED] - All options with value 'LK' are selected in object 'Object Repository/Page_MyEG Services  List of Tickets/select_-- Please Select --'  using regular expression

2018-10-03 15:08:36 - [TEST_STEP][PASSED] - click: Object: 'Object Repository/Page_MyEG Services  List of Tickets/img_dojoComboBox' is clicked on

2018-10-03 15:08:36 - [MESSAGE][PASSED] - Object: 'Object Repository/Page_MyEG Services  List of Tickets/img_dojoComboBox' is clicked on

2018-10-03 15:08:36 - [TEST_STEP][PASSED] - click: Object: 'Object Repository/Page_MyEG Services  List of Tickets/div_ABDUL AZIZ BIN MD ALI' is clicked on

2018-10-03 15:08:36 - [MESSAGE][PASSED] - Object: 'Object Repository/Page_MyEG Services  List of Tickets/div_ABDUL AZIZ BIN MD ALI' is clicked on

2018-10-03 15:08:36 - [TEST_STEP][PASSED] - selectOptionByValue: All options with value '1' are selected in object 'Object Repository/Page_MyEG Services  List of Tickets/select_-- Please Select --    _1'  using regular expression

2018-10-03 15:08:36 - [MESSAGE][PASSED] - All options with value '1' are selected in object 'Object Repository/Page_MyEG Services  List of Tickets/select_-- Please Select --    _1'  using regular expression

2018-10-03 15:08:36 - [TEST_STEP][PASSED] - selectOptionByValue: All options with value 'Air Baloi' are selected in object 'Object Repository/Page_MyEG Services  List of Tickets/select_- Select area -    Air'  using regular expression

2018-10-03 15:08:39 - [MESSAGE][PASSED] - All options with value 'Air Baloi' are selected in object 'Object Repository/Page_MyEG Services  List of Tickets/select_- Select area -    Air'  using regular expression

2018-10-03 15:08:39 - [TEST_STEP][PASSED] - setText: Text '23456788887' is set on object 'Object Repository/Page_MyEG Services  List of Tickets/input_filterTicket'

2018-10-03 15:08:39 - [MESSAGE][PASSED] - Text '23456788887' is set on object 'Object Repository/Page_MyEG Services  List of Tickets/input_filterTicket'

2018-10-03 15:08:39 - [TEST_STEP][PASSED] - setText: Text 'WEFWEF4' is set on object 'Object Repository/Page_MyEG Services  List of Tickets/input_filterIdno'

2018-10-03 15:08:39 - [MESSAGE][PASSED] - Text 'WEFWEF4' is set on object 'Object Repository/Page_MyEG Services  List of Tickets/input_filterIdno'

2018-10-03 15:08:39 - [TEST_STEP][PASSED] - setText: Text '01-Sep-2018' is set on object 'Object Repository/Page_MyEG Services  List of Tickets/input_dojo.filterRequestDate'

2018-10-03 15:08:39 - [MESSAGE][PASSED] - Text '01-Sep-2018' is set on object 'Object Repository/Page_MyEG Services  List of Tickets/input_dojo.filterRequestDate'

2018-10-03 15:08:39 - [TEST_STEP][PASSED] - setText: Text '30-Sep-2018' is set on object 'Object Repository/Page_MyEG Services  List of Tickets/input_dojo.filterGenDate'

2018-10-03 15:08:40 - [MESSAGE][PASSED] - Text '30-Sep-2018' is set on object 'Object Repository/Page_MyEG Services  List of Tickets/input_dojo.filterGenDate'

2018-10-03 15:08:40 - [TEST_STEP][PASSED] - setText: Text '30-Sep-2018' is set on object 'Object Repository/Page_MyEG Services  List of Tickets/input_dojo.filterGenDateto'

2018-10-03 15:08:40 - [MESSAGE][PASSED] - Text '30-Sep-2018' is set on object 'Object Repository/Page_MyEG Services  List of Tickets/input_dojo.filterGenDateto'

2018-10-03 15:08:40 - [TEST_STEP][PASSED] - setText: Text '12312323' is set on object 'Object Repository/Page_MyEG Services  List of Tickets/input_filterServiceId'

2018-10-03 15:08:40 - [MESSAGE][PASSED] - Text '12312323' is set on object 'Object Repository/Page_MyEG Services  List of Tickets/input_filterServiceId'

2018-10-03 15:08:40 - [TEST_STEP][PASSED] - setText: Text '12323' is set on object 'Object Repository/Page_MyEG Services  List of Tickets/input_filterFpostcode'

2018-10-03 15:08:40 - [MESSAGE][PASSED] - Text '12323' is set on object 'Object Repository/Page_MyEG Services  List of Tickets/input_filterFpostcode'

2018-10-03 15:08:40 - [TEST_STEP][PASSED] - setText: Text '23323' is set on object 'Object Repository/Page_MyEG Services  List of Tickets/input_filterTpostcode'

2018-10-03 15:08:40 - [MESSAGE][PASSED] - Text '23323' is set on object 'Object Repository/Page_MyEG Services  List of Tickets/input_filterTpostcode'

2018-10-03 15:08:40 - [TEST_STEP][PASSED] - click: Object: 'Object Repository/Page_MyEG Services  List of Tickets/input' is clicked on

2018-10-03 15:08:41 - [MESSAGE][PASSED] - Object: 'Object Repository/Page_MyEG Services  List of Tickets/input' is clicked on

2018-10-03 15:08:41 - [TEST_STEP][PASSED] - takeScreenshot: Taking screenshot successfully

2018-10-03 15:08:42 - [MESSAGE][PASSED] - Taking screenshot successfully
[[ATTACHMENT|C:\\Users\\Owner\\Katalon Studio\\Logistics\\Reports\\CSO_ADMIN_PrintIMM\\Ticket\\20181003_150823\\1538550521960.png]]

2018-10-03 15:08:42 - [TEST_STEP][PASSED] - click: Object: 'Object Repository/Page_MyEG Services  List of Tickets/a_reset' is clicked on

2018-10-03 15:08:42 - [MESSAGE][PASSED] - Object: 'Object Repository/Page_MyEG Services  List of Tickets/a_reset' is clicked on

2018-10-03 15:08:42 - [TEST_STEP][PASSED] - takeScreenshot: Taking screenshot successfully

2018-10-03 15:08:42 - [MESSAGE][PASSED] - Taking screenshot successfully
[[ATTACHMENT|C:\\Users\\Owner\\Katalon Studio\\Logistics\\Reports\\CSO_ADMIN_PrintIMM\\Ticket\\20181003_150823\\1538550522524.png]]

2018-10-03 15:08:42 - [TEST_STEP][PASSED] - click: Object: 'Object Repository/Page_MyEG Services  List of Tickets/a_current date pending print T' is clicked on

2018-10-03 15:08:43 - [MESSAGE][PASSED] - Object: 'Object Repository/Page_MyEG Services  List of Tickets/a_current date pending print T' is clicked on

2018-10-03 15:08:43 - [TEST_STEP][PASSED] - takeScreenshot: Taking screenshot successfully

2018-10-03 15:08:44 - [MESSAGE][PASSED] - Taking screenshot successfully
[[ATTACHMENT|C:\\Users\\Owner\\Katalon Studio\\Logistics\\Reports\\CSO_ADMIN_PrintIMM\\Ticket\\20181003_150823\\1538550523629.png]]

2018-10-03 15:08:44 - [TEST_STEP][PASSED] - click: Object: 'Object Repository/Page_MyEG Services  List of Tickets/input' is clicked on

2018-10-03 15:08:44 - [MESSAGE][PASSED] - Object: 'Object Repository/Page_MyEG Services  List of Tickets/input' is clicked on

2018-10-03 15:08:44 - [TEST_STEP][PASSED] - takeScreenshot: Taking screenshot successfully

2018-10-03 15:08:45 - [MESSAGE][PASSED] - Taking screenshot successfully
[[ATTACHMENT|C:\\Users\\Owner\\Katalon Studio\\Logistics\\Reports\\CSO_ADMIN_PrintIMM\\Ticket\\20181003_150823\\1538550524909.png]]

2018-10-03 15:08:45 - [TEST_STEP][PASSED] - click: Object: 'Object Repository/Page_MyEG Services  List of Tickets/a_Logout' is clicked on

2018-10-03 15:08:45 - [MESSAGE][PASSED] - Object: 'Object Repository/Page_MyEG Services  List of Tickets/a_Logout' is clicked on]]></system-out>
         <system-err><![CDATA[]]></system-err>
      </testcase>
      <system-out><![CDATA[2018-10-03 15:08:25 - [TEST_SUITE][PASSED] - Ticket: Test Cases/Logistics/Roles/CSOADMIN_PrintIMM/Ticket]]></system-out>
      <system-err><![CDATA[]]></system-err>
   </testsuite>
</testsuites>
