<?xml version="1.0" encoding="UTF-8"?>
<testsuites name="Verify Record" time="35" tests="1" failures="0" errors="0">
   <testsuite name="Verify Record" tests="1" failures="0" errors="0" time="35" timestamp="2018-10-04 11:16:12" hostname="Owner - L13-IT-KISHORE.myeg.local" id="Test Suites/CSO_LEAD/Verify Record">
      <properties>
         <property name="deviceName" value=""/>
         <property name="devicePlatform" value=""/>
         <property name="logFolder" value="C:\\Users\\Owner\\Katalon Studio\\Logistics\\Reports\\CSO_LEAD\\Verify Record\\20181004_111610"/>
         <property name="logFiles" value="C:\\Users\\Owner\\Katalon Studio\\Logistics\\Reports\\CSO_LEAD\\Verify Record\\20181004_111610\\execution0.log"/>
         <property name="attachments" value="C:\\Users\\Owner\\Katalon Studio\\Logistics\\Reports\\CSO_LEAD\\Verify Record\\20181004_111610\\1538622982247.png, C:\\Users\\Owner\\Katalon Studio\\Logistics\\Reports\\CSO_LEAD\\Verify Record\\20181004_111610\\1538622983933.png, C:\\Users\\Owner\\Katalon Studio\\Logistics\\Reports\\CSO_LEAD\\Verify Record\\20181004_111610\\1538622985319.png, C:\\Users\\Owner\\Katalon Studio\\Logistics\\Reports\\CSO_LEAD\\Verify Record\\20181004_111610\\1538622986572.png, C:\\Users\\Owner\\Katalon Studio\\Logistics\\Reports\\CSO_LEAD\\Verify Record\\20181004_111610\\1538622987832.png, C:\\Users\\Owner\\Katalon Studio\\Logistics\\Reports\\CSO_LEAD\\Verify Record\\20181004_111610\\1538622989677.png, C:\\Users\\Owner\\Katalon Studio\\Logistics\\Reports\\CSO_LEAD\\Verify Record\\20181004_111610\\1538622990861.png, C:\\Users\\Owner\\Katalon Studio\\Logistics\\Reports\\CSO_LEAD\\Verify Record\\20181004_111610\\1538622992440.png, C:\\Users\\Owner\\Katalon Studio\\Logistics\\Reports\\CSO_LEAD\\Verify Record\\20181004_111610\\1538622994014.png, C:\\Users\\Owner\\Katalon Studio\\Logistics\\Reports\\CSO_LEAD\\Verify Record\\20181004_111610\\1538622995400.png, C:\\Users\\Owner\\Katalon Studio\\Logistics\\Reports\\CSO_LEAD\\Verify Record\\20181004_111610\\1538622996697.png, C:\\Users\\Owner\\Katalon Studio\\Logistics\\Reports\\CSO_LEAD\\Verify Record\\20181004_111610\\1538622998068.png, C:\\Users\\Owner\\Katalon Studio\\Logistics\\Reports\\CSO_LEAD\\Verify Record\\20181004_111610\\1538622999387.png, C:\\Users\\Owner\\Katalon Studio\\Logistics\\Reports\\CSO_LEAD\\Verify Record\\20181004_111610\\1538623000903.png, C:\\Users\\Owner\\Katalon Studio\\Logistics\\Reports\\CSO_LEAD\\Verify Record\\20181004_111610\\1538623002571.png, C:\\Users\\Owner\\Katalon Studio\\Logistics\\Reports\\CSO_LEAD\\Verify Record\\20181004_111610\\1538623003989.png, C:\\Users\\Owner\\Katalon Studio\\Logistics\\Reports\\CSO_LEAD\\Verify Record\\20181004_111610\\1538623005302.png, C:\\Users\\Owner\\Katalon Studio\\Logistics\\Reports\\CSO_LEAD\\Verify Record\\20181004_111610\\1538623005809.png"/>
         <property name="hostName" value="Owner - L13-IT-KISHORE.myeg.local"/>
         <property name="os" value="Windows 10 64bit"/>
         <property name="katalonVersion" value="5.6.1.1"/>
         <property name="browser" value="Chrome 69.0.3497.100"/>
         <property name="hostAddress" value="192.168.8.168"/>
         <property name="sessionId" value="50f11fb7bc34780b8bed4a45e152a032"/>
         <property name="seleniumVersion" value="3.7.1"/>
         <property name="proxyInformation" value="ProxyInformation{proxyOption=NO_PROXY, proxyServerType=HTTP, password=, proxyServerAddress=, proxyServerPort=0}"/>
         <property name="platform" value="Windows 10"/>
      </properties>
      <testcase name="Test Cases/Logistics/Roles/CSO_LEAD/Verify Record" classname="Test Cases/Logistics/Roles/CSO_LEAD/Verify Record" status="PASSED">
         <system-out><![CDATA[2018-10-04 11:16:12 - [TEST_CASE][PASSED] - Test Cases/Logistics/Roles/CSO_LEAD/Verify Record: Test Cases/Logistics/Roles/CSO_LEAD/Verify Record

2018-10-04 11:16:12 - [TEST_STEP][PASSED] - openBrowser: Browser is opened with url: ''

2018-10-04 11:16:16 - [MESSAGE][PASSED] - Browser is opened with url: ''

2018-10-04 11:16:16 - [TEST_STEP][PASSED] - maximizeWindow: Current window maximized

2018-10-04 11:16:18 - [MESSAGE][PASSED] - Current window maximized

2018-10-04 11:16:18 - [TEST_STEP][PASSED] - navigateToUrl: Navigate to 'http://uat4.myeg.com.my/logistic/login/' successfully

2018-10-04 11:16:19 - [MESSAGE][PASSED] - Navigate to 'http://uat4.myeg.com.my/logistic/login/' successfully

2018-10-04 11:16:19 - [TEST_STEP][PASSED] - setText: Text 'NISH1931' is set on object 'Object Repository/Page_MyEG Services  Logistic Report/input_j_username'

2018-10-04 11:16:19 - [MESSAGE][PASSED] - Text 'NISH1931' is set on object 'Object Repository/Page_MyEG Services  Logistic Report/input_j_username'

2018-10-04 11:16:19 - [TEST_STEP][PASSED] - setEncryptedText: Text ****** has been set on object 'Object Repository/Page_MyEG Services  Logistic Report/input_j_password'

2018-10-04 11:16:19 - [MESSAGE][PASSED] - Text ****** has been set on object 'Object Repository/Page_MyEG Services  Logistic Report/input_j_password'

2018-10-04 11:16:20 - [TEST_STEP][PASSED] - click: Object: 'Object Repository/Page_MyEG Services  Logistic Report/input_submit' is clicked on

2018-10-04 11:16:21 - [MESSAGE][PASSED] - Object: 'Object Repository/Page_MyEG Services  Logistic Report/input_submit' is clicked on

2018-10-04 11:16:21 - [TEST_STEP][PASSED] - click: Object: 'Object Repository/Page_MyEG Services  List of Tickets/a_Verify Record' is clicked on

2018-10-04 11:16:22 - [MESSAGE][PASSED] - Object: 'Object Repository/Page_MyEG Services  List of Tickets/a_Verify Record' is clicked on

2018-10-04 11:16:22 - [TEST_STEP][PASSED] - click: Object: 'Object Repository/Page_MyEG Services  Verify Records/input' is clicked on

2018-10-04 11:16:22 - [MESSAGE][PASSED] - Object: 'Object Repository/Page_MyEG Services  Verify Records/input' is clicked on

2018-10-04 11:16:22 - [TEST_STEP][PASSED] - takeScreenshot: Taking screenshot successfully

2018-10-04 11:16:22 - [MESSAGE][PASSED] - Taking screenshot successfully
[[ATTACHMENT|C:\\Users\\Owner\\Katalon Studio\\Logistics\\Reports\\CSO_LEAD\\Verify Record\\20181004_111610\\1538622982247.png]]

2018-10-04 11:16:22 - [TEST_STEP][PASSED] - selectOptionByValue: All options with value 'LK' are selected in object 'Object Repository/Page_MyEG Services  Verify Records/select_- Select Service -'  using regular expression

2018-10-04 11:16:22 - [MESSAGE][PASSED] - All options with value 'LK' are selected in object 'Object Repository/Page_MyEG Services  Verify Records/select_- Select Service -'  using regular expression

2018-10-04 11:16:22 - [TEST_STEP][PASSED] - setText: Text '01-Aug-2018' is set on object 'Object Repository/Page_MyEG Services  Verify Records/input_dojo.fromdt'

2018-10-04 11:16:23 - [MESSAGE][PASSED] - Text '01-Aug-2018' is set on object 'Object Repository/Page_MyEG Services  Verify Records/input_dojo.fromdt'

2018-10-04 11:16:23 - [TEST_STEP][PASSED] - setText: Text '30-Sep-2018' is set on object 'Object Repository/Page_MyEG Services  Verify Records/input_dojo.todt'

2018-10-04 11:16:23 - [MESSAGE][PASSED] - Text '30-Sep-2018' is set on object 'Object Repository/Page_MyEG Services  Verify Records/input_dojo.todt'

2018-10-04 11:16:23 - [TEST_STEP][PASSED] - click: Object: 'Object Repository/Page_MyEG Services  Verify Records/input' is clicked on

2018-10-04 11:16:23 - [MESSAGE][PASSED] - Object: 'Object Repository/Page_MyEG Services  Verify Records/input' is clicked on

2018-10-04 11:16:23 - [TEST_STEP][PASSED] - takeScreenshot: Taking screenshot successfully

2018-10-04 11:16:24 - [MESSAGE][PASSED] - Taking screenshot successfully
[[ATTACHMENT|C:\\Users\\Owner\\Katalon Studio\\Logistics\\Reports\\CSO_LEAD\\Verify Record\\20181004_111610\\1538622983933.png]]

2018-10-04 11:16:24 - [TEST_STEP][PASSED] - selectOptionByValue: All options with value 'LKS' are selected in object 'Object Repository/Page_MyEG Services  Verify Records/select_- Select Service -'  using regular expression

2018-10-04 11:16:24 - [MESSAGE][PASSED] - All options with value 'LKS' are selected in object 'Object Repository/Page_MyEG Services  Verify Records/select_- Select Service -'  using regular expression

2018-10-04 11:16:24 - [TEST_STEP][PASSED] - click: Object: 'Object Repository/Page_MyEG Services  Verify Records/input' is clicked on

2018-10-04 11:16:25 - [MESSAGE][PASSED] - Object: 'Object Repository/Page_MyEG Services  Verify Records/input' is clicked on

2018-10-04 11:16:25 - [TEST_STEP][PASSED] - takeScreenshot: Taking screenshot successfully

2018-10-04 11:16:25 - [MESSAGE][PASSED] - Taking screenshot successfully
[[ATTACHMENT|C:\\Users\\Owner\\Katalon Studio\\Logistics\\Reports\\CSO_LEAD\\Verify Record\\20181004_111610\\1538622985319.png]]

2018-10-04 11:16:25 - [TEST_STEP][PASSED] - selectOptionByValue: All options with value 'JM' are selected in object 'Object Repository/Page_MyEG Services  Verify Records/select_- Select Service -'  using regular expression

2018-10-04 11:16:26 - [MESSAGE][PASSED] - All options with value 'JM' are selected in object 'Object Repository/Page_MyEG Services  Verify Records/select_- Select Service -'  using regular expression

2018-10-04 11:16:26 - [TEST_STEP][PASSED] - click: Object: 'Object Repository/Page_MyEG Services  Verify Records/input' is clicked on

2018-10-04 11:16:26 - [MESSAGE][PASSED] - Object: 'Object Repository/Page_MyEG Services  Verify Records/input' is clicked on

2018-10-04 11:16:26 - [TEST_STEP][PASSED] - takeScreenshot: Taking screenshot successfully

2018-10-04 11:16:26 - [MESSAGE][PASSED] - Taking screenshot successfully
[[ATTACHMENT|C:\\Users\\Owner\\Katalon Studio\\Logistics\\Reports\\CSO_LEAD\\Verify Record\\20181004_111610\\1538622986572.png]]

2018-10-04 11:16:26 - [TEST_STEP][PASSED] - selectOptionByValue: All options with value 'IM' are selected in object 'Object Repository/Page_MyEG Services  Verify Records/select_- Select Service -'  using regular expression

2018-10-04 11:16:27 - [MESSAGE][PASSED] - All options with value 'IM' are selected in object 'Object Repository/Page_MyEG Services  Verify Records/select_- Select Service -'  using regular expression

2018-10-04 11:16:27 - [TEST_STEP][PASSED] - click: Object: 'Object Repository/Page_MyEG Services  Verify Records/input' is clicked on

2018-10-04 11:16:27 - [MESSAGE][PASSED] - Object: 'Object Repository/Page_MyEG Services  Verify Records/input' is clicked on

2018-10-04 11:16:27 - [TEST_STEP][PASSED] - takeScreenshot: Taking screenshot successfully

2018-10-04 11:16:28 - [MESSAGE][PASSED] - Taking screenshot successfully
[[ATTACHMENT|C:\\Users\\Owner\\Katalon Studio\\Logistics\\Reports\\CSO_LEAD\\Verify Record\\20181004_111610\\1538622987832.png]]

2018-10-04 11:16:28 - [TEST_STEP][PASSED] - selectOptionByValue: All options with value 'MD' are selected in object 'Object Repository/Page_MyEG Services  Verify Records/select_- Select Service -'  using regular expression

2018-10-04 11:16:28 - [MESSAGE][PASSED] - All options with value 'MD' are selected in object 'Object Repository/Page_MyEG Services  Verify Records/select_- Select Service -'  using regular expression

2018-10-04 11:16:28 - [TEST_STEP][PASSED] - click: Object: 'Object Repository/Page_MyEG Services  Verify Records/input' is clicked on

2018-10-04 11:16:29 - [MESSAGE][PASSED] - Object: 'Object Repository/Page_MyEG Services  Verify Records/input' is clicked on

2018-10-04 11:16:29 - [TEST_STEP][PASSED] - takeScreenshot: Taking screenshot successfully

2018-10-04 11:16:30 - [MESSAGE][PASSED] - Taking screenshot successfully
[[ATTACHMENT|C:\\Users\\Owner\\Katalon Studio\\Logistics\\Reports\\CSO_LEAD\\Verify Record\\20181004_111610\\1538622989677.png]]

2018-10-04 11:16:30 - [TEST_STEP][PASSED] - selectOptionByValue: All options with value 'FW' are selected in object 'Object Repository/Page_MyEG Services  Verify Records/select_- Select Service -'  using regular expression

2018-10-04 11:16:30 - [MESSAGE][PASSED] - All options with value 'FW' are selected in object 'Object Repository/Page_MyEG Services  Verify Records/select_- Select Service -'  using regular expression

2018-10-04 11:16:30 - [TEST_STEP][PASSED] - click: Object: 'Object Repository/Page_MyEG Services  Verify Records/input' is clicked on

2018-10-04 11:16:30 - [MESSAGE][PASSED] - Object: 'Object Repository/Page_MyEG Services  Verify Records/input' is clicked on

2018-10-04 11:16:30 - [TEST_STEP][PASSED] - takeScreenshot: Taking screenshot successfully

2018-10-04 11:16:31 - [MESSAGE][PASSED] - Taking screenshot successfully
[[ATTACHMENT|C:\\Users\\Owner\\Katalon Studio\\Logistics\\Reports\\CSO_LEAD\\Verify Record\\20181004_111610\\1538622990861.png]]

2018-10-04 11:16:31 - [TEST_STEP][PASSED] - selectOptionByValue: All options with value 'CN' are selected in object 'Object Repository/Page_MyEG Services  Verify Records/select_- Select Service -'  using regular expression

2018-10-04 11:16:31 - [MESSAGE][PASSED] - All options with value 'CN' are selected in object 'Object Repository/Page_MyEG Services  Verify Records/select_- Select Service -'  using regular expression

2018-10-04 11:16:31 - [TEST_STEP][PASSED] - click: Object: 'Object Repository/Page_MyEG Services  Verify Records/input' is clicked on

2018-10-04 11:16:32 - [MESSAGE][PASSED] - Object: 'Object Repository/Page_MyEG Services  Verify Records/input' is clicked on

2018-10-04 11:16:32 - [TEST_STEP][PASSED] - takeScreenshot: Taking screenshot successfully

2018-10-04 11:16:32 - [MESSAGE][PASSED] - Taking screenshot successfully
[[ATTACHMENT|C:\\Users\\Owner\\Katalon Studio\\Logistics\\Reports\\CSO_LEAD\\Verify Record\\20181004_111610\\1538622992440.png]]

2018-10-04 11:16:32 - [TEST_STEP][PASSED] - selectOptionByValue: All options with value 'CL' are selected in object 'Object Repository/Page_MyEG Services  Verify Records/select_- Select Service -'  using regular expression

2018-10-04 11:16:33 - [MESSAGE][PASSED] - All options with value 'CL' are selected in object 'Object Repository/Page_MyEG Services  Verify Records/select_- Select Service -'  using regular expression

2018-10-04 11:16:33 - [TEST_STEP][PASSED] - click: Object: 'Object Repository/Page_MyEG Services  Verify Records/input' is clicked on

2018-10-04 11:16:34 - [MESSAGE][PASSED] - Object: 'Object Repository/Page_MyEG Services  Verify Records/input' is clicked on

2018-10-04 11:16:34 - [TEST_STEP][PASSED] - takeScreenshot: Taking screenshot successfully

2018-10-04 11:16:34 - [MESSAGE][PASSED] - Taking screenshot successfully
[[ATTACHMENT|C:\\Users\\Owner\\Katalon Studio\\Logistics\\Reports\\CSO_LEAD\\Verify Record\\20181004_111610\\1538622994014.png]]

2018-10-04 11:16:34 - [TEST_STEP][PASSED] - selectOptionByValue: All options with value '1M' are selected in object 'Object Repository/Page_MyEG Services  Verify Records/select_- Select Service -'  using regular expression

2018-10-04 11:16:34 - [MESSAGE][PASSED] - All options with value '1M' are selected in object 'Object Repository/Page_MyEG Services  Verify Records/select_- Select Service -'  using regular expression

2018-10-04 11:16:34 - [TEST_STEP][PASSED] - click: Object: 'Object Repository/Page_MyEG Services  Verify Records/input' is clicked on

2018-10-04 11:16:35 - [MESSAGE][PASSED] - Object: 'Object Repository/Page_MyEG Services  Verify Records/input' is clicked on

2018-10-04 11:16:35 - [TEST_STEP][PASSED] - takeScreenshot: Taking screenshot successfully

2018-10-04 11:16:35 - [MESSAGE][PASSED] - Taking screenshot successfully
[[ATTACHMENT|C:\\Users\\Owner\\Katalon Studio\\Logistics\\Reports\\CSO_LEAD\\Verify Record\\20181004_111610\\1538622995400.png]]

2018-10-04 11:16:35 - [TEST_STEP][PASSED] - selectOptionByValue: All options with value 'SP' are selected in object 'Object Repository/Page_MyEG Services  Verify Records/select_- Select Service -'  using regular expression

2018-10-04 11:16:36 - [MESSAGE][PASSED] - All options with value 'SP' are selected in object 'Object Repository/Page_MyEG Services  Verify Records/select_- Select Service -'  using regular expression

2018-10-04 11:16:36 - [TEST_STEP][PASSED] - click: Object: 'Object Repository/Page_MyEG Services  Verify Records/input' is clicked on

2018-10-04 11:16:36 - [MESSAGE][PASSED] - Object: 'Object Repository/Page_MyEG Services  Verify Records/input' is clicked on

2018-10-04 11:16:36 - [TEST_STEP][PASSED] - takeScreenshot: Taking screenshot successfully

2018-10-04 11:16:37 - [MESSAGE][PASSED] - Taking screenshot successfully
[[ATTACHMENT|C:\\Users\\Owner\\Katalon Studio\\Logistics\\Reports\\CSO_LEAD\\Verify Record\\20181004_111610\\1538622996697.png]]

2018-10-04 11:16:37 - [TEST_STEP][PASSED] - selectOptionByValue: All options with value 'PK' are selected in object 'Object Repository/Page_MyEG Services  Verify Records/select_- Select Service -'  using regular expression

2018-10-04 11:16:37 - [MESSAGE][PASSED] - All options with value 'PK' are selected in object 'Object Repository/Page_MyEG Services  Verify Records/select_- Select Service -'  using regular expression

2018-10-04 11:16:37 - [TEST_STEP][PASSED] - click: Object: 'Object Repository/Page_MyEG Services  Verify Records/input' is clicked on

2018-10-04 11:16:38 - [MESSAGE][PASSED] - Object: 'Object Repository/Page_MyEG Services  Verify Records/input' is clicked on

2018-10-04 11:16:38 - [TEST_STEP][PASSED] - takeScreenshot: Taking screenshot successfully

2018-10-04 11:16:38 - [MESSAGE][PASSED] - Taking screenshot successfully
[[ATTACHMENT|C:\\Users\\Owner\\Katalon Studio\\Logistics\\Reports\\CSO_LEAD\\Verify Record\\20181004_111610\\1538622998068.png]]

2018-10-04 11:16:38 - [TEST_STEP][PASSED] - selectOptionByValue: All options with value 'PT' are selected in object 'Object Repository/Page_MyEG Services  Verify Records/select_- Select Service -'  using regular expression

2018-10-04 11:16:38 - [MESSAGE][PASSED] - All options with value 'PT' are selected in object 'Object Repository/Page_MyEG Services  Verify Records/select_- Select Service -'  using regular expression

2018-10-04 11:16:38 - [TEST_STEP][PASSED] - click: Object: 'Object Repository/Page_MyEG Services  Verify Records/input' is clicked on

2018-10-04 11:16:39 - [MESSAGE][PASSED] - Object: 'Object Repository/Page_MyEG Services  Verify Records/input' is clicked on

2018-10-04 11:16:39 - [TEST_STEP][PASSED] - takeScreenshot: Taking screenshot successfully

2018-10-04 11:16:39 - [MESSAGE][PASSED] - Taking screenshot successfully
[[ATTACHMENT|C:\\Users\\Owner\\Katalon Studio\\Logistics\\Reports\\CSO_LEAD\\Verify Record\\20181004_111610\\1538622999387.png]]

2018-10-04 11:16:39 - [TEST_STEP][PASSED] - selectOptionByValue: All options with value 'PTL' are selected in object 'Object Repository/Page_MyEG Services  Verify Records/select_- Select Service -'  using regular expression

2018-10-04 11:16:40 - [MESSAGE][PASSED] - All options with value 'PTL' are selected in object 'Object Repository/Page_MyEG Services  Verify Records/select_- Select Service -'  using regular expression

2018-10-04 11:16:40 - [TEST_STEP][PASSED] - click: Object: 'Object Repository/Page_MyEG Services  Verify Records/input' is clicked on

2018-10-04 11:16:40 - [MESSAGE][PASSED] - Object: 'Object Repository/Page_MyEG Services  Verify Records/input' is clicked on

2018-10-04 11:16:40 - [TEST_STEP][PASSED] - takeScreenshot: Taking screenshot successfully

2018-10-04 11:16:41 - [MESSAGE][PASSED] - Taking screenshot successfully
[[ATTACHMENT|C:\\Users\\Owner\\Katalon Studio\\Logistics\\Reports\\CSO_LEAD\\Verify Record\\20181004_111610\\1538623000903.png]]

2018-10-04 11:16:41 - [TEST_STEP][PASSED] - selectOptionByValue: All options with value 'JPJ1M' are selected in object 'Object Repository/Page_MyEG Services  Verify Records/select_- Select Service -'  using regular expression

2018-10-04 11:16:41 - [MESSAGE][PASSED] - All options with value 'JPJ1M' are selected in object 'Object Repository/Page_MyEG Services  Verify Records/select_- Select Service -'  using regular expression

2018-10-04 11:16:41 - [TEST_STEP][PASSED] - click: Object: 'Object Repository/Page_MyEG Services  Verify Records/input' is clicked on

2018-10-04 11:16:42 - [MESSAGE][PASSED] - Object: 'Object Repository/Page_MyEG Services  Verify Records/input' is clicked on

2018-10-04 11:16:42 - [TEST_STEP][PASSED] - takeScreenshot: Taking screenshot successfully

2018-10-04 11:16:43 - [MESSAGE][PASSED] - Taking screenshot successfully
[[ATTACHMENT|C:\\Users\\Owner\\Katalon Studio\\Logistics\\Reports\\CSO_LEAD\\Verify Record\\20181004_111610\\1538623002571.png]]

2018-10-04 11:16:43 - [TEST_STEP][PASSED] - selectOptionByValue: All options with value 'IMI1M' are selected in object 'Object Repository/Page_MyEG Services  Verify Records/select_- Select Service -'  using regular expression

2018-10-04 11:16:43 - [MESSAGE][PASSED] - All options with value 'IMI1M' are selected in object 'Object Repository/Page_MyEG Services  Verify Records/select_- Select Service -'  using regular expression

2018-10-04 11:16:43 - [TEST_STEP][PASSED] - click: Object: 'Object Repository/Page_MyEG Services  Verify Records/input' is clicked on

2018-10-04 11:16:43 - [MESSAGE][PASSED] - Object: 'Object Repository/Page_MyEG Services  Verify Records/input' is clicked on

2018-10-04 11:16:43 - [TEST_STEP][PASSED] - takeScreenshot: Taking screenshot successfully

2018-10-04 11:16:44 - [MESSAGE][PASSED] - Taking screenshot successfully
[[ATTACHMENT|C:\\Users\\Owner\\Katalon Studio\\Logistics\\Reports\\CSO_LEAD\\Verify Record\\20181004_111610\\1538623003989.png]]

2018-10-04 11:16:44 - [TEST_STEP][PASSED] - selectOptionByValue: All options with value 'ET' are selected in object 'Object Repository/Page_MyEG Services  Verify Records/select_- Select Service -'  using regular expression

2018-10-04 11:16:44 - [MESSAGE][PASSED] - All options with value 'ET' are selected in object 'Object Repository/Page_MyEG Services  Verify Records/select_- Select Service -'  using regular expression

2018-10-04 11:16:44 - [TEST_STEP][PASSED] - click: Object: 'Object Repository/Page_MyEG Services  Verify Records/input' is clicked on

2018-10-04 11:16:45 - [MESSAGE][PASSED] - Object: 'Object Repository/Page_MyEG Services  Verify Records/input' is clicked on

2018-10-04 11:16:45 - [TEST_STEP][PASSED] - takeScreenshot: Taking screenshot successfully

2018-10-04 11:16:45 - [MESSAGE][PASSED] - Taking screenshot successfully
[[ATTACHMENT|C:\\Users\\Owner\\Katalon Studio\\Logistics\\Reports\\CSO_LEAD\\Verify Record\\20181004_111610\\1538623005302.png]]

2018-10-04 11:16:45 - [TEST_STEP][PASSED] - click: Object: 'Object Repository/Page_MyEG Services  Verify Records/a_reset' is clicked on

2018-10-04 11:16:45 - [MESSAGE][PASSED] - Object: 'Object Repository/Page_MyEG Services  Verify Records/a_reset' is clicked on

2018-10-04 11:16:45 - [TEST_STEP][PASSED] - takeScreenshot: Taking screenshot successfully

2018-10-04 11:16:46 - [MESSAGE][PASSED] - Taking screenshot successfully
[[ATTACHMENT|C:\\Users\\Owner\\Katalon Studio\\Logistics\\Reports\\CSO_LEAD\\Verify Record\\20181004_111610\\1538623005809.png]]

2018-10-04 11:16:46 - [TEST_STEP][PASSED] - click: Object: 'Object Repository/Page_MyEG Services  Verify Records/a_Logout' is clicked on

2018-10-04 11:16:46 - [MESSAGE][PASSED] - Object: 'Object Repository/Page_MyEG Services  Verify Records/a_Logout' is clicked on

2018-10-04 11:16:46 - [TEST_STEP][PASSED] - closeBrowser: Browser is closed

2018-10-04 11:16:47 - [MESSAGE][PASSED] - Browser is closed]]></system-out>
         <system-err><![CDATA[]]></system-err>
      </testcase>
      <system-out><![CDATA[2018-10-04 11:16:12 - [TEST_SUITE][PASSED] - Verify Record: Test Cases/Logistics/Roles/CSO_LEAD/Verify Record]]></system-out>
      <system-err><![CDATA[]]></system-err>
   </testsuite>
</testsuites>
