<?xml version="1.0" encoding="UTF-8"?>
<testsuites name="Delivery Report" time="77" tests="1" failures="0" errors="0">
   <testsuite name="Delivery Report" tests="1" failures="0" errors="0" time="77" timestamp="2018-10-08 18:01:15" hostname="Owner - L13-IT-KISHORE.myeg.local" id="Test Suites/CSO_ADMIN_PrintIMM/Delivery Report">
      <properties>
         <property name="deviceName" value=""/>
         <property name="devicePlatform" value=""/>
         <property name="logFolder" value="C:\\Users\\Owner\\Katalon Studio\\Logistics\\Reports\\CSO_ADMIN_PrintIMM\\Delivery Report\\20181008_180113"/>
         <property name="logFiles" value="C:\\Users\\Owner\\Katalon Studio\\Logistics\\Reports\\CSO_ADMIN_PrintIMM\\Delivery Report\\20181008_180113\\execution0.log"/>
         <property name="attachments" value="C:\\Users\\Owner\\Katalon Studio\\Logistics\\Reports\\CSO_ADMIN_PrintIMM\\Delivery Report\\20181008_180113\\1538992883713.png, C:\\Users\\Owner\\Katalon Studio\\Logistics\\Reports\\CSO_ADMIN_PrintIMM\\Delivery Report\\20181008_180113\\1538992884753.png, C:\\Users\\Owner\\Katalon Studio\\Logistics\\Reports\\CSO_ADMIN_PrintIMM\\Delivery Report\\20181008_180113\\1538992885771.png, C:\\Users\\Owner\\Katalon Studio\\Logistics\\Reports\\CSO_ADMIN_PrintIMM\\Delivery Report\\20181008_180113\\1538992887400.png, C:\\Users\\Owner\\Katalon Studio\\Logistics\\Reports\\CSO_ADMIN_PrintIMM\\Delivery Report\\20181008_180113\\1538992888199.png, C:\\Users\\Owner\\Katalon Studio\\Logistics\\Reports\\CSO_ADMIN_PrintIMM\\Delivery Report\\20181008_180113\\1538992889616.png, C:\\Users\\Owner\\Katalon Studio\\Logistics\\Reports\\CSO_ADMIN_PrintIMM\\Delivery Report\\20181008_180113\\1538992890119.png, C:\\Users\\Owner\\Katalon Studio\\Logistics\\Reports\\CSO_ADMIN_PrintIMM\\Delivery Report\\20181008_180113\\1538992890608.png, C:\\Users\\Owner\\Katalon Studio\\Logistics\\Reports\\CSO_ADMIN_PrintIMM\\Delivery Report\\20181008_180113\\1538992891939.png, C:\\Users\\Owner\\Katalon Studio\\Logistics\\Reports\\CSO_ADMIN_PrintIMM\\Delivery Report\\20181008_180113\\1538992892967.png, C:\\Users\\Owner\\Katalon Studio\\Logistics\\Reports\\CSO_ADMIN_PrintIMM\\Delivery Report\\20181008_180113\\1538992894028.png, C:\\Users\\Owner\\Katalon Studio\\Logistics\\Reports\\CSO_ADMIN_PrintIMM\\Delivery Report\\20181008_180113\\1538992895099.png, C:\\Users\\Owner\\Katalon Studio\\Logistics\\Reports\\CSO_ADMIN_PrintIMM\\Delivery Report\\20181008_180113\\1538992896176.png, C:\\Users\\Owner\\Katalon Studio\\Logistics\\Reports\\CSO_ADMIN_PrintIMM\\Delivery Report\\20181008_180113\\1538992897296.png, C:\\Users\\Owner\\Katalon Studio\\Logistics\\Reports\\CSO_ADMIN_PrintIMM\\Delivery Report\\20181008_180113\\1538992898376.png, C:\\Users\\Owner\\Katalon Studio\\Logistics\\Reports\\CSO_ADMIN_PrintIMM\\Delivery Report\\20181008_180113\\1538992899525.png, C:\\Users\\Owner\\Katalon Studio\\Logistics\\Reports\\CSO_ADMIN_PrintIMM\\Delivery Report\\20181008_180113\\1538992900558.png, C:\\Users\\Owner\\Katalon Studio\\Logistics\\Reports\\CSO_ADMIN_PrintIMM\\Delivery Report\\20181008_180113\\1538992901781.png, C:\\Users\\Owner\\Katalon Studio\\Logistics\\Reports\\CSO_ADMIN_PrintIMM\\Delivery Report\\20181008_180113\\1538992902847.png, C:\\Users\\Owner\\Katalon Studio\\Logistics\\Reports\\CSO_ADMIN_PrintIMM\\Delivery Report\\20181008_180113\\1538992903852.png, C:\\Users\\Owner\\Katalon Studio\\Logistics\\Reports\\CSO_ADMIN_PrintIMM\\Delivery Report\\20181008_180113\\1538992905027.png, C:\\Users\\Owner\\Katalon Studio\\Logistics\\Reports\\CSO_ADMIN_PrintIMM\\Delivery Report\\20181008_180113\\1538992906109.png, C:\\Users\\Owner\\Katalon Studio\\Logistics\\Reports\\CSO_ADMIN_PrintIMM\\Delivery Report\\20181008_180113\\1538992907322.png, C:\\Users\\Owner\\Katalon Studio\\Logistics\\Reports\\CSO_ADMIN_PrintIMM\\Delivery Report\\20181008_180113\\1538992907856.png, C:\\Users\\Owner\\Katalon Studio\\Logistics\\Reports\\CSO_ADMIN_PrintIMM\\Delivery Report\\20181008_180113\\1538992908356.png, C:\\Users\\Owner\\Katalon Studio\\Logistics\\Reports\\CSO_ADMIN_PrintIMM\\Delivery Report\\20181008_180113\\1538992936344.png, C:\\Users\\Owner\\Katalon Studio\\Logistics\\Reports\\CSO_ADMIN_PrintIMM\\Delivery Report\\20181008_180113\\1538992937522.png, C:\\Users\\Owner\\Katalon Studio\\Logistics\\Reports\\CSO_ADMIN_PrintIMM\\Delivery Report\\20181008_180113\\1538992938643.png, C:\\Users\\Owner\\Katalon Studio\\Logistics\\Reports\\CSO_ADMIN_PrintIMM\\Delivery Report\\20181008_180113\\1538992939713.png, C:\\Users\\Owner\\Katalon Studio\\Logistics\\Reports\\CSO_ADMIN_PrintIMM\\Delivery Report\\20181008_180113\\1538992940874.png, C:\\Users\\Owner\\Katalon Studio\\Logistics\\Reports\\CSO_ADMIN_PrintIMM\\Delivery Report\\20181008_180113\\1538992942044.png, C:\\Users\\Owner\\Katalon Studio\\Logistics\\Reports\\CSO_ADMIN_PrintIMM\\Delivery Report\\20181008_180113\\1538992943152.png, C:\\Users\\Owner\\Katalon Studio\\Logistics\\Reports\\CSO_ADMIN_PrintIMM\\Delivery Report\\20181008_180113\\1538992944348.png, C:\\Users\\Owner\\Katalon Studio\\Logistics\\Reports\\CSO_ADMIN_PrintIMM\\Delivery Report\\20181008_180113\\1538992945504.png, C:\\Users\\Owner\\Katalon Studio\\Logistics\\Reports\\CSO_ADMIN_PrintIMM\\Delivery Report\\20181008_180113\\1538992946741.png, C:\\Users\\Owner\\Katalon Studio\\Logistics\\Reports\\CSO_ADMIN_PrintIMM\\Delivery Report\\20181008_180113\\1538992947945.png, C:\\Users\\Owner\\Katalon Studio\\Logistics\\Reports\\CSO_ADMIN_PrintIMM\\Delivery Report\\20181008_180113\\1538992949189.png, C:\\Users\\Owner\\Katalon Studio\\Logistics\\Reports\\CSO_ADMIN_PrintIMM\\Delivery Report\\20181008_180113\\1538992950385.png, C:\\Users\\Owner\\Katalon Studio\\Logistics\\Reports\\CSO_ADMIN_PrintIMM\\Delivery Report\\20181008_180113\\1538992951640.png"/>
         <property name="hostName" value="Owner - L13-IT-KISHORE.myeg.local"/>
         <property name="os" value="Windows 10 64bit"/>
         <property name="katalonVersion" value="5.6.1.1"/>
         <property name="browser" value="Chrome 69.0.3497.100"/>
         <property name="hostAddress" value="192.168.8.168"/>
         <property name="sessionId" value="a92867899fbb27e0190f168333c0184c"/>
         <property name="seleniumVersion" value="3.7.1"/>
         <property name="proxyInformation" value="ProxyInformation{proxyOption=NO_PROXY, proxyServerType=HTTP, password=, proxyServerAddress=, proxyServerPort=0}"/>
         <property name="platform" value="Windows 10"/>
      </properties>
      <testcase name="Test Cases/Logistics/Roles/CSOADMIN_PrintIMM/Delivery Report" classname="Test Cases/Logistics/Roles/CSOADMIN_PrintIMM/Delivery Report" status="PASSED">
         <system-out><![CDATA[2018-10-08 18:01:16 - [TEST_CASE][PASSED] - Test Cases/Logistics/Roles/CSOADMIN_PrintIMM/Delivery Report: Test Cases/Logistics/Roles/CSOADMIN_PrintIMM/Delivery Report

2018-10-08 18:01:16 - [TEST_STEP][PASSED] - openBrowser: Browser is opened with url: ''

2018-10-08 18:01:20 - [MESSAGE][PASSED] - Browser is opened with url: ''

2018-10-08 18:01:20 - [TEST_STEP][PASSED] - maximizeWindow: Current window maximized

2018-10-08 18:01:22 - [MESSAGE][PASSED] - Current window maximized

2018-10-08 18:01:22 - [TEST_STEP][PASSED] - navigateToUrl: Navigate to 'http://uat4.myeg.com.my/logistic/login/' successfully

2018-10-08 18:01:23 - [MESSAGE][PASSED] - Navigate to 'http://uat4.myeg.com.my/logistic/login/' successfully

2018-10-08 18:01:23 - [TEST_STEP][PASSED] - setText: Text 'AGENT' is set on object 'Object Repository/Page_MyEG Services  Logistic Report/input_j_username'

2018-10-08 18:01:23 - [MESSAGE][PASSED] - Text 'AGENT' is set on object 'Object Repository/Page_MyEG Services  Logistic Report/input_j_username'

2018-10-08 18:01:23 - [TEST_STEP][PASSED] - click: Object: 'Object Repository/Page_MyEG Services  Logistic Report/input_submit' is clicked on

2018-10-08 18:01:23 - [MESSAGE][PASSED] - Object: 'Object Repository/Page_MyEG Services  Logistic Report/input_submit' is clicked on

2018-10-08 18:01:23 - [TEST_STEP][PASSED] - takeScreenshot: Taking screenshot successfully

2018-10-08 18:01:24 - [MESSAGE][PASSED] - Taking screenshot successfully
[[ATTACHMENT|C:\\Users\\Owner\\Katalon Studio\\Logistics\\Reports\\CSO_ADMIN_PrintIMM\\Delivery Report\\20181008_180113\\1538992883713.png]]

2018-10-08 18:01:24 - [TEST_STEP][PASSED] - setEncryptedText: Text ****** has been set on object 'Object Repository/Page_MyEG Services  Logistic Report/input_j_password'

2018-10-08 18:01:24 - [MESSAGE][PASSED] - Text ****** has been set on object 'Object Repository/Page_MyEG Services  Logistic Report/input_j_password'

2018-10-08 18:01:24 - [TEST_STEP][PASSED] - click: Object: 'Object Repository/Page_MyEG Services  Logistic Report/input_submit' is clicked on

2018-10-08 18:01:24 - [MESSAGE][PASSED] - Object: 'Object Repository/Page_MyEG Services  Logistic Report/input_submit' is clicked on

2018-10-08 18:01:24 - [TEST_STEP][PASSED] - takeScreenshot: Taking screenshot successfully

2018-10-08 18:01:25 - [MESSAGE][PASSED] - Taking screenshot successfully
[[ATTACHMENT|C:\\Users\\Owner\\Katalon Studio\\Logistics\\Reports\\CSO_ADMIN_PrintIMM\\Delivery Report\\20181008_180113\\1538992884753.png]]

2018-10-08 18:01:25 - [TEST_STEP][PASSED] - setText: Text 'AGENT1234' is set on object 'Object Repository/Page_MyEG Services  Logistic Report/input_j_username'

2018-10-08 18:01:25 - [MESSAGE][PASSED] - Text 'AGENT1234' is set on object 'Object Repository/Page_MyEG Services  Logistic Report/input_j_username'

2018-10-08 18:01:25 - [TEST_STEP][PASSED] - setEncryptedText: Text ****** has been set on object 'Object Repository/Page_MyEG Services  Logistic Report/input_j_password'

2018-10-08 18:01:25 - [MESSAGE][PASSED] - Text ****** has been set on object 'Object Repository/Page_MyEG Services  Logistic Report/input_j_password'

2018-10-08 18:01:25 - [TEST_STEP][PASSED] - click: Object: 'Object Repository/Page_MyEG Services  Logistic Report/input_submit' is clicked on

2018-10-08 18:01:25 - [MESSAGE][PASSED] - Object: 'Object Repository/Page_MyEG Services  Logistic Report/input_submit' is clicked on

2018-10-08 18:01:25 - [TEST_STEP][PASSED] - takeScreenshot: Taking screenshot successfully

2018-10-08 18:01:26 - [MESSAGE][PASSED] - Taking screenshot successfully
[[ATTACHMENT|C:\\Users\\Owner\\Katalon Studio\\Logistics\\Reports\\CSO_ADMIN_PrintIMM\\Delivery Report\\20181008_180113\\1538992885771.png]]

2018-10-08 18:01:26 - [TEST_STEP][PASSED] - setText: Text 'AGENT' is set on object 'Object Repository/Page_MyEG Services  Logistic Report/input_j_username'

2018-10-08 18:01:26 - [MESSAGE][PASSED] - Text 'AGENT' is set on object 'Object Repository/Page_MyEG Services  Logistic Report/input_j_username'

2018-10-08 18:01:26 - [TEST_STEP][PASSED] - setEncryptedText: Text ****** has been set on object 'Object Repository/Page_MyEG Services  Logistic Report/input_j_password'

2018-10-08 18:01:26 - [MESSAGE][PASSED] - Text ****** has been set on object 'Object Repository/Page_MyEG Services  Logistic Report/input_j_password'

2018-10-08 18:01:26 - [TEST_STEP][PASSED] - click: Object: 'Object Repository/Page_MyEG Services  Logistic Report/input_submit' is clicked on

2018-10-08 18:01:27 - [MESSAGE][PASSED] - Object: 'Object Repository/Page_MyEG Services  Logistic Report/input_submit' is clicked on

2018-10-08 18:01:27 - [TEST_STEP][PASSED] - takeScreenshot: Taking screenshot successfully

2018-10-08 18:01:27 - [MESSAGE][PASSED] - Taking screenshot successfully
[[ATTACHMENT|C:\\Users\\Owner\\Katalon Studio\\Logistics\\Reports\\CSO_ADMIN_PrintIMM\\Delivery Report\\20181008_180113\\1538992887400.png]]

2018-10-08 18:01:27 - [TEST_STEP][PASSED] - click: Object: 'Object Repository/Page_MyEG Services  List of Tickets/a_Delivery Report' is clicked on

2018-10-08 18:01:28 - [MESSAGE][PASSED] - Object: 'Object Repository/Page_MyEG Services  List of Tickets/a_Delivery Report' is clicked on

2018-10-08 18:01:28 - [TEST_STEP][PASSED] - takeScreenshot: Taking screenshot successfully

2018-10-08 18:01:28 - [MESSAGE][PASSED] - Taking screenshot successfully
[[ATTACHMENT|C:\\Users\\Owner\\Katalon Studio\\Logistics\\Reports\\CSO_ADMIN_PrintIMM\\Delivery Report\\20181008_180113\\1538992888199.png]]

2018-10-08 18:01:28 - [TEST_STEP][PASSED] - click: Object: 'Object Repository/Page_MyEG Services  PERFORMANCE REP/a_LO Delivery Report By Date' is clicked on

2018-10-08 18:01:28 - [MESSAGE][PASSED] - Object: 'Object Repository/Page_MyEG Services  PERFORMANCE REP/a_LO Delivery Report By Date' is clicked on

2018-10-08 18:01:28 - [TEST_STEP][PASSED] - setText: Text '01-Jan-2018' is set on object 'Object Repository/Page_MyEG Services  DELIVERY REPORT/input_dojo.from'

2018-10-08 18:01:29 - [MESSAGE][PASSED] - Text '01-Jan-2018' is set on object 'Object Repository/Page_MyEG Services  DELIVERY REPORT/input_dojo.from'

2018-10-08 18:01:29 - [TEST_STEP][PASSED] - setText: Text '30-Sep-2018' is set on object 'Object Repository/Page_MyEG Services  DELIVERY REPORT/input_dojo.to'

2018-10-08 18:01:29 - [MESSAGE][PASSED] - Text '30-Sep-2018' is set on object 'Object Repository/Page_MyEG Services  DELIVERY REPORT/input_dojo.to'

2018-10-08 18:01:29 - [TEST_STEP][PASSED] - selectOptionByValue: All options with value 'LK' are selected in object 'Object Repository/Page_MyEG Services  DELIVERY REPORT/select_-- Please Select --'  using regular expression

2018-10-08 18:01:29 - [MESSAGE][PASSED] - All options with value 'LK' are selected in object 'Object Repository/Page_MyEG Services  DELIVERY REPORT/select_-- Please Select --'  using regular expression

2018-10-08 18:01:29 - [TEST_STEP][PASSED] - takeScreenshot: Taking screenshot successfully

2018-10-08 18:01:30 - [MESSAGE][PASSED] - Taking screenshot successfully
[[ATTACHMENT|C:\\Users\\Owner\\Katalon Studio\\Logistics\\Reports\\CSO_ADMIN_PrintIMM\\Delivery Report\\20181008_180113\\1538992889616.png]]

2018-10-08 18:01:30 - [TEST_STEP][PASSED] - click: Object: 'Object Repository/Page_MyEG Services  DELIVERY REPORT/a_reset' is clicked on

2018-10-08 18:01:30 - [MESSAGE][PASSED] - Object: 'Object Repository/Page_MyEG Services  DELIVERY REPORT/a_reset' is clicked on

2018-10-08 18:01:30 - [TEST_STEP][PASSED] - takeScreenshot: Taking screenshot successfully

2018-10-08 18:01:30 - [MESSAGE][PASSED] - Taking screenshot successfully
[[ATTACHMENT|C:\\Users\\Owner\\Katalon Studio\\Logistics\\Reports\\CSO_ADMIN_PrintIMM\\Delivery Report\\20181008_180113\\1538992890119.png]]

2018-10-08 18:01:30 - [TEST_STEP][PASSED] - click: Object: 'Object Repository/Page_MyEG Services  DELIVERY REPORT/input' is clicked on

2018-10-08 18:01:30 - [MESSAGE][PASSED] - Object: 'Object Repository/Page_MyEG Services  DELIVERY REPORT/input' is clicked on

2018-10-08 18:01:30 - [TEST_STEP][PASSED] - takeScreenshot: Taking screenshot successfully

2018-10-08 18:01:31 - [MESSAGE][PASSED] - Taking screenshot successfully
[[ATTACHMENT|C:\\Users\\Owner\\Katalon Studio\\Logistics\\Reports\\CSO_ADMIN_PrintIMM\\Delivery Report\\20181008_180113\\1538992890608.png]]

2018-10-08 18:01:31 - [TEST_STEP][PASSED] - setText: Text '01-Jan-2018' is set on object 'Object Repository/Page_MyEG Services  DELIVERY REPORT/input_dojo.from'

2018-10-08 18:01:31 - [MESSAGE][PASSED] - Text '01-Jan-2018' is set on object 'Object Repository/Page_MyEG Services  DELIVERY REPORT/input_dojo.from'

2018-10-08 18:01:31 - [TEST_STEP][PASSED] - setText: Text '30-Sep-2018' is set on object 'Object Repository/Page_MyEG Services  DELIVERY REPORT/input_dojo.to'

2018-10-08 18:01:31 - [MESSAGE][PASSED] - Text '30-Sep-2018' is set on object 'Object Repository/Page_MyEG Services  DELIVERY REPORT/input_dojo.to'

2018-10-08 18:01:31 - [TEST_STEP][PASSED] - selectOptionByValue: All options with value 'LK' are selected in object 'Object Repository/Page_MyEG Services  DELIVERY REPORT/select_-- Please Select --'  using regular expression

2018-10-08 18:01:31 - [MESSAGE][PASSED] - All options with value 'LK' are selected in object 'Object Repository/Page_MyEG Services  DELIVERY REPORT/select_-- Please Select --'  using regular expression

2018-10-08 18:01:31 - [TEST_STEP][PASSED] - click: Object: 'Object Repository/Page_MyEG Services  DELIVERY REPORT/input' is clicked on

2018-10-08 18:01:31 - [MESSAGE][PASSED] - Object: 'Object Repository/Page_MyEG Services  DELIVERY REPORT/input' is clicked on

2018-10-08 18:01:31 - [TEST_STEP][PASSED] - takeScreenshot: Taking screenshot successfully

2018-10-08 18:01:32 - [MESSAGE][PASSED] - Taking screenshot successfully
[[ATTACHMENT|C:\\Users\\Owner\\Katalon Studio\\Logistics\\Reports\\CSO_ADMIN_PrintIMM\\Delivery Report\\20181008_180113\\1538992891939.png]]

2018-10-08 18:01:32 - [TEST_STEP][PASSED] - selectOptionByValue: All options with value 'JM' are selected in object 'Object Repository/Page_MyEG Services  DELIVERY REPORT/select_-- Please Select --'  using regular expression

2018-10-08 18:01:32 - [MESSAGE][PASSED] - All options with value 'JM' are selected in object 'Object Repository/Page_MyEG Services  DELIVERY REPORT/select_-- Please Select --'  using regular expression

2018-10-08 18:01:32 - [TEST_STEP][PASSED] - click: Object: 'Object Repository/Page_MyEG Services  DELIVERY REPORT/input' is clicked on

2018-10-08 18:01:32 - [MESSAGE][PASSED] - Object: 'Object Repository/Page_MyEG Services  DELIVERY REPORT/input' is clicked on

2018-10-08 18:01:32 - [TEST_STEP][PASSED] - takeScreenshot: Taking screenshot successfully

2018-10-08 18:01:33 - [MESSAGE][PASSED] - Taking screenshot successfully
[[ATTACHMENT|C:\\Users\\Owner\\Katalon Studio\\Logistics\\Reports\\CSO_ADMIN_PrintIMM\\Delivery Report\\20181008_180113\\1538992892967.png]]

2018-10-08 18:01:33 - [TEST_STEP][PASSED] - selectOptionByValue: All options with value 'IM' are selected in object 'Object Repository/Page_MyEG Services  DELIVERY REPORT/select_-- Please Select --'  using regular expression

2018-10-08 18:01:33 - [MESSAGE][PASSED] - All options with value 'IM' are selected in object 'Object Repository/Page_MyEG Services  DELIVERY REPORT/select_-- Please Select --'  using regular expression

2018-10-08 18:01:33 - [TEST_STEP][PASSED] - click: Object: 'Object Repository/Page_MyEG Services  DELIVERY REPORT/input' is clicked on

2018-10-08 18:01:34 - [MESSAGE][PASSED] - Object: 'Object Repository/Page_MyEG Services  DELIVERY REPORT/input' is clicked on

2018-10-08 18:01:34 - [TEST_STEP][PASSED] - takeScreenshot: Taking screenshot successfully

2018-10-08 18:01:34 - [MESSAGE][PASSED] - Taking screenshot successfully
[[ATTACHMENT|C:\\Users\\Owner\\Katalon Studio\\Logistics\\Reports\\CSO_ADMIN_PrintIMM\\Delivery Report\\20181008_180113\\1538992894028.png]]

2018-10-08 18:01:34 - [TEST_STEP][PASSED] - selectOptionByValue: All options with value 'MD' are selected in object 'Object Repository/Page_MyEG Services  DELIVERY REPORT/select_-- Please Select --'  using regular expression

2018-10-08 18:01:34 - [MESSAGE][PASSED] - All options with value 'MD' are selected in object 'Object Repository/Page_MyEG Services  DELIVERY REPORT/select_-- Please Select --'  using regular expression

2018-10-08 18:01:34 - [TEST_STEP][PASSED] - click: Object: 'Object Repository/Page_MyEG Services  DELIVERY REPORT/input' is clicked on

2018-10-08 18:01:35 - [MESSAGE][PASSED] - Object: 'Object Repository/Page_MyEG Services  DELIVERY REPORT/input' is clicked on

2018-10-08 18:01:35 - [TEST_STEP][PASSED] - takeScreenshot: Taking screenshot successfully

2018-10-08 18:01:35 - [MESSAGE][PASSED] - Taking screenshot successfully
[[ATTACHMENT|C:\\Users\\Owner\\Katalon Studio\\Logistics\\Reports\\CSO_ADMIN_PrintIMM\\Delivery Report\\20181008_180113\\1538992895099.png]]

2018-10-08 18:01:35 - [TEST_STEP][PASSED] - selectOptionByValue: All options with value 'FW' are selected in object 'Object Repository/Page_MyEG Services  DELIVERY REPORT/select_-- Please Select --'  using regular expression

2018-10-08 18:01:35 - [MESSAGE][PASSED] - All options with value 'FW' are selected in object 'Object Repository/Page_MyEG Services  DELIVERY REPORT/select_-- Please Select --'  using regular expression

2018-10-08 18:01:35 - [TEST_STEP][PASSED] - click: Object: 'Object Repository/Page_MyEG Services  DELIVERY REPORT/input' is clicked on

2018-10-08 18:01:36 - [MESSAGE][PASSED] - Object: 'Object Repository/Page_MyEG Services  DELIVERY REPORT/input' is clicked on

2018-10-08 18:01:36 - [TEST_STEP][PASSED] - takeScreenshot: Taking screenshot successfully

2018-10-08 18:01:36 - [MESSAGE][PASSED] - Taking screenshot successfully
[[ATTACHMENT|C:\\Users\\Owner\\Katalon Studio\\Logistics\\Reports\\CSO_ADMIN_PrintIMM\\Delivery Report\\20181008_180113\\1538992896176.png]]

2018-10-08 18:01:36 - [TEST_STEP][PASSED] - selectOptionByValue: All options with value 'CL' are selected in object 'Object Repository/Page_MyEG Services  DELIVERY REPORT/select_-- Please Select --'  using regular expression

2018-10-08 18:01:36 - [MESSAGE][PASSED] - All options with value 'CL' are selected in object 'Object Repository/Page_MyEG Services  DELIVERY REPORT/select_-- Please Select --'  using regular expression

2018-10-08 18:01:36 - [TEST_STEP][PASSED] - click: Object: 'Object Repository/Page_MyEG Services  DELIVERY REPORT/input' is clicked on

2018-10-08 18:01:37 - [MESSAGE][PASSED] - Object: 'Object Repository/Page_MyEG Services  DELIVERY REPORT/input' is clicked on

2018-10-08 18:01:37 - [TEST_STEP][PASSED] - takeScreenshot: Taking screenshot successfully

2018-10-08 18:01:37 - [MESSAGE][PASSED] - Taking screenshot successfully
[[ATTACHMENT|C:\\Users\\Owner\\Katalon Studio\\Logistics\\Reports\\CSO_ADMIN_PrintIMM\\Delivery Report\\20181008_180113\\1538992897296.png]]

2018-10-08 18:01:37 - [TEST_STEP][PASSED] - selectOptionByValue: All options with value '1M' are selected in object 'Object Repository/Page_MyEG Services  DELIVERY REPORT/select_-- Please Select --'  using regular expression

2018-10-08 18:01:38 - [MESSAGE][PASSED] - All options with value '1M' are selected in object 'Object Repository/Page_MyEG Services  DELIVERY REPORT/select_-- Please Select --'  using regular expression

2018-10-08 18:01:38 - [TEST_STEP][PASSED] - click: Object: 'Object Repository/Page_MyEG Services  DELIVERY REPORT/input' is clicked on

2018-10-08 18:01:38 - [MESSAGE][PASSED] - Object: 'Object Repository/Page_MyEG Services  DELIVERY REPORT/input' is clicked on

2018-10-08 18:01:38 - [TEST_STEP][PASSED] - takeScreenshot: Taking screenshot successfully

2018-10-08 18:01:38 - [MESSAGE][PASSED] - Taking screenshot successfully
[[ATTACHMENT|C:\\Users\\Owner\\Katalon Studio\\Logistics\\Reports\\CSO_ADMIN_PrintIMM\\Delivery Report\\20181008_180113\\1538992898376.png]]

2018-10-08 18:01:38 - [TEST_STEP][PASSED] - selectOptionByValue: All options with value 'SP' are selected in object 'Object Repository/Page_MyEG Services  DELIVERY REPORT/select_-- Please Select --'  using regular expression

2018-10-08 18:01:39 - [MESSAGE][PASSED] - All options with value 'SP' are selected in object 'Object Repository/Page_MyEG Services  DELIVERY REPORT/select_-- Please Select --'  using regular expression

2018-10-08 18:01:39 - [TEST_STEP][PASSED] - click: Object: 'Object Repository/Page_MyEG Services  DELIVERY REPORT/input' is clicked on

2018-10-08 18:01:39 - [MESSAGE][PASSED] - Object: 'Object Repository/Page_MyEG Services  DELIVERY REPORT/input' is clicked on

2018-10-08 18:01:39 - [TEST_STEP][PASSED] - takeScreenshot: Taking screenshot successfully

2018-10-08 18:01:39 - [MESSAGE][PASSED] - Taking screenshot successfully
[[ATTACHMENT|C:\\Users\\Owner\\Katalon Studio\\Logistics\\Reports\\CSO_ADMIN_PrintIMM\\Delivery Report\\20181008_180113\\1538992899525.png]]

2018-10-08 18:01:39 - [TEST_STEP][PASSED] - selectOptionByValue: All options with value 'PT' are selected in object 'Object Repository/Page_MyEG Services  DELIVERY REPORT/select_-- Please Select --'  using regular expression

2018-10-08 18:01:40 - [MESSAGE][PASSED] - All options with value 'PT' are selected in object 'Object Repository/Page_MyEG Services  DELIVERY REPORT/select_-- Please Select --'  using regular expression

2018-10-08 18:01:40 - [TEST_STEP][PASSED] - click: Object: 'Object Repository/Page_MyEG Services  DELIVERY REPORT/input' is clicked on

2018-10-08 18:01:40 - [MESSAGE][PASSED] - Object: 'Object Repository/Page_MyEG Services  DELIVERY REPORT/input' is clicked on

2018-10-08 18:01:40 - [TEST_STEP][PASSED] - takeScreenshot: Taking screenshot successfully

2018-10-08 18:01:41 - [MESSAGE][PASSED] - Taking screenshot successfully
[[ATTACHMENT|C:\\Users\\Owner\\Katalon Studio\\Logistics\\Reports\\CSO_ADMIN_PrintIMM\\Delivery Report\\20181008_180113\\1538992900558.png]]

2018-10-08 18:01:41 - [TEST_STEP][PASSED] - selectOptionByValue: All options with value 'PTD' are selected in object 'Object Repository/Page_MyEG Services  DELIVERY REPORT/select_-- Please Select --'  using regular expression

2018-10-08 18:01:41 - [MESSAGE][PASSED] - All options with value 'PTD' are selected in object 'Object Repository/Page_MyEG Services  DELIVERY REPORT/select_-- Please Select --'  using regular expression

2018-10-08 18:01:41 - [TEST_STEP][PASSED] - click: Object: 'Object Repository/Page_MyEG Services  DELIVERY REPORT/input' is clicked on

2018-10-08 18:01:41 - [MESSAGE][PASSED] - Object: 'Object Repository/Page_MyEG Services  DELIVERY REPORT/input' is clicked on

2018-10-08 18:01:41 - [TEST_STEP][PASSED] - takeScreenshot: Taking screenshot successfully

2018-10-08 18:01:42 - [MESSAGE][PASSED] - Taking screenshot successfully
[[ATTACHMENT|C:\\Users\\Owner\\Katalon Studio\\Logistics\\Reports\\CSO_ADMIN_PrintIMM\\Delivery Report\\20181008_180113\\1538992901781.png]]

2018-10-08 18:01:42 - [TEST_STEP][PASSED] - selectOptionByValue: All options with value 'LKS' are selected in object 'Object Repository/Page_MyEG Services  DELIVERY REPORT/select_-- Please Select --'  using regular expression

2018-10-08 18:01:42 - [MESSAGE][PASSED] - All options with value 'LKS' are selected in object 'Object Repository/Page_MyEG Services  DELIVERY REPORT/select_-- Please Select --'  using regular expression

2018-10-08 18:01:42 - [TEST_STEP][PASSED] - click: Object: 'Object Repository/Page_MyEG Services  DELIVERY REPORT/input' is clicked on

2018-10-08 18:01:42 - [MESSAGE][PASSED] - Object: 'Object Repository/Page_MyEG Services  DELIVERY REPORT/input' is clicked on

2018-10-08 18:01:42 - [TEST_STEP][PASSED] - takeScreenshot: Taking screenshot successfully

2018-10-08 18:01:43 - [MESSAGE][PASSED] - Taking screenshot successfully
[[ATTACHMENT|C:\\Users\\Owner\\Katalon Studio\\Logistics\\Reports\\CSO_ADMIN_PrintIMM\\Delivery Report\\20181008_180113\\1538992902847.png]]

2018-10-08 18:01:43 - [TEST_STEP][PASSED] - selectOptionByValue: All options with value 'JPJ1M' are selected in object 'Object Repository/Page_MyEG Services  DELIVERY REPORT/select_-- Please Select --'  using regular expression

2018-10-08 18:01:43 - [MESSAGE][PASSED] - All options with value 'JPJ1M' are selected in object 'Object Repository/Page_MyEG Services  DELIVERY REPORT/select_-- Please Select --'  using regular expression

2018-10-08 18:01:43 - [TEST_STEP][PASSED] - click: Object: 'Object Repository/Page_MyEG Services  DELIVERY REPORT/input' is clicked on

2018-10-08 18:01:43 - [MESSAGE][PASSED] - Object: 'Object Repository/Page_MyEG Services  DELIVERY REPORT/input' is clicked on

2018-10-08 18:01:43 - [TEST_STEP][PASSED] - takeScreenshot: Taking screenshot successfully

2018-10-08 18:01:44 - [MESSAGE][PASSED] - Taking screenshot successfully
[[ATTACHMENT|C:\\Users\\Owner\\Katalon Studio\\Logistics\\Reports\\CSO_ADMIN_PrintIMM\\Delivery Report\\20181008_180113\\1538992903852.png]]

2018-10-08 18:01:44 - [TEST_STEP][PASSED] - selectOptionByValue: All options with value 'IMI1M' are selected in object 'Object Repository/Page_MyEG Services  DELIVERY REPORT/select_-- Please Select --'  using regular expression

2018-10-08 18:01:44 - [MESSAGE][PASSED] - All options with value 'IMI1M' are selected in object 'Object Repository/Page_MyEG Services  DELIVERY REPORT/select_-- Please Select --'  using regular expression

2018-10-08 18:01:44 - [TEST_STEP][PASSED] - click: Object: 'Object Repository/Page_MyEG Services  DELIVERY REPORT/input' is clicked on

2018-10-08 18:01:45 - [MESSAGE][PASSED] - Object: 'Object Repository/Page_MyEG Services  DELIVERY REPORT/input' is clicked on

2018-10-08 18:01:45 - [TEST_STEP][PASSED] - takeScreenshot: Taking screenshot successfully

2018-10-08 18:01:45 - [MESSAGE][PASSED] - Taking screenshot successfully
[[ATTACHMENT|C:\\Users\\Owner\\Katalon Studio\\Logistics\\Reports\\CSO_ADMIN_PrintIMM\\Delivery Report\\20181008_180113\\1538992905027.png]]

2018-10-08 18:01:45 - [TEST_STEP][PASSED] - selectOptionByValue: All options with value 'ET' are selected in object 'Object Repository/Page_MyEG Services  DELIVERY REPORT/select_-- Please Select --'  using regular expression

2018-10-08 18:01:45 - [MESSAGE][PASSED] - All options with value 'ET' are selected in object 'Object Repository/Page_MyEG Services  DELIVERY REPORT/select_-- Please Select --'  using regular expression

2018-10-08 18:01:45 - [TEST_STEP][PASSED] - click: Object: 'Object Repository/Page_MyEG Services  DELIVERY REPORT/input' is clicked on

2018-10-08 18:01:46 - [MESSAGE][PASSED] - Object: 'Object Repository/Page_MyEG Services  DELIVERY REPORT/input' is clicked on

2018-10-08 18:01:46 - [TEST_STEP][PASSED] - takeScreenshot: Taking screenshot successfully

2018-10-08 18:01:46 - [MESSAGE][PASSED] - Taking screenshot successfully
[[ATTACHMENT|C:\\Users\\Owner\\Katalon Studio\\Logistics\\Reports\\CSO_ADMIN_PrintIMM\\Delivery Report\\20181008_180113\\1538992906109.png]]

2018-10-08 18:01:46 - [TEST_STEP][PASSED] - click: Object: 'Object Repository/Page_MyEG Services  DELIVERY REPORT/a_Delivery Report' is clicked on

2018-10-08 18:01:46 - [MESSAGE][PASSED] - Object: 'Object Repository/Page_MyEG Services  DELIVERY REPORT/a_Delivery Report' is clicked on

2018-10-08 18:01:46 - [TEST_STEP][PASSED] - click: Object: 'Object Repository/Page_MyEG Services  PERFORMANCE REP/a_LO Delivery Report By Name' is clicked on

2018-10-08 18:01:47 - [MESSAGE][PASSED] - Object: 'Object Repository/Page_MyEG Services  PERFORMANCE REP/a_LO Delivery Report By Name' is clicked on

2018-10-08 18:01:47 - [TEST_STEP][PASSED] - takeScreenshot: Taking screenshot successfully

2018-10-08 18:01:47 - [MESSAGE][PASSED] - Taking screenshot successfully
[[ATTACHMENT|C:\\Users\\Owner\\Katalon Studio\\Logistics\\Reports\\CSO_ADMIN_PrintIMM\\Delivery Report\\20181008_180113\\1538992907322.png]]

2018-10-08 18:01:47 - [TEST_STEP][PASSED] - click: Object: 'Object Repository/Page_MyEG Services  DELIVERY REPORT/a_reset' is clicked on

2018-10-08 18:01:47 - [MESSAGE][PASSED] - Object: 'Object Repository/Page_MyEG Services  DELIVERY REPORT/a_reset' is clicked on

2018-10-08 18:01:47 - [TEST_STEP][PASSED] - takeScreenshot: Taking screenshot successfully

2018-10-08 18:01:48 - [MESSAGE][PASSED] - Taking screenshot successfully
[[ATTACHMENT|C:\\Users\\Owner\\Katalon Studio\\Logistics\\Reports\\CSO_ADMIN_PrintIMM\\Delivery Report\\20181008_180113\\1538992907856.png]]

2018-10-08 18:01:48 - [TEST_STEP][PASSED] - click: Object: 'Object Repository/Page_MyEG Services  DELIVERY REPORT/input' is clicked on

2018-10-08 18:01:48 - [MESSAGE][PASSED] - Object: 'Object Repository/Page_MyEG Services  DELIVERY REPORT/input' is clicked on

2018-10-08 18:01:48 - [TEST_STEP][PASSED] - takeScreenshot: Taking screenshot successfully

2018-10-08 18:01:48 - [MESSAGE][PASSED] - Taking screenshot successfully
[[ATTACHMENT|C:\\Users\\Owner\\Katalon Studio\\Logistics\\Reports\\CSO_ADMIN_PrintIMM\\Delivery Report\\20181008_180113\\1538992908356.png]]

2018-10-08 18:01:48 - [TEST_STEP][PASSED] - selectOptionByValue: All options with value '1942' are selected in object 'Object Repository/Page_MyEG Services  DELIVERY REPORT/select_- Select LO Name -    A'  using regular expression

2018-10-08 18:02:15 - [MESSAGE][PASSED] - All options with value '1942' are selected in object 'Object Repository/Page_MyEG Services  DELIVERY REPORT/select_- Select LO Name -    A'  using regular expression

2018-10-08 18:02:15 - [TEST_STEP][PASSED] - setText: Text '01-Jan-2018' is set on object 'Object Repository/Page_MyEG Services  DELIVERY REPORT/input_dojo.from'

2018-10-08 18:02:15 - [MESSAGE][PASSED] - Text '01-Jan-2018' is set on object 'Object Repository/Page_MyEG Services  DELIVERY REPORT/input_dojo.from'

2018-10-08 18:02:15 - [TEST_STEP][PASSED] - setText: Text '30-Sep-2018' is set on object 'Object Repository/Page_MyEG Services  DELIVERY REPORT/input_dojo.to'

2018-10-08 18:02:15 - [MESSAGE][PASSED] - Text '30-Sep-2018' is set on object 'Object Repository/Page_MyEG Services  DELIVERY REPORT/input_dojo.to'

2018-10-08 18:02:15 - [TEST_STEP][PASSED] - selectOptionByValue: All options with value 'LK' are selected in object 'Object Repository/Page_MyEG Services  DELIVERY REPORT/select_-- Please Select --'  using regular expression

2018-10-08 18:02:15 - [MESSAGE][PASSED] - All options with value 'LK' are selected in object 'Object Repository/Page_MyEG Services  DELIVERY REPORT/select_-- Please Select --'  using regular expression

2018-10-08 18:02:15 - [TEST_STEP][PASSED] - click: Object: 'Object Repository/Page_MyEG Services  DELIVERY REPORT/input' is clicked on

2018-10-08 18:02:16 - [MESSAGE][PASSED] - Object: 'Object Repository/Page_MyEG Services  DELIVERY REPORT/input' is clicked on

2018-10-08 18:02:16 - [TEST_STEP][PASSED] - takeScreenshot: Taking screenshot successfully

2018-10-08 18:02:16 - [MESSAGE][PASSED] - Taking screenshot successfully
[[ATTACHMENT|C:\\Users\\Owner\\Katalon Studio\\Logistics\\Reports\\CSO_ADMIN_PrintIMM\\Delivery Report\\20181008_180113\\1538992936344.png]]

2018-10-08 18:02:16 - [TEST_STEP][PASSED] - selectOptionByValue: All options with value 'JM' are selected in object 'Object Repository/Page_MyEG Services  DELIVERY REPORT/select_-- Please Select --'  using regular expression

2018-10-08 18:02:17 - [MESSAGE][PASSED] - All options with value 'JM' are selected in object 'Object Repository/Page_MyEG Services  DELIVERY REPORT/select_-- Please Select --'  using regular expression

2018-10-08 18:02:17 - [TEST_STEP][PASSED] - click: Object: 'Object Repository/Page_MyEG Services  DELIVERY REPORT/input' is clicked on

2018-10-08 18:02:17 - [MESSAGE][PASSED] - Object: 'Object Repository/Page_MyEG Services  DELIVERY REPORT/input' is clicked on

2018-10-08 18:02:17 - [TEST_STEP][PASSED] - takeScreenshot: Taking screenshot successfully

2018-10-08 18:02:17 - [MESSAGE][PASSED] - Taking screenshot successfully
[[ATTACHMENT|C:\\Users\\Owner\\Katalon Studio\\Logistics\\Reports\\CSO_ADMIN_PrintIMM\\Delivery Report\\20181008_180113\\1538992937522.png]]

2018-10-08 18:02:17 - [TEST_STEP][PASSED] - selectOptionByValue: All options with value 'IM' are selected in object 'Object Repository/Page_MyEG Services  DELIVERY REPORT/select_-- Please Select --'  using regular expression

2018-10-08 18:02:18 - [MESSAGE][PASSED] - All options with value 'IM' are selected in object 'Object Repository/Page_MyEG Services  DELIVERY REPORT/select_-- Please Select --'  using regular expression

2018-10-08 18:02:18 - [TEST_STEP][PASSED] - click: Object: 'Object Repository/Page_MyEG Services  DELIVERY REPORT/input' is clicked on

2018-10-08 18:02:18 - [MESSAGE][PASSED] - Object: 'Object Repository/Page_MyEG Services  DELIVERY REPORT/input' is clicked on

2018-10-08 18:02:18 - [TEST_STEP][PASSED] - takeScreenshot: Taking screenshot successfully

2018-10-08 18:02:19 - [MESSAGE][PASSED] - Taking screenshot successfully
[[ATTACHMENT|C:\\Users\\Owner\\Katalon Studio\\Logistics\\Reports\\CSO_ADMIN_PrintIMM\\Delivery Report\\20181008_180113\\1538992938643.png]]

2018-10-08 18:02:19 - [TEST_STEP][PASSED] - selectOptionByValue: All options with value 'MD' are selected in object 'Object Repository/Page_MyEG Services  DELIVERY REPORT/select_-- Please Select --'  using regular expression

2018-10-08 18:02:19 - [MESSAGE][PASSED] - All options with value 'MD' are selected in object 'Object Repository/Page_MyEG Services  DELIVERY REPORT/select_-- Please Select --'  using regular expression

2018-10-08 18:02:19 - [TEST_STEP][PASSED] - click: Object: 'Object Repository/Page_MyEG Services  DELIVERY REPORT/input' is clicked on

2018-10-08 18:02:19 - [MESSAGE][PASSED] - Object: 'Object Repository/Page_MyEG Services  DELIVERY REPORT/input' is clicked on

2018-10-08 18:02:19 - [TEST_STEP][PASSED] - takeScreenshot: Taking screenshot successfully

2018-10-08 18:02:20 - [MESSAGE][PASSED] - Taking screenshot successfully
[[ATTACHMENT|C:\\Users\\Owner\\Katalon Studio\\Logistics\\Reports\\CSO_ADMIN_PrintIMM\\Delivery Report\\20181008_180113\\1538992939713.png]]

2018-10-08 18:02:20 - [TEST_STEP][PASSED] - selectOptionByValue: All options with value 'FW' are selected in object 'Object Repository/Page_MyEG Services  DELIVERY REPORT/select_-- Please Select --'  using regular expression

2018-10-08 18:02:20 - [MESSAGE][PASSED] - All options with value 'FW' are selected in object 'Object Repository/Page_MyEG Services  DELIVERY REPORT/select_-- Please Select --'  using regular expression

2018-10-08 18:02:20 - [TEST_STEP][PASSED] - click: Object: 'Object Repository/Page_MyEG Services  DELIVERY REPORT/input' is clicked on

2018-10-08 18:02:20 - [MESSAGE][PASSED] - Object: 'Object Repository/Page_MyEG Services  DELIVERY REPORT/input' is clicked on

2018-10-08 18:02:20 - [TEST_STEP][PASSED] - takeScreenshot: Taking screenshot successfully

2018-10-08 18:02:21 - [MESSAGE][PASSED] - Taking screenshot successfully
[[ATTACHMENT|C:\\Users\\Owner\\Katalon Studio\\Logistics\\Reports\\CSO_ADMIN_PrintIMM\\Delivery Report\\20181008_180113\\1538992940874.png]]

2018-10-08 18:02:21 - [TEST_STEP][PASSED] - selectOptionByValue: All options with value 'CL' are selected in object 'Object Repository/Page_MyEG Services  DELIVERY REPORT/select_-- Please Select --'  using regular expression

2018-10-08 18:02:21 - [MESSAGE][PASSED] - All options with value 'CL' are selected in object 'Object Repository/Page_MyEG Services  DELIVERY REPORT/select_-- Please Select --'  using regular expression

2018-10-08 18:02:21 - [TEST_STEP][PASSED] - click: Object: 'Object Repository/Page_MyEG Services  DELIVERY REPORT/input' is clicked on

2018-10-08 18:02:22 - [MESSAGE][PASSED] - Object: 'Object Repository/Page_MyEG Services  DELIVERY REPORT/input' is clicked on

2018-10-08 18:02:22 - [TEST_STEP][PASSED] - takeScreenshot: Taking screenshot successfully

2018-10-08 18:02:22 - [MESSAGE][PASSED] - Taking screenshot successfully
[[ATTACHMENT|C:\\Users\\Owner\\Katalon Studio\\Logistics\\Reports\\CSO_ADMIN_PrintIMM\\Delivery Report\\20181008_180113\\1538992942044.png]]

2018-10-08 18:02:22 - [TEST_STEP][PASSED] - selectOptionByValue: All options with value '1M' are selected in object 'Object Repository/Page_MyEG Services  DELIVERY REPORT/select_-- Please Select --'  using regular expression

2018-10-08 18:02:22 - [MESSAGE][PASSED] - All options with value '1M' are selected in object 'Object Repository/Page_MyEG Services  DELIVERY REPORT/select_-- Please Select --'  using regular expression

2018-10-08 18:02:22 - [TEST_STEP][PASSED] - click: Object: 'Object Repository/Page_MyEG Services  DELIVERY REPORT/input' is clicked on

2018-10-08 18:02:23 - [MESSAGE][PASSED] - Object: 'Object Repository/Page_MyEG Services  DELIVERY REPORT/input' is clicked on

2018-10-08 18:02:23 - [TEST_STEP][PASSED] - takeScreenshot: Taking screenshot successfully

2018-10-08 18:02:23 - [MESSAGE][PASSED] - Taking screenshot successfully
[[ATTACHMENT|C:\\Users\\Owner\\Katalon Studio\\Logistics\\Reports\\CSO_ADMIN_PrintIMM\\Delivery Report\\20181008_180113\\1538992943152.png]]

2018-10-08 18:02:23 - [TEST_STEP][PASSED] - selectOptionByValue: All options with value 'SP' are selected in object 'Object Repository/Page_MyEG Services  DELIVERY REPORT/select_-- Please Select --'  using regular expression

2018-10-08 18:02:23 - [MESSAGE][PASSED] - All options with value 'SP' are selected in object 'Object Repository/Page_MyEG Services  DELIVERY REPORT/select_-- Please Select --'  using regular expression

2018-10-08 18:02:23 - [TEST_STEP][PASSED] - click: Object: 'Object Repository/Page_MyEG Services  DELIVERY REPORT/input' is clicked on

2018-10-08 18:02:24 - [MESSAGE][PASSED] - Object: 'Object Repository/Page_MyEG Services  DELIVERY REPORT/input' is clicked on

2018-10-08 18:02:24 - [TEST_STEP][PASSED] - takeScreenshot: Taking screenshot successfully

2018-10-08 18:02:24 - [MESSAGE][PASSED] - Taking screenshot successfully
[[ATTACHMENT|C:\\Users\\Owner\\Katalon Studio\\Logistics\\Reports\\CSO_ADMIN_PrintIMM\\Delivery Report\\20181008_180113\\1538992944348.png]]

2018-10-08 18:02:24 - [TEST_STEP][PASSED] - selectOptionByValue: All options with value 'PT' are selected in object 'Object Repository/Page_MyEG Services  DELIVERY REPORT/select_-- Please Select --'  using regular expression

2018-10-08 18:02:25 - [MESSAGE][PASSED] - All options with value 'PT' are selected in object 'Object Repository/Page_MyEG Services  DELIVERY REPORT/select_-- Please Select --'  using regular expression

2018-10-08 18:02:25 - [TEST_STEP][PASSED] - click: Object: 'Object Repository/Page_MyEG Services  DELIVERY REPORT/input' is clicked on

2018-10-08 18:02:25 - [MESSAGE][PASSED] - Object: 'Object Repository/Page_MyEG Services  DELIVERY REPORT/input' is clicked on

2018-10-08 18:02:25 - [TEST_STEP][PASSED] - takeScreenshot: Taking screenshot successfully

2018-10-08 18:02:25 - [MESSAGE][PASSED] - Taking screenshot successfully
[[ATTACHMENT|C:\\Users\\Owner\\Katalon Studio\\Logistics\\Reports\\CSO_ADMIN_PrintIMM\\Delivery Report\\20181008_180113\\1538992945504.png]]

2018-10-08 18:02:25 - [TEST_STEP][PASSED] - selectOptionByValue: All options with value 'PTD' are selected in object 'Object Repository/Page_MyEG Services  DELIVERY REPORT/select_-- Please Select --'  using regular expression

2018-10-08 18:02:26 - [MESSAGE][PASSED] - All options with value 'PTD' are selected in object 'Object Repository/Page_MyEG Services  DELIVERY REPORT/select_-- Please Select --'  using regular expression

2018-10-08 18:02:26 - [TEST_STEP][PASSED] - click: Object: 'Object Repository/Page_MyEG Services  DELIVERY REPORT/input' is clicked on

2018-10-08 18:02:26 - [MESSAGE][PASSED] - Object: 'Object Repository/Page_MyEG Services  DELIVERY REPORT/input' is clicked on

2018-10-08 18:02:26 - [TEST_STEP][PASSED] - takeScreenshot: Taking screenshot successfully

2018-10-08 18:02:27 - [MESSAGE][PASSED] - Taking screenshot successfully
[[ATTACHMENT|C:\\Users\\Owner\\Katalon Studio\\Logistics\\Reports\\CSO_ADMIN_PrintIMM\\Delivery Report\\20181008_180113\\1538992946741.png]]

2018-10-08 18:02:27 - [TEST_STEP][PASSED] - selectOptionByValue: All options with value 'LKS' are selected in object 'Object Repository/Page_MyEG Services  DELIVERY REPORT/select_-- Please Select --'  using regular expression

2018-10-08 18:02:27 - [MESSAGE][PASSED] - All options with value 'LKS' are selected in object 'Object Repository/Page_MyEG Services  DELIVERY REPORT/select_-- Please Select --'  using regular expression

2018-10-08 18:02:27 - [TEST_STEP][PASSED] - click: Object: 'Object Repository/Page_MyEG Services  DELIVERY REPORT/input' is clicked on

2018-10-08 18:02:27 - [MESSAGE][PASSED] - Object: 'Object Repository/Page_MyEG Services  DELIVERY REPORT/input' is clicked on

2018-10-08 18:02:27 - [TEST_STEP][PASSED] - takeScreenshot: Taking screenshot successfully

2018-10-08 18:02:28 - [MESSAGE][PASSED] - Taking screenshot successfully
[[ATTACHMENT|C:\\Users\\Owner\\Katalon Studio\\Logistics\\Reports\\CSO_ADMIN_PrintIMM\\Delivery Report\\20181008_180113\\1538992947945.png]]

2018-10-08 18:02:28 - [TEST_STEP][PASSED] - selectOptionByValue: All options with value 'JPJ1M' are selected in object 'Object Repository/Page_MyEG Services  DELIVERY REPORT/select_-- Please Select --'  using regular expression

2018-10-08 18:02:28 - [MESSAGE][PASSED] - All options with value 'JPJ1M' are selected in object 'Object Repository/Page_MyEG Services  DELIVERY REPORT/select_-- Please Select --'  using regular expression

2018-10-08 18:02:28 - [TEST_STEP][PASSED] - click: Object: 'Object Repository/Page_MyEG Services  DELIVERY REPORT/input' is clicked on

2018-10-08 18:02:29 - [MESSAGE][PASSED] - Object: 'Object Repository/Page_MyEG Services  DELIVERY REPORT/input' is clicked on

2018-10-08 18:02:29 - [TEST_STEP][PASSED] - takeScreenshot: Taking screenshot successfully

2018-10-08 18:02:29 - [MESSAGE][PASSED] - Taking screenshot successfully
[[ATTACHMENT|C:\\Users\\Owner\\Katalon Studio\\Logistics\\Reports\\CSO_ADMIN_PrintIMM\\Delivery Report\\20181008_180113\\1538992949189.png]]

2018-10-08 18:02:29 - [TEST_STEP][PASSED] - selectOptionByValue: All options with value 'IMI1M' are selected in object 'Object Repository/Page_MyEG Services  DELIVERY REPORT/select_-- Please Select --'  using regular expression

2018-10-08 18:02:29 - [MESSAGE][PASSED] - All options with value 'IMI1M' are selected in object 'Object Repository/Page_MyEG Services  DELIVERY REPORT/select_-- Please Select --'  using regular expression

2018-10-08 18:02:29 - [TEST_STEP][PASSED] - click: Object: 'Object Repository/Page_MyEG Services  DELIVERY REPORT/input' is clicked on

2018-10-08 18:02:30 - [MESSAGE][PASSED] - Object: 'Object Repository/Page_MyEG Services  DELIVERY REPORT/input' is clicked on

2018-10-08 18:02:30 - [TEST_STEP][PASSED] - takeScreenshot: Taking screenshot successfully

2018-10-08 18:02:30 - [MESSAGE][PASSED] - Taking screenshot successfully
[[ATTACHMENT|C:\\Users\\Owner\\Katalon Studio\\Logistics\\Reports\\CSO_ADMIN_PrintIMM\\Delivery Report\\20181008_180113\\1538992950385.png]]

2018-10-08 18:02:30 - [TEST_STEP][PASSED] - selectOptionByValue: All options with value 'ET' are selected in object 'Object Repository/Page_MyEG Services  DELIVERY REPORT/select_-- Please Select --'  using regular expression

2018-10-08 18:02:31 - [MESSAGE][PASSED] - All options with value 'ET' are selected in object 'Object Repository/Page_MyEG Services  DELIVERY REPORT/select_-- Please Select --'  using regular expression

2018-10-08 18:02:31 - [TEST_STEP][PASSED] - click: Object: 'Object Repository/Page_MyEG Services  DELIVERY REPORT/input' is clicked on

2018-10-08 18:02:31 - [MESSAGE][PASSED] - Object: 'Object Repository/Page_MyEG Services  DELIVERY REPORT/input' is clicked on

2018-10-08 18:02:31 - [TEST_STEP][PASSED] - takeScreenshot: Taking screenshot successfully

2018-10-08 18:02:32 - [MESSAGE][PASSED] - Taking screenshot successfully
[[ATTACHMENT|C:\\Users\\Owner\\Katalon Studio\\Logistics\\Reports\\CSO_ADMIN_PrintIMM\\Delivery Report\\20181008_180113\\1538992951640.png]]

2018-10-08 18:02:32 - [TEST_STEP][PASSED] - click: Object: 'Object Repository/Page_MyEG Services  DELIVERY REPORT/a_Logout' is clicked on

2018-10-08 18:02:32 - [MESSAGE][PASSED] - Object: 'Object Repository/Page_MyEG Services  DELIVERY REPORT/a_Logout' is clicked on

2018-10-08 18:02:32 - [TEST_STEP][PASSED] - closeBrowser: Browser is closed

2018-10-08 18:02:33 - [MESSAGE][PASSED] - Browser is closed]]></system-out>
         <system-err><![CDATA[]]></system-err>
      </testcase>
      <system-out><![CDATA[2018-10-08 18:01:15 - [TEST_SUITE][PASSED] - Delivery Report: Test Cases/Logistics/Roles/CSOADMIN_PrintIMM/Delivery Report]]></system-out>
      <system-err><![CDATA[]]></system-err>
   </testsuite>
</testsuites>
