<?xml version="1.0" encoding="UTF-8"?>
<testsuites name="Verify Record" time="14" tests="1" failures="0" errors="0">
   <testsuite name="Verify Record" tests="1" failures="0" errors="0" time="14" timestamp="2018-10-03 15:46:11" hostname="Owner - L13-IT-KISHORE.myeg.local" id="Test Suites/CSO/Verify Record">
      <properties>
         <property name="deviceName" value=""/>
         <property name="devicePlatform" value=""/>
         <property name="logFolder" value="C:\\Users\\Owner\\Katalon Studio\\Logistics\\Reports\\CSO\\Verify Record\\20181003_154608"/>
         <property name="logFiles" value="C:\\Users\\Owner\\Katalon Studio\\Logistics\\Reports\\CSO\\Verify Record\\20181003_154608\\execution0.log"/>
         <property name="attachments" value="C:\\Users\\Owner\\Katalon Studio\\Logistics\\Reports\\CSO\\Verify Record\\20181003_154608\\1538552783067.png, C:\\Users\\Owner\\Katalon Studio\\Logistics\\Reports\\CSO\\Verify Record\\20181003_154608\\1538552783862.png"/>
         <property name="hostName" value="Owner - L13-IT-KISHORE.myeg.local"/>
         <property name="os" value="Windows 10 64bit"/>
         <property name="katalonVersion" value="5.6.1.1"/>
         <property name="browser" value="Chrome 69.0.3497.100"/>
         <property name="hostAddress" value="192.168.8.168"/>
         <property name="sessionId" value="788f2d9feae6674272435a1905eca799"/>
         <property name="seleniumVersion" value="3.7.1"/>
         <property name="proxyInformation" value="ProxyInformation{proxyOption=NO_PROXY, proxyServerType=HTTP, password=, proxyServerAddress=, proxyServerPort=0}"/>
         <property name="platform" value="Windows 10"/>
      </properties>
      <testcase name="Test Cases/Logistics/Roles/CSO/Verify Record" classname="Test Cases/Logistics/Roles/CSO/Verify Record" status="PASSED">
         <system-out><![CDATA[2018-10-03 15:46:11 - [TEST_CASE][PASSED] - Test Cases/Logistics/Roles/CSO/Verify Record: Test Cases/Logistics/Roles/CSO/Verify Record

2018-10-03 15:46:11 - [TEST_STEP][PASSED] - openBrowser: Browser is opened with url: ''

2018-10-03 15:46:15 - [MESSAGE][PASSED] - Browser is opened with url: ''

2018-10-03 15:46:15 - [TEST_STEP][PASSED] - navigateToUrl: Navigate to 'http://uat4.myeg.com.my/logistic/login/' successfully

2018-10-03 15:46:17 - [MESSAGE][PASSED] - Navigate to 'http://uat4.myeg.com.my/logistic/login/' successfully

2018-10-03 15:46:17 - [TEST_STEP][PASSED] - maximizeWindow: Current window maximized

2018-10-03 15:46:18 - [MESSAGE][PASSED] - Current window maximized

2018-10-03 15:46:18 - [TEST_STEP][PASSED] - setText: Text 'KISH2008' is set on object 'Object Repository/Page_MyEG Services  Logistic Report/input_j_username'

2018-10-03 15:46:18 - [MESSAGE][PASSED] - Text 'KISH2008' is set on object 'Object Repository/Page_MyEG Services  Logistic Report/input_j_username'

2018-10-03 15:46:18 - [TEST_STEP][PASSED] - setEncryptedText: Text ****** has been set on object 'Object Repository/Page_MyEG Services  Logistic Report/input_j_password'

2018-10-03 15:46:18 - [MESSAGE][PASSED] - Text ****** has been set on object 'Object Repository/Page_MyEG Services  Logistic Report/input_j_password'

2018-10-03 15:46:18 - [TEST_STEP][PASSED] - click: Object: 'Object Repository/Page_MyEG Services  Logistic Report/input_submit' is clicked on

2018-10-03 15:46:19 - [MESSAGE][PASSED] - Object: 'Object Repository/Page_MyEG Services  Logistic Report/input_submit' is clicked on

2018-10-03 15:46:19 - [TEST_STEP][PASSED] - click: Object: 'Object Repository/Page_MyEG Services  List of Tickets/a_Verify Record' is clicked on

2018-10-03 15:46:20 - [MESSAGE][PASSED] - Object: 'Object Repository/Page_MyEG Services  List of Tickets/a_Verify Record' is clicked on

2018-10-03 15:46:20 - [TEST_STEP][PASSED] - setText: Text 'adfSDF' is set on object 'Object Repository/Page_MyEG Services  Verify Records/input_docId'

2018-10-03 15:46:20 - [MESSAGE][PASSED] - Text 'adfSDF' is set on object 'Object Repository/Page_MyEG Services  Verify Records/input_docId'

2018-10-03 15:46:20 - [TEST_STEP][PASSED] - setText: Text 'ssgfsgfsrrg' is set on object 'Object Repository/Page_MyEG Services  Verify Records/input_plateNum'

2018-10-03 15:46:20 - [MESSAGE][PASSED] - Text 'ssgfsgfsrrg' is set on object 'Object Repository/Page_MyEG Services  Verify Records/input_plateNum'

2018-10-03 15:46:20 - [TEST_STEP][PASSED] - setText: Text 'asrgargarg' is set on object 'Object Repository/Page_MyEG Services  Verify Records/input_hpNo'

2018-10-03 15:46:20 - [MESSAGE][PASSED] - Text 'asrgargarg' is set on object 'Object Repository/Page_MyEG Services  Verify Records/input_hpNo'

2018-10-03 15:46:20 - [TEST_STEP][PASSED] - selectOptionByValue: All options with value 'LK' are selected in object 'Object Repository/Page_MyEG Services  Verify Records/select_- Select Service -'  using regular expression

2018-10-03 15:46:21 - [MESSAGE][PASSED] - All options with value 'LK' are selected in object 'Object Repository/Page_MyEG Services  Verify Records/select_- Select Service -'  using regular expression

2018-10-03 15:46:21 - [TEST_STEP][PASSED] - setText: Text 'efSGSRGSDDV' is set on object 'Object Repository/Page_MyEG Services  Verify Records/input_email'

2018-10-03 15:46:21 - [MESSAGE][PASSED] - Text 'efSGSRGSDDV' is set on object 'Object Repository/Page_MyEG Services  Verify Records/input_email'

2018-10-03 15:46:21 - [TEST_STEP][PASSED] - setText: Text '01-Sep-2018' is set on object 'Object Repository/Page_MyEG Services  Verify Records/input_dojo.fromdt'

2018-10-03 15:46:21 - [MESSAGE][PASSED] - Text '01-Sep-2018' is set on object 'Object Repository/Page_MyEG Services  Verify Records/input_dojo.fromdt'

2018-10-03 15:46:21 - [TEST_STEP][PASSED] - setText: Text '30-Sep-2018' is set on object 'Object Repository/Page_MyEG Services  Verify Records/input_dojo.todt'

2018-10-03 15:46:21 - [MESSAGE][PASSED] - Text '30-Sep-2018' is set on object 'Object Repository/Page_MyEG Services  Verify Records/input_dojo.todt'

2018-10-03 15:46:21 - [TEST_STEP][PASSED] - selectOptionByValue: All options with value 'manual' are selected in object 'Object Repository/Page_MyEG Services  Verify Records/select_- Select mode -     Man'  using regular expression

2018-10-03 15:46:22 - [MESSAGE][PASSED] - All options with value 'manual' are selected in object 'Object Repository/Page_MyEG Services  Verify Records/select_- Select mode -     Man'  using regular expression

2018-10-03 15:46:22 - [TEST_STEP][PASSED] - setText: Text 'QEFEFe' is set on object 'Object Repository/Page_MyEG Services  Verify Records/input_errorDescr'

2018-10-03 15:46:22 - [MESSAGE][PASSED] - Text 'QEFEFe' is set on object 'Object Repository/Page_MyEG Services  Verify Records/input_errorDescr'

2018-10-03 15:46:22 - [TEST_STEP][PASSED] - setText: Text 'effASEF' is set on object 'Object Repository/Page_MyEG Services  Verify Records/input_hardwareId'

2018-10-03 15:46:22 - [MESSAGE][PASSED] - Text 'effASEF' is set on object 'Object Repository/Page_MyEG Services  Verify Records/input_hardwareId'

2018-10-03 15:46:22 - [TEST_STEP][PASSED] - setText: Text 'afAEF' is set on object 'Object Repository/Page_MyEG Services  Verify Records/input_picName'

2018-10-03 15:46:22 - [MESSAGE][PASSED] - Text 'afAEF' is set on object 'Object Repository/Page_MyEG Services  Verify Records/input_picName'

2018-10-03 15:46:22 - [TEST_STEP][PASSED] - click: Object: 'Object Repository/Page_MyEG Services  Verify Records/input' is clicked on

2018-10-03 15:46:23 - [MESSAGE][PASSED] - Object: 'Object Repository/Page_MyEG Services  Verify Records/input' is clicked on

2018-10-03 15:46:23 - [TEST_STEP][PASSED] - takeScreenshot: Taking screenshot successfully

2018-10-03 15:46:23 - [MESSAGE][PASSED] - Taking screenshot successfully
[[ATTACHMENT|C:\\Users\\Owner\\Katalon Studio\\Logistics\\Reports\\CSO\\Verify Record\\20181003_154608\\1538552783067.png]]

2018-10-03 15:46:23 - [TEST_STEP][PASSED] - click: Object: 'Object Repository/Page_MyEG Services  Verify Records/a_reset' is clicked on

2018-10-03 15:46:23 - [MESSAGE][PASSED] - Object: 'Object Repository/Page_MyEG Services  Verify Records/a_reset' is clicked on

2018-10-03 15:46:23 - [TEST_STEP][PASSED] - takeScreenshot: Taking screenshot successfully

2018-10-03 15:46:24 - [MESSAGE][PASSED] - Taking screenshot successfully
[[ATTACHMENT|C:\\Users\\Owner\\Katalon Studio\\Logistics\\Reports\\CSO\\Verify Record\\20181003_154608\\1538552783862.png]]

2018-10-03 15:46:24 - [TEST_STEP][PASSED] - closeBrowser: Browser is closed

2018-10-03 15:46:25 - [MESSAGE][PASSED] - Browser is closed]]></system-out>
         <system-err><![CDATA[]]></system-err>
      </testcase>
      <system-out><![CDATA[2018-10-03 15:46:11 - [TEST_SUITE][PASSED] - Verify Record: Test Cases/Logistics/Roles/CSO/Verify Record]]></system-out>
      <system-err><![CDATA[]]></system-err>
   </testsuite>
</testsuites>
