<?xml version="1.0" encoding="UTF-8"?>
<testsuites name="Performance Report" time="164" tests="1" failures="0" errors="0">
   <testsuite name="Performance Report" tests="1" failures="0" errors="0" time="164" timestamp="2018-10-08 17:43:56" hostname="Owner - L13-IT-KISHORE.myeg.local" id="Test Suites/CSO/Performance Report">
      <properties>
         <property name="deviceName" value=""/>
         <property name="devicePlatform" value=""/>
         <property name="logFolder" value="C:\\Users\\Owner\\Katalon Studio\\Logistics\\Reports\\CSO\\Performance Report\\20181008_174354"/>
         <property name="logFiles" value="C:\\Users\\Owner\\Katalon Studio\\Logistics\\Reports\\CSO\\Performance Report\\20181008_174354\\execution0.log"/>
         <property name="attachments" value="C:\\Users\\Owner\\Katalon Studio\\Logistics\\Reports\\CSO\\Performance Report\\20181008_174354\\1538991845355.png, C:\\Users\\Owner\\Katalon Studio\\Logistics\\Reports\\CSO\\Performance Report\\20181008_174354\\1538991846403.png, C:\\Users\\Owner\\Katalon Studio\\Logistics\\Reports\\CSO\\Performance Report\\20181008_174354\\1538991847422.png, C:\\Users\\Owner\\Katalon Studio\\Logistics\\Reports\\CSO\\Performance Report\\20181008_174354\\1538991849052.png, C:\\Users\\Owner\\Katalon Studio\\Logistics\\Reports\\CSO\\Performance Report\\20181008_174354\\1538991849759.png, C:\\Users\\Owner\\Katalon Studio\\Logistics\\Reports\\CSO\\Performance Report\\20181008_174354\\1538991850965.png, C:\\Users\\Owner\\Katalon Studio\\Logistics\\Reports\\CSO\\Performance Report\\20181008_174354\\1538991851486.png, C:\\Users\\Owner\\Katalon Studio\\Logistics\\Reports\\CSO\\Performance Report\\20181008_174354\\1538991857964.png, C:\\Users\\Owner\\Katalon Studio\\Logistics\\Reports\\CSO\\Performance Report\\20181008_174354\\1538991862870.png, C:\\Users\\Owner\\Katalon Studio\\Logistics\\Reports\\CSO\\Performance Report\\20181008_174354\\1538991868511.png, C:\\Users\\Owner\\Katalon Studio\\Logistics\\Reports\\CSO\\Performance Report\\20181008_174354\\1538991873433.png, C:\\Users\\Owner\\Katalon Studio\\Logistics\\Reports\\CSO\\Performance Report\\20181008_174354\\1538991878869.png, C:\\Users\\Owner\\Katalon Studio\\Logistics\\Reports\\CSO\\Performance Report\\20181008_174354\\1538991883718.png, C:\\Users\\Owner\\Katalon Studio\\Logistics\\Reports\\CSO\\Performance Report\\20181008_174354\\1538991888683.png, C:\\Users\\Owner\\Katalon Studio\\Logistics\\Reports\\CSO\\Performance Report\\20181008_174354\\1538991893593.png, C:\\Users\\Owner\\Katalon Studio\\Logistics\\Reports\\CSO\\Performance Report\\20181008_174354\\1538991899351.png, C:\\Users\\Owner\\Katalon Studio\\Logistics\\Reports\\CSO\\Performance Report\\20181008_174354\\1538991904392.png, C:\\Users\\Owner\\Katalon Studio\\Logistics\\Reports\\CSO\\Performance Report\\20181008_174354\\1538991909540.png, C:\\Users\\Owner\\Katalon Studio\\Logistics\\Reports\\CSO\\Performance Report\\20181008_174354\\1538991914694.png, C:\\Users\\Owner\\Katalon Studio\\Logistics\\Reports\\CSO\\Performance Report\\20181008_174354\\1538991919660.png, C:\\Users\\Owner\\Katalon Studio\\Logistics\\Reports\\CSO\\Performance Report\\20181008_174354\\1538991924609.png, C:\\Users\\Owner\\Katalon Studio\\Logistics\\Reports\\CSO\\Performance Report\\20181008_174354\\1538991953086.png, C:\\Users\\Owner\\Katalon Studio\\Logistics\\Reports\\CSO\\Performance Report\\20181008_174354\\1538991953645.png, C:\\Users\\Owner\\Katalon Studio\\Logistics\\Reports\\CSO\\Performance Report\\20181008_174354\\1538991980980.png, C:\\Users\\Owner\\Katalon Studio\\Logistics\\Reports\\CSO\\Performance Report\\20181008_174354\\1538991982400.png, C:\\Users\\Owner\\Katalon Studio\\Logistics\\Reports\\CSO\\Performance Report\\20181008_174354\\1538991983876.png, C:\\Users\\Owner\\Katalon Studio\\Logistics\\Reports\\CSO\\Performance Report\\20181008_174354\\1538991985343.png, C:\\Users\\Owner\\Katalon Studio\\Logistics\\Reports\\CSO\\Performance Report\\20181008_174354\\1538991986767.png, C:\\Users\\Owner\\Katalon Studio\\Logistics\\Reports\\CSO\\Performance Report\\20181008_174354\\1538991988165.png, C:\\Users\\Owner\\Katalon Studio\\Logistics\\Reports\\CSO\\Performance Report\\20181008_174354\\1538991989654.png, C:\\Users\\Owner\\Katalon Studio\\Logistics\\Reports\\CSO\\Performance Report\\20181008_174354\\1538991991105.png, C:\\Users\\Owner\\Katalon Studio\\Logistics\\Reports\\CSO\\Performance Report\\20181008_174354\\1538991992535.png, C:\\Users\\Owner\\Katalon Studio\\Logistics\\Reports\\CSO\\Performance Report\\20181008_174354\\1538991994110.png, C:\\Users\\Owner\\Katalon Studio\\Logistics\\Reports\\CSO\\Performance Report\\20181008_174354\\1538991995634.png, C:\\Users\\Owner\\Katalon Studio\\Logistics\\Reports\\CSO\\Performance Report\\20181008_174354\\1538991997159.png, C:\\Users\\Owner\\Katalon Studio\\Logistics\\Reports\\CSO\\Performance Report\\20181008_174354\\1538991998633.png, C:\\Users\\Owner\\Katalon Studio\\Logistics\\Reports\\CSO\\Performance Report\\20181008_174354\\1538992000142.png"/>
         <property name="hostName" value="Owner - L13-IT-KISHORE.myeg.local"/>
         <property name="os" value="Windows 10 64bit"/>
         <property name="katalonVersion" value="5.6.1.1"/>
         <property name="browser" value="Chrome 69.0.3497.100"/>
         <property name="hostAddress" value="192.168.8.168"/>
         <property name="sessionId" value="944ac556c083730cd29c6845bf610638"/>
         <property name="seleniumVersion" value="3.7.1"/>
         <property name="proxyInformation" value="ProxyInformation{proxyOption=NO_PROXY, proxyServerType=HTTP, password=, proxyServerAddress=, proxyServerPort=0}"/>
         <property name="platform" value="Windows 10"/>
      </properties>
      <testcase name="Test Cases/Logistics/Roles/CSO/Performance Report" classname="Test Cases/Logistics/Roles/CSO/Performance Report" status="PASSED">
         <system-out><![CDATA[2018-10-08 17:43:57 - [TEST_CASE][PASSED] - Test Cases/Logistics/Roles/CSO/Performance Report: Test Cases/Logistics/Roles/CSO/Performance Report

2018-10-08 17:43:57 - [TEST_STEP][PASSED] - openBrowser: Browser is opened with url: ''

2018-10-08 17:44:02 - [MESSAGE][PASSED] - Browser is opened with url: ''

2018-10-08 17:44:02 - [TEST_STEP][PASSED] - maximizeWindow: Current window maximized

2018-10-08 17:44:03 - [MESSAGE][PASSED] - Current window maximized

2018-10-08 17:44:03 - [TEST_STEP][PASSED] - navigateToUrl: Navigate to 'http://uat4.myeg.com.my/logistic/login/' successfully

2018-10-08 17:44:04 - [MESSAGE][PASSED] - Navigate to 'http://uat4.myeg.com.my/logistic/login/' successfully

2018-10-08 17:44:04 - [TEST_STEP][PASSED] - setText: Text 'KISH2008' is set on object 'Object Repository/Page_MyEG Services  Logistic Report/input_j_username'

2018-10-08 17:44:04 - [MESSAGE][PASSED] - Text 'KISH2008' is set on object 'Object Repository/Page_MyEG Services  Logistic Report/input_j_username'

2018-10-08 17:44:04 - [TEST_STEP][PASSED] - click: Object: 'Object Repository/Page_MyEG Services  Logistic Report/input_submit' is clicked on

2018-10-08 17:44:05 - [MESSAGE][PASSED] - Object: 'Object Repository/Page_MyEG Services  Logistic Report/input_submit' is clicked on

2018-10-08 17:44:05 - [TEST_STEP][PASSED] - takeScreenshot: Taking screenshot successfully

2018-10-08 17:44:05 - [MESSAGE][PASSED] - Taking screenshot successfully
[[ATTACHMENT|C:\\Users\\Owner\\Katalon Studio\\Logistics\\Reports\\CSO\\Performance Report\\20181008_174354\\1538991845355.png]]

2018-10-08 17:44:05 - [TEST_STEP][PASSED] - setEncryptedText: Text ****** has been set on object 'Object Repository/Page_MyEG Services  Logistic Report/input_j_password'

2018-10-08 17:44:06 - [MESSAGE][PASSED] - Text ****** has been set on object 'Object Repository/Page_MyEG Services  Logistic Report/input_j_password'

2018-10-08 17:44:06 - [TEST_STEP][PASSED] - click: Object: 'Object Repository/Page_MyEG Services  Logistic Report/input_submit' is clicked on

2018-10-08 17:44:06 - [MESSAGE][PASSED] - Object: 'Object Repository/Page_MyEG Services  Logistic Report/input_submit' is clicked on

2018-10-08 17:44:06 - [TEST_STEP][PASSED] - takeScreenshot: Taking screenshot successfully

2018-10-08 17:44:06 - [MESSAGE][PASSED] - Taking screenshot successfully
[[ATTACHMENT|C:\\Users\\Owner\\Katalon Studio\\Logistics\\Reports\\CSO\\Performance Report\\20181008_174354\\1538991846403.png]]

2018-10-08 17:44:06 - [TEST_STEP][PASSED] - setText: Text 'KISH2009' is set on object 'Object Repository/Page_MyEG Services  Logistic Report/input_j_username'

2018-10-08 17:44:06 - [MESSAGE][PASSED] - Text 'KISH2009' is set on object 'Object Repository/Page_MyEG Services  Logistic Report/input_j_username'

2018-10-08 17:44:06 - [TEST_STEP][PASSED] - setEncryptedText: Text ****** has been set on object 'Object Repository/Page_MyEG Services  Logistic Report/input_j_password'

2018-10-08 17:44:07 - [MESSAGE][PASSED] - Text ****** has been set on object 'Object Repository/Page_MyEG Services  Logistic Report/input_j_password'

2018-10-08 17:44:07 - [TEST_STEP][PASSED] - click: Object: 'Object Repository/Page_MyEG Services  Logistic Report/input_submit' is clicked on

2018-10-08 17:44:07 - [MESSAGE][PASSED] - Object: 'Object Repository/Page_MyEG Services  Logistic Report/input_submit' is clicked on

2018-10-08 17:44:07 - [TEST_STEP][PASSED] - takeScreenshot: Taking screenshot successfully

2018-10-08 17:44:07 - [MESSAGE][PASSED] - Taking screenshot successfully
[[ATTACHMENT|C:\\Users\\Owner\\Katalon Studio\\Logistics\\Reports\\CSO\\Performance Report\\20181008_174354\\1538991847422.png]]

2018-10-08 17:44:07 - [TEST_STEP][PASSED] - setText: Text 'KISH2008' is set on object 'Object Repository/Page_MyEG Services  Logistic Report/input_j_username'

2018-10-08 17:44:07 - [MESSAGE][PASSED] - Text 'KISH2008' is set on object 'Object Repository/Page_MyEG Services  Logistic Report/input_j_username'

2018-10-08 17:44:07 - [TEST_STEP][PASSED] - setEncryptedText: Text ****** has been set on object 'Object Repository/Page_MyEG Services  Logistic Report/input_j_password'

2018-10-08 17:44:08 - [MESSAGE][PASSED] - Text ****** has been set on object 'Object Repository/Page_MyEG Services  Logistic Report/input_j_password'

2018-10-08 17:44:08 - [TEST_STEP][PASSED] - click: Object: 'Object Repository/Page_MyEG Services  Logistic Report/input_submit' is clicked on

2018-10-08 17:44:09 - [MESSAGE][PASSED] - Object: 'Object Repository/Page_MyEG Services  Logistic Report/input_submit' is clicked on

2018-10-08 17:44:09 - [TEST_STEP][PASSED] - takeScreenshot: Taking screenshot successfully

2018-10-08 17:44:09 - [MESSAGE][PASSED] - Taking screenshot successfully
[[ATTACHMENT|C:\\Users\\Owner\\Katalon Studio\\Logistics\\Reports\\CSO\\Performance Report\\20181008_174354\\1538991849052.png]]

2018-10-08 17:44:09 - [TEST_STEP][PASSED] - click: Object: 'Object Repository/Page_MyEG Services  List of Tickets/a_Performance Report' is clicked on

2018-10-08 17:44:09 - [MESSAGE][PASSED] - Object: 'Object Repository/Page_MyEG Services  List of Tickets/a_Performance Report' is clicked on

2018-10-08 17:44:09 - [TEST_STEP][PASSED] - takeScreenshot: Taking screenshot successfully

2018-10-08 17:44:10 - [MESSAGE][PASSED] - Taking screenshot successfully
[[ATTACHMENT|C:\\Users\\Owner\\Katalon Studio\\Logistics\\Reports\\CSO\\Performance Report\\20181008_174354\\1538991849759.png]]

2018-10-08 17:44:10 - [TEST_STEP][PASSED] - click: Object: 'Object Repository/Page_MyEG Services  PERFORMANCE REP/a_LO Performance By Date' is clicked on

2018-10-08 17:44:10 - [MESSAGE][PASSED] - Object: 'Object Repository/Page_MyEG Services  PERFORMANCE REP/a_LO Performance By Date' is clicked on

2018-10-08 17:44:10 - [TEST_STEP][PASSED] - setText: Text '01-Jan-2018' is set on object 'Object Repository/Page_MyEG Services  PERFORMANCE REP/input_dojo.from'

2018-10-08 17:44:10 - [MESSAGE][PASSED] - Text '01-Jan-2018' is set on object 'Object Repository/Page_MyEG Services  PERFORMANCE REP/input_dojo.from'

2018-10-08 17:44:10 - [TEST_STEP][PASSED] - setText: Text '30-Sep-2018' is set on object 'Object Repository/Page_MyEG Services  PERFORMANCE REP/input_dojo.to'

2018-10-08 17:44:10 - [MESSAGE][PASSED] - Text '30-Sep-2018' is set on object 'Object Repository/Page_MyEG Services  PERFORMANCE REP/input_dojo.to'

2018-10-08 17:44:10 - [TEST_STEP][PASSED] - click: Object: 'Object Repository/Page_MyEG Services  PERFORMANCE REP/a_reset' is clicked on

2018-10-08 17:44:10 - [MESSAGE][PASSED] - Object: 'Object Repository/Page_MyEG Services  PERFORMANCE REP/a_reset' is clicked on

2018-10-08 17:44:10 - [TEST_STEP][PASSED] - takeScreenshot: Taking screenshot successfully

2018-10-08 17:44:11 - [MESSAGE][PASSED] - Taking screenshot successfully
[[ATTACHMENT|C:\\Users\\Owner\\Katalon Studio\\Logistics\\Reports\\CSO\\Performance Report\\20181008_174354\\1538991850965.png]]

2018-10-08 17:44:11 - [TEST_STEP][PASSED] - click: Object: 'Object Repository/Page_MyEG Services  PERFORMANCE REP/input' is clicked on

2018-10-08 17:44:11 - [MESSAGE][PASSED] - Object: 'Object Repository/Page_MyEG Services  PERFORMANCE REP/input' is clicked on

2018-10-08 17:44:11 - [TEST_STEP][PASSED] - takeScreenshot: Taking screenshot successfully

2018-10-08 17:44:11 - [MESSAGE][PASSED] - Taking screenshot successfully
[[ATTACHMENT|C:\\Users\\Owner\\Katalon Studio\\Logistics\\Reports\\CSO\\Performance Report\\20181008_174354\\1538991851486.png]]

2018-10-08 17:44:11 - [TEST_STEP][PASSED] - setText: Text '01-Jan-2018' is set on object 'Object Repository/Page_MyEG Services  PERFORMANCE REP/input_dojo.from'

2018-10-08 17:44:11 - [MESSAGE][PASSED] - Text '01-Jan-2018' is set on object 'Object Repository/Page_MyEG Services  PERFORMANCE REP/input_dojo.from'

2018-10-08 17:44:11 - [TEST_STEP][PASSED] - setText: Text '30-Sep-2018' is set on object 'Object Repository/Page_MyEG Services  PERFORMANCE REP/input_dojo.to'

2018-10-08 17:44:12 - [MESSAGE][PASSED] - Text '30-Sep-2018' is set on object 'Object Repository/Page_MyEG Services  PERFORMANCE REP/input_dojo.to'

2018-10-08 17:44:12 - [TEST_STEP][PASSED] - selectOptionByValue: All options with value 'LK' are selected in object 'Object Repository/Page_MyEG Services  PERFORMANCE REP/select_-- Please Select --'  using regular expression

2018-10-08 17:44:12 - [MESSAGE][PASSED] - All options with value 'LK' are selected in object 'Object Repository/Page_MyEG Services  PERFORMANCE REP/select_-- Please Select --'  using regular expression

2018-10-08 17:44:12 - [TEST_STEP][PASSED] - click: Object: 'Object Repository/Page_MyEG Services  PERFORMANCE REP/input' is clicked on

2018-10-08 17:44:17 - [MESSAGE][PASSED] - Object: 'Object Repository/Page_MyEG Services  PERFORMANCE REP/input' is clicked on

2018-10-08 17:44:17 - [TEST_STEP][PASSED] - takeScreenshot: Taking screenshot successfully

2018-10-08 17:44:18 - [MESSAGE][PASSED] - Taking screenshot successfully
[[ATTACHMENT|C:\\Users\\Owner\\Katalon Studio\\Logistics\\Reports\\CSO\\Performance Report\\20181008_174354\\1538991857964.png]]

2018-10-08 17:44:18 - [TEST_STEP][PASSED] - selectOptionByValue: All options with value 'JM' are selected in object 'Object Repository/Page_MyEG Services  PERFORMANCE REP/select_-- Please Select --'  using regular expression

2018-10-08 17:44:18 - [MESSAGE][PASSED] - All options with value 'JM' are selected in object 'Object Repository/Page_MyEG Services  PERFORMANCE REP/select_-- Please Select --'  using regular expression

2018-10-08 17:44:18 - [TEST_STEP][PASSED] - click: Object: 'Object Repository/Page_MyEG Services  PERFORMANCE REP/input' is clicked on

2018-10-08 17:44:22 - [MESSAGE][PASSED] - Object: 'Object Repository/Page_MyEG Services  PERFORMANCE REP/input' is clicked on

2018-10-08 17:44:22 - [TEST_STEP][PASSED] - takeScreenshot: Taking screenshot successfully

2018-10-08 17:44:23 - [MESSAGE][PASSED] - Taking screenshot successfully
[[ATTACHMENT|C:\\Users\\Owner\\Katalon Studio\\Logistics\\Reports\\CSO\\Performance Report\\20181008_174354\\1538991862870.png]]

2018-10-08 17:44:23 - [TEST_STEP][PASSED] - selectOptionByValue: All options with value 'IM' are selected in object 'Object Repository/Page_MyEG Services  PERFORMANCE REP/select_-- Please Select --'  using regular expression

2018-10-08 17:44:23 - [MESSAGE][PASSED] - All options with value 'IM' are selected in object 'Object Repository/Page_MyEG Services  PERFORMANCE REP/select_-- Please Select --'  using regular expression

2018-10-08 17:44:23 - [TEST_STEP][PASSED] - click: Object: 'Object Repository/Page_MyEG Services  PERFORMANCE REP/input' is clicked on

2018-10-08 17:44:28 - [MESSAGE][PASSED] - Object: 'Object Repository/Page_MyEG Services  PERFORMANCE REP/input' is clicked on

2018-10-08 17:44:28 - [TEST_STEP][PASSED] - takeScreenshot: Taking screenshot successfully

2018-10-08 17:44:28 - [MESSAGE][PASSED] - Taking screenshot successfully
[[ATTACHMENT|C:\\Users\\Owner\\Katalon Studio\\Logistics\\Reports\\CSO\\Performance Report\\20181008_174354\\1538991868511.png]]

2018-10-08 17:44:28 - [TEST_STEP][PASSED] - selectOptionByValue: All options with value 'MD' are selected in object 'Object Repository/Page_MyEG Services  PERFORMANCE REP/select_-- Please Select --'  using regular expression

2018-10-08 17:44:29 - [MESSAGE][PASSED] - All options with value 'MD' are selected in object 'Object Repository/Page_MyEG Services  PERFORMANCE REP/select_-- Please Select --'  using regular expression

2018-10-08 17:44:29 - [TEST_STEP][PASSED] - click: Object: 'Object Repository/Page_MyEG Services  PERFORMANCE REP/input' is clicked on

2018-10-08 17:44:33 - [MESSAGE][PASSED] - Object: 'Object Repository/Page_MyEG Services  PERFORMANCE REP/input' is clicked on

2018-10-08 17:44:33 - [TEST_STEP][PASSED] - takeScreenshot: Taking screenshot successfully

2018-10-08 17:44:33 - [MESSAGE][PASSED] - Taking screenshot successfully
[[ATTACHMENT|C:\\Users\\Owner\\Katalon Studio\\Logistics\\Reports\\CSO\\Performance Report\\20181008_174354\\1538991873433.png]]

2018-10-08 17:44:33 - [TEST_STEP][PASSED] - selectOptionByValue: All options with value 'FW' are selected in object 'Object Repository/Page_MyEG Services  PERFORMANCE REP/select_-- Please Select --'  using regular expression

2018-10-08 17:44:34 - [MESSAGE][PASSED] - All options with value 'FW' are selected in object 'Object Repository/Page_MyEG Services  PERFORMANCE REP/select_-- Please Select --'  using regular expression

2018-10-08 17:44:34 - [TEST_STEP][PASSED] - click: Object: 'Object Repository/Page_MyEG Services  PERFORMANCE REP/input' is clicked on

2018-10-08 17:44:38 - [MESSAGE][PASSED] - Object: 'Object Repository/Page_MyEG Services  PERFORMANCE REP/input' is clicked on

2018-10-08 17:44:38 - [TEST_STEP][PASSED] - takeScreenshot: Taking screenshot successfully

2018-10-08 17:44:39 - [MESSAGE][PASSED] - Taking screenshot successfully
[[ATTACHMENT|C:\\Users\\Owner\\Katalon Studio\\Logistics\\Reports\\CSO\\Performance Report\\20181008_174354\\1538991878869.png]]

2018-10-08 17:44:39 - [TEST_STEP][PASSED] - selectOptionByValue: All options with value 'CL' are selected in object 'Object Repository/Page_MyEG Services  PERFORMANCE REP/select_-- Please Select --'  using regular expression

2018-10-08 17:44:39 - [MESSAGE][PASSED] - All options with value 'CL' are selected in object 'Object Repository/Page_MyEG Services  PERFORMANCE REP/select_-- Please Select --'  using regular expression

2018-10-08 17:44:39 - [TEST_STEP][PASSED] - click: Object: 'Object Repository/Page_MyEG Services  PERFORMANCE REP/input' is clicked on

2018-10-08 17:44:43 - [MESSAGE][PASSED] - Object: 'Object Repository/Page_MyEG Services  PERFORMANCE REP/input' is clicked on

2018-10-08 17:44:43 - [TEST_STEP][PASSED] - takeScreenshot: Taking screenshot successfully

2018-10-08 17:44:44 - [MESSAGE][PASSED] - Taking screenshot successfully
[[ATTACHMENT|C:\\Users\\Owner\\Katalon Studio\\Logistics\\Reports\\CSO\\Performance Report\\20181008_174354\\1538991883718.png]]

2018-10-08 17:44:44 - [TEST_STEP][PASSED] - selectOptionByValue: All options with value '1M' are selected in object 'Object Repository/Page_MyEG Services  PERFORMANCE REP/select_-- Please Select --'  using regular expression

2018-10-08 17:44:44 - [MESSAGE][PASSED] - All options with value '1M' are selected in object 'Object Repository/Page_MyEG Services  PERFORMANCE REP/select_-- Please Select --'  using regular expression

2018-10-08 17:44:44 - [TEST_STEP][PASSED] - click: Object: 'Object Repository/Page_MyEG Services  PERFORMANCE REP/input' is clicked on

2018-10-08 17:44:48 - [MESSAGE][PASSED] - Object: 'Object Repository/Page_MyEG Services  PERFORMANCE REP/input' is clicked on

2018-10-08 17:44:48 - [TEST_STEP][PASSED] - takeScreenshot: Taking screenshot successfully

2018-10-08 17:44:49 - [MESSAGE][PASSED] - Taking screenshot successfully
[[ATTACHMENT|C:\\Users\\Owner\\Katalon Studio\\Logistics\\Reports\\CSO\\Performance Report\\20181008_174354\\1538991888683.png]]

2018-10-08 17:44:49 - [TEST_STEP][PASSED] - selectOptionByValue: All options with value 'SP' are selected in object 'Object Repository/Page_MyEG Services  PERFORMANCE REP/select_-- Please Select --'  using regular expression

2018-10-08 17:44:49 - [MESSAGE][PASSED] - All options with value 'SP' are selected in object 'Object Repository/Page_MyEG Services  PERFORMANCE REP/select_-- Please Select --'  using regular expression

2018-10-08 17:44:49 - [TEST_STEP][PASSED] - click: Object: 'Object Repository/Page_MyEG Services  PERFORMANCE REP/input' is clicked on

2018-10-08 17:44:53 - [MESSAGE][PASSED] - Object: 'Object Repository/Page_MyEG Services  PERFORMANCE REP/input' is clicked on

2018-10-08 17:44:53 - [TEST_STEP][PASSED] - takeScreenshot: Taking screenshot successfully

2018-10-08 17:44:54 - [MESSAGE][PASSED] - Taking screenshot successfully
[[ATTACHMENT|C:\\Users\\Owner\\Katalon Studio\\Logistics\\Reports\\CSO\\Performance Report\\20181008_174354\\1538991893593.png]]

2018-10-08 17:44:54 - [TEST_STEP][PASSED] - selectOptionByValue: All options with value 'PT' are selected in object 'Object Repository/Page_MyEG Services  PERFORMANCE REP/select_-- Please Select --'  using regular expression

2018-10-08 17:44:54 - [MESSAGE][PASSED] - All options with value 'PT' are selected in object 'Object Repository/Page_MyEG Services  PERFORMANCE REP/select_-- Please Select --'  using regular expression

2018-10-08 17:44:54 - [TEST_STEP][PASSED] - click: Object: 'Object Repository/Page_MyEG Services  PERFORMANCE REP/input' is clicked on

2018-10-08 17:44:59 - [MESSAGE][PASSED] - Object: 'Object Repository/Page_MyEG Services  PERFORMANCE REP/input' is clicked on

2018-10-08 17:44:59 - [TEST_STEP][PASSED] - takeScreenshot: Taking screenshot successfully

2018-10-08 17:44:59 - [MESSAGE][PASSED] - Taking screenshot successfully
[[ATTACHMENT|C:\\Users\\Owner\\Katalon Studio\\Logistics\\Reports\\CSO\\Performance Report\\20181008_174354\\1538991899351.png]]

2018-10-08 17:44:59 - [TEST_STEP][PASSED] - selectOptionByValue: All options with value 'PTD' are selected in object 'Object Repository/Page_MyEG Services  PERFORMANCE REP/select_-- Please Select --'  using regular expression

2018-10-08 17:45:00 - [MESSAGE][PASSED] - All options with value 'PTD' are selected in object 'Object Repository/Page_MyEG Services  PERFORMANCE REP/select_-- Please Select --'  using regular expression

2018-10-08 17:45:00 - [TEST_STEP][PASSED] - click: Object: 'Object Repository/Page_MyEG Services  PERFORMANCE REP/input' is clicked on

2018-10-08 17:45:04 - [MESSAGE][PASSED] - Object: 'Object Repository/Page_MyEG Services  PERFORMANCE REP/input' is clicked on

2018-10-08 17:45:04 - [TEST_STEP][PASSED] - takeScreenshot: Taking screenshot successfully

2018-10-08 17:45:04 - [MESSAGE][PASSED] - Taking screenshot successfully
[[ATTACHMENT|C:\\Users\\Owner\\Katalon Studio\\Logistics\\Reports\\CSO\\Performance Report\\20181008_174354\\1538991904392.png]]

2018-10-08 17:45:04 - [TEST_STEP][PASSED] - selectOptionByValue: All options with value 'LKS' are selected in object 'Object Repository/Page_MyEG Services  PERFORMANCE REP/select_-- Please Select --'  using regular expression

2018-10-08 17:45:05 - [MESSAGE][PASSED] - All options with value 'LKS' are selected in object 'Object Repository/Page_MyEG Services  PERFORMANCE REP/select_-- Please Select --'  using regular expression

2018-10-08 17:45:05 - [TEST_STEP][PASSED] - click: Object: 'Object Repository/Page_MyEG Services  PERFORMANCE REP/input' is clicked on

2018-10-08 17:45:09 - [MESSAGE][PASSED] - Object: 'Object Repository/Page_MyEG Services  PERFORMANCE REP/input' is clicked on

2018-10-08 17:45:09 - [TEST_STEP][PASSED] - takeScreenshot: Taking screenshot successfully

2018-10-08 17:45:10 - [MESSAGE][PASSED] - Taking screenshot successfully
[[ATTACHMENT|C:\\Users\\Owner\\Katalon Studio\\Logistics\\Reports\\CSO\\Performance Report\\20181008_174354\\1538991909540.png]]

2018-10-08 17:45:10 - [TEST_STEP][PASSED] - selectOptionByValue: All options with value 'JPJ1M' are selected in object 'Object Repository/Page_MyEG Services  PERFORMANCE REP/select_-- Please Select --'  using regular expression

2018-10-08 17:45:10 - [MESSAGE][PASSED] - All options with value 'JPJ1M' are selected in object 'Object Repository/Page_MyEG Services  PERFORMANCE REP/select_-- Please Select --'  using regular expression

2018-10-08 17:45:10 - [TEST_STEP][PASSED] - click: Object: 'Object Repository/Page_MyEG Services  PERFORMANCE REP/input' is clicked on

2018-10-08 17:45:14 - [MESSAGE][PASSED] - Object: 'Object Repository/Page_MyEG Services  PERFORMANCE REP/input' is clicked on

2018-10-08 17:45:14 - [TEST_STEP][PASSED] - takeScreenshot: Taking screenshot successfully

2018-10-08 17:45:15 - [MESSAGE][PASSED] - Taking screenshot successfully
[[ATTACHMENT|C:\\Users\\Owner\\Katalon Studio\\Logistics\\Reports\\CSO\\Performance Report\\20181008_174354\\1538991914694.png]]

2018-10-08 17:45:15 - [TEST_STEP][PASSED] - selectOptionByValue: All options with value 'IMI1M' are selected in object 'Object Repository/Page_MyEG Services  PERFORMANCE REP/select_-- Please Select --'  using regular expression

2018-10-08 17:45:15 - [MESSAGE][PASSED] - All options with value 'IMI1M' are selected in object 'Object Repository/Page_MyEG Services  PERFORMANCE REP/select_-- Please Select --'  using regular expression

2018-10-08 17:45:15 - [TEST_STEP][PASSED] - click: Object: 'Object Repository/Page_MyEG Services  PERFORMANCE REP/input' is clicked on

2018-10-08 17:45:19 - [MESSAGE][PASSED] - Object: 'Object Repository/Page_MyEG Services  PERFORMANCE REP/input' is clicked on

2018-10-08 17:45:19 - [TEST_STEP][PASSED] - takeScreenshot: Taking screenshot successfully

2018-10-08 17:45:20 - [MESSAGE][PASSED] - Taking screenshot successfully
[[ATTACHMENT|C:\\Users\\Owner\\Katalon Studio\\Logistics\\Reports\\CSO\\Performance Report\\20181008_174354\\1538991919660.png]]

2018-10-08 17:45:20 - [TEST_STEP][PASSED] - selectOptionByValue: All options with value 'ET' are selected in object 'Object Repository/Page_MyEG Services  PERFORMANCE REP/select_-- Please Select --'  using regular expression

2018-10-08 17:45:20 - [MESSAGE][PASSED] - All options with value 'ET' are selected in object 'Object Repository/Page_MyEG Services  PERFORMANCE REP/select_-- Please Select --'  using regular expression

2018-10-08 17:45:20 - [TEST_STEP][PASSED] - click: Object: 'Object Repository/Page_MyEG Services  PERFORMANCE REP/input' is clicked on

2018-10-08 17:45:24 - [MESSAGE][PASSED] - Object: 'Object Repository/Page_MyEG Services  PERFORMANCE REP/input' is clicked on

2018-10-08 17:45:24 - [TEST_STEP][PASSED] - takeScreenshot: Taking screenshot successfully

2018-10-08 17:45:25 - [MESSAGE][PASSED] - Taking screenshot successfully
[[ATTACHMENT|C:\\Users\\Owner\\Katalon Studio\\Logistics\\Reports\\CSO\\Performance Report\\20181008_174354\\1538991924609.png]]

2018-10-08 17:45:25 - [TEST_STEP][PASSED] - click: Object: 'Object Repository/Page_MyEG Services  PERFORMANCE REP/a_Performance Report' is clicked on

2018-10-08 17:45:25 - [MESSAGE][PASSED] - Object: 'Object Repository/Page_MyEG Services  PERFORMANCE REP/a_Performance Report' is clicked on

2018-10-08 17:45:25 - [TEST_STEP][PASSED] - click: Object: 'Object Repository/Page_MyEG Services  PERFORMANCE REP/a_LO Performance By Name' is clicked on

2018-10-08 17:45:26 - [MESSAGE][PASSED] - Object: 'Object Repository/Page_MyEG Services  PERFORMANCE REP/a_LO Performance By Name' is clicked on

2018-10-08 17:45:26 - [TEST_STEP][PASSED] - selectOptionByValue: All options with value '1942' are selected in object 'Object Repository/Page_MyEG Services  PERFORMANCE REP/select_- Select LO Name -    A'  using regular expression

2018-10-08 17:45:51 - [MESSAGE][PASSED] - All options with value '1942' are selected in object 'Object Repository/Page_MyEG Services  PERFORMANCE REP/select_- Select LO Name -    A'  using regular expression

2018-10-08 17:45:51 - [TEST_STEP][PASSED] - setText: Text '01-Jan-2018' is set on object 'Object Repository/Page_MyEG Services  PERFORMANCE REP/input_dojo.from'

2018-10-08 17:45:52 - [MESSAGE][PASSED] - Text '01-Jan-2018' is set on object 'Object Repository/Page_MyEG Services  PERFORMANCE REP/input_dojo.from'

2018-10-08 17:45:52 - [TEST_STEP][PASSED] - setText: Text '30-Sep-2018' is set on object 'Object Repository/Page_MyEG Services  PERFORMANCE REP/input_dojo.to'

2018-10-08 17:45:52 - [MESSAGE][PASSED] - Text '30-Sep-2018' is set on object 'Object Repository/Page_MyEG Services  PERFORMANCE REP/input_dojo.to'

2018-10-08 17:45:52 - [TEST_STEP][PASSED] - selectOptionByValue: All options with value 'LK' are selected in object 'Object Repository/Page_MyEG Services  PERFORMANCE REP/select_-- Please Select --'  using regular expression

2018-10-08 17:45:52 - [MESSAGE][PASSED] - All options with value 'LK' are selected in object 'Object Repository/Page_MyEG Services  PERFORMANCE REP/select_-- Please Select --'  using regular expression

2018-10-08 17:45:52 - [TEST_STEP][PASSED] - selectOptionByValue: All options with value '1' are selected in object 'Object Repository/Page_MyEG Services  PERFORMANCE REP/select_-- Please Select --    _1'  using regular expression

2018-10-08 17:45:52 - [MESSAGE][PASSED] - All options with value '1' are selected in object 'Object Repository/Page_MyEG Services  PERFORMANCE REP/select_-- Please Select --    _1'  using regular expression

2018-10-08 17:45:52 - [TEST_STEP][PASSED] - click: Object: 'Object Repository/Page_MyEG Services  PERFORMANCE REP/a_reset' is clicked on

2018-10-08 17:45:53 - [MESSAGE][PASSED] - Object: 'Object Repository/Page_MyEG Services  PERFORMANCE REP/a_reset' is clicked on

2018-10-08 17:45:53 - [TEST_STEP][PASSED] - takeScreenshot: Taking screenshot successfully

2018-10-08 17:45:53 - [MESSAGE][PASSED] - Taking screenshot successfully
[[ATTACHMENT|C:\\Users\\Owner\\Katalon Studio\\Logistics\\Reports\\CSO\\Performance Report\\20181008_174354\\1538991953086.png]]

2018-10-08 17:45:53 - [TEST_STEP][PASSED] - click: Object: 'Object Repository/Page_MyEG Services  PERFORMANCE REP/input' is clicked on

2018-10-08 17:45:53 - [MESSAGE][PASSED] - Object: 'Object Repository/Page_MyEG Services  PERFORMANCE REP/input' is clicked on

2018-10-08 17:45:53 - [TEST_STEP][PASSED] - takeScreenshot: Taking screenshot successfully

2018-10-08 17:45:54 - [MESSAGE][PASSED] - Taking screenshot successfully
[[ATTACHMENT|C:\\Users\\Owner\\Katalon Studio\\Logistics\\Reports\\CSO\\Performance Report\\20181008_174354\\1538991953645.png]]

2018-10-08 17:45:54 - [TEST_STEP][PASSED] - selectOptionByValue: All options with value '1942' are selected in object 'Object Repository/Page_MyEG Services  PERFORMANCE REP/select_- Select LO Name -    A'  using regular expression

2018-10-08 17:46:19 - [MESSAGE][PASSED] - All options with value '1942' are selected in object 'Object Repository/Page_MyEG Services  PERFORMANCE REP/select_- Select LO Name -    A'  using regular expression

2018-10-08 17:46:19 - [TEST_STEP][PASSED] - setText: Text '01-Jan-2018' is set on object 'Object Repository/Page_MyEG Services  PERFORMANCE REP/input_dojo.from'

2018-10-08 17:46:19 - [MESSAGE][PASSED] - Text '01-Jan-2018' is set on object 'Object Repository/Page_MyEG Services  PERFORMANCE REP/input_dojo.from'

2018-10-08 17:46:19 - [TEST_STEP][PASSED] - setText: Text '30-Sep-2018' is set on object 'Object Repository/Page_MyEG Services  PERFORMANCE REP/input_dojo.to'

2018-10-08 17:46:19 - [MESSAGE][PASSED] - Text '30-Sep-2018' is set on object 'Object Repository/Page_MyEG Services  PERFORMANCE REP/input_dojo.to'

2018-10-08 17:46:19 - [TEST_STEP][PASSED] - selectOptionByValue: All options with value '1' are selected in object 'Object Repository/Page_MyEG Services  PERFORMANCE REP/select_-- Please Select --    _1'  using regular expression

2018-10-08 17:46:19 - [MESSAGE][PASSED] - All options with value '1' are selected in object 'Object Repository/Page_MyEG Services  PERFORMANCE REP/select_-- Please Select --    _1'  using regular expression

2018-10-08 17:46:19 - [TEST_STEP][PASSED] - selectOptionByValue: All options with value 'LK' are selected in object 'Object Repository/Page_MyEG Services  PERFORMANCE REP/select_-- Please Select --'  using regular expression

2018-10-08 17:46:20 - [MESSAGE][PASSED] - All options with value 'LK' are selected in object 'Object Repository/Page_MyEG Services  PERFORMANCE REP/select_-- Please Select --'  using regular expression

2018-10-08 17:46:20 - [TEST_STEP][PASSED] - click: Object: 'Object Repository/Page_MyEG Services  PERFORMANCE REP/input' is clicked on

2018-10-08 17:46:20 - [MESSAGE][PASSED] - Object: 'Object Repository/Page_MyEG Services  PERFORMANCE REP/input' is clicked on

2018-10-08 17:46:20 - [TEST_STEP][PASSED] - takeScreenshot: Taking screenshot successfully

2018-10-08 17:46:21 - [MESSAGE][PASSED] - Taking screenshot successfully
[[ATTACHMENT|C:\\Users\\Owner\\Katalon Studio\\Logistics\\Reports\\CSO\\Performance Report\\20181008_174354\\1538991980980.png]]

2018-10-08 17:46:21 - [TEST_STEP][PASSED] - selectOptionByValue: All options with value 'JM' are selected in object 'Object Repository/Page_MyEG Services  PERFORMANCE REP/select_-- Please Select --'  using regular expression

2018-10-08 17:46:21 - [MESSAGE][PASSED] - All options with value 'JM' are selected in object 'Object Repository/Page_MyEG Services  PERFORMANCE REP/select_-- Please Select --'  using regular expression

2018-10-08 17:46:21 - [TEST_STEP][PASSED] - click: Object: 'Object Repository/Page_MyEG Services  PERFORMANCE REP/input' is clicked on

2018-10-08 17:46:22 - [MESSAGE][PASSED] - Object: 'Object Repository/Page_MyEG Services  PERFORMANCE REP/input' is clicked on

2018-10-08 17:46:22 - [TEST_STEP][PASSED] - takeScreenshot: Taking screenshot successfully

2018-10-08 17:46:22 - [MESSAGE][PASSED] - Taking screenshot successfully
[[ATTACHMENT|C:\\Users\\Owner\\Katalon Studio\\Logistics\\Reports\\CSO\\Performance Report\\20181008_174354\\1538991982400.png]]

2018-10-08 17:46:22 - [TEST_STEP][PASSED] - selectOptionByValue: All options with value 'IM' are selected in object 'Object Repository/Page_MyEG Services  PERFORMANCE REP/select_-- Please Select --'  using regular expression

2018-10-08 17:46:23 - [MESSAGE][PASSED] - All options with value 'IM' are selected in object 'Object Repository/Page_MyEG Services  PERFORMANCE REP/select_-- Please Select --'  using regular expression

2018-10-08 17:46:23 - [TEST_STEP][PASSED] - click: Object: 'Object Repository/Page_MyEG Services  PERFORMANCE REP/input' is clicked on

2018-10-08 17:46:23 - [MESSAGE][PASSED] - Object: 'Object Repository/Page_MyEG Services  PERFORMANCE REP/input' is clicked on

2018-10-08 17:46:23 - [TEST_STEP][PASSED] - takeScreenshot: Taking screenshot successfully

2018-10-08 17:46:24 - [MESSAGE][PASSED] - Taking screenshot successfully
[[ATTACHMENT|C:\\Users\\Owner\\Katalon Studio\\Logistics\\Reports\\CSO\\Performance Report\\20181008_174354\\1538991983876.png]]

2018-10-08 17:46:24 - [TEST_STEP][PASSED] - selectOptionByValue: All options with value 'MD' are selected in object 'Object Repository/Page_MyEG Services  PERFORMANCE REP/select_-- Please Select --'  using regular expression

2018-10-08 17:46:24 - [MESSAGE][PASSED] - All options with value 'MD' are selected in object 'Object Repository/Page_MyEG Services  PERFORMANCE REP/select_-- Please Select --'  using regular expression

2018-10-08 17:46:24 - [TEST_STEP][PASSED] - click: Object: 'Object Repository/Page_MyEG Services  PERFORMANCE REP/input' is clicked on

2018-10-08 17:46:25 - [MESSAGE][PASSED] - Object: 'Object Repository/Page_MyEG Services  PERFORMANCE REP/input' is clicked on

2018-10-08 17:46:25 - [TEST_STEP][PASSED] - takeScreenshot: Taking screenshot successfully

2018-10-08 17:46:25 - [MESSAGE][PASSED] - Taking screenshot successfully
[[ATTACHMENT|C:\\Users\\Owner\\Katalon Studio\\Logistics\\Reports\\CSO\\Performance Report\\20181008_174354\\1538991985343.png]]

2018-10-08 17:46:25 - [TEST_STEP][PASSED] - selectOptionByValue: All options with value 'FW' are selected in object 'Object Repository/Page_MyEG Services  PERFORMANCE REP/select_-- Please Select --'  using regular expression

2018-10-08 17:46:26 - [MESSAGE][PASSED] - All options with value 'FW' are selected in object 'Object Repository/Page_MyEG Services  PERFORMANCE REP/select_-- Please Select --'  using regular expression

2018-10-08 17:46:26 - [TEST_STEP][PASSED] - click: Object: 'Object Repository/Page_MyEG Services  PERFORMANCE REP/input' is clicked on

2018-10-08 17:46:26 - [MESSAGE][PASSED] - Object: 'Object Repository/Page_MyEG Services  PERFORMANCE REP/input' is clicked on

2018-10-08 17:46:26 - [TEST_STEP][PASSED] - takeScreenshot: Taking screenshot successfully

2018-10-08 17:46:27 - [MESSAGE][PASSED] - Taking screenshot successfully
[[ATTACHMENT|C:\\Users\\Owner\\Katalon Studio\\Logistics\\Reports\\CSO\\Performance Report\\20181008_174354\\1538991986767.png]]

2018-10-08 17:46:27 - [TEST_STEP][PASSED] - selectOptionByValue: All options with value 'CL' are selected in object 'Object Repository/Page_MyEG Services  PERFORMANCE REP/select_-- Please Select --'  using regular expression

2018-10-08 17:46:27 - [MESSAGE][PASSED] - All options with value 'CL' are selected in object 'Object Repository/Page_MyEG Services  PERFORMANCE REP/select_-- Please Select --'  using regular expression

2018-10-08 17:46:27 - [TEST_STEP][PASSED] - click: Object: 'Object Repository/Page_MyEG Services  PERFORMANCE REP/input' is clicked on

2018-10-08 17:46:28 - [MESSAGE][PASSED] - Object: 'Object Repository/Page_MyEG Services  PERFORMANCE REP/input' is clicked on

2018-10-08 17:46:28 - [TEST_STEP][PASSED] - takeScreenshot: Taking screenshot successfully

2018-10-08 17:46:28 - [MESSAGE][PASSED] - Taking screenshot successfully
[[ATTACHMENT|C:\\Users\\Owner\\Katalon Studio\\Logistics\\Reports\\CSO\\Performance Report\\20181008_174354\\1538991988165.png]]

2018-10-08 17:46:28 - [TEST_STEP][PASSED] - selectOptionByValue: All options with value '1M' are selected in object 'Object Repository/Page_MyEG Services  PERFORMANCE REP/select_-- Please Select --'  using regular expression

2018-10-08 17:46:28 - [MESSAGE][PASSED] - All options with value '1M' are selected in object 'Object Repository/Page_MyEG Services  PERFORMANCE REP/select_-- Please Select --'  using regular expression

2018-10-08 17:46:28 - [TEST_STEP][PASSED] - click: Object: 'Object Repository/Page_MyEG Services  PERFORMANCE REP/input' is clicked on

2018-10-08 17:46:29 - [MESSAGE][PASSED] - Object: 'Object Repository/Page_MyEG Services  PERFORMANCE REP/input' is clicked on

2018-10-08 17:46:29 - [TEST_STEP][PASSED] - takeScreenshot: Taking screenshot successfully

2018-10-08 17:46:30 - [MESSAGE][PASSED] - Taking screenshot successfully
[[ATTACHMENT|C:\\Users\\Owner\\Katalon Studio\\Logistics\\Reports\\CSO\\Performance Report\\20181008_174354\\1538991989654.png]]

2018-10-08 17:46:30 - [TEST_STEP][PASSED] - selectOptionByValue: All options with value 'SP' are selected in object 'Object Repository/Page_MyEG Services  PERFORMANCE REP/select_-- Please Select --'  using regular expression

2018-10-08 17:46:30 - [MESSAGE][PASSED] - All options with value 'SP' are selected in object 'Object Repository/Page_MyEG Services  PERFORMANCE REP/select_-- Please Select --'  using regular expression

2018-10-08 17:46:30 - [TEST_STEP][PASSED] - click: Object: 'Object Repository/Page_MyEG Services  PERFORMANCE REP/input' is clicked on

2018-10-08 17:46:31 - [MESSAGE][PASSED] - Object: 'Object Repository/Page_MyEG Services  PERFORMANCE REP/input' is clicked on

2018-10-08 17:46:31 - [TEST_STEP][PASSED] - takeScreenshot: Taking screenshot successfully

2018-10-08 17:46:31 - [MESSAGE][PASSED] - Taking screenshot successfully
[[ATTACHMENT|C:\\Users\\Owner\\Katalon Studio\\Logistics\\Reports\\CSO\\Performance Report\\20181008_174354\\1538991991105.png]]

2018-10-08 17:46:31 - [TEST_STEP][PASSED] - selectOptionByValue: All options with value 'PT' are selected in object 'Object Repository/Page_MyEG Services  PERFORMANCE REP/select_-- Please Select --'  using regular expression

2018-10-08 17:46:31 - [MESSAGE][PASSED] - All options with value 'PT' are selected in object 'Object Repository/Page_MyEG Services  PERFORMANCE REP/select_-- Please Select --'  using regular expression

2018-10-08 17:46:31 - [TEST_STEP][PASSED] - click: Object: 'Object Repository/Page_MyEG Services  PERFORMANCE REP/input' is clicked on

2018-10-08 17:46:32 - [MESSAGE][PASSED] - Object: 'Object Repository/Page_MyEG Services  PERFORMANCE REP/input' is clicked on

2018-10-08 17:46:32 - [TEST_STEP][PASSED] - takeScreenshot: Taking screenshot successfully

2018-10-08 17:46:32 - [MESSAGE][PASSED] - Taking screenshot successfully
[[ATTACHMENT|C:\\Users\\Owner\\Katalon Studio\\Logistics\\Reports\\CSO\\Performance Report\\20181008_174354\\1538991992535.png]]

2018-10-08 17:46:32 - [TEST_STEP][PASSED] - selectOptionByValue: All options with value 'PTD' are selected in object 'Object Repository/Page_MyEG Services  PERFORMANCE REP/select_-- Please Select --'  using regular expression

2018-10-08 17:46:33 - [MESSAGE][PASSED] - All options with value 'PTD' are selected in object 'Object Repository/Page_MyEG Services  PERFORMANCE REP/select_-- Please Select --'  using regular expression

2018-10-08 17:46:33 - [TEST_STEP][PASSED] - click: Object: 'Object Repository/Page_MyEG Services  PERFORMANCE REP/input' is clicked on

2018-10-08 17:46:34 - [MESSAGE][PASSED] - Object: 'Object Repository/Page_MyEG Services  PERFORMANCE REP/input' is clicked on

2018-10-08 17:46:34 - [TEST_STEP][PASSED] - takeScreenshot: Taking screenshot successfully

2018-10-08 17:46:34 - [MESSAGE][PASSED] - Taking screenshot successfully
[[ATTACHMENT|C:\\Users\\Owner\\Katalon Studio\\Logistics\\Reports\\CSO\\Performance Report\\20181008_174354\\1538991994110.png]]

2018-10-08 17:46:34 - [TEST_STEP][PASSED] - selectOptionByValue: All options with value 'LKS' are selected in object 'Object Repository/Page_MyEG Services  PERFORMANCE REP/select_-- Please Select --'  using regular expression

2018-10-08 17:46:34 - [MESSAGE][PASSED] - All options with value 'LKS' are selected in object 'Object Repository/Page_MyEG Services  PERFORMANCE REP/select_-- Please Select --'  using regular expression

2018-10-08 17:46:34 - [TEST_STEP][PASSED] - click: Object: 'Object Repository/Page_MyEG Services  PERFORMANCE REP/input' is clicked on

2018-10-08 17:46:35 - [MESSAGE][PASSED] - Object: 'Object Repository/Page_MyEG Services  PERFORMANCE REP/input' is clicked on

2018-10-08 17:46:35 - [TEST_STEP][PASSED] - takeScreenshot: Taking screenshot successfully

2018-10-08 17:46:36 - [MESSAGE][PASSED] - Taking screenshot successfully
[[ATTACHMENT|C:\\Users\\Owner\\Katalon Studio\\Logistics\\Reports\\CSO\\Performance Report\\20181008_174354\\1538991995634.png]]

2018-10-08 17:46:36 - [TEST_STEP][PASSED] - selectOptionByValue: All options with value 'JPJ1M' are selected in object 'Object Repository/Page_MyEG Services  PERFORMANCE REP/select_-- Please Select --'  using regular expression

2018-10-08 17:46:36 - [MESSAGE][PASSED] - All options with value 'JPJ1M' are selected in object 'Object Repository/Page_MyEG Services  PERFORMANCE REP/select_-- Please Select --'  using regular expression

2018-10-08 17:46:36 - [TEST_STEP][PASSED] - click: Object: 'Object Repository/Page_MyEG Services  PERFORMANCE REP/input' is clicked on

2018-10-08 17:46:37 - [MESSAGE][PASSED] - Object: 'Object Repository/Page_MyEG Services  PERFORMANCE REP/input' is clicked on

2018-10-08 17:46:37 - [TEST_STEP][PASSED] - takeScreenshot: Taking screenshot successfully

2018-10-08 17:46:37 - [MESSAGE][PASSED] - Taking screenshot successfully
[[ATTACHMENT|C:\\Users\\Owner\\Katalon Studio\\Logistics\\Reports\\CSO\\Performance Report\\20181008_174354\\1538991997159.png]]

2018-10-08 17:46:37 - [TEST_STEP][PASSED] - selectOptionByValue: All options with value 'IMI1M' are selected in object 'Object Repository/Page_MyEG Services  PERFORMANCE REP/select_-- Please Select --'  using regular expression

2018-10-08 17:46:37 - [MESSAGE][PASSED] - All options with value 'IMI1M' are selected in object 'Object Repository/Page_MyEG Services  PERFORMANCE REP/select_-- Please Select --'  using regular expression

2018-10-08 17:46:37 - [TEST_STEP][PASSED] - click: Object: 'Object Repository/Page_MyEG Services  PERFORMANCE REP/input' is clicked on

2018-10-08 17:46:38 - [MESSAGE][PASSED] - Object: 'Object Repository/Page_MyEG Services  PERFORMANCE REP/input' is clicked on

2018-10-08 17:46:38 - [TEST_STEP][PASSED] - takeScreenshot: Taking screenshot successfully

2018-10-08 17:46:39 - [MESSAGE][PASSED] - Taking screenshot successfully
[[ATTACHMENT|C:\\Users\\Owner\\Katalon Studio\\Logistics\\Reports\\CSO\\Performance Report\\20181008_174354\\1538991998633.png]]

2018-10-08 17:46:39 - [TEST_STEP][PASSED] - selectOptionByValue: All options with value 'ET' are selected in object 'Object Repository/Page_MyEG Services  PERFORMANCE REP/select_-- Please Select --'  using regular expression

2018-10-08 17:46:39 - [MESSAGE][PASSED] - All options with value 'ET' are selected in object 'Object Repository/Page_MyEG Services  PERFORMANCE REP/select_-- Please Select --'  using regular expression

2018-10-08 17:46:39 - [TEST_STEP][PASSED] - click: Object: 'Object Repository/Page_MyEG Services  PERFORMANCE REP/input' is clicked on

2018-10-08 17:46:40 - [MESSAGE][PASSED] - Object: 'Object Repository/Page_MyEG Services  PERFORMANCE REP/input' is clicked on

2018-10-08 17:46:40 - [TEST_STEP][PASSED] - takeScreenshot: Taking screenshot successfully

2018-10-08 17:46:40 - [MESSAGE][PASSED] - Taking screenshot successfully
[[ATTACHMENT|C:\\Users\\Owner\\Katalon Studio\\Logistics\\Reports\\CSO\\Performance Report\\20181008_174354\\1538992000142.png]]

2018-10-08 17:46:40 - [TEST_STEP][PASSED] - click: Object: 'Object Repository/Page_MyEG Services  PERFORMANCE REP/a_Logout' is clicked on

2018-10-08 17:46:40 - [MESSAGE][PASSED] - Object: 'Object Repository/Page_MyEG Services  PERFORMANCE REP/a_Logout' is clicked on

2018-10-08 17:46:40 - [TEST_STEP][PASSED] - closeBrowser: Browser is closed

2018-10-08 17:46:41 - [MESSAGE][PASSED] - Browser is closed]]></system-out>
         <system-err><![CDATA[]]></system-err>
      </testcase>
      <system-out><![CDATA[2018-10-08 17:43:56 - [TEST_SUITE][PASSED] - Performance Report: Test Cases/Logistics/Roles/CSO/Performance Report]]></system-out>
      <system-err><![CDATA[]]></system-err>
   </testsuite>
</testsuites>
