<?xml version="1.0" encoding="UTF-8"?>
<testsuites name="Change Password" time="16" tests="1" failures="0" errors="0">
   <testsuite name="Change Password" tests="1" failures="0" errors="0" time="16" timestamp="2018-10-19 16:52:20" hostname="Owner - L13-IT-KISHORE.myeg.local" id="Test Suites/CSO_LEAD/Change Password">
      <properties>
         <property name="deviceName" value=""/>
         <property name="devicePlatform" value=""/>
         <property name="logFolder" value="C:\\Users\\Owner\\Katalon Studio\\Logistics\\Reports\\CSO_LEAD\\Change Password\\20181019_165218"/>
         <property name="logFiles" value="C:\\Users\\Owner\\Katalon Studio\\Logistics\\Reports\\CSO_LEAD\\Change Password\\20181019_165218\\execution0.log"/>
         <property name="attachments" value="C:\\Users\\Owner\\Katalon Studio\\Logistics\\Reports\\CSO_LEAD\\Change Password\\20181019_165218\\1539939149211.png, C:\\Users\\Owner\\Katalon Studio\\Logistics\\Reports\\CSO_LEAD\\Change Password\\20181019_165218\\1539939150245.png, C:\\Users\\Owner\\Katalon Studio\\Logistics\\Reports\\CSO_LEAD\\Change Password\\20181019_165218\\1539939151258.png, C:\\Users\\Owner\\Katalon Studio\\Logistics\\Reports\\CSO_LEAD\\Change Password\\20181019_165218\\1539939152969.png, C:\\Users\\Owner\\Katalon Studio\\Logistics\\Reports\\CSO_LEAD\\Change Password\\20181019_165218\\1539939154240.png, C:\\Users\\Owner\\Katalon Studio\\Logistics\\Reports\\CSO_LEAD\\Change Password\\20181019_165218\\1539939155429.png, C:\\Users\\Owner\\Katalon Studio\\Logistics\\Reports\\CSO_LEAD\\Change Password\\20181019_165218\\1539939156150.png"/>
         <property name="hostName" value="Owner - L13-IT-KISHORE.myeg.local"/>
         <property name="os" value="Windows 10 64bit"/>
         <property name="katalonVersion" value="5.8.0.1"/>
         <property name="browser" value="Chrome 69.0.3497.100"/>
         <property name="hostAddress" value="192.168.8.168"/>
         <property name="sessionId" value="ebb551ebdded073ea172cd9da96ed221"/>
         <property name="seleniumVersion" value="3.7.1"/>
         <property name="proxyInformation" value="ProxyInformation{proxyOption=NO_PROXY, proxyServerType=HTTP, password=, proxyServerAddress=, proxyServerPort=0}"/>
         <property name="platform" value="Windows 10"/>
      </properties>
      <testcase name="Test Cases/Logistics/Roles/CSO_LEAD/Change Password" classname="Test Cases/Logistics/Roles/CSO_LEAD/Change Password" status="PASSED">
         <system-out><![CDATA[2018-10-19 16:52:21 - [TEST_CASE][PASSED] - Test Cases/Logistics/Roles/CSO_LEAD/Change Password: Test Cases/Logistics/Roles/CSO_LEAD/Change Password

2018-10-19 16:52:21 - [TEST_STEP][PASSED] - openBrowser: Browser is opened with url: ''

2018-10-19 16:52:25 - [MESSAGE][PASSED] - Browser is opened with url: ''

2018-10-19 16:52:25 - [TEST_STEP][PASSED] - maximizeWindow: Current window maximized

2018-10-19 16:52:26 - [MESSAGE][PASSED] - Current window maximized

2018-10-19 16:52:26 - [TEST_STEP][PASSED] - navigateToUrl: Navigate to 'http://uat4.myeg.com.my/logistic/login/' successfully

2018-10-19 16:52:28 - [MESSAGE][PASSED] - Navigate to 'http://uat4.myeg.com.my/logistic/login/' successfully

2018-10-19 16:52:28 - [TEST_STEP][PASSED] - setText: Text 'NISH1931' is set on object 'Object Repository/Page_MyEG Services  Logistic Report/input_j_username'

2018-10-19 16:52:28 - [MESSAGE][PASSED] - Text 'NISH1931' is set on object 'Object Repository/Page_MyEG Services  Logistic Report/input_j_username'

2018-10-19 16:52:28 - [TEST_STEP][PASSED] - click: Object: 'Object Repository/Page_MyEG Services  Logistic Report/input_submit' is clicked on

2018-10-19 16:52:29 - [MESSAGE][PASSED] - Object: 'Object Repository/Page_MyEG Services  Logistic Report/input_submit' is clicked on

2018-10-19 16:52:29 - [TEST_STEP][PASSED] - takeScreenshot: Taking screenshot successfully

2018-10-19 16:52:29 - [MESSAGE][PASSED] - Taking screenshot successfully
[[ATTACHMENT|C:\\Users\\Owner\\Katalon Studio\\Logistics\\Reports\\CSO_LEAD\\Change Password\\20181019_165218\\1539939149211.png]]

2018-10-19 16:52:29 - [TEST_STEP][PASSED] - setEncryptedText: Text ****** has been set on object 'Object Repository/Page_MyEG Services  Logistic Report/input_j_password'

2018-10-19 16:52:29 - [MESSAGE][PASSED] - Text ****** has been set on object 'Object Repository/Page_MyEG Services  Logistic Report/input_j_password'

2018-10-19 16:52:29 - [TEST_STEP][PASSED] - click: Object: 'Object Repository/Page_MyEG Services  Logistic Report/input_submit' is clicked on

2018-10-19 16:52:30 - [MESSAGE][PASSED] - Object: 'Object Repository/Page_MyEG Services  Logistic Report/input_submit' is clicked on

2018-10-19 16:52:30 - [TEST_STEP][PASSED] - takeScreenshot: Taking screenshot successfully

2018-10-19 16:52:30 - [MESSAGE][PASSED] - Taking screenshot successfully
[[ATTACHMENT|C:\\Users\\Owner\\Katalon Studio\\Logistics\\Reports\\CSO_LEAD\\Change Password\\20181019_165218\\1539939150245.png]]

2018-10-19 16:52:30 - [TEST_STEP][PASSED] - setText: Text 'NISH1933' is set on object 'Object Repository/Page_MyEG Services  Logistic Report/input_j_username'

2018-10-19 16:52:30 - [MESSAGE][PASSED] - Text 'NISH1933' is set on object 'Object Repository/Page_MyEG Services  Logistic Report/input_j_username'

2018-10-19 16:52:30 - [TEST_STEP][PASSED] - setEncryptedText: Text ****** has been set on object 'Object Repository/Page_MyEG Services  Logistic Report/input_j_password'

2018-10-19 16:52:30 - [MESSAGE][PASSED] - Text ****** has been set on object 'Object Repository/Page_MyEG Services  Logistic Report/input_j_password'

2018-10-19 16:52:30 - [TEST_STEP][PASSED] - click: Object: 'Object Repository/Page_MyEG Services  Logistic Report/input_submit' is clicked on

2018-10-19 16:52:31 - [MESSAGE][PASSED] - Object: 'Object Repository/Page_MyEG Services  Logistic Report/input_submit' is clicked on

2018-10-19 16:52:31 - [TEST_STEP][PASSED] - takeScreenshot: Taking screenshot successfully

2018-10-19 16:52:31 - [MESSAGE][PASSED] - Taking screenshot successfully
[[ATTACHMENT|C:\\Users\\Owner\\Katalon Studio\\Logistics\\Reports\\CSO_LEAD\\Change Password\\20181019_165218\\1539939151258.png]]

2018-10-19 16:52:31 - [TEST_STEP][PASSED] - setText: Text 'NISH1931' is set on object 'Object Repository/Page_MyEG Services  Logistic Report/input_j_username'

2018-10-19 16:52:31 - [MESSAGE][PASSED] - Text 'NISH1931' is set on object 'Object Repository/Page_MyEG Services  Logistic Report/input_j_username'

2018-10-19 16:52:31 - [TEST_STEP][PASSED] - setEncryptedText: Text ****** has been set on object 'Object Repository/Page_MyEG Services  Logistic Report/input_j_password'

2018-10-19 16:52:31 - [MESSAGE][PASSED] - Text ****** has been set on object 'Object Repository/Page_MyEG Services  Logistic Report/input_j_password'

2018-10-19 16:52:31 - [TEST_STEP][PASSED] - click: Object: 'Object Repository/Page_MyEG Services  Logistic Report/input_submit' is clicked on

2018-10-19 16:52:32 - [MESSAGE][PASSED] - Object: 'Object Repository/Page_MyEG Services  Logistic Report/input_submit' is clicked on

2018-10-19 16:52:32 - [TEST_STEP][PASSED] - takeScreenshot: Taking screenshot successfully

2018-10-19 16:52:33 - [MESSAGE][PASSED] - Taking screenshot successfully
[[ATTACHMENT|C:\\Users\\Owner\\Katalon Studio\\Logistics\\Reports\\CSO_LEAD\\Change Password\\20181019_165218\\1539939152969.png]]

2018-10-19 16:52:33 - [TEST_STEP][PASSED] - click: Object: 'Object Repository/Page_MyEG Services  Logistic Report/a_Change Password' is clicked on

2018-10-19 16:52:33 - [MESSAGE][PASSED] - Object: 'Object Repository/Page_MyEG Services  Logistic Report/a_Change Password' is clicked on

2018-10-19 16:52:33 - [TEST_STEP][PASSED] - setEncryptedText: Text ****** has been set on object 'Object Repository/Page_MyEG Services  Logistic Report/input_old_password'

2018-10-19 16:52:33 - [MESSAGE][PASSED] - Text ****** has been set on object 'Object Repository/Page_MyEG Services  Logistic Report/input_old_password'

2018-10-19 16:52:33 - [TEST_STEP][PASSED] - setEncryptedText: Text ****** has been set on object 'Object Repository/Page_MyEG Services  Logistic Report/input_new_password'

2018-10-19 16:52:34 - [MESSAGE][PASSED] - Text ****** has been set on object 'Object Repository/Page_MyEG Services  Logistic Report/input_new_password'

2018-10-19 16:52:34 - [TEST_STEP][PASSED] - setEncryptedText: Text ****** has been set on object 'Object Repository/Page_MyEG Services  Logistic Report/input_renew_password'

2018-10-19 16:52:34 - [MESSAGE][PASSED] - Text ****** has been set on object 'Object Repository/Page_MyEG Services  Logistic Report/input_renew_password'

2018-10-19 16:52:34 - [TEST_STEP][PASSED] - click: Object: 'Object Repository/Page_MyEG Services  Logistic Report/input_submit' is clicked on

2018-10-19 16:52:34 - [MESSAGE][PASSED] - Object: 'Object Repository/Page_MyEG Services  Logistic Report/input_submit' is clicked on

2018-10-19 16:52:34 - [TEST_STEP][PASSED] - takeScreenshot: Taking screenshot successfully

2018-10-19 16:52:34 - [MESSAGE][PASSED] - Taking screenshot successfully
[[ATTACHMENT|C:\\Users\\Owner\\Katalon Studio\\Logistics\\Reports\\CSO_LEAD\\Change Password\\20181019_165218\\1539939154240.png]]

2018-10-19 16:52:34 - [TEST_STEP][PASSED] - setEncryptedText: Text ****** has been set on object 'Object Repository/Page_MyEG Services  Logistic Report/input_old_password'

2018-10-19 16:52:34 - [MESSAGE][PASSED] - Text ****** has been set on object 'Object Repository/Page_MyEG Services  Logistic Report/input_old_password'

2018-10-19 16:52:34 - [TEST_STEP][PASSED] - setEncryptedText: Text ****** has been set on object 'Object Repository/Page_MyEG Services  Logistic Report/input_new_password'

2018-10-19 16:52:34 - [MESSAGE][PASSED] - Text ****** has been set on object 'Object Repository/Page_MyEG Services  Logistic Report/input_new_password'

2018-10-19 16:52:34 - [TEST_STEP][PASSED] - setEncryptedText: Text ****** has been set on object 'Object Repository/Page_MyEG Services  Logistic Report/input_renew_password'

2018-10-19 16:52:34 - [MESSAGE][PASSED] - Text ****** has been set on object 'Object Repository/Page_MyEG Services  Logistic Report/input_renew_password'

2018-10-19 16:52:34 - [TEST_STEP][PASSED] - click: Object: 'Object Repository/Page_MyEG Services  Logistic Report/input_submit' is clicked on

2018-10-19 16:52:35 - [MESSAGE][PASSED] - Object: 'Object Repository/Page_MyEG Services  Logistic Report/input_submit' is clicked on

2018-10-19 16:52:35 - [TEST_STEP][PASSED] - takeScreenshot: Taking screenshot successfully

2018-10-19 16:52:35 - [MESSAGE][PASSED] - Taking screenshot successfully
[[ATTACHMENT|C:\\Users\\Owner\\Katalon Studio\\Logistics\\Reports\\CSO_LEAD\\Change Password\\20181019_165218\\1539939155429.png]]

2018-10-19 16:52:35 - [TEST_STEP][PASSED] - click: Object: 'Object Repository/Page_MyEG Services  Insert title he/a_Logout' is clicked on

2018-10-19 16:52:36 - [MESSAGE][PASSED] - Object: 'Object Repository/Page_MyEG Services  Insert title he/a_Logout' is clicked on

2018-10-19 16:52:36 - [TEST_STEP][PASSED] - takeScreenshot: Taking screenshot successfully

2018-10-19 16:52:36 - [MESSAGE][PASSED] - Taking screenshot successfully
[[ATTACHMENT|C:\\Users\\Owner\\Katalon Studio\\Logistics\\Reports\\CSO_LEAD\\Change Password\\20181019_165218\\1539939156150.png]]

2018-10-19 16:52:36 - [TEST_STEP][PASSED] - closeBrowser: Browser is closed

2018-10-19 16:52:37 - [MESSAGE][PASSED] - Browser is closed]]></system-out>
         <system-err><![CDATA[]]></system-err>
      </testcase>
      <system-out><![CDATA[2018-10-19 16:52:20 - [TEST_SUITE][PASSED] - Change Password: Test Cases/Logistics/Roles/CSO_LEAD/Change Password]]></system-out>
      <system-err><![CDATA[]]></system-err>
   </testsuite>
</testsuites>
