<?xml version="1.0" encoding="UTF-8"?>
<testsuites name="Ticket" time="19" tests="1" failures="0" errors="0">
   <testsuite name="Ticket" tests="1" failures="0" errors="0" time="19" timestamp="2018-10-03 14:50:03" hostname="Owner - L13-IT-KISHORE.myeg.local" id="Test Suites/CSO_ADMIN/Ticket">
      <properties>
         <property name="deviceName" value=""/>
         <property name="devicePlatform" value=""/>
         <property name="logFolder" value="C:\\Users\\Owner\\Katalon Studio\\Logistics\\Reports\\CSO_ADMIN\\Ticket\\20181003_145002"/>
         <property name="logFiles" value="C:\\Users\\Owner\\Katalon Studio\\Logistics\\Reports\\CSO_ADMIN\\Ticket\\20181003_145002\\execution0.log"/>
         <property name="attachments" value="C:\\Users\\Owner\\Katalon Studio\\Logistics\\Reports\\CSO_ADMIN\\Ticket\\20181003_145002\\1538549419865.png, C:\\Users\\Owner\\Katalon Studio\\Logistics\\Reports\\CSO_ADMIN\\Ticket\\20181003_145002\\1538549420520.png, C:\\Users\\Owner\\Katalon Studio\\Logistics\\Reports\\CSO_ADMIN\\Ticket\\20181003_145002\\1538549421621.png"/>
         <property name="hostName" value="Owner - L13-IT-KISHORE.myeg.local"/>
         <property name="os" value="Windows 10 64bit"/>
         <property name="katalonVersion" value="5.6.1.1"/>
         <property name="browser" value="Chrome 69.0.3497.100"/>
         <property name="hostAddress" value="192.168.8.168"/>
         <property name="sessionId" value="ac5ef7ec082113d4eeaf381ba83f9d59"/>
         <property name="seleniumVersion" value="3.7.1"/>
         <property name="proxyInformation" value="ProxyInformation{proxyOption=NO_PROXY, proxyServerType=HTTP, password=, proxyServerAddress=, proxyServerPort=0}"/>
         <property name="platform" value="Windows 10"/>
      </properties>
      <testcase name="Test Cases/Logistics/Roles/CSO_ADMIN/Ticket" classname="Test Cases/Logistics/Roles/CSO_ADMIN/Ticket" status="PASSED">
         <system-out><![CDATA[2018-10-03 14:50:04 - [TEST_CASE][PASSED] - Test Cases/Logistics/Roles/CSO_ADMIN/Ticket: Test Cases/Logistics/Roles/CSO_ADMIN/Ticket

2018-10-03 14:50:04 - [TEST_STEP][PASSED] - openBrowser: Browser is opened with url: ''

2018-10-03 14:50:08 - [MESSAGE][PASSED] - Browser is opened with url: ''

2018-10-03 14:50:08 - [TEST_STEP][PASSED] - maximizeWindow: Current window maximized

2018-10-03 14:50:10 - [MESSAGE][PASSED] - Current window maximized

2018-10-03 14:50:10 - [TEST_STEP][PASSED] - navigateToUrl: Navigate to 'http://uat4.myeg.com.my/logistic/login/' successfully

2018-10-03 14:50:11 - [MESSAGE][PASSED] - Navigate to 'http://uat4.myeg.com.my/logistic/login/' successfully

2018-10-03 14:50:11 - [TEST_STEP][PASSED] - setText: Text 'AKMA1766' is set on object 'Object Repository/Page_MyEG Services  Logistic Report/input_j_username'

2018-10-03 14:50:12 - [MESSAGE][PASSED] - Text 'AKMA1766' is set on object 'Object Repository/Page_MyEG Services  Logistic Report/input_j_username'

2018-10-03 14:50:12 - [TEST_STEP][PASSED] - setEncryptedText: Text ****** has been set on object 'Object Repository/Page_MyEG Services  Logistic Report/input_j_password'

2018-10-03 14:50:12 - [MESSAGE][PASSED] - Text ****** has been set on object 'Object Repository/Page_MyEG Services  Logistic Report/input_j_password'

2018-10-03 14:50:12 - [TEST_STEP][PASSED] - click: Object: 'Object Repository/Page_MyEG Services  Logistic Report/input_submit' is clicked on

2018-10-03 14:50:13 - [MESSAGE][PASSED] - Object: 'Object Repository/Page_MyEG Services  Logistic Report/input_submit' is clicked on

2018-10-03 14:50:13 - [TEST_STEP][PASSED] - click: Object: 'Object Repository/Page_MyEG Services  List of Tickets/a_Ticket' is clicked on

2018-10-03 14:50:14 - [MESSAGE][PASSED] - Object: 'Object Repository/Page_MyEG Services  List of Tickets/a_Ticket' is clicked on

2018-10-03 14:50:14 - [TEST_STEP][PASSED] - selectOptionByValue: All options with value '2' are selected in object 'Object Repository/Page_MyEG Services  List of Tickets/select_- Select status -     P'  using regular expression

2018-10-03 14:50:15 - [MESSAGE][PASSED] - All options with value '2' are selected in object 'Object Repository/Page_MyEG Services  List of Tickets/select_- Select status -     P'  using regular expression

2018-10-03 14:50:15 - [TEST_STEP][PASSED] - selectOptionByValue: All options with value 'LK' are selected in object 'Object Repository/Page_MyEG Services  List of Tickets/select_-- Please Select --'  using regular expression

2018-10-03 14:50:15 - [MESSAGE][PASSED] - All options with value 'LK' are selected in object 'Object Repository/Page_MyEG Services  List of Tickets/select_-- Please Select --'  using regular expression

2018-10-03 14:50:15 - [TEST_STEP][PASSED] - selectOptionByValue: All options with value '1' are selected in object 'Object Repository/Page_MyEG Services  List of Tickets/select_-- Please Select --    _1'  using regular expression

2018-10-03 14:50:15 - [MESSAGE][PASSED] - All options with value '1' are selected in object 'Object Repository/Page_MyEG Services  List of Tickets/select_-- Please Select --    _1'  using regular expression

2018-10-03 14:50:15 - [TEST_STEP][PASSED] - selectOptionByValue: All options with value 'Bandar Pusat' are selected in object 'Object Repository/Page_MyEG Services  List of Tickets/select_- Select area -    Air'  using regular expression

2018-10-03 14:50:18 - [MESSAGE][PASSED] - All options with value 'Bandar Pusat' are selected in object 'Object Repository/Page_MyEG Services  List of Tickets/select_- Select area -    Air'  using regular expression

2018-10-03 14:50:18 - [TEST_STEP][PASSED] - selectOptionByValue: All options with value 'MYEG' are selected in object 'Object Repository/Page_MyEG Services  List of Tickets/select_- Select TM Name -    A'  using regular expression

2018-10-03 14:50:18 - [MESSAGE][PASSED] - All options with value 'MYEG' are selected in object 'Object Repository/Page_MyEG Services  List of Tickets/select_- Select TM Name -    A'  using regular expression

2018-10-03 14:50:18 - [TEST_STEP][PASSED] - setText: Text '02-Oct-2018' is set on object 'Object Repository/Page_MyEG Services  List of Tickets/input_dojo.filterGenDate'

2018-10-03 14:50:18 - [MESSAGE][PASSED] - Text '02-Oct-2018' is set on object 'Object Repository/Page_MyEG Services  List of Tickets/input_dojo.filterGenDate'

2018-10-03 14:50:18 - [TEST_STEP][PASSED] - setText: Text '02-Oct-2018' is set on object 'Object Repository/Page_MyEG Services  List of Tickets/input_dojo.filterGenDateto'

2018-10-03 14:50:19 - [MESSAGE][PASSED] - Text '02-Oct-2018' is set on object 'Object Repository/Page_MyEG Services  List of Tickets/input_dojo.filterGenDateto'

2018-10-03 14:50:19 - [TEST_STEP][PASSED] - click: Object: 'Object Repository/Page_MyEG Services  List of Tickets/input' is clicked on

2018-10-03 14:50:19 - [MESSAGE][PASSED] - Object: 'Object Repository/Page_MyEG Services  List of Tickets/input' is clicked on

2018-10-03 14:50:19 - [TEST_STEP][PASSED] - takeScreenshot: Taking screenshot successfully

2018-10-03 14:50:20 - [MESSAGE][PASSED] - Taking screenshot successfully
[[ATTACHMENT|C:\\Users\\Owner\\Katalon Studio\\Logistics\\Reports\\CSO_ADMIN\\Ticket\\20181003_145002\\1538549419865.png]]

2018-10-03 14:50:20 - [TEST_STEP][PASSED] - click: Object: 'Object Repository/Page_MyEG Services  List of Tickets/a_reset' is clicked on

2018-10-03 14:50:20 - [MESSAGE][PASSED] - Object: 'Object Repository/Page_MyEG Services  List of Tickets/a_reset' is clicked on

2018-10-03 14:50:20 - [TEST_STEP][PASSED] - takeScreenshot: Taking screenshot successfully

2018-10-03 14:50:20 - [MESSAGE][PASSED] - Taking screenshot successfully
[[ATTACHMENT|C:\\Users\\Owner\\Katalon Studio\\Logistics\\Reports\\CSO_ADMIN\\Ticket\\20181003_145002\\1538549420520.png]]

2018-10-03 14:50:20 - [TEST_STEP][PASSED] - click: Object: 'Object Repository/Page_MyEG Services  List of Tickets/a_current date pending print T' is clicked on

2018-10-03 14:50:21 - [MESSAGE][PASSED] - Object: 'Object Repository/Page_MyEG Services  List of Tickets/a_current date pending print T' is clicked on

2018-10-03 14:50:21 - [TEST_STEP][PASSED] - takeScreenshot: Taking screenshot successfully

2018-10-03 14:50:22 - [MESSAGE][PASSED] - Taking screenshot successfully
[[ATTACHMENT|C:\\Users\\Owner\\Katalon Studio\\Logistics\\Reports\\CSO_ADMIN\\Ticket\\20181003_145002\\1538549421621.png]]

2018-10-03 14:50:22 - [TEST_STEP][PASSED] - click: Object: 'Object Repository/Page_MyEG Services  List of Tickets/a_Logout' is clicked on

2018-10-03 14:50:22 - [MESSAGE][PASSED] - Object: 'Object Repository/Page_MyEG Services  List of Tickets/a_Logout' is clicked on]]></system-out>
         <system-err><![CDATA[]]></system-err>
      </testcase>
      <system-out><![CDATA[2018-10-03 14:50:03 - [TEST_SUITE][PASSED] - Ticket: Test Cases/Logistics/Roles/CSO_ADMIN/Ticket]]></system-out>
      <system-err><![CDATA[]]></system-err>
   </testsuite>
</testsuites>
