<?xml version="1.0" encoding="UTF-8"?>
<testsuites name="User MGMT" time="15" tests="1" failures="0" errors="0">
   <testsuite name="User MGMT" tests="1" failures="0" errors="0" time="15" timestamp="2018-10-09 11:05:11" hostname="Owner - L13-IT-KISHORE.myeg.local" id="Test Suites/CSO_ADMIN_PrintIMM/User MGMT">
      <properties>
         <property name="deviceName" value=""/>
         <property name="devicePlatform" value=""/>
         <property name="logFolder" value="C:\\Users\\Owner\\Katalon Studio\\Logistics\\Reports\\CSO_ADMIN_PrintIMM\\User MGMT\\20181009_110509"/>
         <property name="logFiles" value="C:\\Users\\Owner\\Katalon Studio\\Logistics\\Reports\\CSO_ADMIN_PrintIMM\\User MGMT\\20181009_110509\\execution0.log"/>
         <property name="attachments" value="C:\\Users\\Owner\\Katalon Studio\\Logistics\\Reports\\CSO_ADMIN_PrintIMM\\User MGMT\\20181009_110509\\1539054319633.png, C:\\Users\\Owner\\Katalon Studio\\Logistics\\Reports\\CSO_ADMIN_PrintIMM\\User MGMT\\20181009_110509\\1539054320632.png, C:\\Users\\Owner\\Katalon Studio\\Logistics\\Reports\\CSO_ADMIN_PrintIMM\\User MGMT\\20181009_110509\\1539054321697.png, C:\\Users\\Owner\\Katalon Studio\\Logistics\\Reports\\CSO_ADMIN_PrintIMM\\User MGMT\\20181009_110509\\1539054323991.png, C:\\Users\\Owner\\Katalon Studio\\Logistics\\Reports\\CSO_ADMIN_PrintIMM\\User MGMT\\20181009_110509\\1539054324638.png, C:\\Users\\Owner\\Katalon Studio\\Logistics\\Reports\\CSO_ADMIN_PrintIMM\\User MGMT\\20181009_110509\\1539054325407.png"/>
         <property name="hostName" value="Owner - L13-IT-KISHORE.myeg.local"/>
         <property name="os" value="Windows 10 64bit"/>
         <property name="katalonVersion" value="5.6.1.1"/>
         <property name="browser" value="Chrome 69.0.3497.100"/>
         <property name="hostAddress" value="192.168.8.168"/>
         <property name="sessionId" value="f5c0735d79e5f21b194b9e22b4c3b7e6"/>
         <property name="seleniumVersion" value="3.7.1"/>
         <property name="proxyInformation" value="ProxyInformation{proxyOption=NO_PROXY, proxyServerType=HTTP, password=, proxyServerAddress=, proxyServerPort=0}"/>
         <property name="platform" value="Windows 10"/>
      </properties>
      <testcase name="Test Cases/Logistics/Roles/CSOADMIN_PrintIMM/User MGMT" classname="Test Cases/Logistics/Roles/CSOADMIN_PrintIMM/User MGMT" status="PASSED">
         <system-out><![CDATA[2018-10-09 11:05:11 - [TEST_CASE][PASSED] - Test Cases/Logistics/Roles/CSOADMIN_PrintIMM/User MGMT: Test Cases/Logistics/Roles/CSOADMIN_PrintIMM/User MGMT

2018-10-09 11:05:11 - [TEST_STEP][PASSED] - openBrowser: Browser is opened with url: ''

2018-10-09 11:05:15 - [MESSAGE][PASSED] - Browser is opened with url: ''

2018-10-09 11:05:15 - [TEST_STEP][PASSED] - maximizeWindow: Current window maximized

2018-10-09 11:05:16 - [MESSAGE][PASSED] - Current window maximized

2018-10-09 11:05:16 - [TEST_STEP][PASSED] - navigateToUrl: Navigate to 'http://uat4.myeg.com.my/logistic/login/' successfully

2018-10-09 11:05:18 - [MESSAGE][PASSED] - Navigate to 'http://uat4.myeg.com.my/logistic/login/' successfully

2018-10-09 11:05:18 - [TEST_STEP][PASSED] - setText: Text 'AGENT' is set on object 'Object Repository/Page_MyEG Services  Logistic Report/input_j_username'

2018-10-09 11:05:19 - [MESSAGE][PASSED] - Text 'AGENT' is set on object 'Object Repository/Page_MyEG Services  Logistic Report/input_j_username'

2018-10-09 11:05:19 - [TEST_STEP][PASSED] - click: Object: 'Object Repository/Page_MyEG Services  Logistic Report/input_submit' is clicked on

2018-10-09 11:05:19 - [MESSAGE][PASSED] - Object: 'Object Repository/Page_MyEG Services  Logistic Report/input_submit' is clicked on

2018-10-09 11:05:19 - [TEST_STEP][PASSED] - takeScreenshot: Taking screenshot successfully

2018-10-09 11:05:20 - [MESSAGE][PASSED] - Taking screenshot successfully
[[ATTACHMENT|C:\\Users\\Owner\\Katalon Studio\\Logistics\\Reports\\CSO_ADMIN_PrintIMM\\User MGMT\\20181009_110509\\1539054319633.png]]

2018-10-09 11:05:20 - [TEST_STEP][PASSED] - setEncryptedText: Text ****** has been set on object 'Object Repository/Page_MyEG Services  Logistic Report/input_j_password'

2018-10-09 11:05:20 - [MESSAGE][PASSED] - Text ****** has been set on object 'Object Repository/Page_MyEG Services  Logistic Report/input_j_password'

2018-10-09 11:05:20 - [TEST_STEP][PASSED] - click: Object: 'Object Repository/Page_MyEG Services  Logistic Report/input_submit' is clicked on

2018-10-09 11:05:20 - [MESSAGE][PASSED] - Object: 'Object Repository/Page_MyEG Services  Logistic Report/input_submit' is clicked on

2018-10-09 11:05:20 - [TEST_STEP][PASSED] - takeScreenshot: Taking screenshot successfully

2018-10-09 11:05:21 - [MESSAGE][PASSED] - Taking screenshot successfully
[[ATTACHMENT|C:\\Users\\Owner\\Katalon Studio\\Logistics\\Reports\\CSO_ADMIN_PrintIMM\\User MGMT\\20181009_110509\\1539054320632.png]]

2018-10-09 11:05:21 - [TEST_STEP][PASSED] - setText: Text 'AGENT1234' is set on object 'Object Repository/Page_MyEG Services  Logistic Report/input_j_username'

2018-10-09 11:05:21 - [MESSAGE][PASSED] - Text 'AGENT1234' is set on object 'Object Repository/Page_MyEG Services  Logistic Report/input_j_username'

2018-10-09 11:05:21 - [TEST_STEP][PASSED] - setEncryptedText: Text ****** has been set on object 'Object Repository/Page_MyEG Services  Logistic Report/input_j_password'

2018-10-09 11:05:21 - [MESSAGE][PASSED] - Text ****** has been set on object 'Object Repository/Page_MyEG Services  Logistic Report/input_j_password'

2018-10-09 11:05:21 - [TEST_STEP][PASSED] - click: Object: 'Object Repository/Page_MyEG Services  Logistic Report/input_submit' is clicked on

2018-10-09 11:05:21 - [MESSAGE][PASSED] - Object: 'Object Repository/Page_MyEG Services  Logistic Report/input_submit' is clicked on

2018-10-09 11:05:21 - [TEST_STEP][PASSED] - takeScreenshot: Taking screenshot successfully

2018-10-09 11:05:22 - [MESSAGE][PASSED] - Taking screenshot successfully
[[ATTACHMENT|C:\\Users\\Owner\\Katalon Studio\\Logistics\\Reports\\CSO_ADMIN_PrintIMM\\User MGMT\\20181009_110509\\1539054321697.png]]

2018-10-09 11:05:22 - [TEST_STEP][PASSED] - setText: Text 'AGENT' is set on object 'Object Repository/Page_MyEG Services  Logistic Report/input_j_username'

2018-10-09 11:05:22 - [MESSAGE][PASSED] - Text 'AGENT' is set on object 'Object Repository/Page_MyEG Services  Logistic Report/input_j_username'

2018-10-09 11:05:22 - [TEST_STEP][PASSED] - setEncryptedText: Text ****** has been set on object 'Object Repository/Page_MyEG Services  Logistic Report/input_j_password'

2018-10-09 11:05:22 - [MESSAGE][PASSED] - Text ****** has been set on object 'Object Repository/Page_MyEG Services  Logistic Report/input_j_password'

2018-10-09 11:05:22 - [TEST_STEP][PASSED] - click: Object: 'Object Repository/Page_MyEG Services  Logistic Report/input_submit' is clicked on

2018-10-09 11:05:23 - [MESSAGE][PASSED] - Object: 'Object Repository/Page_MyEG Services  Logistic Report/input_submit' is clicked on

2018-10-09 11:05:23 - [TEST_STEP][PASSED] - takeScreenshot: Taking screenshot successfully

2018-10-09 11:05:24 - [MESSAGE][PASSED] - Taking screenshot successfully
[[ATTACHMENT|C:\\Users\\Owner\\Katalon Studio\\Logistics\\Reports\\CSO_ADMIN_PrintIMM\\User MGMT\\20181009_110509\\1539054323991.png]]

2018-10-09 11:05:24 - [TEST_STEP][PASSED] - click: Object: 'Object Repository/Page_MyEG Services  List of Tickets/a_User MGMT' is clicked on

2018-10-09 11:05:24 - [MESSAGE][PASSED] - Object: 'Object Repository/Page_MyEG Services  List of Tickets/a_User MGMT' is clicked on

2018-10-09 11:05:24 - [TEST_STEP][PASSED] - takeScreenshot: Taking screenshot successfully

2018-10-09 11:05:25 - [MESSAGE][PASSED] - Taking screenshot successfully
[[ATTACHMENT|C:\\Users\\Owner\\Katalon Studio\\Logistics\\Reports\\CSO_ADMIN_PrintIMM\\User MGMT\\20181009_110509\\1539054324638.png]]

2018-10-09 11:05:25 - [TEST_STEP][PASSED] - click: Object: 'Object Repository/Page_/a_BACK' is clicked on

2018-10-09 11:05:25 - [MESSAGE][PASSED] - Object: 'Object Repository/Page_/a_BACK' is clicked on

2018-10-09 11:05:25 - [TEST_STEP][PASSED] - takeScreenshot: Taking screenshot successfully

2018-10-09 11:05:25 - [MESSAGE][PASSED] - Taking screenshot successfully
[[ATTACHMENT|C:\\Users\\Owner\\Katalon Studio\\Logistics\\Reports\\CSO_ADMIN_PrintIMM\\User MGMT\\20181009_110509\\1539054325407.png]]

2018-10-09 11:05:25 - [TEST_STEP][PASSED] - click: Object: 'Object Repository/Page_MyEG Services  List of Tickets/a_Logout' is clicked on

2018-10-09 11:05:26 - [MESSAGE][PASSED] - Object: 'Object Repository/Page_MyEG Services  List of Tickets/a_Logout' is clicked on]]></system-out>
         <system-err><![CDATA[]]></system-err>
      </testcase>
      <system-out><![CDATA[2018-10-09 11:05:11 - [TEST_SUITE][PASSED] - User MGMT: Test Cases/Logistics/Roles/CSOADMIN_PrintIMM/User MGMT]]></system-out>
      <system-err><![CDATA[]]></system-err>
   </testsuite>
</testsuites>
