<?xml version="1.0" encoding="UTF-8"?>
<testsuites name="Ticket" time="45" tests="1" failures="0" errors="0">
   <testsuite name="Ticket" tests="1" failures="0" errors="0" time="45" timestamp="2018-10-10 11:02:12" hostname="Owner - L13-IT-KISHORE.myeg.local" id="Test Suites/PRINT_IMM/Ticket">
      <properties>
         <property name="deviceName" value=""/>
         <property name="devicePlatform" value=""/>
         <property name="logFolder" value="C:\\Users\\Owner\\Katalon Studio\\Logistics\\Reports\\PRINT_IMM\\Ticket\\20181010_110210"/>
         <property name="logFiles" value="C:\\Users\\Owner\\Katalon Studio\\Logistics\\Reports\\PRINT_IMM\\Ticket\\20181010_110210\\execution0.log"/>
         <property name="attachments" value="C:\\Users\\Owner\\Katalon Studio\\Logistics\\Reports\\PRINT_IMM\\Ticket\\20181010_110210\\1539140545124.png, C:\\Users\\Owner\\Katalon Studio\\Logistics\\Reports\\PRINT_IMM\\Ticket\\20181010_110210\\1539140547951.png, C:\\Users\\Owner\\Katalon Studio\\Logistics\\Reports\\PRINT_IMM\\Ticket\\20181010_110210\\1539140553282.png, C:\\Users\\Owner\\Katalon Studio\\Logistics\\Reports\\PRINT_IMM\\Ticket\\20181010_110210\\1539140554965.png, C:\\Users\\Owner\\Katalon Studio\\Logistics\\Reports\\PRINT_IMM\\Ticket\\20181010_110210\\1539140556511.png, C:\\Users\\Owner\\Katalon Studio\\Logistics\\Reports\\PRINT_IMM\\Ticket\\20181010_110210\\1539140558025.png, C:\\Users\\Owner\\Katalon Studio\\Logistics\\Reports\\PRINT_IMM\\Ticket\\20181010_110210\\1539140559483.png, C:\\Users\\Owner\\Katalon Studio\\Logistics\\Reports\\PRINT_IMM\\Ticket\\20181010_110210\\1539140561243.png, C:\\Users\\Owner\\Katalon Studio\\Logistics\\Reports\\PRINT_IMM\\Ticket\\20181010_110210\\1539140562746.png, C:\\Users\\Owner\\Katalon Studio\\Logistics\\Reports\\PRINT_IMM\\Ticket\\20181010_110210\\1539140564240.png, C:\\Users\\Owner\\Katalon Studio\\Logistics\\Reports\\PRINT_IMM\\Ticket\\20181010_110210\\1539140565696.png, C:\\Users\\Owner\\Katalon Studio\\Logistics\\Reports\\PRINT_IMM\\Ticket\\20181010_110210\\1539140567143.png, C:\\Users\\Owner\\Katalon Studio\\Logistics\\Reports\\PRINT_IMM\\Ticket\\20181010_110210\\1539140568570.png, C:\\Users\\Owner\\Katalon Studio\\Logistics\\Reports\\PRINT_IMM\\Ticket\\20181010_110210\\1539140570059.png, C:\\Users\\Owner\\Katalon Studio\\Logistics\\Reports\\PRINT_IMM\\Ticket\\20181010_110210\\1539140571538.png, C:\\Users\\Owner\\Katalon Studio\\Logistics\\Reports\\PRINT_IMM\\Ticket\\20181010_110210\\1539140573046.png, C:\\Users\\Owner\\Katalon Studio\\Logistics\\Reports\\PRINT_IMM\\Ticket\\20181010_110210\\1539140574518.png, C:\\Users\\Owner\\Katalon Studio\\Logistics\\Reports\\PRINT_IMM\\Ticket\\20181010_110210\\1539140575977.png, C:\\Users\\Owner\\Katalon Studio\\Logistics\\Reports\\PRINT_IMM\\Ticket\\20181010_110210\\1539140576498.png"/>
         <property name="hostName" value="Owner - L13-IT-KISHORE.myeg.local"/>
         <property name="os" value="Windows 10 64bit"/>
         <property name="katalonVersion" value="5.6.1.1"/>
         <property name="browser" value="Chrome 69.0.3497.100"/>
         <property name="hostAddress" value="192.168.8.168"/>
         <property name="sessionId" value="d0560d8021d004d20fc7c022291963ea"/>
         <property name="seleniumVersion" value="3.7.1"/>
         <property name="proxyInformation" value="ProxyInformation{proxyOption=NO_PROXY, proxyServerType=HTTP, password=, proxyServerAddress=, proxyServerPort=0}"/>
         <property name="platform" value="Windows 10"/>
      </properties>
      <testcase name="Test Cases/Logistics/Roles/PRINT_IMM/Ticket" classname="Test Cases/Logistics/Roles/PRINT_IMM/Ticket" status="PASSED">
         <system-out><![CDATA[2018-10-10 11:02:13 - [TEST_CASE][PASSED] - Test Cases/Logistics/Roles/PRINT_IMM/Ticket: Test Cases/Logistics/Roles/PRINT_IMM/Ticket

2018-10-10 11:02:13 - [TEST_STEP][PASSED] - openBrowser: Browser is opened with url: ''

2018-10-10 11:02:18 - [MESSAGE][PASSED] - Browser is opened with url: ''

2018-10-10 11:02:18 - [TEST_STEP][PASSED] - maximizeWindow: Current window maximized

2018-10-10 11:02:19 - [MESSAGE][PASSED] - Current window maximized

2018-10-10 11:02:19 - [TEST_STEP][PASSED] - navigateToUrl: Navigate to 'http://uat4.myeg.com.my/logistic/login/' successfully

2018-10-10 11:02:23 - [MESSAGE][PASSED] - Navigate to 'http://uat4.myeg.com.my/logistic/login/' successfully

2018-10-10 11:02:23 - [TEST_STEP][PASSED] - setText: Text 'AJAY1964' is set on object 'Object Repository/Page_MyEG Services  Logistic Report/input_j_username'

2018-10-10 11:02:24 - [MESSAGE][PASSED] - Text 'AJAY1964' is set on object 'Object Repository/Page_MyEG Services  Logistic Report/input_j_username'

2018-10-10 11:02:24 - [TEST_STEP][PASSED] - setEncryptedText: Text ****** has been set on object 'Object Repository/Page_MyEG Services  Logistic Report/input_j_password'

2018-10-10 11:02:24 - [MESSAGE][PASSED] - Text ****** has been set on object 'Object Repository/Page_MyEG Services  Logistic Report/input_j_password'

2018-10-10 11:02:24 - [TEST_STEP][PASSED] - click: Object: 'Object Repository/Page_MyEG Services  Logistic Report/input_submit' is clicked on

2018-10-10 11:02:25 - [MESSAGE][PASSED] - Object: 'Object Repository/Page_MyEG Services  Logistic Report/input_submit' is clicked on

2018-10-10 11:02:25 - [TEST_STEP][PASSED] - takeScreenshot: Taking screenshot successfully

2018-10-10 11:02:25 - [MESSAGE][PASSED] - Taking screenshot successfully
[[ATTACHMENT|C:\\Users\\Owner\\Katalon Studio\\Logistics\\Reports\\PRINT_IMM\\Ticket\\20181010_110210\\1539140545124.png]]

2018-10-10 11:02:25 - [TEST_STEP][PASSED] - setText: Text 'AJAY1965' is set on object 'Object Repository/Page_MyEG Services  Logistic Report/input_j_username'

2018-10-10 11:02:25 - [MESSAGE][PASSED] - Text 'AJAY1965' is set on object 'Object Repository/Page_MyEG Services  Logistic Report/input_j_username'

2018-10-10 11:02:25 - [TEST_STEP][PASSED] - setEncryptedText: Text ****** has been set on object 'Object Repository/Page_MyEG Services  Logistic Report/input_j_password'

2018-10-10 11:02:25 - [MESSAGE][PASSED] - Text ****** has been set on object 'Object Repository/Page_MyEG Services  Logistic Report/input_j_password'

2018-10-10 11:02:25 - [TEST_STEP][PASSED] - click: Object: 'Object Repository/Page_MyEG Services  Logistic Report/input_submit' is clicked on

2018-10-10 11:02:27 - [MESSAGE][PASSED] - Object: 'Object Repository/Page_MyEG Services  Logistic Report/input_submit' is clicked on

2018-10-10 11:02:27 - [TEST_STEP][PASSED] - takeScreenshot: Taking screenshot successfully

2018-10-10 11:02:28 - [MESSAGE][PASSED] - Taking screenshot successfully
[[ATTACHMENT|C:\\Users\\Owner\\Katalon Studio\\Logistics\\Reports\\PRINT_IMM\\Ticket\\20181010_110210\\1539140547951.png]]

2018-10-10 11:02:28 - [TEST_STEP][PASSED] - click: Object: 'Object Repository/Page_MyEG Services  List of Tickets/a_Ticket' is clicked on

2018-10-10 11:02:29 - [MESSAGE][PASSED] - Object: 'Object Repository/Page_MyEG Services  List of Tickets/a_Ticket' is clicked on

2018-10-10 11:02:29 - [TEST_STEP][PASSED] - selectOptionByValue: All options with value '2' are selected in object 'Object Repository/Page_MyEG Services  List of Tickets/select_- Select status -     P'  using regular expression

2018-10-10 11:02:30 - [MESSAGE][PASSED] - All options with value '2' are selected in object 'Object Repository/Page_MyEG Services  List of Tickets/select_- Select status -     P'  using regular expression

2018-10-10 11:02:30 - [TEST_STEP][PASSED] - selectOptionByValue: All options with value 'LK' are selected in object 'Object Repository/Page_MyEG Services  List of Tickets/select_-- Please Select --'  using regular expression

2018-10-10 11:02:30 - [MESSAGE][PASSED] - All options with value 'LK' are selected in object 'Object Repository/Page_MyEG Services  List of Tickets/select_-- Please Select --'  using regular expression

2018-10-10 11:02:30 - [TEST_STEP][PASSED] - click: Object: 'Object Repository/Page_MyEG Services  List of Tickets/a_current date pending print T' is clicked on

2018-10-10 11:02:32 - [MESSAGE][PASSED] - Object: 'Object Repository/Page_MyEG Services  List of Tickets/a_current date pending print T' is clicked on

2018-10-10 11:02:32 - [TEST_STEP][PASSED] - click: Object: 'Object Repository/Page_MyEG Services  List of Tickets/input' is clicked on

2018-10-10 11:02:33 - [MESSAGE][PASSED] - Object: 'Object Repository/Page_MyEG Services  List of Tickets/input' is clicked on

2018-10-10 11:02:33 - [TEST_STEP][PASSED] - takeScreenshot: Taking screenshot successfully

2018-10-10 11:02:33 - [MESSAGE][PASSED] - Taking screenshot successfully
[[ATTACHMENT|C:\\Users\\Owner\\Katalon Studio\\Logistics\\Reports\\PRINT_IMM\\Ticket\\20181010_110210\\1539140553282.png]]

2018-10-10 11:02:33 - [TEST_STEP][PASSED] - selectOptionByValue: All options with value 'JM' are selected in object 'Object Repository/Page_MyEG Services  List of Tickets/select_-- Please Select --'  using regular expression

2018-10-10 11:02:34 - [MESSAGE][PASSED] - All options with value 'JM' are selected in object 'Object Repository/Page_MyEG Services  List of Tickets/select_-- Please Select --'  using regular expression

2018-10-10 11:02:34 - [TEST_STEP][PASSED] - click: Object: 'Object Repository/Page_MyEG Services  List of Tickets/input' is clicked on

2018-10-10 11:02:34 - [MESSAGE][PASSED] - Object: 'Object Repository/Page_MyEG Services  List of Tickets/input' is clicked on

2018-10-10 11:02:34 - [TEST_STEP][PASSED] - takeScreenshot: Taking screenshot successfully

2018-10-10 11:02:35 - [MESSAGE][PASSED] - Taking screenshot successfully
[[ATTACHMENT|C:\\Users\\Owner\\Katalon Studio\\Logistics\\Reports\\PRINT_IMM\\Ticket\\20181010_110210\\1539140554965.png]]

2018-10-10 11:02:35 - [TEST_STEP][PASSED] - selectOptionByValue: All options with value 'IM' are selected in object 'Object Repository/Page_MyEG Services  List of Tickets/select_-- Please Select --'  using regular expression

2018-10-10 11:02:35 - [MESSAGE][PASSED] - All options with value 'IM' are selected in object 'Object Repository/Page_MyEG Services  List of Tickets/select_-- Please Select --'  using regular expression

2018-10-10 11:02:35 - [TEST_STEP][PASSED] - click: Object: 'Object Repository/Page_MyEG Services  List of Tickets/input' is clicked on

2018-10-10 11:02:36 - [MESSAGE][PASSED] - Object: 'Object Repository/Page_MyEG Services  List of Tickets/input' is clicked on

2018-10-10 11:02:36 - [TEST_STEP][PASSED] - takeScreenshot: Taking screenshot successfully

2018-10-10 11:02:36 - [MESSAGE][PASSED] - Taking screenshot successfully
[[ATTACHMENT|C:\\Users\\Owner\\Katalon Studio\\Logistics\\Reports\\PRINT_IMM\\Ticket\\20181010_110210\\1539140556511.png]]

2018-10-10 11:02:36 - [TEST_STEP][PASSED] - selectOptionByValue: All options with value 'MD' are selected in object 'Object Repository/Page_MyEG Services  List of Tickets/select_-- Please Select --'  using regular expression

2018-10-10 11:02:37 - [MESSAGE][PASSED] - All options with value 'MD' are selected in object 'Object Repository/Page_MyEG Services  List of Tickets/select_-- Please Select --'  using regular expression

2018-10-10 11:02:37 - [TEST_STEP][PASSED] - click: Object: 'Object Repository/Page_MyEG Services  List of Tickets/input' is clicked on

2018-10-10 11:02:38 - [MESSAGE][PASSED] - Object: 'Object Repository/Page_MyEG Services  List of Tickets/input' is clicked on

2018-10-10 11:02:38 - [TEST_STEP][PASSED] - takeScreenshot: Taking screenshot successfully

2018-10-10 11:02:38 - [MESSAGE][PASSED] - Taking screenshot successfully
[[ATTACHMENT|C:\\Users\\Owner\\Katalon Studio\\Logistics\\Reports\\PRINT_IMM\\Ticket\\20181010_110210\\1539140558025.png]]

2018-10-10 11:02:38 - [TEST_STEP][PASSED] - selectOptionByValue: All options with value 'FW' are selected in object 'Object Repository/Page_MyEG Services  List of Tickets/select_-- Please Select --'  using regular expression

2018-10-10 11:02:38 - [MESSAGE][PASSED] - All options with value 'FW' are selected in object 'Object Repository/Page_MyEG Services  List of Tickets/select_-- Please Select --'  using regular expression

2018-10-10 11:02:38 - [TEST_STEP][PASSED] - click: Object: 'Object Repository/Page_MyEG Services  List of Tickets/input' is clicked on

2018-10-10 11:02:39 - [MESSAGE][PASSED] - Object: 'Object Repository/Page_MyEG Services  List of Tickets/input' is clicked on

2018-10-10 11:02:39 - [TEST_STEP][PASSED] - takeScreenshot: Taking screenshot successfully

2018-10-10 11:02:39 - [MESSAGE][PASSED] - Taking screenshot successfully
[[ATTACHMENT|C:\\Users\\Owner\\Katalon Studio\\Logistics\\Reports\\PRINT_IMM\\Ticket\\20181010_110210\\1539140559483.png]]

2018-10-10 11:02:39 - [TEST_STEP][PASSED] - setText: Text '03-Oct-2018' is set on object 'Object Repository/Page_MyEG Services  List of Tickets/input_dojo.filterGenDate'

2018-10-10 11:02:40 - [MESSAGE][PASSED] - Text '03-Oct-2018' is set on object 'Object Repository/Page_MyEG Services  List of Tickets/input_dojo.filterGenDate'

2018-10-10 11:02:40 - [TEST_STEP][PASSED] - selectOptionByValue: All options with value 'CL' are selected in object 'Object Repository/Page_MyEG Services  List of Tickets/select_-- Please Select --'  using regular expression

2018-10-10 11:02:40 - [MESSAGE][PASSED] - All options with value 'CL' are selected in object 'Object Repository/Page_MyEG Services  List of Tickets/select_-- Please Select --'  using regular expression

2018-10-10 11:02:40 - [TEST_STEP][PASSED] - click: Object: 'Object Repository/Page_MyEG Services  List of Tickets/input' is clicked on

2018-10-10 11:02:41 - [MESSAGE][PASSED] - Object: 'Object Repository/Page_MyEG Services  List of Tickets/input' is clicked on

2018-10-10 11:02:41 - [TEST_STEP][PASSED] - takeScreenshot: Taking screenshot successfully

2018-10-10 11:02:41 - [MESSAGE][PASSED] - Taking screenshot successfully
[[ATTACHMENT|C:\\Users\\Owner\\Katalon Studio\\Logistics\\Reports\\PRINT_IMM\\Ticket\\20181010_110210\\1539140561243.png]]

2018-10-10 11:02:41 - [TEST_STEP][PASSED] - selectOptionByValue: All options with value '1M' are selected in object 'Object Repository/Page_MyEG Services  List of Tickets/select_-- Please Select --'  using regular expression

2018-10-10 11:02:42 - [MESSAGE][PASSED] - All options with value '1M' are selected in object 'Object Repository/Page_MyEG Services  List of Tickets/select_-- Please Select --'  using regular expression

2018-10-10 11:02:42 - [TEST_STEP][PASSED] - click: Object: 'Object Repository/Page_MyEG Services  List of Tickets/input' is clicked on

2018-10-10 11:02:42 - [MESSAGE][PASSED] - Object: 'Object Repository/Page_MyEG Services  List of Tickets/input' is clicked on

2018-10-10 11:02:42 - [TEST_STEP][PASSED] - takeScreenshot: Taking screenshot successfully

2018-10-10 11:02:43 - [MESSAGE][PASSED] - Taking screenshot successfully
[[ATTACHMENT|C:\\Users\\Owner\\Katalon Studio\\Logistics\\Reports\\PRINT_IMM\\Ticket\\20181010_110210\\1539140562746.png]]

2018-10-10 11:02:43 - [TEST_STEP][PASSED] - selectOptionByValue: All options with value 'SP' are selected in object 'Object Repository/Page_MyEG Services  List of Tickets/select_-- Please Select --'  using regular expression

2018-10-10 11:02:43 - [MESSAGE][PASSED] - All options with value 'SP' are selected in object 'Object Repository/Page_MyEG Services  List of Tickets/select_-- Please Select --'  using regular expression

2018-10-10 11:02:43 - [TEST_STEP][PASSED] - click: Object: 'Object Repository/Page_MyEG Services  List of Tickets/input' is clicked on

2018-10-10 11:02:44 - [MESSAGE][PASSED] - Object: 'Object Repository/Page_MyEG Services  List of Tickets/input' is clicked on

2018-10-10 11:02:44 - [TEST_STEP][PASSED] - takeScreenshot: Taking screenshot successfully

2018-10-10 11:02:44 - [MESSAGE][PASSED] - Taking screenshot successfully
[[ATTACHMENT|C:\\Users\\Owner\\Katalon Studio\\Logistics\\Reports\\PRINT_IMM\\Ticket\\20181010_110210\\1539140564240.png]]

2018-10-10 11:02:44 - [TEST_STEP][PASSED] - selectOptionByValue: All options with value 'PT' are selected in object 'Object Repository/Page_MyEG Services  List of Tickets/select_-- Please Select --'  using regular expression

2018-10-10 11:02:45 - [MESSAGE][PASSED] - All options with value 'PT' are selected in object 'Object Repository/Page_MyEG Services  List of Tickets/select_-- Please Select --'  using regular expression

2018-10-10 11:02:45 - [TEST_STEP][PASSED] - click: Object: 'Object Repository/Page_MyEG Services  List of Tickets/input' is clicked on

2018-10-10 11:02:45 - [MESSAGE][PASSED] - Object: 'Object Repository/Page_MyEG Services  List of Tickets/input' is clicked on

2018-10-10 11:02:45 - [TEST_STEP][PASSED] - takeScreenshot: Taking screenshot successfully

2018-10-10 11:02:46 - [MESSAGE][PASSED] - Taking screenshot successfully
[[ATTACHMENT|C:\\Users\\Owner\\Katalon Studio\\Logistics\\Reports\\PRINT_IMM\\Ticket\\20181010_110210\\1539140565696.png]]

2018-10-10 11:02:46 - [TEST_STEP][PASSED] - selectOptionByValue: All options with value 'PTD' are selected in object 'Object Repository/Page_MyEG Services  List of Tickets/select_-- Please Select --'  using regular expression

2018-10-10 11:02:46 - [MESSAGE][PASSED] - All options with value 'PTD' are selected in object 'Object Repository/Page_MyEG Services  List of Tickets/select_-- Please Select --'  using regular expression

2018-10-10 11:02:46 - [TEST_STEP][PASSED] - click: Object: 'Object Repository/Page_MyEG Services  List of Tickets/input' is clicked on

2018-10-10 11:02:47 - [MESSAGE][PASSED] - Object: 'Object Repository/Page_MyEG Services  List of Tickets/input' is clicked on

2018-10-10 11:02:47 - [TEST_STEP][PASSED] - takeScreenshot: Taking screenshot successfully

2018-10-10 11:02:47 - [MESSAGE][PASSED] - Taking screenshot successfully
[[ATTACHMENT|C:\\Users\\Owner\\Katalon Studio\\Logistics\\Reports\\PRINT_IMM\\Ticket\\20181010_110210\\1539140567143.png]]

2018-10-10 11:02:47 - [TEST_STEP][PASSED] - selectOptionByValue: All options with value 'LKS' are selected in object 'Object Repository/Page_MyEG Services  List of Tickets/select_-- Please Select --'  using regular expression

2018-10-10 11:02:47 - [MESSAGE][PASSED] - All options with value 'LKS' are selected in object 'Object Repository/Page_MyEG Services  List of Tickets/select_-- Please Select --'  using regular expression

2018-10-10 11:02:47 - [TEST_STEP][PASSED] - click: Object: 'Object Repository/Page_MyEG Services  List of Tickets/input' is clicked on

2018-10-10 11:02:48 - [MESSAGE][PASSED] - Object: 'Object Repository/Page_MyEG Services  List of Tickets/input' is clicked on

2018-10-10 11:02:48 - [TEST_STEP][PASSED] - takeScreenshot: Taking screenshot successfully

2018-10-10 11:02:49 - [MESSAGE][PASSED] - Taking screenshot successfully
[[ATTACHMENT|C:\\Users\\Owner\\Katalon Studio\\Logistics\\Reports\\PRINT_IMM\\Ticket\\20181010_110210\\1539140568570.png]]

2018-10-10 11:02:49 - [TEST_STEP][PASSED] - selectOptionByValue: All options with value 'PTL' are selected in object 'Object Repository/Page_MyEG Services  List of Tickets/select_-- Please Select --'  using regular expression

2018-10-10 11:02:49 - [MESSAGE][PASSED] - All options with value 'PTL' are selected in object 'Object Repository/Page_MyEG Services  List of Tickets/select_-- Please Select --'  using regular expression

2018-10-10 11:02:49 - [TEST_STEP][PASSED] - click: Object: 'Object Repository/Page_MyEG Services  List of Tickets/input' is clicked on

2018-10-10 11:02:50 - [MESSAGE][PASSED] - Object: 'Object Repository/Page_MyEG Services  List of Tickets/input' is clicked on

2018-10-10 11:02:50 - [TEST_STEP][PASSED] - takeScreenshot: Taking screenshot successfully

2018-10-10 11:02:50 - [MESSAGE][PASSED] - Taking screenshot successfully
[[ATTACHMENT|C:\\Users\\Owner\\Katalon Studio\\Logistics\\Reports\\PRINT_IMM\\Ticket\\20181010_110210\\1539140570059.png]]

2018-10-10 11:02:50 - [TEST_STEP][PASSED] - selectOptionByValue: All options with value 'JPJ1M' are selected in object 'Object Repository/Page_MyEG Services  List of Tickets/select_-- Please Select --'  using regular expression

2018-10-10 11:02:50 - [MESSAGE][PASSED] - All options with value 'JPJ1M' are selected in object 'Object Repository/Page_MyEG Services  List of Tickets/select_-- Please Select --'  using regular expression

2018-10-10 11:02:50 - [TEST_STEP][PASSED] - click: Object: 'Object Repository/Page_MyEG Services  List of Tickets/input' is clicked on

2018-10-10 11:02:51 - [MESSAGE][PASSED] - Object: 'Object Repository/Page_MyEG Services  List of Tickets/input' is clicked on

2018-10-10 11:02:51 - [TEST_STEP][PASSED] - takeScreenshot: Taking screenshot successfully

2018-10-10 11:02:51 - [MESSAGE][PASSED] - Taking screenshot successfully
[[ATTACHMENT|C:\\Users\\Owner\\Katalon Studio\\Logistics\\Reports\\PRINT_IMM\\Ticket\\20181010_110210\\1539140571538.png]]

2018-10-10 11:02:51 - [TEST_STEP][PASSED] - selectOptionByValue: All options with value 'IMI1M' are selected in object 'Object Repository/Page_MyEG Services  List of Tickets/select_-- Please Select --'  using regular expression

2018-10-10 11:02:52 - [MESSAGE][PASSED] - All options with value 'IMI1M' are selected in object 'Object Repository/Page_MyEG Services  List of Tickets/select_-- Please Select --'  using regular expression

2018-10-10 11:02:52 - [TEST_STEP][PASSED] - click: Object: 'Object Repository/Page_MyEG Services  List of Tickets/input' is clicked on

2018-10-10 11:02:53 - [MESSAGE][PASSED] - Object: 'Object Repository/Page_MyEG Services  List of Tickets/input' is clicked on

2018-10-10 11:02:53 - [TEST_STEP][PASSED] - takeScreenshot: Taking screenshot successfully

2018-10-10 11:02:53 - [MESSAGE][PASSED] - Taking screenshot successfully
[[ATTACHMENT|C:\\Users\\Owner\\Katalon Studio\\Logistics\\Reports\\PRINT_IMM\\Ticket\\20181010_110210\\1539140573046.png]]

2018-10-10 11:02:53 - [TEST_STEP][PASSED] - selectOptionByValue: All options with value 'ET' are selected in object 'Object Repository/Page_MyEG Services  List of Tickets/select_-- Please Select --'  using regular expression

2018-10-10 11:02:53 - [MESSAGE][PASSED] - All options with value 'ET' are selected in object 'Object Repository/Page_MyEG Services  List of Tickets/select_-- Please Select --'  using regular expression

2018-10-10 11:02:53 - [TEST_STEP][PASSED] - click: Object: 'Object Repository/Page_MyEG Services  List of Tickets/input' is clicked on

2018-10-10 11:02:54 - [MESSAGE][PASSED] - Object: 'Object Repository/Page_MyEG Services  List of Tickets/input' is clicked on

2018-10-10 11:02:54 - [TEST_STEP][PASSED] - takeScreenshot: Taking screenshot successfully

2018-10-10 11:02:54 - [MESSAGE][PASSED] - Taking screenshot successfully
[[ATTACHMENT|C:\\Users\\Owner\\Katalon Studio\\Logistics\\Reports\\PRINT_IMM\\Ticket\\20181010_110210\\1539140574518.png]]

2018-10-10 11:02:54 - [TEST_STEP][PASSED] - setText: Text '02-Oct-2018' is set on object 'Object Repository/Page_MyEG Services  List of Tickets/input_dojo.filterGenDate'

2018-10-10 11:02:55 - [MESSAGE][PASSED] - Text '02-Oct-2018' is set on object 'Object Repository/Page_MyEG Services  List of Tickets/input_dojo.filterGenDate'

2018-10-10 11:02:55 - [TEST_STEP][PASSED] - click: Object: 'Object Repository/Page_MyEG Services  List of Tickets/input' is clicked on

2018-10-10 11:02:55 - [MESSAGE][PASSED] - Object: 'Object Repository/Page_MyEG Services  List of Tickets/input' is clicked on

2018-10-10 11:02:55 - [TEST_STEP][PASSED] - takeScreenshot: Taking screenshot successfully

2018-10-10 11:02:56 - [MESSAGE][PASSED] - Taking screenshot successfully
[[ATTACHMENT|C:\\Users\\Owner\\Katalon Studio\\Logistics\\Reports\\PRINT_IMM\\Ticket\\20181010_110210\\1539140575977.png]]

2018-10-10 11:02:56 - [TEST_STEP][PASSED] - click: Object: 'Object Repository/Page_MyEG Services  List of Tickets/a_reset' is clicked on

2018-10-10 11:02:56 - [MESSAGE][PASSED] - Object: 'Object Repository/Page_MyEG Services  List of Tickets/a_reset' is clicked on

2018-10-10 11:02:56 - [TEST_STEP][PASSED] - takeScreenshot: Taking screenshot successfully

2018-10-10 11:02:56 - [MESSAGE][PASSED] - Taking screenshot successfully
[[ATTACHMENT|C:\\Users\\Owner\\Katalon Studio\\Logistics\\Reports\\PRINT_IMM\\Ticket\\20181010_110210\\1539140576498.png]]

2018-10-10 11:02:56 - [TEST_STEP][PASSED] - click: Object: 'Object Repository/Page_MyEG Services  List of Tickets/a_Logout' is clicked on

2018-10-10 11:02:57 - [MESSAGE][PASSED] - Object: 'Object Repository/Page_MyEG Services  List of Tickets/a_Logout' is clicked on

2018-10-10 11:02:57 - [TEST_STEP][PASSED] - closeBrowser: Browser is closed

2018-10-10 11:02:57 - [MESSAGE][PASSED] - Browser is closed]]></system-out>
         <system-err><![CDATA[]]></system-err>
      </testcase>
      <system-out><![CDATA[2018-10-10 11:02:12 - [TEST_SUITE][PASSED] - Ticket: Test Cases/Logistics/Roles/PRINT_IMM/Ticket]]></system-out>
      <system-err><![CDATA[]]></system-err>
   </testsuite>
</testsuites>
