<?xml version="1.0" encoding="UTF-8"?>
<testsuites name="Delivery Report" time="78" tests="1" failures="0" errors="0">
   <testsuite name="Delivery Report" tests="1" failures="0" errors="0" time="78" timestamp="2018-10-08 18:06:06" hostname="Owner - L13-IT-KISHORE.myeg.local" id="Test Suites/CSO_ADMIN/Delivery Report">
      <properties>
         <property name="deviceName" value=""/>
         <property name="devicePlatform" value=""/>
         <property name="logFolder" value="C:\\Users\\Owner\\Katalon Studio\\Logistics\\Reports\\CSO_ADMIN\\Delivery Report\\20181008_180604"/>
         <property name="logFiles" value="C:\\Users\\Owner\\Katalon Studio\\Logistics\\Reports\\CSO_ADMIN\\Delivery Report\\20181008_180604\\execution0.log"/>
         <property name="attachments" value="C:\\Users\\Owner\\Katalon Studio\\Logistics\\Reports\\CSO_ADMIN\\Delivery Report\\20181008_180604\\1538993174534.png, C:\\Users\\Owner\\Katalon Studio\\Logistics\\Reports\\CSO_ADMIN\\Delivery Report\\20181008_180604\\1538993175540.png, C:\\Users\\Owner\\Katalon Studio\\Logistics\\Reports\\CSO_ADMIN\\Delivery Report\\20181008_180604\\1538993176554.png, C:\\Users\\Owner\\Katalon Studio\\Logistics\\Reports\\CSO_ADMIN\\Delivery Report\\20181008_180604\\1538993178387.png, C:\\Users\\Owner\\Katalon Studio\\Logistics\\Reports\\CSO_ADMIN\\Delivery Report\\20181008_180604\\1538993179179.png, C:\\Users\\Owner\\Katalon Studio\\Logistics\\Reports\\CSO_ADMIN\\Delivery Report\\20181008_180604\\1538993180502.png, C:\\Users\\Owner\\Katalon Studio\\Logistics\\Reports\\CSO_ADMIN\\Delivery Report\\20181008_180604\\1538993181004.png, C:\\Users\\Owner\\Katalon Studio\\Logistics\\Reports\\CSO_ADMIN\\Delivery Report\\20181008_180604\\1538993181493.png, C:\\Users\\Owner\\Katalon Studio\\Logistics\\Reports\\CSO_ADMIN\\Delivery Report\\20181008_180604\\1538993182763.png, C:\\Users\\Owner\\Katalon Studio\\Logistics\\Reports\\CSO_ADMIN\\Delivery Report\\20181008_180604\\1538993183867.png, C:\\Users\\Owner\\Katalon Studio\\Logistics\\Reports\\CSO_ADMIN\\Delivery Report\\20181008_180604\\1538993185037.png, C:\\Users\\Owner\\Katalon Studio\\Logistics\\Reports\\CSO_ADMIN\\Delivery Report\\20181008_180604\\1538993186051.png, C:\\Users\\Owner\\Katalon Studio\\Logistics\\Reports\\CSO_ADMIN\\Delivery Report\\20181008_180604\\1538993187229.png, C:\\Users\\Owner\\Katalon Studio\\Logistics\\Reports\\CSO_ADMIN\\Delivery Report\\20181008_180604\\1538993188303.png, C:\\Users\\Owner\\Katalon Studio\\Logistics\\Reports\\CSO_ADMIN\\Delivery Report\\20181008_180604\\1538993189423.png, C:\\Users\\Owner\\Katalon Studio\\Logistics\\Reports\\CSO_ADMIN\\Delivery Report\\20181008_180604\\1538993190565.png, C:\\Users\\Owner\\Katalon Studio\\Logistics\\Reports\\CSO_ADMIN\\Delivery Report\\20181008_180604\\1538993191683.png, C:\\Users\\Owner\\Katalon Studio\\Logistics\\Reports\\CSO_ADMIN\\Delivery Report\\20181008_180604\\1538993192898.png, C:\\Users\\Owner\\Katalon Studio\\Logistics\\Reports\\CSO_ADMIN\\Delivery Report\\20181008_180604\\1538993193922.png, C:\\Users\\Owner\\Katalon Studio\\Logistics\\Reports\\CSO_ADMIN\\Delivery Report\\20181008_180604\\1538993195033.png, C:\\Users\\Owner\\Katalon Studio\\Logistics\\Reports\\CSO_ADMIN\\Delivery Report\\20181008_180604\\1538993196113.png, C:\\Users\\Owner\\Katalon Studio\\Logistics\\Reports\\CSO_ADMIN\\Delivery Report\\20181008_180604\\1538993197221.png, C:\\Users\\Owner\\Katalon Studio\\Logistics\\Reports\\CSO_ADMIN\\Delivery Report\\20181008_180604\\1538993198397.png, C:\\Users\\Owner\\Katalon Studio\\Logistics\\Reports\\CSO_ADMIN\\Delivery Report\\20181008_180604\\1538993198919.png, C:\\Users\\Owner\\Katalon Studio\\Logistics\\Reports\\CSO_ADMIN\\Delivery Report\\20181008_180604\\1538993199420.png, C:\\Users\\Owner\\Katalon Studio\\Logistics\\Reports\\CSO_ADMIN\\Delivery Report\\20181008_180604\\1538993227790.png, C:\\Users\\Owner\\Katalon Studio\\Logistics\\Reports\\CSO_ADMIN\\Delivery Report\\20181008_180604\\1538993228957.png, C:\\Users\\Owner\\Katalon Studio\\Logistics\\Reports\\CSO_ADMIN\\Delivery Report\\20181008_180604\\1538993230109.png, C:\\Users\\Owner\\Katalon Studio\\Logistics\\Reports\\CSO_ADMIN\\Delivery Report\\20181008_180604\\1538993231284.png, C:\\Users\\Owner\\Katalon Studio\\Logistics\\Reports\\CSO_ADMIN\\Delivery Report\\20181008_180604\\1538993232408.png, C:\\Users\\Owner\\Katalon Studio\\Logistics\\Reports\\CSO_ADMIN\\Delivery Report\\20181008_180604\\1538993233635.png, C:\\Users\\Owner\\Katalon Studio\\Logistics\\Reports\\CSO_ADMIN\\Delivery Report\\20181008_180604\\1538993234805.png, C:\\Users\\Owner\\Katalon Studio\\Logistics\\Reports\\CSO_ADMIN\\Delivery Report\\20181008_180604\\1538993236010.png, C:\\Users\\Owner\\Katalon Studio\\Logistics\\Reports\\CSO_ADMIN\\Delivery Report\\20181008_180604\\1538993237192.png, C:\\Users\\Owner\\Katalon Studio\\Logistics\\Reports\\CSO_ADMIN\\Delivery Report\\20181008_180604\\1538993238336.png, C:\\Users\\Owner\\Katalon Studio\\Logistics\\Reports\\CSO_ADMIN\\Delivery Report\\20181008_180604\\1538993239630.png, C:\\Users\\Owner\\Katalon Studio\\Logistics\\Reports\\CSO_ADMIN\\Delivery Report\\20181008_180604\\1538993240834.png, C:\\Users\\Owner\\Katalon Studio\\Logistics\\Reports\\CSO_ADMIN\\Delivery Report\\20181008_180604\\1538993242037.png, C:\\Users\\Owner\\Katalon Studio\\Logistics\\Reports\\CSO_ADMIN\\Delivery Report\\20181008_180604\\1538993243285.png"/>
         <property name="hostName" value="Owner - L13-IT-KISHORE.myeg.local"/>
         <property name="os" value="Windows 10 64bit"/>
         <property name="katalonVersion" value="5.6.1.1"/>
         <property name="browser" value="Chrome 69.0.3497.100"/>
         <property name="hostAddress" value="192.168.8.168"/>
         <property name="sessionId" value="e59c879151474fd39c60fd047a42522a"/>
         <property name="seleniumVersion" value="3.7.1"/>
         <property name="proxyInformation" value="ProxyInformation{proxyOption=NO_PROXY, proxyServerType=HTTP, password=, proxyServerAddress=, proxyServerPort=0}"/>
         <property name="platform" value="Windows 10"/>
      </properties>
      <testcase name="Test Cases/Logistics/Roles/CSO_ADMIN/Delivery Report" classname="Test Cases/Logistics/Roles/CSO_ADMIN/Delivery Report" status="PASSED">
         <system-out><![CDATA[2018-10-08 18:06:06 - [TEST_CASE][PASSED] - Test Cases/Logistics/Roles/CSO_ADMIN/Delivery Report: Test Cases/Logistics/Roles/CSO_ADMIN/Delivery Report

2018-10-08 18:06:07 - [TEST_STEP][PASSED] - openBrowser: Browser is opened with url: ''

2018-10-08 18:06:11 - [MESSAGE][PASSED] - Browser is opened with url: ''

2018-10-08 18:06:11 - [TEST_STEP][PASSED] - maximizeWindow: Current window maximized

2018-10-08 18:06:12 - [MESSAGE][PASSED] - Current window maximized

2018-10-08 18:06:12 - [TEST_STEP][PASSED] - navigateToUrl: Navigate to 'http://uat4.myeg.com.my/logistic/login/' successfully

2018-10-08 18:06:13 - [MESSAGE][PASSED] - Navigate to 'http://uat4.myeg.com.my/logistic/login/' successfully

2018-10-08 18:06:13 - [TEST_STEP][PASSED] - setText: Text 'AKMA1766' is set on object 'Object Repository/Page_MyEG Services  Logistic Report/input_j_username'

2018-10-08 18:06:14 - [MESSAGE][PASSED] - Text 'AKMA1766' is set on object 'Object Repository/Page_MyEG Services  Logistic Report/input_j_username'

2018-10-08 18:06:14 - [TEST_STEP][PASSED] - click: Object: 'Object Repository/Page_MyEG Services  Logistic Report/input_submit' is clicked on

2018-10-08 18:06:14 - [MESSAGE][PASSED] - Object: 'Object Repository/Page_MyEG Services  Logistic Report/input_submit' is clicked on

2018-10-08 18:06:14 - [TEST_STEP][PASSED] - takeScreenshot: Taking screenshot successfully

2018-10-08 18:06:14 - [MESSAGE][PASSED] - Taking screenshot successfully
[[ATTACHMENT|C:\\Users\\Owner\\Katalon Studio\\Logistics\\Reports\\CSO_ADMIN\\Delivery Report\\20181008_180604\\1538993174534.png]]

2018-10-08 18:06:14 - [TEST_STEP][PASSED] - setEncryptedText: Text ****** has been set on object 'Object Repository/Page_MyEG Services  Logistic Report/input_j_password'

2018-10-08 18:06:15 - [MESSAGE][PASSED] - Text ****** has been set on object 'Object Repository/Page_MyEG Services  Logistic Report/input_j_password'

2018-10-08 18:06:15 - [TEST_STEP][PASSED] - click: Object: 'Object Repository/Page_MyEG Services  Logistic Report/input_submit' is clicked on

2018-10-08 18:06:15 - [MESSAGE][PASSED] - Object: 'Object Repository/Page_MyEG Services  Logistic Report/input_submit' is clicked on

2018-10-08 18:06:15 - [TEST_STEP][PASSED] - takeScreenshot: Taking screenshot successfully

2018-10-08 18:06:15 - [MESSAGE][PASSED] - Taking screenshot successfully
[[ATTACHMENT|C:\\Users\\Owner\\Katalon Studio\\Logistics\\Reports\\CSO_ADMIN\\Delivery Report\\20181008_180604\\1538993175540.png]]

2018-10-08 18:06:15 - [TEST_STEP][PASSED] - setText: Text 'AKMA1767' is set on object 'Object Repository/Page_MyEG Services  Logistic Report/input_j_username'

2018-10-08 18:06:16 - [MESSAGE][PASSED] - Text 'AKMA1767' is set on object 'Object Repository/Page_MyEG Services  Logistic Report/input_j_username'

2018-10-08 18:06:16 - [TEST_STEP][PASSED] - setEncryptedText: Text ****** has been set on object 'Object Repository/Page_MyEG Services  Logistic Report/input_j_password'

2018-10-08 18:06:16 - [MESSAGE][PASSED] - Text ****** has been set on object 'Object Repository/Page_MyEG Services  Logistic Report/input_j_password'

2018-10-08 18:06:16 - [TEST_STEP][PASSED] - click: Object: 'Object Repository/Page_MyEG Services  Logistic Report/input_submit' is clicked on

2018-10-08 18:06:16 - [MESSAGE][PASSED] - Object: 'Object Repository/Page_MyEG Services  Logistic Report/input_submit' is clicked on

2018-10-08 18:06:16 - [TEST_STEP][PASSED] - takeScreenshot: Taking screenshot successfully

2018-10-08 18:06:16 - [MESSAGE][PASSED] - Taking screenshot successfully
[[ATTACHMENT|C:\\Users\\Owner\\Katalon Studio\\Logistics\\Reports\\CSO_ADMIN\\Delivery Report\\20181008_180604\\1538993176554.png]]

2018-10-08 18:06:16 - [TEST_STEP][PASSED] - setText: Text 'AKMA1766' is set on object 'Object Repository/Page_MyEG Services  Logistic Report/input_j_username'

2018-10-08 18:06:17 - [MESSAGE][PASSED] - Text 'AKMA1766' is set on object 'Object Repository/Page_MyEG Services  Logistic Report/input_j_username'

2018-10-08 18:06:17 - [TEST_STEP][PASSED] - setEncryptedText: Text ****** has been set on object 'Object Repository/Page_MyEG Services  Logistic Report/input_j_password'

2018-10-08 18:06:17 - [MESSAGE][PASSED] - Text ****** has been set on object 'Object Repository/Page_MyEG Services  Logistic Report/input_j_password'

2018-10-08 18:06:17 - [TEST_STEP][PASSED] - click: Object: 'Object Repository/Page_MyEG Services  Logistic Report/input_submit' is clicked on

2018-10-08 18:06:18 - [MESSAGE][PASSED] - Object: 'Object Repository/Page_MyEG Services  Logistic Report/input_submit' is clicked on

2018-10-08 18:06:18 - [TEST_STEP][PASSED] - takeScreenshot: Taking screenshot successfully

2018-10-08 18:06:18 - [MESSAGE][PASSED] - Taking screenshot successfully
[[ATTACHMENT|C:\\Users\\Owner\\Katalon Studio\\Logistics\\Reports\\CSO_ADMIN\\Delivery Report\\20181008_180604\\1538993178387.png]]

2018-10-08 18:06:18 - [TEST_STEP][PASSED] - click: Object: 'Object Repository/Page_MyEG Services  List of Tickets/a_Delivery Report' is clicked on

2018-10-08 18:06:19 - [MESSAGE][PASSED] - Object: 'Object Repository/Page_MyEG Services  List of Tickets/a_Delivery Report' is clicked on

2018-10-08 18:06:19 - [TEST_STEP][PASSED] - takeScreenshot: Taking screenshot successfully

2018-10-08 18:06:19 - [MESSAGE][PASSED] - Taking screenshot successfully
[[ATTACHMENT|C:\\Users\\Owner\\Katalon Studio\\Logistics\\Reports\\CSO_ADMIN\\Delivery Report\\20181008_180604\\1538993179179.png]]

2018-10-08 18:06:19 - [TEST_STEP][PASSED] - click: Object: 'Object Repository/Page_MyEG Services  PERFORMANCE REP/a_LO Delivery Report By Date' is clicked on

2018-10-08 18:06:19 - [MESSAGE][PASSED] - Object: 'Object Repository/Page_MyEG Services  PERFORMANCE REP/a_LO Delivery Report By Date' is clicked on

2018-10-08 18:06:19 - [TEST_STEP][PASSED] - setText: Text '01-Jan-2018' is set on object 'Object Repository/Page_MyEG Services  DELIVERY REPORT/input_dojo.from'

2018-10-08 18:06:20 - [MESSAGE][PASSED] - Text '01-Jan-2018' is set on object 'Object Repository/Page_MyEG Services  DELIVERY REPORT/input_dojo.from'

2018-10-08 18:06:20 - [TEST_STEP][PASSED] - setText: Text '30-Sep-2018' is set on object 'Object Repository/Page_MyEG Services  DELIVERY REPORT/input_dojo.to'

2018-10-08 18:06:20 - [MESSAGE][PASSED] - Text '30-Sep-2018' is set on object 'Object Repository/Page_MyEG Services  DELIVERY REPORT/input_dojo.to'

2018-10-08 18:06:20 - [TEST_STEP][PASSED] - selectOptionByValue: All options with value 'LK' are selected in object 'Object Repository/Page_MyEG Services  DELIVERY REPORT/select_-- Please Select --'  using regular expression

2018-10-08 18:06:20 - [MESSAGE][PASSED] - All options with value 'LK' are selected in object 'Object Repository/Page_MyEG Services  DELIVERY REPORT/select_-- Please Select --'  using regular expression

2018-10-08 18:06:20 - [TEST_STEP][PASSED] - takeScreenshot: Taking screenshot successfully

2018-10-08 18:06:20 - [MESSAGE][PASSED] - Taking screenshot successfully
[[ATTACHMENT|C:\\Users\\Owner\\Katalon Studio\\Logistics\\Reports\\CSO_ADMIN\\Delivery Report\\20181008_180604\\1538993180502.png]]

2018-10-08 18:06:20 - [TEST_STEP][PASSED] - click: Object: 'Object Repository/Page_MyEG Services  DELIVERY REPORT/a_reset' is clicked on

2018-10-08 18:06:21 - [MESSAGE][PASSED] - Object: 'Object Repository/Page_MyEG Services  DELIVERY REPORT/a_reset' is clicked on

2018-10-08 18:06:21 - [TEST_STEP][PASSED] - takeScreenshot: Taking screenshot successfully

2018-10-08 18:06:21 - [MESSAGE][PASSED] - Taking screenshot successfully
[[ATTACHMENT|C:\\Users\\Owner\\Katalon Studio\\Logistics\\Reports\\CSO_ADMIN\\Delivery Report\\20181008_180604\\1538993181004.png]]

2018-10-08 18:06:21 - [TEST_STEP][PASSED] - click: Object: 'Object Repository/Page_MyEG Services  DELIVERY REPORT/input' is clicked on

2018-10-08 18:06:21 - [MESSAGE][PASSED] - Object: 'Object Repository/Page_MyEG Services  DELIVERY REPORT/input' is clicked on

2018-10-08 18:06:21 - [TEST_STEP][PASSED] - takeScreenshot: Taking screenshot successfully

2018-10-08 18:06:21 - [MESSAGE][PASSED] - Taking screenshot successfully
[[ATTACHMENT|C:\\Users\\Owner\\Katalon Studio\\Logistics\\Reports\\CSO_ADMIN\\Delivery Report\\20181008_180604\\1538993181493.png]]

2018-10-08 18:06:21 - [TEST_STEP][PASSED] - setText: Text '01-Jan-2018' is set on object 'Object Repository/Page_MyEG Services  DELIVERY REPORT/input_dojo.from'

2018-10-08 18:06:22 - [MESSAGE][PASSED] - Text '01-Jan-2018' is set on object 'Object Repository/Page_MyEG Services  DELIVERY REPORT/input_dojo.from'

2018-10-08 18:06:22 - [TEST_STEP][PASSED] - setText: Text '30-Sep-2018' is set on object 'Object Repository/Page_MyEG Services  DELIVERY REPORT/input_dojo.to'

2018-10-08 18:06:22 - [MESSAGE][PASSED] - Text '30-Sep-2018' is set on object 'Object Repository/Page_MyEG Services  DELIVERY REPORT/input_dojo.to'

2018-10-08 18:06:22 - [TEST_STEP][PASSED] - selectOptionByValue: All options with value 'LK' are selected in object 'Object Repository/Page_MyEG Services  DELIVERY REPORT/select_-- Please Select --'  using regular expression

2018-10-08 18:06:22 - [MESSAGE][PASSED] - All options with value 'LK' are selected in object 'Object Repository/Page_MyEG Services  DELIVERY REPORT/select_-- Please Select --'  using regular expression

2018-10-08 18:06:22 - [TEST_STEP][PASSED] - click: Object: 'Object Repository/Page_MyEG Services  DELIVERY REPORT/input' is clicked on

2018-10-08 18:06:22 - [MESSAGE][PASSED] - Object: 'Object Repository/Page_MyEG Services  DELIVERY REPORT/input' is clicked on

2018-10-08 18:06:22 - [TEST_STEP][PASSED] - takeScreenshot: Taking screenshot successfully

2018-10-08 18:06:23 - [MESSAGE][PASSED] - Taking screenshot successfully
[[ATTACHMENT|C:\\Users\\Owner\\Katalon Studio\\Logistics\\Reports\\CSO_ADMIN\\Delivery Report\\20181008_180604\\1538993182763.png]]

2018-10-08 18:06:23 - [TEST_STEP][PASSED] - selectOptionByValue: All options with value 'JM' are selected in object 'Object Repository/Page_MyEG Services  DELIVERY REPORT/select_-- Please Select --'  using regular expression

2018-10-08 18:06:23 - [MESSAGE][PASSED] - All options with value 'JM' are selected in object 'Object Repository/Page_MyEG Services  DELIVERY REPORT/select_-- Please Select --'  using regular expression

2018-10-08 18:06:23 - [TEST_STEP][PASSED] - click: Object: 'Object Repository/Page_MyEG Services  DELIVERY REPORT/input' is clicked on

2018-10-08 18:06:23 - [MESSAGE][PASSED] - Object: 'Object Repository/Page_MyEG Services  DELIVERY REPORT/input' is clicked on

2018-10-08 18:06:23 - [TEST_STEP][PASSED] - takeScreenshot: Taking screenshot successfully

2018-10-08 18:06:24 - [MESSAGE][PASSED] - Taking screenshot successfully
[[ATTACHMENT|C:\\Users\\Owner\\Katalon Studio\\Logistics\\Reports\\CSO_ADMIN\\Delivery Report\\20181008_180604\\1538993183867.png]]

2018-10-08 18:06:24 - [TEST_STEP][PASSED] - selectOptionByValue: All options with value 'IM' are selected in object 'Object Repository/Page_MyEG Services  DELIVERY REPORT/select_-- Please Select --'  using regular expression

2018-10-08 18:06:24 - [MESSAGE][PASSED] - All options with value 'IM' are selected in object 'Object Repository/Page_MyEG Services  DELIVERY REPORT/select_-- Please Select --'  using regular expression

2018-10-08 18:06:24 - [TEST_STEP][PASSED] - click: Object: 'Object Repository/Page_MyEG Services  DELIVERY REPORT/input' is clicked on

2018-10-08 18:06:25 - [MESSAGE][PASSED] - Object: 'Object Repository/Page_MyEG Services  DELIVERY REPORT/input' is clicked on

2018-10-08 18:06:25 - [TEST_STEP][PASSED] - takeScreenshot: Taking screenshot successfully

2018-10-08 18:06:25 - [MESSAGE][PASSED] - Taking screenshot successfully
[[ATTACHMENT|C:\\Users\\Owner\\Katalon Studio\\Logistics\\Reports\\CSO_ADMIN\\Delivery Report\\20181008_180604\\1538993185037.png]]

2018-10-08 18:06:25 - [TEST_STEP][PASSED] - selectOptionByValue: All options with value 'MD' are selected in object 'Object Repository/Page_MyEG Services  DELIVERY REPORT/select_-- Please Select --'  using regular expression

2018-10-08 18:06:25 - [MESSAGE][PASSED] - All options with value 'MD' are selected in object 'Object Repository/Page_MyEG Services  DELIVERY REPORT/select_-- Please Select --'  using regular expression

2018-10-08 18:06:25 - [TEST_STEP][PASSED] - click: Object: 'Object Repository/Page_MyEG Services  DELIVERY REPORT/input' is clicked on

2018-10-08 18:06:26 - [MESSAGE][PASSED] - Object: 'Object Repository/Page_MyEG Services  DELIVERY REPORT/input' is clicked on

2018-10-08 18:06:26 - [TEST_STEP][PASSED] - takeScreenshot: Taking screenshot successfully

2018-10-08 18:06:26 - [MESSAGE][PASSED] - Taking screenshot successfully
[[ATTACHMENT|C:\\Users\\Owner\\Katalon Studio\\Logistics\\Reports\\CSO_ADMIN\\Delivery Report\\20181008_180604\\1538993186051.png]]

2018-10-08 18:06:26 - [TEST_STEP][PASSED] - selectOptionByValue: All options with value 'FW' are selected in object 'Object Repository/Page_MyEG Services  DELIVERY REPORT/select_-- Please Select --'  using regular expression

2018-10-08 18:06:26 - [MESSAGE][PASSED] - All options with value 'FW' are selected in object 'Object Repository/Page_MyEG Services  DELIVERY REPORT/select_-- Please Select --'  using regular expression

2018-10-08 18:06:26 - [TEST_STEP][PASSED] - click: Object: 'Object Repository/Page_MyEG Services  DELIVERY REPORT/input' is clicked on

2018-10-08 18:06:27 - [MESSAGE][PASSED] - Object: 'Object Repository/Page_MyEG Services  DELIVERY REPORT/input' is clicked on

2018-10-08 18:06:27 - [TEST_STEP][PASSED] - takeScreenshot: Taking screenshot successfully

2018-10-08 18:06:27 - [MESSAGE][PASSED] - Taking screenshot successfully
[[ATTACHMENT|C:\\Users\\Owner\\Katalon Studio\\Logistics\\Reports\\CSO_ADMIN\\Delivery Report\\20181008_180604\\1538993187229.png]]

2018-10-08 18:06:27 - [TEST_STEP][PASSED] - selectOptionByValue: All options with value 'CL' are selected in object 'Object Repository/Page_MyEG Services  DELIVERY REPORT/select_-- Please Select --'  using regular expression

2018-10-08 18:06:28 - [MESSAGE][PASSED] - All options with value 'CL' are selected in object 'Object Repository/Page_MyEG Services  DELIVERY REPORT/select_-- Please Select --'  using regular expression

2018-10-08 18:06:28 - [TEST_STEP][PASSED] - click: Object: 'Object Repository/Page_MyEG Services  DELIVERY REPORT/input' is clicked on

2018-10-08 18:06:28 - [MESSAGE][PASSED] - Object: 'Object Repository/Page_MyEG Services  DELIVERY REPORT/input' is clicked on

2018-10-08 18:06:28 - [TEST_STEP][PASSED] - takeScreenshot: Taking screenshot successfully

2018-10-08 18:06:28 - [MESSAGE][PASSED] - Taking screenshot successfully
[[ATTACHMENT|C:\\Users\\Owner\\Katalon Studio\\Logistics\\Reports\\CSO_ADMIN\\Delivery Report\\20181008_180604\\1538993188303.png]]

2018-10-08 18:06:28 - [TEST_STEP][PASSED] - selectOptionByValue: All options with value '1M' are selected in object 'Object Repository/Page_MyEG Services  DELIVERY REPORT/select_-- Please Select --'  using regular expression

2018-10-08 18:06:29 - [MESSAGE][PASSED] - All options with value '1M' are selected in object 'Object Repository/Page_MyEG Services  DELIVERY REPORT/select_-- Please Select --'  using regular expression

2018-10-08 18:06:29 - [TEST_STEP][PASSED] - click: Object: 'Object Repository/Page_MyEG Services  DELIVERY REPORT/input' is clicked on

2018-10-08 18:06:29 - [MESSAGE][PASSED] - Object: 'Object Repository/Page_MyEG Services  DELIVERY REPORT/input' is clicked on

2018-10-08 18:06:29 - [TEST_STEP][PASSED] - takeScreenshot: Taking screenshot successfully

2018-10-08 18:06:29 - [MESSAGE][PASSED] - Taking screenshot successfully
[[ATTACHMENT|C:\\Users\\Owner\\Katalon Studio\\Logistics\\Reports\\CSO_ADMIN\\Delivery Report\\20181008_180604\\1538993189423.png]]

2018-10-08 18:06:29 - [TEST_STEP][PASSED] - selectOptionByValue: All options with value 'SP' are selected in object 'Object Repository/Page_MyEG Services  DELIVERY REPORT/select_-- Please Select --'  using regular expression

2018-10-08 18:06:30 - [MESSAGE][PASSED] - All options with value 'SP' are selected in object 'Object Repository/Page_MyEG Services  DELIVERY REPORT/select_-- Please Select --'  using regular expression

2018-10-08 18:06:30 - [TEST_STEP][PASSED] - click: Object: 'Object Repository/Page_MyEG Services  DELIVERY REPORT/input' is clicked on

2018-10-08 18:06:30 - [MESSAGE][PASSED] - Object: 'Object Repository/Page_MyEG Services  DELIVERY REPORT/input' is clicked on

2018-10-08 18:06:30 - [TEST_STEP][PASSED] - takeScreenshot: Taking screenshot successfully

2018-10-08 18:06:31 - [MESSAGE][PASSED] - Taking screenshot successfully
[[ATTACHMENT|C:\\Users\\Owner\\Katalon Studio\\Logistics\\Reports\\CSO_ADMIN\\Delivery Report\\20181008_180604\\1538993190565.png]]

2018-10-08 18:06:31 - [TEST_STEP][PASSED] - selectOptionByValue: All options with value 'PT' are selected in object 'Object Repository/Page_MyEG Services  DELIVERY REPORT/select_-- Please Select --'  using regular expression

2018-10-08 18:06:31 - [MESSAGE][PASSED] - All options with value 'PT' are selected in object 'Object Repository/Page_MyEG Services  DELIVERY REPORT/select_-- Please Select --'  using regular expression

2018-10-08 18:06:31 - [TEST_STEP][PASSED] - click: Object: 'Object Repository/Page_MyEG Services  DELIVERY REPORT/input' is clicked on

2018-10-08 18:06:31 - [MESSAGE][PASSED] - Object: 'Object Repository/Page_MyEG Services  DELIVERY REPORT/input' is clicked on

2018-10-08 18:06:31 - [TEST_STEP][PASSED] - takeScreenshot: Taking screenshot successfully

2018-10-08 18:06:32 - [MESSAGE][PASSED] - Taking screenshot successfully
[[ATTACHMENT|C:\\Users\\Owner\\Katalon Studio\\Logistics\\Reports\\CSO_ADMIN\\Delivery Report\\20181008_180604\\1538993191683.png]]

2018-10-08 18:06:32 - [TEST_STEP][PASSED] - selectOptionByValue: All options with value 'PTD' are selected in object 'Object Repository/Page_MyEG Services  DELIVERY REPORT/select_-- Please Select --'  using regular expression

2018-10-08 18:06:32 - [MESSAGE][PASSED] - All options with value 'PTD' are selected in object 'Object Repository/Page_MyEG Services  DELIVERY REPORT/select_-- Please Select --'  using regular expression

2018-10-08 18:06:32 - [TEST_STEP][PASSED] - click: Object: 'Object Repository/Page_MyEG Services  DELIVERY REPORT/input' is clicked on

2018-10-08 18:06:32 - [MESSAGE][PASSED] - Object: 'Object Repository/Page_MyEG Services  DELIVERY REPORT/input' is clicked on

2018-10-08 18:06:32 - [TEST_STEP][PASSED] - takeScreenshot: Taking screenshot successfully

2018-10-08 18:06:33 - [MESSAGE][PASSED] - Taking screenshot successfully
[[ATTACHMENT|C:\\Users\\Owner\\Katalon Studio\\Logistics\\Reports\\CSO_ADMIN\\Delivery Report\\20181008_180604\\1538993192898.png]]

2018-10-08 18:06:33 - [TEST_STEP][PASSED] - selectOptionByValue: All options with value 'LKS' are selected in object 'Object Repository/Page_MyEG Services  DELIVERY REPORT/select_-- Please Select --'  using regular expression

2018-10-08 18:06:33 - [MESSAGE][PASSED] - All options with value 'LKS' are selected in object 'Object Repository/Page_MyEG Services  DELIVERY REPORT/select_-- Please Select --'  using regular expression

2018-10-08 18:06:33 - [TEST_STEP][PASSED] - click: Object: 'Object Repository/Page_MyEG Services  DELIVERY REPORT/input' is clicked on

2018-10-08 18:06:33 - [MESSAGE][PASSED] - Object: 'Object Repository/Page_MyEG Services  DELIVERY REPORT/input' is clicked on

2018-10-08 18:06:33 - [TEST_STEP][PASSED] - takeScreenshot: Taking screenshot successfully

2018-10-08 18:06:34 - [MESSAGE][PASSED] - Taking screenshot successfully
[[ATTACHMENT|C:\\Users\\Owner\\Katalon Studio\\Logistics\\Reports\\CSO_ADMIN\\Delivery Report\\20181008_180604\\1538993193922.png]]

2018-10-08 18:06:34 - [TEST_STEP][PASSED] - selectOptionByValue: All options with value 'JPJ1M' are selected in object 'Object Repository/Page_MyEG Services  DELIVERY REPORT/select_-- Please Select --'  using regular expression

2018-10-08 18:06:34 - [MESSAGE][PASSED] - All options with value 'JPJ1M' are selected in object 'Object Repository/Page_MyEG Services  DELIVERY REPORT/select_-- Please Select --'  using regular expression

2018-10-08 18:06:34 - [TEST_STEP][PASSED] - click: Object: 'Object Repository/Page_MyEG Services  DELIVERY REPORT/input' is clicked on

2018-10-08 18:06:35 - [MESSAGE][PASSED] - Object: 'Object Repository/Page_MyEG Services  DELIVERY REPORT/input' is clicked on

2018-10-08 18:06:35 - [TEST_STEP][PASSED] - takeScreenshot: Taking screenshot successfully

2018-10-08 18:06:35 - [MESSAGE][PASSED] - Taking screenshot successfully
[[ATTACHMENT|C:\\Users\\Owner\\Katalon Studio\\Logistics\\Reports\\CSO_ADMIN\\Delivery Report\\20181008_180604\\1538993195033.png]]

2018-10-08 18:06:35 - [TEST_STEP][PASSED] - selectOptionByValue: All options with value 'IMI1M' are selected in object 'Object Repository/Page_MyEG Services  DELIVERY REPORT/select_-- Please Select --'  using regular expression

2018-10-08 18:06:35 - [MESSAGE][PASSED] - All options with value 'IMI1M' are selected in object 'Object Repository/Page_MyEG Services  DELIVERY REPORT/select_-- Please Select --'  using regular expression

2018-10-08 18:06:35 - [TEST_STEP][PASSED] - click: Object: 'Object Repository/Page_MyEG Services  DELIVERY REPORT/input' is clicked on

2018-10-08 18:06:36 - [MESSAGE][PASSED] - Object: 'Object Repository/Page_MyEG Services  DELIVERY REPORT/input' is clicked on

2018-10-08 18:06:36 - [TEST_STEP][PASSED] - takeScreenshot: Taking screenshot successfully

2018-10-08 18:06:36 - [MESSAGE][PASSED] - Taking screenshot successfully
[[ATTACHMENT|C:\\Users\\Owner\\Katalon Studio\\Logistics\\Reports\\CSO_ADMIN\\Delivery Report\\20181008_180604\\1538993196113.png]]

2018-10-08 18:06:36 - [TEST_STEP][PASSED] - selectOptionByValue: All options with value 'ET' are selected in object 'Object Repository/Page_MyEG Services  DELIVERY REPORT/select_-- Please Select --'  using regular expression

2018-10-08 18:06:36 - [MESSAGE][PASSED] - All options with value 'ET' are selected in object 'Object Repository/Page_MyEG Services  DELIVERY REPORT/select_-- Please Select --'  using regular expression

2018-10-08 18:06:36 - [TEST_STEP][PASSED] - click: Object: 'Object Repository/Page_MyEG Services  DELIVERY REPORT/input' is clicked on

2018-10-08 18:06:37 - [MESSAGE][PASSED] - Object: 'Object Repository/Page_MyEG Services  DELIVERY REPORT/input' is clicked on

2018-10-08 18:06:37 - [TEST_STEP][PASSED] - takeScreenshot: Taking screenshot successfully

2018-10-08 18:06:37 - [MESSAGE][PASSED] - Taking screenshot successfully
[[ATTACHMENT|C:\\Users\\Owner\\Katalon Studio\\Logistics\\Reports\\CSO_ADMIN\\Delivery Report\\20181008_180604\\1538993197221.png]]

2018-10-08 18:06:37 - [TEST_STEP][PASSED] - click: Object: 'Object Repository/Page_MyEG Services  DELIVERY REPORT/a_Delivery Report' is clicked on

2018-10-08 18:06:37 - [MESSAGE][PASSED] - Object: 'Object Repository/Page_MyEG Services  DELIVERY REPORT/a_Delivery Report' is clicked on

2018-10-08 18:06:37 - [TEST_STEP][PASSED] - click: Object: 'Object Repository/Page_MyEG Services  PERFORMANCE REP/a_LO Delivery Report By Name' is clicked on

2018-10-08 18:06:38 - [MESSAGE][PASSED] - Object: 'Object Repository/Page_MyEG Services  PERFORMANCE REP/a_LO Delivery Report By Name' is clicked on

2018-10-08 18:06:38 - [TEST_STEP][PASSED] - takeScreenshot: Taking screenshot successfully

2018-10-08 18:06:38 - [MESSAGE][PASSED] - Taking screenshot successfully
[[ATTACHMENT|C:\\Users\\Owner\\Katalon Studio\\Logistics\\Reports\\CSO_ADMIN\\Delivery Report\\20181008_180604\\1538993198397.png]]

2018-10-08 18:06:38 - [TEST_STEP][PASSED] - click: Object: 'Object Repository/Page_MyEG Services  DELIVERY REPORT/a_reset' is clicked on

2018-10-08 18:06:38 - [MESSAGE][PASSED] - Object: 'Object Repository/Page_MyEG Services  DELIVERY REPORT/a_reset' is clicked on

2018-10-08 18:06:38 - [TEST_STEP][PASSED] - takeScreenshot: Taking screenshot successfully

2018-10-08 18:06:39 - [MESSAGE][PASSED] - Taking screenshot successfully
[[ATTACHMENT|C:\\Users\\Owner\\Katalon Studio\\Logistics\\Reports\\CSO_ADMIN\\Delivery Report\\20181008_180604\\1538993198919.png]]

2018-10-08 18:06:39 - [TEST_STEP][PASSED] - click: Object: 'Object Repository/Page_MyEG Services  DELIVERY REPORT/input' is clicked on

2018-10-08 18:06:39 - [MESSAGE][PASSED] - Object: 'Object Repository/Page_MyEG Services  DELIVERY REPORT/input' is clicked on

2018-10-08 18:06:39 - [TEST_STEP][PASSED] - takeScreenshot: Taking screenshot successfully

2018-10-08 18:06:39 - [MESSAGE][PASSED] - Taking screenshot successfully
[[ATTACHMENT|C:\\Users\\Owner\\Katalon Studio\\Logistics\\Reports\\CSO_ADMIN\\Delivery Report\\20181008_180604\\1538993199420.png]]

2018-10-08 18:06:39 - [TEST_STEP][PASSED] - selectOptionByValue: All options with value '1942' are selected in object 'Object Repository/Page_MyEG Services  DELIVERY REPORT/select_- Select LO Name -    A'  using regular expression

2018-10-08 18:07:06 - [MESSAGE][PASSED] - All options with value '1942' are selected in object 'Object Repository/Page_MyEG Services  DELIVERY REPORT/select_- Select LO Name -    A'  using regular expression

2018-10-08 18:07:06 - [TEST_STEP][PASSED] - setText: Text '01-Jan-2018' is set on object 'Object Repository/Page_MyEG Services  DELIVERY REPORT/input_dojo.from'

2018-10-08 18:07:06 - [MESSAGE][PASSED] - Text '01-Jan-2018' is set on object 'Object Repository/Page_MyEG Services  DELIVERY REPORT/input_dojo.from'

2018-10-08 18:07:06 - [TEST_STEP][PASSED] - setText: Text '30-Sep-2018' is set on object 'Object Repository/Page_MyEG Services  DELIVERY REPORT/input_dojo.to'

2018-10-08 18:07:06 - [MESSAGE][PASSED] - Text '30-Sep-2018' is set on object 'Object Repository/Page_MyEG Services  DELIVERY REPORT/input_dojo.to'

2018-10-08 18:07:06 - [TEST_STEP][PASSED] - selectOptionByValue: All options with value 'LK' are selected in object 'Object Repository/Page_MyEG Services  DELIVERY REPORT/select_-- Please Select --'  using regular expression

2018-10-08 18:07:07 - [MESSAGE][PASSED] - All options with value 'LK' are selected in object 'Object Repository/Page_MyEG Services  DELIVERY REPORT/select_-- Please Select --'  using regular expression

2018-10-08 18:07:07 - [TEST_STEP][PASSED] - click: Object: 'Object Repository/Page_MyEG Services  DELIVERY REPORT/input' is clicked on

2018-10-08 18:07:07 - [MESSAGE][PASSED] - Object: 'Object Repository/Page_MyEG Services  DELIVERY REPORT/input' is clicked on

2018-10-08 18:07:07 - [TEST_STEP][PASSED] - takeScreenshot: Taking screenshot successfully

2018-10-08 18:07:08 - [MESSAGE][PASSED] - Taking screenshot successfully
[[ATTACHMENT|C:\\Users\\Owner\\Katalon Studio\\Logistics\\Reports\\CSO_ADMIN\\Delivery Report\\20181008_180604\\1538993227790.png]]

2018-10-08 18:07:08 - [TEST_STEP][PASSED] - selectOptionByValue: All options with value 'JM' are selected in object 'Object Repository/Page_MyEG Services  DELIVERY REPORT/select_-- Please Select --'  using regular expression

2018-10-08 18:07:08 - [MESSAGE][PASSED] - All options with value 'JM' are selected in object 'Object Repository/Page_MyEG Services  DELIVERY REPORT/select_-- Please Select --'  using regular expression

2018-10-08 18:07:08 - [TEST_STEP][PASSED] - click: Object: 'Object Repository/Page_MyEG Services  DELIVERY REPORT/input' is clicked on

2018-10-08 18:07:08 - [MESSAGE][PASSED] - Object: 'Object Repository/Page_MyEG Services  DELIVERY REPORT/input' is clicked on

2018-10-08 18:07:08 - [TEST_STEP][PASSED] - takeScreenshot: Taking screenshot successfully

2018-10-08 18:07:09 - [MESSAGE][PASSED] - Taking screenshot successfully
[[ATTACHMENT|C:\\Users\\Owner\\Katalon Studio\\Logistics\\Reports\\CSO_ADMIN\\Delivery Report\\20181008_180604\\1538993228957.png]]

2018-10-08 18:07:09 - [TEST_STEP][PASSED] - selectOptionByValue: All options with value 'IM' are selected in object 'Object Repository/Page_MyEG Services  DELIVERY REPORT/select_-- Please Select --'  using regular expression

2018-10-08 18:07:09 - [MESSAGE][PASSED] - All options with value 'IM' are selected in object 'Object Repository/Page_MyEG Services  DELIVERY REPORT/select_-- Please Select --'  using regular expression

2018-10-08 18:07:09 - [TEST_STEP][PASSED] - click: Object: 'Object Repository/Page_MyEG Services  DELIVERY REPORT/input' is clicked on

2018-10-08 18:07:10 - [MESSAGE][PASSED] - Object: 'Object Repository/Page_MyEG Services  DELIVERY REPORT/input' is clicked on

2018-10-08 18:07:10 - [TEST_STEP][PASSED] - takeScreenshot: Taking screenshot successfully

2018-10-08 18:07:10 - [MESSAGE][PASSED] - Taking screenshot successfully
[[ATTACHMENT|C:\\Users\\Owner\\Katalon Studio\\Logistics\\Reports\\CSO_ADMIN\\Delivery Report\\20181008_180604\\1538993230109.png]]

2018-10-08 18:07:10 - [TEST_STEP][PASSED] - selectOptionByValue: All options with value 'MD' are selected in object 'Object Repository/Page_MyEG Services  DELIVERY REPORT/select_-- Please Select --'  using regular expression

2018-10-08 18:07:10 - [MESSAGE][PASSED] - All options with value 'MD' are selected in object 'Object Repository/Page_MyEG Services  DELIVERY REPORT/select_-- Please Select --'  using regular expression

2018-10-08 18:07:10 - [TEST_STEP][PASSED] - click: Object: 'Object Repository/Page_MyEG Services  DELIVERY REPORT/input' is clicked on

2018-10-08 18:07:11 - [MESSAGE][PASSED] - Object: 'Object Repository/Page_MyEG Services  DELIVERY REPORT/input' is clicked on

2018-10-08 18:07:11 - [TEST_STEP][PASSED] - takeScreenshot: Taking screenshot successfully

2018-10-08 18:07:11 - [MESSAGE][PASSED] - Taking screenshot successfully
[[ATTACHMENT|C:\\Users\\Owner\\Katalon Studio\\Logistics\\Reports\\CSO_ADMIN\\Delivery Report\\20181008_180604\\1538993231284.png]]

2018-10-08 18:07:11 - [TEST_STEP][PASSED] - selectOptionByValue: All options with value 'FW' are selected in object 'Object Repository/Page_MyEG Services  DELIVERY REPORT/select_-- Please Select --'  using regular expression

2018-10-08 18:07:11 - [MESSAGE][PASSED] - All options with value 'FW' are selected in object 'Object Repository/Page_MyEG Services  DELIVERY REPORT/select_-- Please Select --'  using regular expression

2018-10-08 18:07:11 - [TEST_STEP][PASSED] - click: Object: 'Object Repository/Page_MyEG Services  DELIVERY REPORT/input' is clicked on

2018-10-08 18:07:12 - [MESSAGE][PASSED] - Object: 'Object Repository/Page_MyEG Services  DELIVERY REPORT/input' is clicked on

2018-10-08 18:07:12 - [TEST_STEP][PASSED] - takeScreenshot: Taking screenshot successfully

2018-10-08 18:07:12 - [MESSAGE][PASSED] - Taking screenshot successfully
[[ATTACHMENT|C:\\Users\\Owner\\Katalon Studio\\Logistics\\Reports\\CSO_ADMIN\\Delivery Report\\20181008_180604\\1538993232408.png]]

2018-10-08 18:07:12 - [TEST_STEP][PASSED] - selectOptionByValue: All options with value 'CL' are selected in object 'Object Repository/Page_MyEG Services  DELIVERY REPORT/select_-- Please Select --'  using regular expression

2018-10-08 18:07:13 - [MESSAGE][PASSED] - All options with value 'CL' are selected in object 'Object Repository/Page_MyEG Services  DELIVERY REPORT/select_-- Please Select --'  using regular expression

2018-10-08 18:07:13 - [TEST_STEP][PASSED] - click: Object: 'Object Repository/Page_MyEG Services  DELIVERY REPORT/input' is clicked on

2018-10-08 18:07:13 - [MESSAGE][PASSED] - Object: 'Object Repository/Page_MyEG Services  DELIVERY REPORT/input' is clicked on

2018-10-08 18:07:13 - [TEST_STEP][PASSED] - takeScreenshot: Taking screenshot successfully

2018-10-08 18:07:14 - [MESSAGE][PASSED] - Taking screenshot successfully
[[ATTACHMENT|C:\\Users\\Owner\\Katalon Studio\\Logistics\\Reports\\CSO_ADMIN\\Delivery Report\\20181008_180604\\1538993233635.png]]

2018-10-08 18:07:14 - [TEST_STEP][PASSED] - selectOptionByValue: All options with value '1M' are selected in object 'Object Repository/Page_MyEG Services  DELIVERY REPORT/select_-- Please Select --'  using regular expression

2018-10-08 18:07:14 - [MESSAGE][PASSED] - All options with value '1M' are selected in object 'Object Repository/Page_MyEG Services  DELIVERY REPORT/select_-- Please Select --'  using regular expression

2018-10-08 18:07:14 - [TEST_STEP][PASSED] - click: Object: 'Object Repository/Page_MyEG Services  DELIVERY REPORT/input' is clicked on

2018-10-08 18:07:14 - [MESSAGE][PASSED] - Object: 'Object Repository/Page_MyEG Services  DELIVERY REPORT/input' is clicked on

2018-10-08 18:07:14 - [TEST_STEP][PASSED] - takeScreenshot: Taking screenshot successfully

2018-10-08 18:07:15 - [MESSAGE][PASSED] - Taking screenshot successfully
[[ATTACHMENT|C:\\Users\\Owner\\Katalon Studio\\Logistics\\Reports\\CSO_ADMIN\\Delivery Report\\20181008_180604\\1538993234805.png]]

2018-10-08 18:07:15 - [TEST_STEP][PASSED] - selectOptionByValue: All options with value 'SP' are selected in object 'Object Repository/Page_MyEG Services  DELIVERY REPORT/select_-- Please Select --'  using regular expression

2018-10-08 18:07:15 - [MESSAGE][PASSED] - All options with value 'SP' are selected in object 'Object Repository/Page_MyEG Services  DELIVERY REPORT/select_-- Please Select --'  using regular expression

2018-10-08 18:07:15 - [TEST_STEP][PASSED] - click: Object: 'Object Repository/Page_MyEG Services  DELIVERY REPORT/input' is clicked on

2018-10-08 18:07:16 - [MESSAGE][PASSED] - Object: 'Object Repository/Page_MyEG Services  DELIVERY REPORT/input' is clicked on

2018-10-08 18:07:16 - [TEST_STEP][PASSED] - takeScreenshot: Taking screenshot successfully

2018-10-08 18:07:16 - [MESSAGE][PASSED] - Taking screenshot successfully
[[ATTACHMENT|C:\\Users\\Owner\\Katalon Studio\\Logistics\\Reports\\CSO_ADMIN\\Delivery Report\\20181008_180604\\1538993236010.png]]

2018-10-08 18:07:16 - [TEST_STEP][PASSED] - selectOptionByValue: All options with value 'PT' are selected in object 'Object Repository/Page_MyEG Services  DELIVERY REPORT/select_-- Please Select --'  using regular expression

2018-10-08 18:07:16 - [MESSAGE][PASSED] - All options with value 'PT' are selected in object 'Object Repository/Page_MyEG Services  DELIVERY REPORT/select_-- Please Select --'  using regular expression

2018-10-08 18:07:16 - [TEST_STEP][PASSED] - click: Object: 'Object Repository/Page_MyEG Services  DELIVERY REPORT/input' is clicked on

2018-10-08 18:07:17 - [MESSAGE][PASSED] - Object: 'Object Repository/Page_MyEG Services  DELIVERY REPORT/input' is clicked on

2018-10-08 18:07:17 - [TEST_STEP][PASSED] - takeScreenshot: Taking screenshot successfully

2018-10-08 18:07:17 - [MESSAGE][PASSED] - Taking screenshot successfully
[[ATTACHMENT|C:\\Users\\Owner\\Katalon Studio\\Logistics\\Reports\\CSO_ADMIN\\Delivery Report\\20181008_180604\\1538993237192.png]]

2018-10-08 18:07:17 - [TEST_STEP][PASSED] - selectOptionByValue: All options with value 'PTD' are selected in object 'Object Repository/Page_MyEG Services  DELIVERY REPORT/select_-- Please Select --'  using regular expression

2018-10-08 18:07:17 - [MESSAGE][PASSED] - All options with value 'PTD' are selected in object 'Object Repository/Page_MyEG Services  DELIVERY REPORT/select_-- Please Select --'  using regular expression

2018-10-08 18:07:17 - [TEST_STEP][PASSED] - click: Object: 'Object Repository/Page_MyEG Services  DELIVERY REPORT/input' is clicked on

2018-10-08 18:07:18 - [MESSAGE][PASSED] - Object: 'Object Repository/Page_MyEG Services  DELIVERY REPORT/input' is clicked on

2018-10-08 18:07:18 - [TEST_STEP][PASSED] - takeScreenshot: Taking screenshot successfully

2018-10-08 18:07:18 - [MESSAGE][PASSED] - Taking screenshot successfully
[[ATTACHMENT|C:\\Users\\Owner\\Katalon Studio\\Logistics\\Reports\\CSO_ADMIN\\Delivery Report\\20181008_180604\\1538993238336.png]]

2018-10-08 18:07:18 - [TEST_STEP][PASSED] - selectOptionByValue: All options with value 'LKS' are selected in object 'Object Repository/Page_MyEG Services  DELIVERY REPORT/select_-- Please Select --'  using regular expression

2018-10-08 18:07:19 - [MESSAGE][PASSED] - All options with value 'LKS' are selected in object 'Object Repository/Page_MyEG Services  DELIVERY REPORT/select_-- Please Select --'  using regular expression

2018-10-08 18:07:19 - [TEST_STEP][PASSED] - click: Object: 'Object Repository/Page_MyEG Services  DELIVERY REPORT/input' is clicked on

2018-10-08 18:07:19 - [MESSAGE][PASSED] - Object: 'Object Repository/Page_MyEG Services  DELIVERY REPORT/input' is clicked on

2018-10-08 18:07:19 - [TEST_STEP][PASSED] - takeScreenshot: Taking screenshot successfully

2018-10-08 18:07:20 - [MESSAGE][PASSED] - Taking screenshot successfully
[[ATTACHMENT|C:\\Users\\Owner\\Katalon Studio\\Logistics\\Reports\\CSO_ADMIN\\Delivery Report\\20181008_180604\\1538993239630.png]]

2018-10-08 18:07:20 - [TEST_STEP][PASSED] - selectOptionByValue: All options with value 'JPJ1M' are selected in object 'Object Repository/Page_MyEG Services  DELIVERY REPORT/select_-- Please Select --'  using regular expression

2018-10-08 18:07:20 - [MESSAGE][PASSED] - All options with value 'JPJ1M' are selected in object 'Object Repository/Page_MyEG Services  DELIVERY REPORT/select_-- Please Select --'  using regular expression

2018-10-08 18:07:20 - [TEST_STEP][PASSED] - click: Object: 'Object Repository/Page_MyEG Services  DELIVERY REPORT/input' is clicked on

2018-10-08 18:07:20 - [MESSAGE][PASSED] - Object: 'Object Repository/Page_MyEG Services  DELIVERY REPORT/input' is clicked on

2018-10-08 18:07:20 - [TEST_STEP][PASSED] - takeScreenshot: Taking screenshot successfully

2018-10-08 18:07:21 - [MESSAGE][PASSED] - Taking screenshot successfully
[[ATTACHMENT|C:\\Users\\Owner\\Katalon Studio\\Logistics\\Reports\\CSO_ADMIN\\Delivery Report\\20181008_180604\\1538993240834.png]]

2018-10-08 18:07:21 - [TEST_STEP][PASSED] - selectOptionByValue: All options with value 'IMI1M' are selected in object 'Object Repository/Page_MyEG Services  DELIVERY REPORT/select_-- Please Select --'  using regular expression

2018-10-08 18:07:21 - [MESSAGE][PASSED] - All options with value 'IMI1M' are selected in object 'Object Repository/Page_MyEG Services  DELIVERY REPORT/select_-- Please Select --'  using regular expression

2018-10-08 18:07:21 - [TEST_STEP][PASSED] - click: Object: 'Object Repository/Page_MyEG Services  DELIVERY REPORT/input' is clicked on

2018-10-08 18:07:22 - [MESSAGE][PASSED] - Object: 'Object Repository/Page_MyEG Services  DELIVERY REPORT/input' is clicked on

2018-10-08 18:07:22 - [TEST_STEP][PASSED] - takeScreenshot: Taking screenshot successfully

2018-10-08 18:07:22 - [MESSAGE][PASSED] - Taking screenshot successfully
[[ATTACHMENT|C:\\Users\\Owner\\Katalon Studio\\Logistics\\Reports\\CSO_ADMIN\\Delivery Report\\20181008_180604\\1538993242037.png]]

2018-10-08 18:07:22 - [TEST_STEP][PASSED] - selectOptionByValue: All options with value 'ET' are selected in object 'Object Repository/Page_MyEG Services  DELIVERY REPORT/select_-- Please Select --'  using regular expression

2018-10-08 18:07:22 - [MESSAGE][PASSED] - All options with value 'ET' are selected in object 'Object Repository/Page_MyEG Services  DELIVERY REPORT/select_-- Please Select --'  using regular expression

2018-10-08 18:07:22 - [TEST_STEP][PASSED] - click: Object: 'Object Repository/Page_MyEG Services  DELIVERY REPORT/input' is clicked on

2018-10-08 18:07:23 - [MESSAGE][PASSED] - Object: 'Object Repository/Page_MyEG Services  DELIVERY REPORT/input' is clicked on

2018-10-08 18:07:23 - [TEST_STEP][PASSED] - takeScreenshot: Taking screenshot successfully

2018-10-08 18:07:23 - [MESSAGE][PASSED] - Taking screenshot successfully
[[ATTACHMENT|C:\\Users\\Owner\\Katalon Studio\\Logistics\\Reports\\CSO_ADMIN\\Delivery Report\\20181008_180604\\1538993243285.png]]

2018-10-08 18:07:23 - [TEST_STEP][PASSED] - click: Object: 'Object Repository/Page_MyEG Services  DELIVERY REPORT/a_Logout' is clicked on

2018-10-08 18:07:23 - [MESSAGE][PASSED] - Object: 'Object Repository/Page_MyEG Services  DELIVERY REPORT/a_Logout' is clicked on

2018-10-08 18:07:23 - [TEST_STEP][PASSED] - closeBrowser: Browser is closed

2018-10-08 18:07:24 - [MESSAGE][PASSED] - Browser is closed]]></system-out>
         <system-err><![CDATA[]]></system-err>
      </testcase>
      <system-out><![CDATA[2018-10-08 18:06:06 - [TEST_SUITE][PASSED] - Delivery Report: Test Cases/Logistics/Roles/CSO_ADMIN/Delivery Report]]></system-out>
      <system-err><![CDATA[]]></system-err>
   </testsuite>
</testsuites>
