<?xml version="1.0" encoding="UTF-8"?>
<testsuites name="Immigration Report" time="35" tests="1" failures="0" errors="0">
   <testsuite name="Immigration Report" tests="1" failures="0" errors="0" time="35" timestamp="2018-10-08 14:39:49" hostname="Owner - L13-IT-KISHORE.myeg.local" id="Test Suites/CSO_LEAD/Immigration Report">
      <properties>
         <property name="deviceName" value=""/>
         <property name="devicePlatform" value=""/>
         <property name="logFolder" value="C:\\Users\\Owner\\Katalon Studio\\Logistics\\Reports\\CSO_LEAD\\Immigration Report\\20181008_143948"/>
         <property name="logFiles" value="C:\\Users\\Owner\\Katalon Studio\\Logistics\\Reports\\CSO_LEAD\\Immigration Report\\20181008_143948\\execution0.log"/>
         <property name="attachments" value="C:\\Users\\Owner\\Katalon Studio\\Logistics\\Reports\\CSO_LEAD\\Immigration Report\\20181008_143948\\1538980798610.png, C:\\Users\\Owner\\Katalon Studio\\Logistics\\Reports\\CSO_LEAD\\Immigration Report\\20181008_143948\\1538980799614.png, C:\\Users\\Owner\\Katalon Studio\\Logistics\\Reports\\CSO_LEAD\\Immigration Report\\20181008_143948\\1538980800640.png, C:\\Users\\Owner\\Katalon Studio\\Logistics\\Reports\\CSO_LEAD\\Immigration Report\\20181008_143948\\1538980802432.png, C:\\Users\\Owner\\Katalon Studio\\Logistics\\Reports\\CSO_LEAD\\Immigration Report\\20181008_143948\\1538980803707.png, C:\\Users\\Owner\\Katalon Studio\\Logistics\\Reports\\CSO_LEAD\\Immigration Report\\20181008_143948\\1538980804441.png, C:\\Users\\Owner\\Katalon Studio\\Logistics\\Reports\\CSO_LEAD\\Immigration Report\\20181008_143948\\1538980804959.png, C:\\Users\\Owner\\Katalon Studio\\Logistics\\Reports\\CSO_LEAD\\Immigration Report\\20181008_143948\\1538980805455.png, C:\\Users\\Owner\\Katalon Studio\\Logistics\\Reports\\CSO_LEAD\\Immigration Report\\20181008_143948\\1538980806150.png, C:\\Users\\Owner\\Katalon Studio\\Logistics\\Reports\\CSO_LEAD\\Immigration Report\\20181008_143948\\1538980807299.png, C:\\Users\\Owner\\Katalon Studio\\Logistics\\Reports\\CSO_LEAD\\Immigration Report\\20181008_143948\\1538980808247.png, C:\\Users\\Owner\\Katalon Studio\\Logistics\\Reports\\CSO_LEAD\\Immigration Report\\20181008_143948\\1538980809255.png, C:\\Users\\Owner\\Katalon Studio\\Logistics\\Reports\\CSO_LEAD\\Immigration Report\\20181008_143948\\1538980810504.png, C:\\Users\\Owner\\Katalon Studio\\Logistics\\Reports\\CSO_LEAD\\Immigration Report\\20181008_143948\\1538980811719.png, C:\\Users\\Owner\\Katalon Studio\\Logistics\\Reports\\CSO_LEAD\\Immigration Report\\20181008_143948\\1538980812240.png, C:\\Users\\Owner\\Katalon Studio\\Logistics\\Reports\\CSO_LEAD\\Immigration Report\\20181008_143948\\1538980812750.png, C:\\Users\\Owner\\Katalon Studio\\Logistics\\Reports\\CSO_LEAD\\Immigration Report\\20181008_143948\\1538980813438.png, C:\\Users\\Owner\\Katalon Studio\\Logistics\\Reports\\CSO_LEAD\\Immigration Report\\20181008_143948\\1538980814471.png, C:\\Users\\Owner\\Katalon Studio\\Logistics\\Reports\\CSO_LEAD\\Immigration Report\\20181008_143948\\1538980815420.png, C:\\Users\\Owner\\Katalon Studio\\Logistics\\Reports\\CSO_LEAD\\Immigration Report\\20181008_143948\\1538980816420.png, C:\\Users\\Owner\\Katalon Studio\\Logistics\\Reports\\CSO_LEAD\\Immigration Report\\20181008_143948\\1538980817447.png, C:\\Users\\Owner\\Katalon Studio\\Logistics\\Reports\\CSO_LEAD\\Immigration Report\\20181008_143948\\1538980818457.png, C:\\Users\\Owner\\Katalon Studio\\Logistics\\Reports\\CSO_LEAD\\Immigration Report\\20181008_143948\\1538980818991.png, C:\\Users\\Owner\\Katalon Studio\\Logistics\\Reports\\CSO_LEAD\\Immigration Report\\20181008_143948\\1538980819484.png, C:\\Users\\Owner\\Katalon Studio\\Logistics\\Reports\\CSO_LEAD\\Immigration Report\\20181008_143948\\1538980820182.png, C:\\Users\\Owner\\Katalon Studio\\Logistics\\Reports\\CSO_LEAD\\Immigration Report\\20181008_143948\\1538980821364.png, C:\\Users\\Owner\\Katalon Studio\\Logistics\\Reports\\CSO_LEAD\\Immigration Report\\20181008_143948\\1538980822202.png, C:\\Users\\Owner\\Katalon Studio\\Logistics\\Reports\\CSO_LEAD\\Immigration Report\\20181008_143948\\1538980823274.png, C:\\Users\\Owner\\Katalon Studio\\Logistics\\Reports\\CSO_LEAD\\Immigration Report\\20181008_143948\\1538980824536.png"/>
         <property name="hostName" value="Owner - L13-IT-KISHORE.myeg.local"/>
         <property name="os" value="Windows 10 64bit"/>
         <property name="katalonVersion" value="5.6.1.1"/>
         <property name="browser" value="Chrome 69.0.3497.100"/>
         <property name="hostAddress" value="192.168.8.168"/>
         <property name="sessionId" value="0082412528d694abc7d79396dd504a97"/>
         <property name="seleniumVersion" value="3.7.1"/>
         <property name="proxyInformation" value="ProxyInformation{proxyOption=NO_PROXY, proxyServerType=HTTP, password=, proxyServerAddress=, proxyServerPort=0}"/>
         <property name="platform" value="Windows 10"/>
      </properties>
      <testcase name="Test Cases/Logistics/Roles/CSO_LEAD/Immigration Report" classname="Test Cases/Logistics/Roles/CSO_LEAD/Immigration Report" status="PASSED">
         <system-out><![CDATA[2018-10-08 14:39:50 - [TEST_CASE][PASSED] - Test Cases/Logistics/Roles/CSO_LEAD/Immigration Report: Test Cases/Logistics/Roles/CSO_LEAD/Immigration Report

2018-10-08 14:39:50 - [TEST_STEP][PASSED] - openBrowser: Browser is opened with url: ''

2018-10-08 14:39:55 - [MESSAGE][PASSED] - Browser is opened with url: ''

2018-10-08 14:39:55 - [TEST_STEP][PASSED] - maximizeWindow: Current window maximized

2018-10-08 14:39:56 - [MESSAGE][PASSED] - Current window maximized

2018-10-08 14:39:56 - [TEST_STEP][PASSED] - navigateToUrl: Navigate to 'http://uat4.myeg.com.my/logistic/login/' successfully

2018-10-08 14:39:57 - [MESSAGE][PASSED] - Navigate to 'http://uat4.myeg.com.my/logistic/login/' successfully

2018-10-08 14:39:57 - [TEST_STEP][PASSED] - setText: Text 'NISH1931' is set on object 'Object Repository/Page_MyEG Services  Logistic Report/input_j_username'

2018-10-08 14:39:57 - [MESSAGE][PASSED] - Text 'NISH1931' is set on object 'Object Repository/Page_MyEG Services  Logistic Report/input_j_username'

2018-10-08 14:39:57 - [TEST_STEP][PASSED] - click: Object: 'Object Repository/Page_MyEG Services  Logistic Report/input_submit' is clicked on

2018-10-08 14:39:58 - [MESSAGE][PASSED] - Object: 'Object Repository/Page_MyEG Services  Logistic Report/input_submit' is clicked on

2018-10-08 14:39:58 - [TEST_STEP][PASSED] - takeScreenshot: Taking screenshot successfully

2018-10-08 14:39:59 - [MESSAGE][PASSED] - Taking screenshot successfully
[[ATTACHMENT|C:\\Users\\Owner\\Katalon Studio\\Logistics\\Reports\\CSO_LEAD\\Immigration Report\\20181008_143948\\1538980798610.png]]

2018-10-08 14:39:59 - [TEST_STEP][PASSED] - setEncryptedText: Text ****** has been set on object 'Object Repository/Page_MyEG Services  Logistic Report/input_j_password'

2018-10-08 14:39:59 - [MESSAGE][PASSED] - Text ****** has been set on object 'Object Repository/Page_MyEG Services  Logistic Report/input_j_password'

2018-10-08 14:39:59 - [TEST_STEP][PASSED] - click: Object: 'Object Repository/Page_MyEG Services  Logistic Report/input_submit' is clicked on

2018-10-08 14:39:59 - [MESSAGE][PASSED] - Object: 'Object Repository/Page_MyEG Services  Logistic Report/input_submit' is clicked on

2018-10-08 14:39:59 - [TEST_STEP][PASSED] - takeScreenshot: Taking screenshot successfully

2018-10-08 14:40:00 - [MESSAGE][PASSED] - Taking screenshot successfully
[[ATTACHMENT|C:\\Users\\Owner\\Katalon Studio\\Logistics\\Reports\\CSO_LEAD\\Immigration Report\\20181008_143948\\1538980799614.png]]

2018-10-08 14:40:00 - [TEST_STEP][PASSED] - setText: Text 'NISH1932' is set on object 'Object Repository/Page_MyEG Services  Logistic Report/input_j_username'

2018-10-08 14:40:00 - [MESSAGE][PASSED] - Text 'NISH1932' is set on object 'Object Repository/Page_MyEG Services  Logistic Report/input_j_username'

2018-10-08 14:40:00 - [TEST_STEP][PASSED] - setEncryptedText: Text ****** has been set on object 'Object Repository/Page_MyEG Services  Logistic Report/input_j_password'

2018-10-08 14:40:00 - [MESSAGE][PASSED] - Text ****** has been set on object 'Object Repository/Page_MyEG Services  Logistic Report/input_j_password'

2018-10-08 14:40:00 - [TEST_STEP][PASSED] - click: Object: 'Object Repository/Page_MyEG Services  Logistic Report/input_submit' is clicked on

2018-10-08 14:40:00 - [MESSAGE][PASSED] - Object: 'Object Repository/Page_MyEG Services  Logistic Report/input_submit' is clicked on

2018-10-08 14:40:00 - [TEST_STEP][PASSED] - takeScreenshot: Taking screenshot successfully

2018-10-08 14:40:01 - [MESSAGE][PASSED] - Taking screenshot successfully
[[ATTACHMENT|C:\\Users\\Owner\\Katalon Studio\\Logistics\\Reports\\CSO_LEAD\\Immigration Report\\20181008_143948\\1538980800640.png]]

2018-10-08 14:40:01 - [TEST_STEP][PASSED] - setText: Text 'NISH1931' is set on object 'Object Repository/Page_MyEG Services  Logistic Report/input_j_username'

2018-10-08 14:40:01 - [MESSAGE][PASSED] - Text 'NISH1931' is set on object 'Object Repository/Page_MyEG Services  Logistic Report/input_j_username'

2018-10-08 14:40:01 - [TEST_STEP][PASSED] - setEncryptedText: Text ****** has been set on object 'Object Repository/Page_MyEG Services  Logistic Report/input_j_password'

2018-10-08 14:40:01 - [MESSAGE][PASSED] - Text ****** has been set on object 'Object Repository/Page_MyEG Services  Logistic Report/input_j_password'

2018-10-08 14:40:01 - [TEST_STEP][PASSED] - click: Object: 'Object Repository/Page_MyEG Services  Logistic Report/input_submit' is clicked on

2018-10-08 14:40:02 - [MESSAGE][PASSED] - Object: 'Object Repository/Page_MyEG Services  Logistic Report/input_submit' is clicked on

2018-10-08 14:40:02 - [TEST_STEP][PASSED] - takeScreenshot: Taking screenshot successfully

2018-10-08 14:40:02 - [MESSAGE][PASSED] - Taking screenshot successfully
[[ATTACHMENT|C:\\Users\\Owner\\Katalon Studio\\Logistics\\Reports\\CSO_LEAD\\Immigration Report\\20181008_143948\\1538980802432.png]]

2018-10-08 14:40:02 - [TEST_STEP][PASSED] - click: Object: 'Object Repository/Page_MyEG Services  List of Tickets/a_Immigration Report' is clicked on

2018-10-08 14:40:03 - [MESSAGE][PASSED] - Object: 'Object Repository/Page_MyEG Services  List of Tickets/a_Immigration Report' is clicked on

2018-10-08 14:40:03 - [TEST_STEP][PASSED] - takeScreenshot: Taking screenshot successfully

2018-10-08 14:40:04 - [MESSAGE][PASSED] - Taking screenshot successfully
[[ATTACHMENT|C:\\Users\\Owner\\Katalon Studio\\Logistics\\Reports\\CSO_LEAD\\Immigration Report\\20181008_143948\\1538980803707.png]]

2018-10-08 14:40:04 - [TEST_STEP][PASSED] - click: Object: 'Object Repository/Page_MyEG Services  PERFORMANCE REP/a_Immigration Printing Assign' is clicked on

2018-10-08 14:40:04 - [MESSAGE][PASSED] - Object: 'Object Repository/Page_MyEG Services  PERFORMANCE REP/a_Immigration Printing Assign' is clicked on

2018-10-08 14:40:04 - [TEST_STEP][PASSED] - takeScreenshot: Taking screenshot successfully

2018-10-08 14:40:04 - [MESSAGE][PASSED] - Taking screenshot successfully
[[ATTACHMENT|C:\\Users\\Owner\\Katalon Studio\\Logistics\\Reports\\CSO_LEAD\\Immigration Report\\20181008_143948\\1538980804441.png]]

2018-10-08 14:40:04 - [TEST_STEP][PASSED] - click: Object: 'Object Repository/Page_MyEG Services  PERFORMANCE REP/a_reset' is clicked on

2018-10-08 14:40:04 - [MESSAGE][PASSED] - Object: 'Object Repository/Page_MyEG Services  PERFORMANCE REP/a_reset' is clicked on

2018-10-08 14:40:04 - [TEST_STEP][PASSED] - takeScreenshot: Taking screenshot successfully

2018-10-08 14:40:05 - [MESSAGE][PASSED] - Taking screenshot successfully
[[ATTACHMENT|C:\\Users\\Owner\\Katalon Studio\\Logistics\\Reports\\CSO_LEAD\\Immigration Report\\20181008_143948\\1538980804959.png]]

2018-10-08 14:40:05 - [TEST_STEP][PASSED] - click: Object: 'Object Repository/Page_MyEG Services  PERFORMANCE REP/input' is clicked on

2018-10-08 14:40:05 - [MESSAGE][PASSED] - Object: 'Object Repository/Page_MyEG Services  PERFORMANCE REP/input' is clicked on

2018-10-08 14:40:05 - [TEST_STEP][PASSED] - takeScreenshot: Taking screenshot successfully

2018-10-08 14:40:05 - [MESSAGE][PASSED] - Taking screenshot successfully
[[ATTACHMENT|C:\\Users\\Owner\\Katalon Studio\\Logistics\\Reports\\CSO_LEAD\\Immigration Report\\20181008_143948\\1538980805455.png]]

2018-10-08 14:40:05 - [TEST_STEP][PASSED] - setText: Text '46000' is set on object 'Object Repository/Page_MyEG Services  PERFORMANCE REP/input_pcstart'

2018-10-08 14:40:05 - [MESSAGE][PASSED] - Text '46000' is set on object 'Object Repository/Page_MyEG Services  PERFORMANCE REP/input_pcstart'

2018-10-08 14:40:05 - [TEST_STEP][PASSED] - setText: Text '47000' is set on object 'Object Repository/Page_MyEG Services  PERFORMANCE REP/input_pcend'

2018-10-08 14:40:06 - [MESSAGE][PASSED] - Text '47000' is set on object 'Object Repository/Page_MyEG Services  PERFORMANCE REP/input_pcend'

2018-10-08 14:40:06 - [TEST_STEP][PASSED] - click: Object: 'Object Repository/Page_MyEG Services  PERFORMANCE REP/input' is clicked on

2018-10-08 14:40:06 - [MESSAGE][PASSED] - Object: 'Object Repository/Page_MyEG Services  PERFORMANCE REP/input' is clicked on

2018-10-08 14:40:06 - [TEST_STEP][PASSED] - takeScreenshot: Taking screenshot successfully

2018-10-08 14:40:06 - [MESSAGE][PASSED] - Taking screenshot successfully
[[ATTACHMENT|C:\\Users\\Owner\\Katalon Studio\\Logistics\\Reports\\CSO_LEAD\\Immigration Report\\20181008_143948\\1538980806150.png]]

2018-10-08 14:40:06 - [TEST_STEP][PASSED] - setText: Text '30-Sep-2018' is set on object 'Object Repository/Page_MyEG Services  PERFORMANCE REP/input_dojo.from'

2018-10-08 14:40:06 - [MESSAGE][PASSED] - Text '30-Sep-2018' is set on object 'Object Repository/Page_MyEG Services  PERFORMANCE REP/input_dojo.from'

2018-10-08 14:40:06 - [TEST_STEP][PASSED] - setText: Text '46000' is set on object 'Object Repository/Page_MyEG Services  PERFORMANCE REP/input_pcstart'

2018-10-08 14:40:06 - [MESSAGE][PASSED] - Text '46000' is set on object 'Object Repository/Page_MyEG Services  PERFORMANCE REP/input_pcstart'

2018-10-08 14:40:06 - [TEST_STEP][PASSED] - click: Object: 'Object Repository/Page_MyEG Services  PERFORMANCE REP/input' is clicked on

2018-10-08 14:40:07 - [MESSAGE][PASSED] - Object: 'Object Repository/Page_MyEG Services  PERFORMANCE REP/input' is clicked on

2018-10-08 14:40:07 - [TEST_STEP][PASSED] - takeScreenshot: Taking screenshot successfully

2018-10-08 14:40:07 - [MESSAGE][PASSED] - Taking screenshot successfully
[[ATTACHMENT|C:\\Users\\Owner\\Katalon Studio\\Logistics\\Reports\\CSO_LEAD\\Immigration Report\\20181008_143948\\1538980807299.png]]

2018-10-08 14:40:07 - [TEST_STEP][PASSED] - setText: Text '47000' is set on object 'Object Repository/Page_MyEG Services  PERFORMANCE REP/input_pcend'

2018-10-08 14:40:07 - [MESSAGE][PASSED] - Text '47000' is set on object 'Object Repository/Page_MyEG Services  PERFORMANCE REP/input_pcend'

2018-10-08 14:40:07 - [TEST_STEP][PASSED] - click: Object: 'Object Repository/Page_MyEG Services  PERFORMANCE REP/input' is clicked on

2018-10-08 14:40:08 - [MESSAGE][PASSED] - Object: 'Object Repository/Page_MyEG Services  PERFORMANCE REP/input' is clicked on

2018-10-08 14:40:08 - [TEST_STEP][PASSED] - takeScreenshot: Taking screenshot successfully

2018-10-08 14:40:08 - [MESSAGE][PASSED] - Taking screenshot successfully
[[ATTACHMENT|C:\\Users\\Owner\\Katalon Studio\\Logistics\\Reports\\CSO_LEAD\\Immigration Report\\20181008_143948\\1538980808247.png]]

2018-10-08 14:40:08 - [TEST_STEP][PASSED] - setText: Text '##$$%' is set on object 'Object Repository/Page_MyEG Services  PERFORMANCE REP/input_pcstart'

2018-10-08 14:40:08 - [MESSAGE][PASSED] - Text '##$$%' is set on object 'Object Repository/Page_MyEG Services  PERFORMANCE REP/input_pcstart'

2018-10-08 14:40:08 - [TEST_STEP][PASSED] - setText: Text '&**&^' is set on object 'Object Repository/Page_MyEG Services  PERFORMANCE REP/input_pcend'

2018-10-08 14:40:08 - [MESSAGE][PASSED] - Text '&**&^' is set on object 'Object Repository/Page_MyEG Services  PERFORMANCE REP/input_pcend'

2018-10-08 14:40:08 - [TEST_STEP][PASSED] - click: Object: 'Object Repository/Page_MyEG Services  PERFORMANCE REP/input' is clicked on

2018-10-08 14:40:09 - [MESSAGE][PASSED] - Object: 'Object Repository/Page_MyEG Services  PERFORMANCE REP/input' is clicked on

2018-10-08 14:40:09 - [TEST_STEP][PASSED] - takeScreenshot: Taking screenshot successfully

2018-10-08 14:40:09 - [MESSAGE][PASSED] - Taking screenshot successfully
[[ATTACHMENT|C:\\Users\\Owner\\Katalon Studio\\Logistics\\Reports\\CSO_LEAD\\Immigration Report\\20181008_143948\\1538980809255.png]]

2018-10-08 14:40:09 - [TEST_STEP][PASSED] - setText: Text '46000' is set on object 'Object Repository/Page_MyEG Services  PERFORMANCE REP/input_pcstart'

2018-10-08 14:40:09 - [MESSAGE][PASSED] - Text '46000' is set on object 'Object Repository/Page_MyEG Services  PERFORMANCE REP/input_pcstart'

2018-10-08 14:40:09 - [TEST_STEP][PASSED] - setText: Text '47000' is set on object 'Object Repository/Page_MyEG Services  PERFORMANCE REP/input_pcend'

2018-10-08 14:40:09 - [MESSAGE][PASSED] - Text '47000' is set on object 'Object Repository/Page_MyEG Services  PERFORMANCE REP/input_pcend'

2018-10-08 14:40:09 - [TEST_STEP][PASSED] - click: Object: 'Object Repository/Page_MyEG Services  PERFORMANCE REP/input' is clicked on

2018-10-08 14:40:10 - [MESSAGE][PASSED] - Object: 'Object Repository/Page_MyEG Services  PERFORMANCE REP/input' is clicked on

2018-10-08 14:40:10 - [TEST_STEP][PASSED] - takeScreenshot: Taking screenshot successfully

2018-10-08 14:40:10 - [MESSAGE][PASSED] - Taking screenshot successfully
[[ATTACHMENT|C:\\Users\\Owner\\Katalon Studio\\Logistics\\Reports\\CSO_LEAD\\Immigration Report\\20181008_143948\\1538980810504.png]]

2018-10-08 14:40:10 - [TEST_STEP][PASSED] - click: Object: 'Object Repository/Page_MyEG Services  PERFORMANCE REP/a_Immigration Report' is clicked on

2018-10-08 14:40:11 - [MESSAGE][PASSED] - Object: 'Object Repository/Page_MyEG Services  PERFORMANCE REP/a_Immigration Report' is clicked on

2018-10-08 14:40:11 - [TEST_STEP][PASSED] - click: Object: 'Object Repository/Page_MyEG Services  PERFORMANCE REP/a_Immigration Delivery perform' is clicked on

2018-10-08 14:40:11 - [MESSAGE][PASSED] - Object: 'Object Repository/Page_MyEG Services  PERFORMANCE REP/a_Immigration Delivery perform' is clicked on

2018-10-08 14:40:11 - [TEST_STEP][PASSED] - takeScreenshot: Taking screenshot successfully

2018-10-08 14:40:12 - [MESSAGE][PASSED] - Taking screenshot successfully
[[ATTACHMENT|C:\\Users\\Owner\\Katalon Studio\\Logistics\\Reports\\CSO_LEAD\\Immigration Report\\20181008_143948\\1538980811719.png]]

2018-10-08 14:40:12 - [TEST_STEP][PASSED] - click: Object: 'Object Repository/Page_MyEG Services  PERFORMANCE REP/a_reset' is clicked on

2018-10-08 14:40:12 - [MESSAGE][PASSED] - Object: 'Object Repository/Page_MyEG Services  PERFORMANCE REP/a_reset' is clicked on

2018-10-08 14:40:12 - [TEST_STEP][PASSED] - takeScreenshot: Taking screenshot successfully

2018-10-08 14:40:12 - [MESSAGE][PASSED] - Taking screenshot successfully
[[ATTACHMENT|C:\\Users\\Owner\\Katalon Studio\\Logistics\\Reports\\CSO_LEAD\\Immigration Report\\20181008_143948\\1538980812240.png]]

2018-10-08 14:40:12 - [TEST_STEP][PASSED] - click: Object: 'Object Repository/Page_MyEG Services  PERFORMANCE REP/input' is clicked on

2018-10-08 14:40:12 - [MESSAGE][PASSED] - Object: 'Object Repository/Page_MyEG Services  PERFORMANCE REP/input' is clicked on

2018-10-08 14:40:12 - [TEST_STEP][PASSED] - takeScreenshot: Taking screenshot successfully

2018-10-08 14:40:13 - [MESSAGE][PASSED] - Taking screenshot successfully
[[ATTACHMENT|C:\\Users\\Owner\\Katalon Studio\\Logistics\\Reports\\CSO_LEAD\\Immigration Report\\20181008_143948\\1538980812750.png]]

2018-10-08 14:40:13 - [TEST_STEP][PASSED] - setText: Text '46000' is set on object 'Object Repository/Page_MyEG Services  PERFORMANCE REP/input_pcstart'

2018-10-08 14:40:13 - [MESSAGE][PASSED] - Text '46000' is set on object 'Object Repository/Page_MyEG Services  PERFORMANCE REP/input_pcstart'

2018-10-08 14:40:13 - [TEST_STEP][PASSED] - setText: Text '47000' is set on object 'Object Repository/Page_MyEG Services  PERFORMANCE REP/input_pcend'

2018-10-08 14:40:13 - [MESSAGE][PASSED] - Text '47000' is set on object 'Object Repository/Page_MyEG Services  PERFORMANCE REP/input_pcend'

2018-10-08 14:40:13 - [TEST_STEP][PASSED] - click: Object: 'Object Repository/Page_MyEG Services  PERFORMANCE REP/input' is clicked on

2018-10-08 14:40:13 - [MESSAGE][PASSED] - Object: 'Object Repository/Page_MyEG Services  PERFORMANCE REP/input' is clicked on

2018-10-08 14:40:13 - [TEST_STEP][PASSED] - takeScreenshot: Taking screenshot successfully

2018-10-08 14:40:13 - [MESSAGE][PASSED] - Taking screenshot successfully
[[ATTACHMENT|C:\\Users\\Owner\\Katalon Studio\\Logistics\\Reports\\CSO_LEAD\\Immigration Report\\20181008_143948\\1538980813438.png]]

2018-10-08 14:40:13 - [TEST_STEP][PASSED] - setText: Text '01-Aug-2018' is set on object 'Object Repository/Page_MyEG Services  PERFORMANCE REP/input_dojo.from'

2018-10-08 14:40:13 - [MESSAGE][PASSED] - Text '01-Aug-2018' is set on object 'Object Repository/Page_MyEG Services  PERFORMANCE REP/input_dojo.from'

2018-10-08 14:40:13 - [TEST_STEP][PASSED] - setText: Text '30-Aug-2018' is set on object 'Object Repository/Page_MyEG Services  PERFORMANCE REP/input_dojo.to'

2018-10-08 14:40:14 - [MESSAGE][PASSED] - Text '30-Aug-2018' is set on object 'Object Repository/Page_MyEG Services  PERFORMANCE REP/input_dojo.to'

2018-10-08 14:40:14 - [TEST_STEP][PASSED] - setText: Text '46000' is set on object 'Object Repository/Page_MyEG Services  PERFORMANCE REP/input_pcstart'

2018-10-08 14:40:14 - [MESSAGE][PASSED] - Text '46000' is set on object 'Object Repository/Page_MyEG Services  PERFORMANCE REP/input_pcstart'

2018-10-08 14:40:14 - [TEST_STEP][PASSED] - click: Object: 'Object Repository/Page_MyEG Services  PERFORMANCE REP/input' is clicked on

2018-10-08 14:40:14 - [MESSAGE][PASSED] - Object: 'Object Repository/Page_MyEG Services  PERFORMANCE REP/input' is clicked on

2018-10-08 14:40:14 - [TEST_STEP][PASSED] - takeScreenshot: Taking screenshot successfully

2018-10-08 14:40:14 - [MESSAGE][PASSED] - Taking screenshot successfully
[[ATTACHMENT|C:\\Users\\Owner\\Katalon Studio\\Logistics\\Reports\\CSO_LEAD\\Immigration Report\\20181008_143948\\1538980814471.png]]

2018-10-08 14:40:14 - [TEST_STEP][PASSED] - setText: Text '49000' is set on object 'Object Repository/Page_MyEG Services  PERFORMANCE REP/input_pcend'

2018-10-08 14:40:15 - [MESSAGE][PASSED] - Text '49000' is set on object 'Object Repository/Page_MyEG Services  PERFORMANCE REP/input_pcend'

2018-10-08 14:40:15 - [TEST_STEP][PASSED] - click: Object: 'Object Repository/Page_MyEG Services  PERFORMANCE REP/input' is clicked on

2018-10-08 14:40:15 - [MESSAGE][PASSED] - Object: 'Object Repository/Page_MyEG Services  PERFORMANCE REP/input' is clicked on

2018-10-08 14:40:15 - [TEST_STEP][PASSED] - takeScreenshot: Taking screenshot successfully

2018-10-08 14:40:15 - [MESSAGE][PASSED] - Taking screenshot successfully
[[ATTACHMENT|C:\\Users\\Owner\\Katalon Studio\\Logistics\\Reports\\CSO_LEAD\\Immigration Report\\20181008_143948\\1538980815420.png]]

2018-10-08 14:40:15 - [TEST_STEP][PASSED] - setText: Text '46000' is set on object 'Object Repository/Page_MyEG Services  PERFORMANCE REP/input_pcstart'

2018-10-08 14:40:15 - [MESSAGE][PASSED] - Text '46000' is set on object 'Object Repository/Page_MyEG Services  PERFORMANCE REP/input_pcstart'

2018-10-08 14:40:15 - [TEST_STEP][PASSED] - setText: Text '49000' is set on object 'Object Repository/Page_MyEG Services  PERFORMANCE REP/input_pcend'

2018-10-08 14:40:16 - [MESSAGE][PASSED] - Text '49000' is set on object 'Object Repository/Page_MyEG Services  PERFORMANCE REP/input_pcend'

2018-10-08 14:40:16 - [TEST_STEP][PASSED] - click: Object: 'Object Repository/Page_MyEG Services  PERFORMANCE REP/input' is clicked on

2018-10-08 14:40:16 - [MESSAGE][PASSED] - Object: 'Object Repository/Page_MyEG Services  PERFORMANCE REP/input' is clicked on

2018-10-08 14:40:16 - [TEST_STEP][PASSED] - takeScreenshot: Taking screenshot successfully

2018-10-08 14:40:16 - [MESSAGE][PASSED] - Taking screenshot successfully
[[ATTACHMENT|C:\\Users\\Owner\\Katalon Studio\\Logistics\\Reports\\CSO_LEAD\\Immigration Report\\20181008_143948\\1538980816420.png]]

2018-10-08 14:40:16 - [TEST_STEP][PASSED] - setText: Text '#$%^&' is set on object 'Object Repository/Page_MyEG Services  PERFORMANCE REP/input_pcstart'

2018-10-08 14:40:16 - [MESSAGE][PASSED] - Text '#$%^&' is set on object 'Object Repository/Page_MyEG Services  PERFORMANCE REP/input_pcstart'

2018-10-08 14:40:16 - [TEST_STEP][PASSED] - setText: Text '@##$%' is set on object 'Object Repository/Page_MyEG Services  PERFORMANCE REP/input_pcend'

2018-10-08 14:40:17 - [MESSAGE][PASSED] - Text '@##$%' is set on object 'Object Repository/Page_MyEG Services  PERFORMANCE REP/input_pcend'

2018-10-08 14:40:17 - [TEST_STEP][PASSED] - click: Object: 'Object Repository/Page_MyEG Services  PERFORMANCE REP/input' is clicked on

2018-10-08 14:40:17 - [MESSAGE][PASSED] - Object: 'Object Repository/Page_MyEG Services  PERFORMANCE REP/input' is clicked on

2018-10-08 14:40:17 - [TEST_STEP][PASSED] - takeScreenshot: Taking screenshot successfully

2018-10-08 14:40:17 - [MESSAGE][PASSED] - Taking screenshot successfully
[[ATTACHMENT|C:\\Users\\Owner\\Katalon Studio\\Logistics\\Reports\\CSO_LEAD\\Immigration Report\\20181008_143948\\1538980817447.png]]

2018-10-08 14:40:17 - [TEST_STEP][PASSED] - click: Object: 'Object Repository/Page_MyEG Services  PERFORMANCE REP/a_Immigration Report' is clicked on

2018-10-08 14:40:18 - [MESSAGE][PASSED] - Object: 'Object Repository/Page_MyEG Services  PERFORMANCE REP/a_Immigration Report' is clicked on

2018-10-08 14:40:18 - [TEST_STEP][PASSED] - click: Object: 'Object Repository/Page_MyEG Services  PERFORMANCE REP/a_Immigration Delivery perform_1' is clicked on

2018-10-08 14:40:18 - [MESSAGE][PASSED] - Object: 'Object Repository/Page_MyEG Services  PERFORMANCE REP/a_Immigration Delivery perform_1' is clicked on

2018-10-08 14:40:18 - [TEST_STEP][PASSED] - takeScreenshot: Taking screenshot successfully

2018-10-08 14:40:18 - [MESSAGE][PASSED] - Taking screenshot successfully
[[ATTACHMENT|C:\\Users\\Owner\\Katalon Studio\\Logistics\\Reports\\CSO_LEAD\\Immigration Report\\20181008_143948\\1538980818457.png]]

2018-10-08 14:40:18 - [TEST_STEP][PASSED] - click: Object: 'Object Repository/Page_MyEG Services  PERFORMANCE REP/a_reset' is clicked on

2018-10-08 14:40:18 - [MESSAGE][PASSED] - Object: 'Object Repository/Page_MyEG Services  PERFORMANCE REP/a_reset' is clicked on

2018-10-08 14:40:18 - [TEST_STEP][PASSED] - takeScreenshot: Taking screenshot successfully

2018-10-08 14:40:19 - [MESSAGE][PASSED] - Taking screenshot successfully
[[ATTACHMENT|C:\\Users\\Owner\\Katalon Studio\\Logistics\\Reports\\CSO_LEAD\\Immigration Report\\20181008_143948\\1538980818991.png]]

2018-10-08 14:40:19 - [TEST_STEP][PASSED] - click: Object: 'Object Repository/Page_MyEG Services  PERFORMANCE REP/input' is clicked on

2018-10-08 14:40:19 - [MESSAGE][PASSED] - Object: 'Object Repository/Page_MyEG Services  PERFORMANCE REP/input' is clicked on

2018-10-08 14:40:19 - [TEST_STEP][PASSED] - takeScreenshot: Taking screenshot successfully

2018-10-08 14:40:19 - [MESSAGE][PASSED] - Taking screenshot successfully
[[ATTACHMENT|C:\\Users\\Owner\\Katalon Studio\\Logistics\\Reports\\CSO_LEAD\\Immigration Report\\20181008_143948\\1538980819484.png]]

2018-10-08 14:40:19 - [TEST_STEP][PASSED] - setText: Text '46000' is set on object 'Object Repository/Page_MyEG Services  PERFORMANCE REP/input_pcstart'

2018-10-08 14:40:20 - [MESSAGE][PASSED] - Text '46000' is set on object 'Object Repository/Page_MyEG Services  PERFORMANCE REP/input_pcstart'

2018-10-08 14:40:20 - [TEST_STEP][PASSED] - setText: Text '47000' is set on object 'Object Repository/Page_MyEG Services  PERFORMANCE REP/input_pcend'

2018-10-08 14:40:20 - [MESSAGE][PASSED] - Text '47000' is set on object 'Object Repository/Page_MyEG Services  PERFORMANCE REP/input_pcend'

2018-10-08 14:40:20 - [TEST_STEP][PASSED] - click: Object: 'Object Repository/Page_MyEG Services  PERFORMANCE REP/input' is clicked on

2018-10-08 14:40:20 - [MESSAGE][PASSED] - Object: 'Object Repository/Page_MyEG Services  PERFORMANCE REP/input' is clicked on

2018-10-08 14:40:20 - [TEST_STEP][PASSED] - takeScreenshot: Taking screenshot successfully

2018-10-08 14:40:20 - [MESSAGE][PASSED] - Taking screenshot successfully
[[ATTACHMENT|C:\\Users\\Owner\\Katalon Studio\\Logistics\\Reports\\CSO_LEAD\\Immigration Report\\20181008_143948\\1538980820182.png]]

2018-10-08 14:40:20 - [TEST_STEP][PASSED] - setText: Text '01-Sep-2018' is set on object 'Object Repository/Page_MyEG Services  PERFORMANCE REP/input_dojo.from'

2018-10-08 14:40:20 - [MESSAGE][PASSED] - Text '01-Sep-2018' is set on object 'Object Repository/Page_MyEG Services  PERFORMANCE REP/input_dojo.from'

2018-10-08 14:40:20 - [TEST_STEP][PASSED] - setText: Text '30-Sep-2018' is set on object 'Object Repository/Page_MyEG Services  PERFORMANCE REP/input_dojo.to'

2018-10-08 14:40:20 - [MESSAGE][PASSED] - Text '30-Sep-2018' is set on object 'Object Repository/Page_MyEG Services  PERFORMANCE REP/input_dojo.to'

2018-10-08 14:40:20 - [TEST_STEP][PASSED] - setText: Text '46000' is set on object 'Object Repository/Page_MyEG Services  PERFORMANCE REP/input_pcstart'

2018-10-08 14:40:20 - [MESSAGE][PASSED] - Text '46000' is set on object 'Object Repository/Page_MyEG Services  PERFORMANCE REP/input_pcstart'

2018-10-08 14:40:20 - [TEST_STEP][PASSED] - click: Object: 'Object Repository/Page_MyEG Services  PERFORMANCE REP/input' is clicked on

2018-10-08 14:40:21 - [MESSAGE][PASSED] - Object: 'Object Repository/Page_MyEG Services  PERFORMANCE REP/input' is clicked on

2018-10-08 14:40:21 - [TEST_STEP][PASSED] - takeScreenshot: Taking screenshot successfully

2018-10-08 14:40:21 - [MESSAGE][PASSED] - Taking screenshot successfully
[[ATTACHMENT|C:\\Users\\Owner\\Katalon Studio\\Logistics\\Reports\\CSO_LEAD\\Immigration Report\\20181008_143948\\1538980821364.png]]

2018-10-08 14:40:21 - [TEST_STEP][PASSED] - setText: Text '49000' is set on object 'Object Repository/Page_MyEG Services  PERFORMANCE REP/input_pcend'

2018-10-08 14:40:21 - [MESSAGE][PASSED] - Text '49000' is set on object 'Object Repository/Page_MyEG Services  PERFORMANCE REP/input_pcend'

2018-10-08 14:40:21 - [TEST_STEP][PASSED] - click: Object: 'Object Repository/Page_MyEG Services  PERFORMANCE REP/input' is clicked on

2018-10-08 14:40:22 - [MESSAGE][PASSED] - Object: 'Object Repository/Page_MyEG Services  PERFORMANCE REP/input' is clicked on

2018-10-08 14:40:22 - [TEST_STEP][PASSED] - takeScreenshot: Taking screenshot successfully

2018-10-08 14:40:22 - [MESSAGE][PASSED] - Taking screenshot successfully
[[ATTACHMENT|C:\\Users\\Owner\\Katalon Studio\\Logistics\\Reports\\CSO_LEAD\\Immigration Report\\20181008_143948\\1538980822202.png]]

2018-10-08 14:40:22 - [TEST_STEP][PASSED] - setText: Text '46000' is set on object 'Object Repository/Page_MyEG Services  PERFORMANCE REP/input_pcstart'

2018-10-08 14:40:22 - [MESSAGE][PASSED] - Text '46000' is set on object 'Object Repository/Page_MyEG Services  PERFORMANCE REP/input_pcstart'

2018-10-08 14:40:22 - [TEST_STEP][PASSED] - setText: Text '49000' is set on object 'Object Repository/Page_MyEG Services  PERFORMANCE REP/input_pcend'

2018-10-08 14:40:22 - [MESSAGE][PASSED] - Text '49000' is set on object 'Object Repository/Page_MyEG Services  PERFORMANCE REP/input_pcend'

2018-10-08 14:40:22 - [TEST_STEP][PASSED] - click: Object: 'Object Repository/Page_MyEG Services  PERFORMANCE REP/input' is clicked on

2018-10-08 14:40:23 - [MESSAGE][PASSED] - Object: 'Object Repository/Page_MyEG Services  PERFORMANCE REP/input' is clicked on

2018-10-08 14:40:23 - [TEST_STEP][PASSED] - takeScreenshot: Taking screenshot successfully

2018-10-08 14:40:23 - [MESSAGE][PASSED] - Taking screenshot successfully
[[ATTACHMENT|C:\\Users\\Owner\\Katalon Studio\\Logistics\\Reports\\CSO_LEAD\\Immigration Report\\20181008_143948\\1538980823274.png]]

2018-10-08 14:40:23 - [TEST_STEP][PASSED] - setText: Text '%^^%%' is set on object 'Object Repository/Page_MyEG Services  PERFORMANCE REP/input_pcstart'

2018-10-08 14:40:23 - [MESSAGE][PASSED] - Text '%^^%%' is set on object 'Object Repository/Page_MyEG Services  PERFORMANCE REP/input_pcstart'

2018-10-08 14:40:23 - [TEST_STEP][PASSED] - setText: Text '$%^&&' is set on object 'Object Repository/Page_MyEG Services  PERFORMANCE REP/input_pcend'

2018-10-08 14:40:23 - [MESSAGE][PASSED] - Text '$%^&&' is set on object 'Object Repository/Page_MyEG Services  PERFORMANCE REP/input_pcend'

2018-10-08 14:40:23 - [TEST_STEP][PASSED] - click: Object: 'Object Repository/Page_MyEG Services  PERFORMANCE REP/input' is clicked on

2018-10-08 14:40:24 - [MESSAGE][PASSED] - Object: 'Object Repository/Page_MyEG Services  PERFORMANCE REP/input' is clicked on

2018-10-08 14:40:24 - [TEST_STEP][PASSED] - takeScreenshot: Taking screenshot successfully

2018-10-08 14:40:24 - [MESSAGE][PASSED] - Taking screenshot successfully
[[ATTACHMENT|C:\\Users\\Owner\\Katalon Studio\\Logistics\\Reports\\CSO_LEAD\\Immigration Report\\20181008_143948\\1538980824536.png]]

2018-10-08 14:40:24 - [TEST_STEP][PASSED] - closeBrowser: Browser is closed

2018-10-08 14:40:25 - [MESSAGE][PASSED] - Browser is closed]]></system-out>
         <system-err><![CDATA[]]></system-err>
      </testcase>
      <system-out><![CDATA[2018-10-08 14:39:49 - [TEST_SUITE][PASSED] - Immigration Report: Test Cases/Logistics/Roles/CSO_LEAD/Immigration Report]]></system-out>
      <system-err><![CDATA[]]></system-err>
   </testsuite>
</testsuites>
