<?xml version="1.0" encoding="UTF-8"?>
<testsuites name="Change Password" time="13" tests="1" failures="0" errors="0">
   <testsuite name="Change Password" tests="1" failures="0" errors="0" time="13" timestamp="2018-10-03 14:58:09" hostname="Owner - L13-IT-KISHORE.myeg.local" id="Test Suites/CSO_ADMIN_PrintIMM/Change Password">
      <properties>
         <property name="deviceName" value=""/>
         <property name="devicePlatform" value=""/>
         <property name="logFolder" value="C:\\Users\\Owner\\Katalon Studio\\Logistics\\Reports\\CSO_ADMIN_PrintIMM\\Change Password\\20181003_145808"/>
         <property name="logFiles" value="C:\\Users\\Owner\\Katalon Studio\\Logistics\\Reports\\CSO_ADMIN_PrintIMM\\Change Password\\20181003_145808\\execution0.log"/>
         <property name="attachments" value="C:\\Users\\Owner\\Katalon Studio\\Logistics\\Reports\\CSO_ADMIN_PrintIMM\\Change Password\\20181003_145808\\1538549901956.png"/>
         <property name="hostName" value="Owner - L13-IT-KISHORE.myeg.local"/>
         <property name="os" value="Windows 10 64bit"/>
         <property name="katalonVersion" value="5.6.1.1"/>
         <property name="browser" value="Chrome 69.0.3497.100"/>
         <property name="hostAddress" value="192.168.8.168"/>
         <property name="sessionId" value="7afb72f7a55eaeed86632fe7cc2c663b"/>
         <property name="seleniumVersion" value="3.7.1"/>
         <property name="proxyInformation" value="ProxyInformation{proxyOption=NO_PROXY, proxyServerType=HTTP, password=, proxyServerAddress=, proxyServerPort=0}"/>
         <property name="platform" value="Windows 10"/>
      </properties>
      <testcase name="Test Cases/Logistics/Roles/CSOADMIN_PrintIMM/Change Password" classname="Test Cases/Logistics/Roles/CSOADMIN_PrintIMM/Change Password" status="PASSED">
         <system-out><![CDATA[2018-10-03 14:58:10 - [TEST_CASE][PASSED] - Test Cases/Logistics/Roles/CSOADMIN_PrintIMM/Change Password: Test Cases/Logistics/Roles/CSOADMIN_PrintIMM/Change Password

2018-10-03 14:58:10 - [TEST_STEP][PASSED] - openBrowser: Browser is opened with url: ''

2018-10-03 14:58:14 - [MESSAGE][PASSED] - Browser is opened with url: ''

2018-10-03 14:58:14 - [TEST_STEP][PASSED] - maximizeWindow: Current window maximized

2018-10-03 14:58:16 - [MESSAGE][PASSED] - Current window maximized

2018-10-03 14:58:16 - [TEST_STEP][PASSED] - navigateToUrl: Navigate to 'http://uat4.myeg.com.my/logistic/login/' successfully

2018-10-03 14:58:19 - [MESSAGE][PASSED] - Navigate to 'http://uat4.myeg.com.my/logistic/login/' successfully

2018-10-03 14:58:19 - [TEST_STEP][PASSED] - setText: Text 'AGENT' is set on object 'Object Repository/Page_MyEG Services  Logistic Report/input_j_username (4)'

2018-10-03 14:58:19 - [MESSAGE][PASSED] - Text 'AGENT' is set on object 'Object Repository/Page_MyEG Services  Logistic Report/input_j_username (4)'

2018-10-03 14:58:19 - [TEST_STEP][PASSED] - setEncryptedText: Text ****** has been set on object 'Object Repository/Page_MyEG Services  Logistic Report/input_j_password (4)'

2018-10-03 14:58:20 - [MESSAGE][PASSED] - Text ****** has been set on object 'Object Repository/Page_MyEG Services  Logistic Report/input_j_password (4)'

2018-10-03 14:58:20 - [TEST_STEP][PASSED] - click: Object: 'Object Repository/Page_MyEG Services  Logistic Report/input_submit (4)' is clicked on

2018-10-03 14:58:21 - [MESSAGE][PASSED] - Object: 'Object Repository/Page_MyEG Services  Logistic Report/input_submit (4)' is clicked on

2018-10-03 14:58:21 - [TEST_STEP][PASSED] - click: Object: 'Object Repository/Page_MyEG Services  List of Tickets/a_Change Password' is clicked on

2018-10-03 14:58:21 - [MESSAGE][PASSED] - Object: 'Object Repository/Page_MyEG Services  List of Tickets/a_Change Password' is clicked on

2018-10-03 14:58:21 - [TEST_STEP][PASSED] - setEncryptedText: Text ****** has been set on object 'Object Repository/Page_MyEG Services  Logistic Report/input_old_password'

2018-10-03 14:58:21 - [MESSAGE][PASSED] - Text ****** has been set on object 'Object Repository/Page_MyEG Services  Logistic Report/input_old_password'

2018-10-03 14:58:21 - [TEST_STEP][PASSED] - setEncryptedText: Text ****** has been set on object 'Object Repository/Page_MyEG Services  Logistic Report/input_new_password'

2018-10-03 14:58:21 - [MESSAGE][PASSED] - Text ****** has been set on object 'Object Repository/Page_MyEG Services  Logistic Report/input_new_password'

2018-10-03 14:58:21 - [TEST_STEP][PASSED] - setEncryptedText: Text ****** has been set on object 'Object Repository/Page_MyEG Services  Logistic Report/input_renew_password'

2018-10-03 14:58:21 - [MESSAGE][PASSED] - Text ****** has been set on object 'Object Repository/Page_MyEG Services  Logistic Report/input_renew_password'

2018-10-03 14:58:21 - [TEST_STEP][PASSED] - click: Object: 'Object Repository/Page_MyEG Services  Logistic Report/input_submit (4)' is clicked on

2018-10-03 14:58:21 - [MESSAGE][PASSED] - Object: 'Object Repository/Page_MyEG Services  Logistic Report/input_submit (4)' is clicked on

2018-10-03 14:58:21 - [TEST_STEP][PASSED] - takeScreenshot: Taking screenshot successfully

2018-10-03 14:58:22 - [MESSAGE][PASSED] - Taking screenshot successfully
[[ATTACHMENT|C:\\Users\\Owner\\Katalon Studio\\Logistics\\Reports\\CSO_ADMIN_PrintIMM\\Change Password\\20181003_145808\\1538549901956.png]]

2018-10-03 14:58:22 - [TEST_STEP][PASSED] - click: Object: 'Object Repository/Page_MyEG Services  Logistic Report/a_Logout' is clicked on

2018-10-03 14:58:22 - [MESSAGE][PASSED] - Object: 'Object Repository/Page_MyEG Services  Logistic Report/a_Logout' is clicked on

2018-10-03 14:58:22 - [TEST_STEP][PASSED] - closeBrowser: Browser is closed

2018-10-03 14:58:23 - [MESSAGE][PASSED] - Browser is closed]]></system-out>
         <system-err><![CDATA[]]></system-err>
      </testcase>
      <system-out><![CDATA[2018-10-03 14:58:09 - [TEST_SUITE][PASSED] - Change Password: Test Cases/Logistics/Roles/CSOADMIN_PrintIMM/Change Password]]></system-out>
      <system-err><![CDATA[]]></system-err>
   </testsuite>
</testsuites>
